Your results will be stored in: /users/mc2091/thesis/NAS-for-CapsNet/nas_caps-outputs/4993
Executing job commands, current working directory is /users/mc2091/thesis/NAS-for-CapsNet
=== Generation 1/10
Len of pop before manipulations : 10
crossover created 4 offspring(s)
mutation created 2 offspring(s)
local search created 3 offspring(s)
Len of pop after manipulations : 19
Fitting individual 1/19 with genotype {'epochs': 7, 'epsilon': 0.04754559676303389, 'm_plus': 0.9565604660830012, 'm_minus': 0.15369838786726475, 'lambda_': 0.6198304998403764, 'alpha': 0.007382457540072416, 'r': 4, 'no_of_conv_kernels': 128, 'no_of_primary_capsules': 32, 'no_of_secondary_capsules': 10, 'primary_capsule_vector': 8, 'secondary_capsule_vector': 16}
Fitting individual 2/19 with genotype {'epochs': 5, 'epsilon': 0.012699754855397895, 'm_plus': 0.9260575811237223, 'm_minus': 0.09861336833266729, 'lambda_': 0.39561946602883824, 'alpha': 0.009051398442847384, 'r': 2, 'no_of_conv_kernels': 128, 'no_of_primary_capsules': 32, 'no_of_secondary_capsules': 10, 'primary_capsule_vector': 8, 'secondary_capsule_vector': 16}
Fitting individual 3/19 with genotype {'epochs': 5, 'epsilon': 0.015149285706329795, 'm_plus': 0.9142896714666018, 'm_minus': 0.0543336067447112, 'lambda_': 0.8869698303433711, 'alpha': 0.008572564697277837, 'r': 4, 'no_of_conv_kernels': 128, 'no_of_primary_capsules': 32, 'no_of_secondary_capsules': 10, 'primary_capsule_vector': 8, 'secondary_capsule_vector': 16}
Fitting individual 4/19 with genotype {'epochs': 3, 'epsilon': 0.05051851076700764, 'm_plus': 0.9085208941442835, 'm_minus': 0.16016568555052654, 'lambda_': 0.623441214483898, 'alpha': 0.01, 'r': 3, 'no_of_conv_kernels': 128, 'no_of_primary_capsules': 32, 'no_of_secondary_capsules': 10, 'primary_capsule_vector': 8, 'secondary_capsule_vector': 16}
Fitting individual 5/19 with genotype {'epochs': 6, 'epsilon': 0.06111101312211628, 'm_plus': 0.9607910079664612, 'm_minus': 0.15673505699812673, 'lambda_': 0.416061377700229, 'alpha': 0.009097033906453203, 'r': 2, 'no_of_conv_kernels': 128, 'no_of_primary_capsules': 32, 'no_of_secondary_capsules': 10, 'primary_capsule_vector': 8, 'secondary_capsule_vector': 16}
Fitting individual 6/19 with genotype {'epochs': 6, 'epsilon': 0.09175480131151859, 'm_plus': 0.9350608510790076, 'm_minus': 0.19310284132082933, 'lambda_': 0.14171557316139405, 'alpha': 0.00570867521444892, 'r': 3, 'no_of_conv_kernels': 128, 'no_of_primary_capsules': 32, 'no_of_secondary_capsules': 10, 'primary_capsule_vector': 8, 'secondary_capsule_vector': 16}
Fitting individual 7/19 with genotype {'epochs': 6, 'epsilon': 0.026996528438515188, 'm_plus': 0.9, 'm_minus': 0.1363095184663961, 'lambda_': 0.10980833731940212, 'alpha': 0.0036255493172102906, 'r': 3, 'no_of_conv_kernels': 128, 'no_of_primary_capsules': 32, 'no_of_secondary_capsules': 10, 'primary_capsule_vector': 8, 'secondary_capsule_vector': 16}
Fitting individual 8/19 with genotype {'epochs': 8, 'epsilon': 0.03537443550830167, 'm_plus': 0.9647363144459841, 'm_minus': 0.05649808404187585, 'lambda_': 0.4342908200011699, 'alpha': 0.008801976010403745, 'r': 4, 'no_of_conv_kernels': 128, 'no_of_primary_capsules': 32, 'no_of_secondary_capsules': 10, 'primary_capsule_vector': 8, 'secondary_capsule_vector': 16}
Fitting individual 9/19 with genotype {'epochs': 8, 'epsilon': 0.017629215337231698, 'm_plus': 0.9403539475507906, 'm_minus': 0.1608811901331772, 'lambda_': 0.19977834491138913, 'alpha': 0.00853137118345941, 'r': 2, 'no_of_conv_kernels': 128, 'no_of_primary_capsules': 32, 'no_of_secondary_capsules': 10, 'primary_capsule_vector': 8, 'secondary_capsule_vector': 16}
Fitting individual 10/19 with genotype {'epochs': 7, 'epsilon': 0.09722873471787331, 'm_plus': 0.9328577530338785, 'm_minus': 0.11762858859757737, 'lambda_': 0.5416748373304012, 'alpha': 0.004877817678837118, 'r': 2, 'no_of_conv_kernels': 128, 'no_of_primary_capsules': 32, 'no_of_secondary_capsules': 10, 'primary_capsule_vector': 8, 'secondary_capsule_vector': 16}
Fitting individual 11/19 with genotype {'epochs': 7, 'epsilon': 0.04754559676303389, 'm_plus': 0.9565604660830012, 'm_minus': 0.15369838786726475, 'lambda_': 0.19977834491138913, 'alpha': 0.00853137118345941, 'r': 2, 'no_of_conv_kernels': 128, 'no_of_primary_capsules': 32, 'no_of_secondary_capsules': 10, 'primary_capsule_vector': 8, 'secondary_capsule_vector': 16}
Fitting individual 12/19 with genotype {'epochs': 8, 'epsilon': 0.017629215337231698, 'm_plus': 0.9403539475507906, 'm_minus': 0.1608811901331772, 'lambda_': 0.6198304998403764, 'alpha': 0.007382457540072416, 'r': 4, 'no_of_conv_kernels': 128, 'no_of_primary_capsules': 32, 'no_of_secondary_capsules': 10, 'primary_capsule_vector': 8, 'secondary_capsule_vector': 16}
Fitting individual 13/19 with genotype {'epochs': 8, 'epsilon': 0.017629215337231698, 'm_plus': 0.9403539475507906, 'm_minus': 0.1608811901331772, 'lambda_': 0.19977834491138913, 'alpha': 0.00570867521444892, 'r': 3, 'no_of_conv_kernels': 128, 'no_of_primary_capsules': 32, 'no_of_secondary_capsules': 10, 'primary_capsule_vector': 8, 'secondary_capsule_vector': 16}
Fitting individual 14/19 with genotype {'epochs': 6, 'epsilon': 0.09175480131151859, 'm_plus': 0.9350608510790076, 'm_minus': 0.19310284132082933, 'lambda_': 0.14171557316139405, 'alpha': 0.00853137118345941, 'r': 2, 'no_of_conv_kernels': 128, 'no_of_primary_capsules': 32, 'no_of_secondary_capsules': 10, 'primary_capsule_vector': 8, 'secondary_capsule_vector': 16}
Fitting individual 15/19 with genotype {'epochs': 5, 'epsilon': 0.012699754855397895, 'm_plus': 0.9260575811237223, 'm_minus': 0.09861336833266729, 'lambda_': 0.39561946602883824, 'alpha': 0.009051398442847384, 'r': 2, 'no_of_conv_kernels': 128, 'no_of_primary_capsules': 32, 'no_of_secondary_capsules': 10, 'primary_capsule_vector': 8, 'secondary_capsule_vector': 16}
Fitting individual 16/19 with genotype {'epochs': 3, 'epsilon': 0.05051851076700764, 'm_plus': 0.9085208941442835, 'm_minus': 0.16016568555052654, 'lambda_': 0.623441214483898, 'alpha': 0.009008068116557943, 'r': 3, 'no_of_conv_kernels': 128, 'no_of_primary_capsules': 32, 'no_of_secondary_capsules': 10, 'primary_capsule_vector': 8, 'secondary_capsule_vector': 16}
Fitting individual 17/19 with genotype {'epochs': 6, 'epsilon': 0.026996528438515188, 'm_plus': 0.9, 'm_minus': 0.1363095184663961, 'lambda_': 0.10980833731940212, 'alpha': 0.0036255493172102906, 'r': 3, 'no_of_conv_kernels': 128, 'no_of_primary_capsules': 32, 'no_of_secondary_capsules': 10, 'primary_capsule_vector': 8, 'secondary_capsule_vector': 16}
Fitting individual 18/19 with genotype {'epochs': 8, 'epsilon': 0.03537443550830167, 'm_plus': 0.9647363144459841, 'm_minus': 0.05649808404187585, 'lambda_': 0.4342908200011699, 'alpha': 0.008801976010403745, 'r': 4, 'no_of_conv_kernels': 128, 'no_of_primary_capsules': 32, 'no_of_secondary_capsules': 10, 'primary_capsule_vector': 8, 'secondary_capsule_vector': 16}
Fitting individual 19/19 with genotype {'epochs': 3, 'epsilon': 0.05051851076700764, 'm_plus': 0.9085208941442835, 'm_minus': 0.16016568555052654, 'lambda_': 0.623441214483898, 'alpha': 0.01, 'r': 3, 'no_of_conv_kernels': 128, 'no_of_primary_capsules': 32, 'no_of_secondary_capsules': 10, 'primary_capsule_vector': 8, 'secondary_capsule_vector': 16}
Len of pop after selection : 10
=== Generation 2/10
Len of pop before manipulations : 10
crossover created 4 offspring(s)
mutation created 0 offspring(s)
local search created 3 offspring(s)
Len of pop after manipulations : 17
Fitting individual 1/17 with genotype {'epochs': 6, 'epsilon': 0.06111101312211628, 'm_plus': 0.9607910079664612, 'm_minus': 0.15673505699812673, 'lambda_': 0.37935890373777137, 'alpha': 0.009097033906453203, 'r': 2, 'no_of_conv_kernels': 128, 'no_of_primary_capsules': 32, 'no_of_secondary_capsules': 10, 'primary_capsule_vector': 8, 'secondary_capsule_vector': 16}
Fitting individual 2/17 with genotype {'epochs': 7, 'epsilon': 0.09722873471787331, 'm_plus': 0.9328577530338785, 'm_minus': 0.11762858859757737, 'lambda_': 0.5416748373304012, 'alpha': 0.004877817678837118, 'r': 2, 'no_of_conv_kernels': 128, 'no_of_primary_capsules': 32, 'no_of_secondary_capsules': 10, 'primary_capsule_vector': 8, 'secondary_capsule_vector': 16}
Fitting individual 3/17 with genotype {'epochs': 7, 'epsilon': 0.04754559676303389, 'm_plus': 0.9565604660830012, 'm_minus': 0.15369838786726475, 'lambda_': 0.6198304998403764, 'alpha': 0.007382457540072416, 'r': 4, 'no_of_conv_kernels': 128, 'no_of_primary_capsules': 32, 'no_of_secondary_capsules': 10, 'primary_capsule_vector': 8, 'secondary_capsule_vector': 16}
Fitting individual 4/17 with genotype {'epochs': 5, 'epsilon': 0.012699754855397895, 'm_plus': 0.9260575811237223, 'm_minus': 0.09861336833266729, 'lambda_': 0.39561946602883824, 'alpha': 0.009051398442847384, 'r': 2, 'no_of_conv_kernels': 128, 'no_of_primary_capsules': 32, 'no_of_secondary_capsules': 10, 'primary_capsule_vector': 8, 'secondary_capsule_vector': 16}
Fitting individual 5/17 with genotype {'epochs': 6, 'epsilon': 0.09175480131151859, 'm_plus': 0.9350608510790076, 'm_minus': 0.19310284132082933, 'lambda_': 0.14171557316139405, 'alpha': 0.00570867521444892, 'r': 3, 'no_of_conv_kernels': 128, 'no_of_primary_capsules': 32, 'no_of_secondary_capsules': 10, 'primary_capsule_vector': 8, 'secondary_capsule_vector': 16}
Fitting individual 6/17 with genotype {'epochs': 5, 'epsilon': 0.015149285706329795, 'm_plus': 0.9142896714666018, 'm_minus': 0.0543336067447112, 'lambda_': 0.80282883906753, 'alpha': 0.008572564697277837, 'r': 4, 'no_of_conv_kernels': 128, 'no_of_primary_capsules': 32, 'no_of_secondary_capsules': 10, 'primary_capsule_vector': 8, 'secondary_capsule_vector': 16}
Fitting individual 7/17 with genotype {'epochs': 8, 'epsilon': 0.017629215337231698, 'm_plus': 0.9403539475507906, 'm_minus': 0.1608811901331772, 'lambda_': 0.19977834491138913, 'alpha': 0.00853137118345941, 'r': 2, 'no_of_conv_kernels': 128, 'no_of_primary_capsules': 32, 'no_of_secondary_capsules': 10, 'primary_capsule_vector': 8, 'secondary_capsule_vector': 16}
Fitting individual 8/17 with genotype {'epochs': 3, 'epsilon': 0.05051851076700764, 'm_plus': 0.9085208941442835, 'm_minus': 0.16016568555052654, 'lambda_': 0.623441214483898, 'alpha': 0.01, 'r': 3, 'no_of_conv_kernels': 128, 'no_of_primary_capsules': 32, 'no_of_secondary_capsules': 10, 'primary_capsule_vector': 8, 'secondary_capsule_vector': 16}
Fitting individual 9/17 with genotype {'epochs': 6, 'epsilon': 0.026996528438515188, 'm_plus': 0.9, 'm_minus': 0.1363095184663961, 'lambda_': 0.10980833731940212, 'alpha': 0.0036255493172102906, 'r': 3, 'no_of_conv_kernels': 128, 'no_of_primary_capsules': 32, 'no_of_secondary_capsules': 10, 'primary_capsule_vector': 8, 'secondary_capsule_vector': 16}
Fitting individual 10/17 with genotype {'epochs': 8, 'epsilon': 0.03537443550830167, 'm_plus': 0.9647363144459841, 'm_minus': 0.05649808404187585, 'lambda_': 0.4342908200011699, 'alpha': 0.008801976010403745, 'r': 4, 'no_of_conv_kernels': 128, 'no_of_primary_capsules': 32, 'no_of_secondary_capsules': 10, 'primary_capsule_vector': 8, 'secondary_capsule_vector': 16}
Fitting individual 11/17 with genotype {'epochs': 7, 'epsilon': 0.04754559676303389, 'm_plus': 0.9565604660830012, 'm_minus': 0.15369838786726475, 'lambda_': 0.5416748373304012, 'alpha': 0.004877817678837118, 'r': 2, 'no_of_conv_kernels': 128, 'no_of_primary_capsules': 32, 'no_of_secondary_capsules': 10, 'primary_capsule_vector': 8, 'secondary_capsule_vector': 16}
Fitting individual 12/17 with genotype {'epochs': 7, 'epsilon': 0.09722873471787331, 'm_plus': 0.9328577530338785, 'm_minus': 0.11762858859757737, 'lambda_': 0.6198304998403764, 'alpha': 0.007382457540072416, 'r': 4, 'no_of_conv_kernels': 128, 'no_of_primary_capsules': 32, 'no_of_secondary_capsules': 10, 'primary_capsule_vector': 8, 'secondary_capsule_vector': 16}
Fitting individual 13/17 with genotype {'epochs': 6, 'epsilon': 0.09175480131151859, 'm_plus': 0.9350608510790076, 'm_minus': 0.19310284132082933, 'lambda_': 0.39561946602883824, 'alpha': 0.009051398442847384, 'r': 2, 'no_of_conv_kernels': 128, 'no_of_primary_capsules': 32, 'no_of_secondary_capsules': 10, 'primary_capsule_vector': 8, 'secondary_capsule_vector': 16}
Fitting individual 14/17 with genotype {'epochs': 5, 'epsilon': 0.012699754855397895, 'm_plus': 0.9260575811237223, 'm_minus': 0.09861336833266729, 'lambda_': 0.14171557316139405, 'alpha': 0.00570867521444892, 'r': 3, 'no_of_conv_kernels': 128, 'no_of_primary_capsules': 32, 'no_of_secondary_capsules': 10, 'primary_capsule_vector': 8, 'secondary_capsule_vector': 16}
Fitting individual 15/17 with genotype {'epochs': 8, 'epsilon': 0.017629215337231698, 'm_plus': 0.9403539475507906, 'm_minus': 0.1608811901331772, 'lambda_': 0.19977834491138913, 'alpha': 0.00853137118345941, 'r': 2, 'no_of_conv_kernels': 128, 'no_of_primary_capsules': 32, 'no_of_secondary_capsules': 10, 'primary_capsule_vector': 8, 'secondary_capsule_vector': 16}
Fitting individual 16/17 with genotype {'epochs': 6, 'epsilon': 0.06111101312211628, 'm_plus': 0.9607910079664612, 'm_minus': 0.15673505699812673, 'lambda_': 0.37935890373777137, 'alpha': 0.009097033906453203, 'r': 2, 'no_of_conv_kernels': 128, 'no_of_primary_capsules': 32, 'no_of_secondary_capsules': 10, 'primary_capsule_vector': 8, 'secondary_capsule_vector': 16}
Fitting individual 17/17 with genotype {'epochs': 5, 'epsilon': 0.015149285706329795, 'm_plus': 0.9142896714666018, 'm_minus': 0.0543336067447112, 'lambda_': 0.80282883906753, 'alpha': 0.008572564697277837, 'r': 4, 'no_of_conv_kernels': 128, 'no_of_primary_capsules': 32, 'no_of_secondary_capsules': 10, 'primary_capsule_vector': 8, 'secondary_capsule_vector': 16}
Len of pop after selection : 10
=== Generation 3/10
Len of pop before manipulations : 10
crossover created 6 offspring(s)
mutation created 2 offspring(s)
local search created 3 offspring(s)
Len of pop after manipulations : 21
Fitting individual 1/21 with genotype {'epochs': 7, 'epsilon': 0.09722873471787331, 'm_plus': 0.9328577530338785, 'm_minus': 0.11762858859757737, 'lambda_': 0.5416748373304012, 'alpha': 0.004877817678837118, 'r': 2, 'no_of_conv_kernels': 128, 'no_of_primary_capsules': 32, 'no_of_secondary_capsules': 10, 'primary_capsule_vector': 8, 'secondary_capsule_vector': 16}
Fitting individual 2/21 with genotype {'epochs': 5, 'epsilon': 0.012699754855397895, 'm_plus': 0.9260575811237223, 'm_minus': 0.09861336833266729, 'lambda_': 0.39561946602883824, 'alpha': 0.0001, 'r': 2, 'no_of_conv_kernels': 128, 'no_of_primary_capsules': 32, 'no_of_secondary_capsules': 10, 'primary_capsule_vector': 8, 'secondary_capsule_vector': 16}
Fitting individual 3/21 with genotype {'epochs': 6, 'epsilon': 0.06111101312211628, 'm_plus': 0.9607910079664612, 'm_minus': 0.15673505699812673, 'lambda_': 0.37935890373777137, 'alpha': 0.009097033906453203, 'r': 2, 'no_of_conv_kernels': 128, 'no_of_primary_capsules': 32, 'no_of_secondary_capsules': 10, 'primary_capsule_vector': 8, 'secondary_capsule_vector': 16}
Fitting individual 4/21 with genotype {'epochs': 7, 'epsilon': 0.04754559676303389, 'm_plus': 0.9565604660830012, 'm_minus': 0.15369838786726475, 'lambda_': 0.6198304998403764, 'alpha': 0.007382457540072416, 'r': 4, 'no_of_conv_kernels': 128, 'no_of_primary_capsules': 32, 'no_of_secondary_capsules': 10, 'primary_capsule_vector': 8, 'secondary_capsule_vector': 16}
Fitting individual 5/21 with genotype {'epochs': 8, 'epsilon': 0.017629215337231698, 'm_plus': 0.9403539475507906, 'm_minus': 0.1608811901331772, 'lambda_': 0.19977834491138913, 'alpha': 0.00853137118345941, 'r': 2, 'no_of_conv_kernels': 128, 'no_of_primary_capsules': 32, 'no_of_secondary_capsules': 10, 'primary_capsule_vector': 8, 'secondary_capsule_vector': 16}
Fitting individual 6/21 with genotype {'epochs': 8, 'epsilon': 0.03537443550830167, 'm_plus': 0.9647363144459841, 'm_minus': 0.05649808404187585, 'lambda_': 0.4342908200011699, 'alpha': 0.008801976010403745, 'r': 4, 'no_of_conv_kernels': 128, 'no_of_primary_capsules': 32, 'no_of_secondary_capsules': 10, 'primary_capsule_vector': 8, 'secondary_capsule_vector': 16}
Fitting individual 7/21 with genotype {'epochs': 6, 'epsilon': 0.026996528438515188, 'm_plus': 0.9, 'm_minus': 0.1363095184663961, 'lambda_': 0.10980833731940212, 'alpha': 0.0036255493172102906, 'r': 3, 'no_of_conv_kernels': 128, 'no_of_primary_capsules': 32, 'no_of_secondary_capsules': 10, 'primary_capsule_vector': 8, 'secondary_capsule_vector': 16}
Fitting individual 8/21 with genotype {'epochs': 6, 'epsilon': 0.09175480131151859, 'm_plus': 0.9350608510790076, 'm_minus': 0.19310284132082933, 'lambda_': 0.14171557316139405, 'alpha': 0.00570867521444892, 'r': 3, 'no_of_conv_kernels': 128, 'no_of_primary_capsules': 32, 'no_of_secondary_capsules': 10, 'primary_capsule_vector': 8, 'secondary_capsule_vector': 16}
Fitting individual 9/21 with genotype {'epochs': 5, 'epsilon': 0.015149285706329795, 'm_plus': 0.9142896714666018, 'm_minus': 0.0543336067447112, 'lambda_': 0.80282883906753, 'alpha': 0.008572564697277837, 'r': 4, 'no_of_conv_kernels': 128, 'no_of_primary_capsules': 32, 'no_of_secondary_capsules': 10, 'primary_capsule_vector': 8, 'secondary_capsule_vector': 16}
Fitting individual 10/21 with genotype {'epochs': 3, 'epsilon': 0.05051851076700764, 'm_plus': 0.9085208941442835, 'm_minus': 0.16016568555052654, 'lambda_': 0.623441214483898, 'alpha': 0.01, 'r': 3, 'no_of_conv_kernels': 128, 'no_of_primary_capsules': 32, 'no_of_secondary_capsules': 10, 'primary_capsule_vector': 8, 'secondary_capsule_vector': 16}
Fitting individual 11/21 with genotype {'epochs': 5, 'epsilon': 0.012699754855397895, 'm_plus': 0.9260575811237223, 'm_minus': 0.09861336833266729, 'lambda_': 0.80282883906753, 'alpha': 0.008572564697277837, 'r': 4, 'no_of_conv_kernels': 128, 'no_of_primary_capsules': 32, 'no_of_secondary_capsules': 10, 'primary_capsule_vector': 8, 'secondary_capsule_vector': 16}
Fitting individual 12/21 with genotype {'epochs': 5, 'epsilon': 0.015149285706329795, 'm_plus': 0.9142896714666018, 'm_minus': 0.0543336067447112, 'lambda_': 0.39561946602883824, 'alpha': 0.009051398442847384, 'r': 2, 'no_of_conv_kernels': 128, 'no_of_primary_capsules': 32, 'no_of_secondary_capsules': 10, 'primary_capsule_vector': 8, 'secondary_capsule_vector': 16}
Fitting individual 13/21 with genotype {'epochs': 7, 'epsilon': 0.04754559676303389, 'm_plus': 0.9565604660830012, 'm_minus': 0.15369838786726475, 'lambda_': 0.6198304998403764, 'alpha': 0.009097033906453203, 'r': 2, 'no_of_conv_kernels': 128, 'no_of_primary_capsules': 32, 'no_of_secondary_capsules': 10, 'primary_capsule_vector': 8, 'secondary_capsule_vector': 16}
Fitting individual 14/21 with genotype {'epochs': 6, 'epsilon': 0.06111101312211628, 'm_plus': 0.9607910079664612, 'm_minus': 0.15673505699812673, 'lambda_': 0.37935890373777137, 'alpha': 0.007382457540072416, 'r': 4, 'no_of_conv_kernels': 128, 'no_of_primary_capsules': 32, 'no_of_secondary_capsules': 10, 'primary_capsule_vector': 8, 'secondary_capsule_vector': 16}
Fitting individual 15/21 with genotype {'epochs': 5, 'epsilon': 0.012699754855397895, 'm_plus': 0.9260575811237223, 'm_minus': 0.09861336833266729, 'lambda_': 0.6198304998403764, 'alpha': 0.007382457540072416, 'r': 4, 'no_of_conv_kernels': 128, 'no_of_primary_capsules': 32, 'no_of_secondary_capsules': 10, 'primary_capsule_vector': 8, 'secondary_capsule_vector': 16}
Fitting individual 16/21 with genotype {'epochs': 7, 'epsilon': 0.04754559676303389, 'm_plus': 0.9565604660830012, 'm_minus': 0.15369838786726475, 'lambda_': 0.39561946602883824, 'alpha': 0.009051398442847384, 'r': 2, 'no_of_conv_kernels': 128, 'no_of_primary_capsules': 32, 'no_of_secondary_capsules': 10, 'primary_capsule_vector': 8, 'secondary_capsule_vector': 16}
Fitting individual 17/21 with genotype {'epochs': 6, 'epsilon': 0.09175480131151859, 'm_plus': 0.9350608510790076, 'm_minus': 0.19310284132082933, 'lambda_': 0.14171557316139405, 'alpha': 0.00570867521444892, 'r': 3, 'no_of_conv_kernels': 128, 'no_of_primary_capsules': 32, 'no_of_secondary_capsules': 10, 'primary_capsule_vector': 8, 'secondary_capsule_vector': 16}
Fitting individual 18/21 with genotype {'epochs': 3, 'epsilon': 0.05051851076700764, 'm_plus': 0.9085208941442835, 'm_minus': 0.16016568555052654, 'lambda_': 0.623441214483898, 'alpha': 0.01, 'r': 3, 'no_of_conv_kernels': 128, 'no_of_primary_capsules': 32, 'no_of_secondary_capsules': 10, 'primary_capsule_vector': 8, 'secondary_capsule_vector': 16}
Fitting individual 19/21 with genotype {'epochs': 6, 'epsilon': 0.026996528438515188, 'm_plus': 0.9, 'm_minus': 0.1363095184663961, 'lambda_': 0.10980833731940212, 'alpha': 0.0036255493172102906, 'r': 3, 'no_of_conv_kernels': 128, 'no_of_primary_capsules': 32, 'no_of_secondary_capsules': 10, 'primary_capsule_vector': 8, 'secondary_capsule_vector': 16}
Fitting individual 20/21 with genotype {'epochs': 5, 'epsilon': 0.015149285706329795, 'm_plus': 0.9142896714666018, 'm_minus': 0.0543336067447112, 'lambda_': 0.80282883906753, 'alpha': 0.008572564697277837, 'r': 4, 'no_of_conv_kernels': 128, 'no_of_primary_capsules': 32, 'no_of_secondary_capsules': 10, 'primary_capsule_vector': 8, 'secondary_capsule_vector': 16}
Fitting individual 21/21 with genotype {'epochs': 5, 'epsilon': 0.012699754855397895, 'm_plus': 0.9260575811237223, 'm_minus': 0.09861336833266729, 'lambda_': 0.39561946602883824, 'alpha': 0.0001, 'r': 2, 'no_of_conv_kernels': 128, 'no_of_primary_capsules': 32, 'no_of_secondary_capsules': 10, 'primary_capsule_vector': 8, 'secondary_capsule_vector': 16}
Len of pop after selection : 10
=== Generation 4/10
Len of pop before manipulations : 10
crossover created 8 offspring(s)
mutation created 0 offspring(s)
local search created 2 offspring(s)
Len of pop after manipulations : 20
Fitting individual 1/20 with genotype {'epochs': 7, 'epsilon': 0.09722873471787331, 'm_plus': 0.9328577530338785, 'm_minus': 0.11762858859757737, 'lambda_': 0.5416748373304012, 'alpha': 0.01, 'r': 2, 'no_of_conv_kernels': 128, 'no_of_primary_capsules': 32, 'no_of_secondary_capsules': 10, 'primary_capsule_vector': 8, 'secondary_capsule_vector': 16}
Fitting individual 2/20 with genotype {'epochs': 6, 'epsilon': 0.06111101312211628, 'm_plus': 0.9607910079664612, 'm_minus': 0.15673505699812673, 'lambda_': 0.37935890373777137, 'alpha': 0.009097033906453203, 'r': 2, 'no_of_conv_kernels': 128, 'no_of_primary_capsules': 32, 'no_of_secondary_capsules': 10, 'primary_capsule_vector': 8, 'secondary_capsule_vector': 16}
Fitting individual 3/20 with genotype {'epochs': 8, 'epsilon': 0.017629215337231698, 'm_plus': 0.9403539475507906, 'm_minus': 0.1608811901331772, 'lambda_': 0.19977834491138913, 'alpha': 0.00853137118345941, 'r': 2, 'no_of_conv_kernels': 128, 'no_of_primary_capsules': 32, 'no_of_secondary_capsules': 10, 'primary_capsule_vector': 8, 'secondary_capsule_vector': 16}
Fitting individual 4/20 with genotype {'epochs': 5, 'epsilon': 0.012699754855397895, 'm_plus': 0.9260575811237223, 'm_minus': 0.09861336833266729, 'lambda_': 0.39561946602883824, 'alpha': 0.0001, 'r': 2, 'no_of_conv_kernels': 128, 'no_of_primary_capsules': 32, 'no_of_secondary_capsules': 10, 'primary_capsule_vector': 8, 'secondary_capsule_vector': 16}
Fitting individual 5/20 with genotype {'epochs': 7, 'epsilon': 0.04754559676303389, 'm_plus': 0.9565604660830012, 'm_minus': 0.15369838786726475, 'lambda_': 0.6198304998403764, 'alpha': 0.007382457540072416, 'r': 4, 'no_of_conv_kernels': 128, 'no_of_primary_capsules': 32, 'no_of_secondary_capsules': 10, 'primary_capsule_vector': 8, 'secondary_capsule_vector': 16}
Fitting individual 6/20 with genotype {'epochs': 8, 'epsilon': 0.03537443550830167, 'm_plus': 0.9647363144459841, 'm_minus': 0.05649808404187585, 'lambda_': 0.4342908200011699, 'alpha': 0.008801976010403745, 'r': 4, 'no_of_conv_kernels': 128, 'no_of_primary_capsules': 32, 'no_of_secondary_capsules': 10, 'primary_capsule_vector': 8, 'secondary_capsule_vector': 16}
Fitting individual 7/20 with genotype {'epochs': 3, 'epsilon': 0.05051851076700764, 'm_plus': 0.9085208941442835, 'm_minus': 0.16016568555052654, 'lambda_': 0.623441214483898, 'alpha': 0.01, 'r': 3, 'no_of_conv_kernels': 128, 'no_of_primary_capsules': 32, 'no_of_secondary_capsules': 10, 'primary_capsule_vector': 8, 'secondary_capsule_vector': 16}
Fitting individual 8/20 with genotype {'epochs': 6, 'epsilon': 0.026996528438515188, 'm_plus': 0.9, 'm_minus': 0.1363095184663961, 'lambda_': 0.10980833731940212, 'alpha': 0.0036255493172102906, 'r': 3, 'no_of_conv_kernels': 128, 'no_of_primary_capsules': 32, 'no_of_secondary_capsules': 10, 'primary_capsule_vector': 8, 'secondary_capsule_vector': 16}
Fitting individual 9/20 with genotype {'epochs': 6, 'epsilon': 0.09175480131151859, 'm_plus': 0.9350608510790076, 'm_minus': 0.19310284132082933, 'lambda_': 0.14171557316139405, 'alpha': 0.00570867521444892, 'r': 3, 'no_of_conv_kernels': 128, 'no_of_primary_capsules': 32, 'no_of_secondary_capsules': 10, 'primary_capsule_vector': 8, 'secondary_capsule_vector': 16}
Fitting individual 10/20 with genotype {'epochs': 5, 'epsilon': 0.015149285706329795, 'm_plus': 0.9142896714666018, 'm_minus': 0.0543336067447112, 'lambda_': 0.80282883906753, 'alpha': 0.008572564697277837, 'r': 4, 'no_of_conv_kernels': 128, 'no_of_primary_capsules': 32, 'no_of_secondary_capsules': 10, 'primary_capsule_vector': 8, 'secondary_capsule_vector': 16}
Fitting individual 11/20 with genotype {'epochs': 8, 'epsilon': 0.017629215337231698, 'm_plus': 0.9403539475507906, 'm_minus': 0.1608811901331772, 'lambda_': 0.19977834491138913, 'alpha': 0.00853137118345941, 'r': 4, 'no_of_conv_kernels': 128, 'no_of_primary_capsules': 32, 'no_of_secondary_capsules': 10, 'primary_capsule_vector': 8, 'secondary_capsule_vector': 16}
Fitting individual 12/20 with genotype {'epochs': 5, 'epsilon': 0.015149285706329795, 'm_plus': 0.9142896714666018, 'm_minus': 0.0543336067447112, 'lambda_': 0.80282883906753, 'alpha': 0.008572564697277837, 'r': 2, 'no_of_conv_kernels': 128, 'no_of_primary_capsules': 32, 'no_of_secondary_capsules': 10, 'primary_capsule_vector': 8, 'secondary_capsule_vector': 16}
Fitting individual 13/20 with genotype {'epochs': 5, 'epsilon': 0.05051851076700764, 'm_plus': 0.9085208941442835, 'm_minus': 0.16016568555052654, 'lambda_': 0.623441214483898, 'alpha': 0.01, 'r': 3, 'no_of_conv_kernels': 128, 'no_of_primary_capsules': 32, 'no_of_secondary_capsules': 10, 'primary_capsule_vector': 8, 'secondary_capsule_vector': 16}
Fitting individual 14/20 with genotype {'epochs': 3, 'epsilon': 0.012699754855397895, 'm_plus': 0.9260575811237223, 'm_minus': 0.09861336833266729, 'lambda_': 0.39561946602883824, 'alpha': 0.0001, 'r': 2, 'no_of_conv_kernels': 128, 'no_of_primary_capsules': 32, 'no_of_secondary_capsules': 10, 'primary_capsule_vector': 8, 'secondary_capsule_vector': 16}
Fitting individual 15/20 with genotype {'epochs': 6, 'epsilon': 0.09175480131151859, 'm_plus': 0.9142896714666018, 'm_minus': 0.0543336067447112, 'lambda_': 0.80282883906753, 'alpha': 0.008572564697277837, 'r': 4, 'no_of_conv_kernels': 128, 'no_of_primary_capsules': 32, 'no_of_secondary_capsules': 10, 'primary_capsule_vector': 8, 'secondary_capsule_vector': 16}
Fitting individual 16/20 with genotype {'epochs': 5, 'epsilon': 0.015149285706329795, 'm_plus': 0.9350608510790076, 'm_minus': 0.19310284132082933, 'lambda_': 0.14171557316139405, 'alpha': 0.00570867521444892, 'r': 3, 'no_of_conv_kernels': 128, 'no_of_primary_capsules': 32, 'no_of_secondary_capsules': 10, 'primary_capsule_vector': 8, 'secondary_capsule_vector': 16}
Fitting individual 17/20 with genotype {'epochs': 8, 'epsilon': 0.09722873471787331, 'm_plus': 0.9328577530338785, 'm_minus': 0.11762858859757737, 'lambda_': 0.5416748373304012, 'alpha': 0.004877817678837118, 'r': 2, 'no_of_conv_kernels': 128, 'no_of_primary_capsules': 32, 'no_of_secondary_capsules': 10, 'primary_capsule_vector': 8, 'secondary_capsule_vector': 16}
Fitting individual 18/20 with genotype {'epochs': 7, 'epsilon': 0.03537443550830167, 'm_plus': 0.9647363144459841, 'm_minus': 0.05649808404187585, 'lambda_': 0.4342908200011699, 'alpha': 0.008801976010403745, 'r': 4, 'no_of_conv_kernels': 128, 'no_of_primary_capsules': 32, 'no_of_secondary_capsules': 10, 'primary_capsule_vector': 8, 'secondary_capsule_vector': 16}
Fitting individual 19/20 with genotype {'epochs': 8, 'epsilon': 0.03537443550830167, 'm_plus': 0.9647363144459841, 'm_minus': 0.05649808404187585, 'lambda_': 0.4342908200011699, 'alpha': 0.008801976010403745, 'r': 4, 'no_of_conv_kernels': 128, 'no_of_primary_capsules': 32, 'no_of_secondary_capsules': 10, 'primary_capsule_vector': 8, 'secondary_capsule_vector': 16}
Fitting individual 20/20 with genotype {'epochs': 7, 'epsilon': 0.09722873471787331, 'm_plus': 0.9328577530338785, 'm_minus': 0.11762858859757737, 'lambda_': 0.5416748373304012, 'alpha': 0.01, 'r': 2, 'no_of_conv_kernels': 128, 'no_of_primary_capsules': 32, 'no_of_secondary_capsules': 10, 'primary_capsule_vector': 8, 'secondary_capsule_vector': 16}
Len of pop after selection : 10
=== Generation 5/10
Len of pop before manipulations : 10
crossover created 8 offspring(s)
mutation created 2 offspring(s)
local search created 1 offspring(s)
Len of pop after manipulations : 21
Fitting individual 1/21 with genotype {'epochs': 6, 'epsilon': 0.06111101312211628, 'm_plus': 0.9607910079664612, 'm_minus': 0.15673505699812673, 'lambda_': 0.37935890373777137, 'alpha': 0.009097033906453203, 'r': 2, 'no_of_conv_kernels': 128, 'no_of_primary_capsules': 32, 'no_of_secondary_capsules': 10, 'primary_capsule_vector': 8, 'secondary_capsule_vector': 16}
Fitting individual 2/21 with genotype {'epochs': 8, 'epsilon': 0.017629215337231698, 'm_plus': 0.9403539475507906, 'm_minus': 0.1608811901331772, 'lambda_': 0.19977834491138913, 'alpha': 0.00853137118345941, 'r': 2, 'no_of_conv_kernels': 128, 'no_of_primary_capsules': 32, 'no_of_secondary_capsules': 10, 'primary_capsule_vector': 8, 'secondary_capsule_vector': 16}
Fitting individual 3/21 with genotype {'epochs': 5, 'epsilon': 0.012699754855397895, 'm_plus': 0.9260575811237223, 'm_minus': 0.09861336833266729, 'lambda_': 0.39561946602883824, 'alpha': 0.0001, 'r': 4, 'no_of_conv_kernels': 128, 'no_of_primary_capsules': 32, 'no_of_secondary_capsules': 10, 'primary_capsule_vector': 8, 'secondary_capsule_vector': 16}
Fitting individual 4/21 with genotype {'epochs': 7, 'epsilon': 0.09722873471787331, 'm_plus': 0.9328577530338785, 'm_minus': 0.11762858859757737, 'lambda_': 0.5416748373304012, 'alpha': 0.01, 'r': 2, 'no_of_conv_kernels': 128, 'no_of_primary_capsules': 32, 'no_of_secondary_capsules': 10, 'primary_capsule_vector': 8, 'secondary_capsule_vector': 16}
Fitting individual 5/21 with genotype {'epochs': 7, 'epsilon': 0.04754559676303389, 'm_plus': 0.9565604660830012, 'm_minus': 0.15369838786726475, 'lambda_': 0.6198304998403764, 'alpha': 0.007382457540072416, 'r': 2, 'no_of_conv_kernels': 128, 'no_of_primary_capsules': 32, 'no_of_secondary_capsules': 10, 'primary_capsule_vector': 8, 'secondary_capsule_vector': 16}
Fitting individual 6/21 with genotype {'epochs': 6, 'epsilon': 0.026996528438515188, 'm_plus': 0.9, 'm_minus': 0.1363095184663961, 'lambda_': 0.10980833731940212, 'alpha': 0.0036255493172102906, 'r': 3, 'no_of_conv_kernels': 128, 'no_of_primary_capsules': 32, 'no_of_secondary_capsules': 10, 'primary_capsule_vector': 8, 'secondary_capsule_vector': 16}
Fitting individual 7/21 with genotype {'epochs': 6, 'epsilon': 0.09175480131151859, 'm_plus': 0.9350608510790076, 'm_minus': 0.19310284132082933, 'lambda_': 0.14171557316139405, 'alpha': 0.00570867521444892, 'r': 3, 'no_of_conv_kernels': 128, 'no_of_primary_capsules': 32, 'no_of_secondary_capsules': 10, 'primary_capsule_vector': 8, 'secondary_capsule_vector': 16}
Fitting individual 8/21 with genotype {'epochs': 5, 'epsilon': 0.015149285706329795, 'm_plus': 0.9142896714666018, 'm_minus': 0.0543336067447112, 'lambda_': 0.80282883906753, 'alpha': 0.008572564697277837, 'r': 4, 'no_of_conv_kernels': 128, 'no_of_primary_capsules': 32, 'no_of_secondary_capsules': 10, 'primary_capsule_vector': 8, 'secondary_capsule_vector': 16}
Fitting individual 9/21 with genotype {'epochs': 8, 'epsilon': 0.03537443550830167, 'm_plus': 0.9647363144459841, 'm_minus': 0.05649808404187585, 'lambda_': 0.4342908200011699, 'alpha': 0.008801976010403745, 'r': 4, 'no_of_conv_kernels': 128, 'no_of_primary_capsules': 32, 'no_of_secondary_capsules': 10, 'primary_capsule_vector': 8, 'secondary_capsule_vector': 16}
Fitting individual 10/21 with genotype {'epochs': 3, 'epsilon': 0.05051851076700764, 'm_plus': 0.9085208941442835, 'm_minus': 0.16016568555052654, 'lambda_': 0.623441214483898, 'alpha': 0.01, 'r': 3, 'no_of_conv_kernels': 128, 'no_of_primary_capsules': 32, 'no_of_secondary_capsules': 10, 'primary_capsule_vector': 8, 'secondary_capsule_vector': 16}
Fitting individual 11/21 with genotype {'epochs': 5, 'epsilon': 0.012699754855397895, 'm_plus': 0.9647363144459841, 'm_minus': 0.05649808404187585, 'lambda_': 0.4342908200011699, 'alpha': 0.008801976010403745, 'r': 4, 'no_of_conv_kernels': 128, 'no_of_primary_capsules': 32, 'no_of_secondary_capsules': 10, 'primary_capsule_vector': 8, 'secondary_capsule_vector': 16}
Fitting individual 12/21 with genotype {'epochs': 8, 'epsilon': 0.03537443550830167, 'm_plus': 0.9260575811237223, 'm_minus': 0.09861336833266729, 'lambda_': 0.39561946602883824, 'alpha': 0.0001, 'r': 2, 'no_of_conv_kernels': 128, 'no_of_primary_capsules': 32, 'no_of_secondary_capsules': 10, 'primary_capsule_vector': 8, 'secondary_capsule_vector': 16}
Fitting individual 13/21 with genotype {'epochs': 7, 'epsilon': 0.09722873471787331, 'm_plus': 0.9328577530338785, 'm_minus': 0.11762858859757737, 'lambda_': 0.5416748373304012, 'alpha': 0.01, 'r': 3, 'no_of_conv_kernels': 128, 'no_of_primary_capsules': 32, 'no_of_secondary_capsules': 10, 'primary_capsule_vector': 8, 'secondary_capsule_vector': 16}
Fitting individual 14/21 with genotype {'epochs': 6, 'epsilon': 0.026996528438515188, 'm_plus': 0.9, 'm_minus': 0.1363095184663961, 'lambda_': 0.10980833731940212, 'alpha': 0.0036255493172102906, 'r': 2, 'no_of_conv_kernels': 128, 'no_of_primary_capsules': 32, 'no_of_secondary_capsules': 10, 'primary_capsule_vector': 8, 'secondary_capsule_vector': 16}
Fitting individual 15/21 with genotype {'epochs': 5, 'epsilon': 0.012699754855397895, 'm_plus': 0.9403539475507906, 'm_minus': 0.1608811901331772, 'lambda_': 0.19977834491138913, 'alpha': 0.00853137118345941, 'r': 2, 'no_of_conv_kernels': 128, 'no_of_primary_capsules': 32, 'no_of_secondary_capsules': 10, 'primary_capsule_vector': 8, 'secondary_capsule_vector': 16}
Fitting individual 16/21 with genotype {'epochs': 8, 'epsilon': 0.017629215337231698, 'm_plus': 0.9260575811237223, 'm_minus': 0.09861336833266729, 'lambda_': 0.39561946602883824, 'alpha': 0.0001, 'r': 2, 'no_of_conv_kernels': 128, 'no_of_primary_capsules': 32, 'no_of_secondary_capsules': 10, 'primary_capsule_vector': 8, 'secondary_capsule_vector': 16}
Fitting individual 17/21 with genotype {'epochs': 5, 'epsilon': 0.012699754855397895, 'm_plus': 0.9260575811237223, 'm_minus': 0.05649808404187585, 'lambda_': 0.4342908200011699, 'alpha': 0.008801976010403745, 'r': 4, 'no_of_conv_kernels': 128, 'no_of_primary_capsules': 32, 'no_of_secondary_capsules': 10, 'primary_capsule_vector': 8, 'secondary_capsule_vector': 16}
Fitting individual 18/21 with genotype {'epochs': 8, 'epsilon': 0.03537443550830167, 'm_plus': 0.9647363144459841, 'm_minus': 0.09861336833266729, 'lambda_': 0.39561946602883824, 'alpha': 0.0001, 'r': 2, 'no_of_conv_kernels': 128, 'no_of_primary_capsules': 32, 'no_of_secondary_capsules': 10, 'primary_capsule_vector': 8, 'secondary_capsule_vector': 16}
Fitting individual 19/21 with genotype {'epochs': 5, 'epsilon': 0.012699754855397895, 'm_plus': 0.9260575811237223, 'm_minus': 0.09861336833266729, 'lambda_': 0.39561946602883824, 'alpha': 0.0001, 'r': 4, 'no_of_conv_kernels': 128, 'no_of_primary_capsules': 32, 'no_of_secondary_capsules': 10, 'primary_capsule_vector': 8, 'secondary_capsule_vector': 16}
Fitting individual 20/21 with genotype {'epochs': 7, 'epsilon': 0.04754559676303389, 'm_plus': 0.9565604660830012, 'm_minus': 0.15369838786726475, 'lambda_': 0.6198304998403764, 'alpha': 0.007382457540072416, 'r': 2, 'no_of_conv_kernels': 128, 'no_of_primary_capsules': 32, 'no_of_secondary_capsules': 10, 'primary_capsule_vector': 8, 'secondary_capsule_vector': 16}
Fitting individual 21/21 with genotype {'epochs': 3, 'epsilon': 0.05051851076700764, 'm_plus': 0.9085208941442835, 'm_minus': 0.16016568555052654, 'lambda_': 0.623441214483898, 'alpha': 0.01, 'r': 3, 'no_of_conv_kernels': 128, 'no_of_primary_capsules': 32, 'no_of_secondary_capsules': 10, 'primary_capsule_vector': 8, 'secondary_capsule_vector': 16}
Len of pop after selection : 10
=== Generation 6/10
Len of pop before manipulations : 10
crossover created 2 offspring(s)
mutation created 2 offspring(s)
local search created 2 offspring(s)
Len of pop after manipulations : 16
Fitting individual 1/16 with genotype {'epochs': 6, 'epsilon': 0.06111101312211628, 'm_plus': 0.9607910079664612, 'm_minus': 0.15673505699812673, 'lambda_': 0.37935890373777137, 'alpha': 0.009097033906453203, 'r': 2, 'no_of_conv_kernels': 128, 'no_of_primary_capsules': 32, 'no_of_secondary_capsules': 10, 'primary_capsule_vector': 8, 'secondary_capsule_vector': 16}
Fitting individual 2/16 with genotype {'epochs': 8, 'epsilon': 0.017629215337231698, 'm_plus': 0.9403539475507906, 'm_minus': 0.1608811901331772, 'lambda_': 0.19977834491138913, 'alpha': 0.00853137118345941, 'r': 2, 'no_of_conv_kernels': 128, 'no_of_primary_capsules': 32, 'no_of_secondary_capsules': 10, 'primary_capsule_vector': 8, 'secondary_capsule_vector': 16}
Fitting individual 3/16 with genotype {'epochs': 6, 'epsilon': 0.09175480131151859, 'm_plus': 0.9350608510790076, 'm_minus': 0.19310284132082933, 'lambda_': 0.14171557316139405, 'alpha': 0.00570867521444892, 'r': 3, 'no_of_conv_kernels': 128, 'no_of_primary_capsules': 32, 'no_of_secondary_capsules': 10, 'primary_capsule_vector': 8, 'secondary_capsule_vector': 16}
Fitting individual 4/16 with genotype {'epochs': 7, 'epsilon': 0.09722873471787331, 'm_plus': 0.9328577530338785, 'm_minus': 0.11762858859757737, 'lambda_': 0.5416748373304012, 'alpha': 0.01, 'r': 2, 'no_of_conv_kernels': 128, 'no_of_primary_capsules': 32, 'no_of_secondary_capsules': 10, 'primary_capsule_vector': 8, 'secondary_capsule_vector': 16}
Fitting individual 5/16 with genotype {'epochs': 7, 'epsilon': 0.04754559676303389, 'm_plus': 0.9565604660830012, 'm_minus': 0.15369838786726475, 'lambda_': 0.6198304998403764, 'alpha': 0.007382457540072416, 'r': 2, 'no_of_conv_kernels': 128, 'no_of_primary_capsules': 32, 'no_of_secondary_capsules': 10, 'primary_capsule_vector': 8, 'secondary_capsule_vector': 16}
Fitting individual 6/16 with genotype {'epochs': 6, 'epsilon': 0.015149285706329795, 'm_plus': 0.9142896714666018, 'm_minus': 0.0543336067447112, 'lambda_': 0.80282883906753, 'alpha': 0.008572564697277837, 'r': 4, 'no_of_conv_kernels': 128, 'no_of_primary_capsules': 32, 'no_of_secondary_capsules': 10, 'primary_capsule_vector': 8, 'secondary_capsule_vector': 16}
Fitting individual 7/16 with genotype {'epochs': 8, 'epsilon': 0.03537443550830167, 'm_plus': 0.9647363144459841, 'm_minus': 0.05649808404187585, 'lambda_': 0.4342908200011699, 'alpha': 0.008801976010403745, 'r': 4, 'no_of_conv_kernels': 128, 'no_of_primary_capsules': 32, 'no_of_secondary_capsules': 10, 'primary_capsule_vector': 8, 'secondary_capsule_vector': 16}
Fitting individual 8/16 with genotype {'epochs': 5, 'epsilon': 0.026996528438515188, 'm_plus': 0.9, 'm_minus': 0.1363095184663961, 'lambda_': 0.10980833731940212, 'alpha': 0.0036255493172102906, 'r': 3, 'no_of_conv_kernels': 128, 'no_of_primary_capsules': 32, 'no_of_secondary_capsules': 10, 'primary_capsule_vector': 8, 'secondary_capsule_vector': 16}
Fitting individual 9/16 with genotype {'epochs': 3, 'epsilon': 0.05051851076700764, 'm_plus': 0.9085208941442835, 'm_minus': 0.16016568555052654, 'lambda_': 0.623441214483898, 'alpha': 0.01, 'r': 3, 'no_of_conv_kernels': 128, 'no_of_primary_capsules': 32, 'no_of_secondary_capsules': 10, 'primary_capsule_vector': 8, 'secondary_capsule_vector': 16}
Fitting individual 10/16 with genotype {'epochs': 5, 'epsilon': 0.012699754855397895, 'm_plus': 0.9260575811237223, 'm_minus': 0.09861336833266729, 'lambda_': 0.39561946602883824, 'alpha': 0.0001, 'r': 4, 'no_of_conv_kernels': 128, 'no_of_primary_capsules': 32, 'no_of_secondary_capsules': 10, 'primary_capsule_vector': 8, 'secondary_capsule_vector': 16}
Fitting individual 11/16 with genotype {'epochs': 7, 'epsilon': 0.04754559676303389, 'm_plus': 0.9565604660830012, 'm_minus': 0.15369838786726475, 'lambda_': 0.6198304998403764, 'alpha': 0.007382457540072416, 'r': 4, 'no_of_conv_kernels': 128, 'no_of_primary_capsules': 32, 'no_of_secondary_capsules': 10, 'primary_capsule_vector': 8, 'secondary_capsule_vector': 16}
Fitting individual 12/16 with genotype {'epochs': 5, 'epsilon': 0.015149285706329795, 'm_plus': 0.9142896714666018, 'm_minus': 0.0543336067447112, 'lambda_': 0.80282883906753, 'alpha': 0.008572564697277837, 'r': 2, 'no_of_conv_kernels': 128, 'no_of_primary_capsules': 32, 'no_of_secondary_capsules': 10, 'primary_capsule_vector': 8, 'secondary_capsule_vector': 16}
Fitting individual 13/16 with genotype {'epochs': 5, 'epsilon': 0.026996528438515188, 'm_plus': 0.9, 'm_minus': 0.1363095184663961, 'lambda_': 0.10980833731940212, 'alpha': 0.0036255493172102906, 'r': 3, 'no_of_conv_kernels': 128, 'no_of_primary_capsules': 32, 'no_of_secondary_capsules': 10, 'primary_capsule_vector': 8, 'secondary_capsule_vector': 16}
Fitting individual 14/16 with genotype {'epochs': 6, 'epsilon': 0.015149285706329795, 'm_plus': 0.9142896714666018, 'm_minus': 0.0543336067447112, 'lambda_': 0.80282883906753, 'alpha': 0.008572564697277837, 'r': 4, 'no_of_conv_kernels': 128, 'no_of_primary_capsules': 32, 'no_of_secondary_capsules': 10, 'primary_capsule_vector': 8, 'secondary_capsule_vector': 16}
Fitting individual 15/16 with genotype {'epochs': 5, 'epsilon': 0.012699754855397895, 'm_plus': 0.9260575811237223, 'm_minus': 0.09861336833266729, 'lambda_': 0.39561946602883824, 'alpha': 0.0001, 'r': 4, 'no_of_conv_kernels': 128, 'no_of_primary_capsules': 32, 'no_of_secondary_capsules': 10, 'primary_capsule_vector': 8, 'secondary_capsule_vector': 16}
Fitting individual 16/16 with genotype {'epochs': 5, 'epsilon': 0.012699754855397895, 'm_plus': 0.9260575811237223, 'm_minus': 0.09861336833266729, 'lambda_': 0.39561946602883824, 'alpha': 0.0001, 'r': 4, 'no_of_conv_kernels': 128, 'no_of_primary_capsules': 32, 'no_of_secondary_capsules': 10, 'primary_capsule_vector': 8, 'secondary_capsule_vector': 16}
Len of pop after selection : 10
=== Generation 7/10
Len of pop before manipulations : 10
crossover created 8 offspring(s)
mutation created 0 offspring(s)
local search created 1 offspring(s)
Len of pop after manipulations : 19
Fitting individual 1/19 with genotype {'epochs': 8, 'epsilon': 0.017629215337231698, 'm_plus': 0.9403539475507906, 'm_minus': 0.1608811901331772, 'lambda_': 0.19977834491138913, 'alpha': 0.01, 'r': 2, 'no_of_conv_kernels': 128, 'no_of_primary_capsules': 32, 'no_of_secondary_capsules': 10, 'primary_capsule_vector': 8, 'secondary_capsule_vector': 16}
Fitting individual 2/19 with genotype {'epochs': 7, 'epsilon': 0.09722873471787331, 'm_plus': 0.9328577530338785, 'm_minus': 0.11762858859757737, 'lambda_': 0.5416748373304012, 'alpha': 0.01, 'r': 2, 'no_of_conv_kernels': 128, 'no_of_primary_capsules': 32, 'no_of_secondary_capsules': 10, 'primary_capsule_vector': 8, 'secondary_capsule_vector': 16}
Fitting individual 3/19 with genotype {'epochs': 7, 'epsilon': 0.04754559676303389, 'm_plus': 0.9565604660830012, 'm_minus': 0.15369838786726475, 'lambda_': 0.6198304998403764, 'alpha': 0.007382457540072416, 'r': 2, 'no_of_conv_kernels': 128, 'no_of_primary_capsules': 32, 'no_of_secondary_capsules': 10, 'primary_capsule_vector': 8, 'secondary_capsule_vector': 16}
Fitting individual 4/19 with genotype {'epochs': 6, 'epsilon': 0.015149285706329795, 'm_plus': 0.9142896714666018, 'm_minus': 0.0543336067447112, 'lambda_': 0.80282883906753, 'alpha': 0.008572564697277837, 'r': 4, 'no_of_conv_kernels': 128, 'no_of_primary_capsules': 32, 'no_of_secondary_capsules': 10, 'primary_capsule_vector': 8, 'secondary_capsule_vector': 16}
Fitting individual 5/19 with genotype {'epochs': 8, 'epsilon': 0.03537443550830167, 'm_plus': 0.9647363144459841, 'm_minus': 0.05649808404187585, 'lambda_': 0.4342908200011699, 'alpha': 0.008801976010403745, 'r': 4, 'no_of_conv_kernels': 128, 'no_of_primary_capsules': 32, 'no_of_secondary_capsules': 10, 'primary_capsule_vector': 8, 'secondary_capsule_vector': 16}
Fitting individual 6/19 with genotype {'epochs': 6, 'epsilon': 0.06111101312211628, 'm_plus': 0.9607910079664612, 'm_minus': 0.15673505699812673, 'lambda_': 0.37935890373777137, 'alpha': 0.009097033906453203, 'r': 2, 'no_of_conv_kernels': 128, 'no_of_primary_capsules': 32, 'no_of_secondary_capsules': 10, 'primary_capsule_vector': 8, 'secondary_capsule_vector': 16}
Fitting individual 7/19 with genotype {'epochs': 5, 'epsilon': 0.012699754855397895, 'm_plus': 0.9260575811237223, 'm_minus': 0.09861336833266729, 'lambda_': 0.39561946602883824, 'alpha': 0.0001, 'r': 4, 'no_of_conv_kernels': 128, 'no_of_primary_capsules': 32, 'no_of_secondary_capsules': 10, 'primary_capsule_vector': 8, 'secondary_capsule_vector': 16}
Fitting individual 8/19 with genotype {'epochs': 6, 'epsilon': 0.09175480131151859, 'm_plus': 0.9350608510790076, 'm_minus': 0.19310284132082933, 'lambda_': 0.14171557316139405, 'alpha': 0.00570867521444892, 'r': 3, 'no_of_conv_kernels': 128, 'no_of_primary_capsules': 32, 'no_of_secondary_capsules': 10, 'primary_capsule_vector': 8, 'secondary_capsule_vector': 16}
Fitting individual 9/19 with genotype {'epochs': 5, 'epsilon': 0.026996528438515188, 'm_plus': 0.9, 'm_minus': 0.1363095184663961, 'lambda_': 0.10980833731940212, 'alpha': 0.0036255493172102906, 'r': 3, 'no_of_conv_kernels': 128, 'no_of_primary_capsules': 32, 'no_of_secondary_capsules': 10, 'primary_capsule_vector': 8, 'secondary_capsule_vector': 16}
Fitting individual 10/19 with genotype {'epochs': 3, 'epsilon': 0.05051851076700764, 'm_plus': 0.9085208941442835, 'm_minus': 0.16016568555052654, 'lambda_': 0.623441214483898, 'alpha': 0.01, 'r': 3, 'no_of_conv_kernels': 128, 'no_of_primary_capsules': 32, 'no_of_secondary_capsules': 10, 'primary_capsule_vector': 8, 'secondary_capsule_vector': 16}
Fitting individual 11/19 with genotype {'epochs': 8, 'epsilon': 0.017629215337231698, 'm_plus': 0.9403539475507906, 'm_minus': 0.11762858859757737, 'lambda_': 0.5416748373304012, 'alpha': 0.01, 'r': 2, 'no_of_conv_kernels': 128, 'no_of_primary_capsules': 32, 'no_of_secondary_capsules': 10, 'primary_capsule_vector': 8, 'secondary_capsule_vector': 16}
Fitting individual 12/19 with genotype {'epochs': 7, 'epsilon': 0.09722873471787331, 'm_plus': 0.9328577530338785, 'm_minus': 0.1608811901331772, 'lambda_': 0.19977834491138913, 'alpha': 0.00853137118345941, 'r': 2, 'no_of_conv_kernels': 128, 'no_of_primary_capsules': 32, 'no_of_secondary_capsules': 10, 'primary_capsule_vector': 8, 'secondary_capsule_vector': 16}
Fitting individual 13/19 with genotype {'epochs': 5, 'epsilon': 0.026996528438515188, 'm_plus': 0.9, 'm_minus': 0.1363095184663961, 'lambda_': 0.37935890373777137, 'alpha': 0.009097033906453203, 'r': 2, 'no_of_conv_kernels': 128, 'no_of_primary_capsules': 32, 'no_of_secondary_capsules': 10, 'primary_capsule_vector': 8, 'secondary_capsule_vector': 16}
Fitting individual 14/19 with genotype {'epochs': 6, 'epsilon': 0.06111101312211628, 'm_plus': 0.9607910079664612, 'm_minus': 0.15673505699812673, 'lambda_': 0.10980833731940212, 'alpha': 0.0036255493172102906, 'r': 3, 'no_of_conv_kernels': 128, 'no_of_primary_capsules': 32, 'no_of_secondary_capsules': 10, 'primary_capsule_vector': 8, 'secondary_capsule_vector': 16}
Fitting individual 15/19 with genotype {'epochs': 5, 'epsilon': 0.04754559676303389, 'm_plus': 0.9565604660830012, 'm_minus': 0.15369838786726475, 'lambda_': 0.6198304998403764, 'alpha': 0.007382457540072416, 'r': 2, 'no_of_conv_kernels': 128, 'no_of_primary_capsules': 32, 'no_of_secondary_capsules': 10, 'primary_capsule_vector': 8, 'secondary_capsule_vector': 16}
Fitting individual 16/19 with genotype {'epochs': 7, 'epsilon': 0.012699754855397895, 'm_plus': 0.9260575811237223, 'm_minus': 0.09861336833266729, 'lambda_': 0.39561946602883824, 'alpha': 0.0001, 'r': 4, 'no_of_conv_kernels': 128, 'no_of_primary_capsules': 32, 'no_of_secondary_capsules': 10, 'primary_capsule_vector': 8, 'secondary_capsule_vector': 16}
Fitting individual 17/19 with genotype {'epochs': 3, 'epsilon': 0.05051851076700764, 'm_plus': 0.9085208941442835, 'm_minus': 0.15369838786726475, 'lambda_': 0.6198304998403764, 'alpha': 0.007382457540072416, 'r': 2, 'no_of_conv_kernels': 128, 'no_of_primary_capsules': 32, 'no_of_secondary_capsules': 10, 'primary_capsule_vector': 8, 'secondary_capsule_vector': 16}
Fitting individual 18/19 with genotype {'epochs': 7, 'epsilon': 0.04754559676303389, 'm_plus': 0.9565604660830012, 'm_minus': 0.16016568555052654, 'lambda_': 0.623441214483898, 'alpha': 0.01, 'r': 3, 'no_of_conv_kernels': 128, 'no_of_primary_capsules': 32, 'no_of_secondary_capsules': 10, 'primary_capsule_vector': 8, 'secondary_capsule_vector': 16}
Fitting individual 19/19 with genotype {'epochs': 8, 'epsilon': 0.017629215337231698, 'm_plus': 0.9403539475507906, 'm_minus': 0.1608811901331772, 'lambda_': 0.19977834491138913, 'alpha': 0.01, 'r': 2, 'no_of_conv_kernels': 128, 'no_of_primary_capsules': 32, 'no_of_secondary_capsules': 10, 'primary_capsule_vector': 8, 'secondary_capsule_vector': 16}
Len of pop after selection : 10
=== Generation 8/10
Len of pop before manipulations : 10
crossover created 10 offspring(s)
mutation created 2 offspring(s)
local search created 2 offspring(s)
Len of pop after manipulations : 24
Fitting individual 1/24 with genotype {'epochs': 7, 'epsilon': 0.09722873471787331, 'm_plus': 0.9328577530338785, 'm_minus': 0.11762858859757737, 'lambda_': 0.5416748373304012, 'alpha': 0.01, 'r': 2, 'no_of_conv_kernels': 128, 'no_of_primary_capsules': 32, 'no_of_secondary_capsules': 10, 'primary_capsule_vector': 8, 'secondary_capsule_vector': 16}
Fitting individual 2/24 with genotype {'epochs': 7, 'epsilon': 0.04754559676303389, 'm_plus': 0.9565604660830012, 'm_minus': 0.15369838786726475, 'lambda_': 0.6198304998403764, 'alpha': 0.007382457540072416, 'r': 2, 'no_of_conv_kernels': 128, 'no_of_primary_capsules': 32, 'no_of_secondary_capsules': 10, 'primary_capsule_vector': 8, 'secondary_capsule_vector': 16}
Fitting individual 3/24 with genotype {'epochs': 6, 'epsilon': 0.015149285706329795, 'm_plus': 0.9, 'm_minus': 0.0543336067447112, 'lambda_': 0.80282883906753, 'alpha': 0.008572564697277837, 'r': 4, 'no_of_conv_kernels': 128, 'no_of_primary_capsules': 32, 'no_of_secondary_capsules': 10, 'primary_capsule_vector': 8, 'secondary_capsule_vector': 16}
Fitting individual 4/24 with genotype {'epochs': 8, 'epsilon': 0.03537443550830167, 'm_plus': 0.9647363144459841, 'm_minus': 0.05649808404187585, 'lambda_': 0.37935890373777137, 'alpha': 0.008801976010403745, 'r': 4, 'no_of_conv_kernels': 128, 'no_of_primary_capsules': 32, 'no_of_secondary_capsules': 10, 'primary_capsule_vector': 8, 'secondary_capsule_vector': 16}
Fitting individual 5/24 with genotype {'epochs': 6, 'epsilon': 0.06111101312211628, 'm_plus': 0.9607910079664612, 'm_minus': 0.15673505699812673, 'lambda_': 0.4342908200011699, 'alpha': 0.009097033906453203, 'r': 2, 'no_of_conv_kernels': 128, 'no_of_primary_capsules': 32, 'no_of_secondary_capsules': 10, 'primary_capsule_vector': 8, 'secondary_capsule_vector': 16}
Fitting individual 6/24 with genotype {'epochs': 8, 'epsilon': 0.01, 'm_plus': 0.9403539475507906, 'm_minus': 0.1608811901331772, 'lambda_': 0.19977834491138913, 'alpha': 0.01, 'r': 2, 'no_of_conv_kernels': 128, 'no_of_primary_capsules': 32, 'no_of_secondary_capsules': 10, 'primary_capsule_vector': 8, 'secondary_capsule_vector': 16}
Fitting individual 7/24 with genotype {'epochs': 6, 'epsilon': 0.09175480131151859, 'm_plus': 0.9350608510790076, 'm_minus': 0.19310284132082933, 'lambda_': 0.14171557316139405, 'alpha': 0.00570867521444892, 'r': 3, 'no_of_conv_kernels': 128, 'no_of_primary_capsules': 32, 'no_of_secondary_capsules': 10, 'primary_capsule_vector': 8, 'secondary_capsule_vector': 16}
Fitting individual 8/24 with genotype {'epochs': 5, 'epsilon': 0.026996528438515188, 'm_plus': 0.9, 'm_minus': 0.1363095184663961, 'lambda_': 0.10980833731940212, 'alpha': 0.0036255493172102906, 'r': 3, 'no_of_conv_kernels': 128, 'no_of_primary_capsules': 32, 'no_of_secondary_capsules': 10, 'primary_capsule_vector': 8, 'secondary_capsule_vector': 16}
Fitting individual 9/24 with genotype {'epochs': 3, 'epsilon': 0.05051851076700764, 'm_plus': 0.9085208941442835, 'm_minus': 0.16016568555052654, 'lambda_': 0.623441214483898, 'alpha': 0.01, 'r': 3, 'no_of_conv_kernels': 128, 'no_of_primary_capsules': 32, 'no_of_secondary_capsules': 10, 'primary_capsule_vector': 8, 'secondary_capsule_vector': 16}
Fitting individual 10/24 with genotype {'epochs': 5, 'epsilon': 0.012699754855397895, 'm_plus': 0.9260575811237223, 'm_minus': 0.09861336833266729, 'lambda_': 0.39561946602883824, 'alpha': 0.0001, 'r': 4, 'no_of_conv_kernels': 128, 'no_of_primary_capsules': 32, 'no_of_secondary_capsules': 10, 'primary_capsule_vector': 8, 'secondary_capsule_vector': 16}
Fitting individual 11/24 with genotype {'epochs': 5, 'epsilon': 0.012699754855397895, 'm_plus': 0.9260575811237223, 'm_minus': 0.09861336833266729, 'lambda_': 0.6198304998403764, 'alpha': 0.007382457540072416, 'r': 2, 'no_of_conv_kernels': 128, 'no_of_primary_capsules': 32, 'no_of_secondary_capsules': 10, 'primary_capsule_vector': 8, 'secondary_capsule_vector': 16}
Fitting individual 12/24 with genotype {'epochs': 7, 'epsilon': 0.04754559676303389, 'm_plus': 0.9565604660830012, 'm_minus': 0.15369838786726475, 'lambda_': 0.39561946602883824, 'alpha': 0.0001, 'r': 4, 'no_of_conv_kernels': 128, 'no_of_primary_capsules': 32, 'no_of_secondary_capsules': 10, 'primary_capsule_vector': 8, 'secondary_capsule_vector': 16}
Fitting individual 13/24 with genotype {'epochs': 5, 'epsilon': 0.012699754855397895, 'm_plus': 0.9260575811237223, 'm_minus': 0.0543336067447112, 'lambda_': 0.80282883906753, 'alpha': 0.008572564697277837, 'r': 4, 'no_of_conv_kernels': 128, 'no_of_primary_capsules': 32, 'no_of_secondary_capsules': 10, 'primary_capsule_vector': 8, 'secondary_capsule_vector': 16}
Fitting individual 14/24 with genotype {'epochs': 6, 'epsilon': 0.015149285706329795, 'm_plus': 0.9142896714666018, 'm_minus': 0.09861336833266729, 'lambda_': 0.39561946602883824, 'alpha': 0.0001, 'r': 4, 'no_of_conv_kernels': 128, 'no_of_primary_capsules': 32, 'no_of_secondary_capsules': 10, 'primary_capsule_vector': 8, 'secondary_capsule_vector': 16}
Fitting individual 15/24 with genotype {'epochs': 7, 'epsilon': 0.09722873471787331, 'm_plus': 0.9328577530338785, 'm_minus': 0.11762858859757737, 'lambda_': 0.5416748373304012, 'alpha': 0.01, 'r': 2, 'no_of_conv_kernels': 128, 'no_of_primary_capsules': 32, 'no_of_secondary_capsules': 10, 'primary_capsule_vector': 8, 'secondary_capsule_vector': 16}
Fitting individual 16/24 with genotype {'epochs': 8, 'epsilon': 0.017629215337231698, 'm_plus': 0.9403539475507906, 'm_minus': 0.1608811901331772, 'lambda_': 0.19977834491138913, 'alpha': 0.01, 'r': 2, 'no_of_conv_kernels': 128, 'no_of_primary_capsules': 32, 'no_of_secondary_capsules': 10, 'primary_capsule_vector': 8, 'secondary_capsule_vector': 16}
Fitting individual 17/24 with genotype {'epochs': 6, 'epsilon': 0.09175480131151859, 'm_plus': 0.9350608510790076, 'm_minus': 0.19310284132082933, 'lambda_': 0.14171557316139405, 'alpha': 0.00570867521444892, 'r': 3, 'no_of_conv_kernels': 128, 'no_of_primary_capsules': 32, 'no_of_secondary_capsules': 10, 'primary_capsule_vector': 8, 'secondary_capsule_vector': 16}
Fitting individual 18/24 with genotype {'epochs': 5, 'epsilon': 0.026996528438515188, 'm_plus': 0.9, 'm_minus': 0.1363095184663961, 'lambda_': 0.10980833731940212, 'alpha': 0.0036255493172102906, 'r': 3, 'no_of_conv_kernels': 128, 'no_of_primary_capsules': 32, 'no_of_secondary_capsules': 10, 'primary_capsule_vector': 8, 'secondary_capsule_vector': 16}
Fitting individual 19/24 with genotype {'epochs': 6, 'epsilon': 0.09175480131151859, 'm_plus': 0.9647363144459841, 'm_minus': 0.05649808404187585, 'lambda_': 0.4342908200011699, 'alpha': 0.008801976010403745, 'r': 4, 'no_of_conv_kernels': 128, 'no_of_primary_capsules': 32, 'no_of_secondary_capsules': 10, 'primary_capsule_vector': 8, 'secondary_capsule_vector': 16}
Fitting individual 20/24 with genotype {'epochs': 8, 'epsilon': 0.03537443550830167, 'm_plus': 0.9350608510790076, 'm_minus': 0.19310284132082933, 'lambda_': 0.14171557316139405, 'alpha': 0.00570867521444892, 'r': 3, 'no_of_conv_kernels': 128, 'no_of_primary_capsules': 32, 'no_of_secondary_capsules': 10, 'primary_capsule_vector': 8, 'secondary_capsule_vector': 16}
Fitting individual 21/24 with genotype {'epochs': 8, 'epsilon': 0.03537443550830167, 'm_plus': 0.9647363144459841, 'm_minus': 0.05649808404187585, 'lambda_': 0.37935890373777137, 'alpha': 0.008801976010403745, 'r': 4, 'no_of_conv_kernels': 128, 'no_of_primary_capsules': 32, 'no_of_secondary_capsules': 10, 'primary_capsule_vector': 8, 'secondary_capsule_vector': 16}
Fitting individual 22/24 with genotype {'epochs': 6, 'epsilon': 0.06111101312211628, 'm_plus': 0.9607910079664612, 'm_minus': 0.15673505699812673, 'lambda_': 0.4342908200011699, 'alpha': 0.009097033906453203, 'r': 2, 'no_of_conv_kernels': 128, 'no_of_primary_capsules': 32, 'no_of_secondary_capsules': 10, 'primary_capsule_vector': 8, 'secondary_capsule_vector': 16}
Fitting individual 23/24 with genotype {'epochs': 6, 'epsilon': 0.015149285706329795, 'm_plus': 0.9, 'm_minus': 0.0543336067447112, 'lambda_': 0.80282883906753, 'alpha': 0.008572564697277837, 'r': 4, 'no_of_conv_kernels': 128, 'no_of_primary_capsules': 32, 'no_of_secondary_capsules': 10, 'primary_capsule_vector': 8, 'secondary_capsule_vector': 16}
Fitting individual 24/24 with genotype {'epochs': 8, 'epsilon': 0.01, 'm_plus': 0.9403539475507906, 'm_minus': 0.1608811901331772, 'lambda_': 0.19977834491138913, 'alpha': 0.01, 'r': 2, 'no_of_conv_kernels': 128, 'no_of_primary_capsules': 32, 'no_of_secondary_capsules': 10, 'primary_capsule_vector': 8, 'secondary_capsule_vector': 16}
Len of pop after selection : 10
=== Generation 9/10
Len of pop before manipulations : 10
crossover created 6 offspring(s)
mutation created 2 offspring(s)
local search created 3 offspring(s)
Len of pop after manipulations : 21
Fitting individual 1/21 with genotype {'epochs': 7, 'epsilon': 0.09722873471787331, 'm_plus': 0.9328577530338785, 'm_minus': 0.08421530464385654, 'lambda_': 0.5416748373304012, 'alpha': 0.01, 'r': 2, 'no_of_conv_kernels': 128, 'no_of_primary_capsules': 32, 'no_of_secondary_capsules': 10, 'primary_capsule_vector': 8, 'secondary_capsule_vector': 16}
Fitting individual 2/21 with genotype {'epochs': 7, 'epsilon': 0.04754559676303389, 'm_plus': 0.9565604660830012, 'm_minus': 0.15369838786726475, 'lambda_': 0.6198304998403764, 'alpha': 0.007382457540072416, 'r': 2, 'no_of_conv_kernels': 128, 'no_of_primary_capsules': 32, 'no_of_secondary_capsules': 10, 'primary_capsule_vector': 8, 'secondary_capsule_vector': 16}
Fitting individual 3/21 with genotype {'epochs': 6, 'epsilon': 0.06111101312211628, 'm_plus': 0.9607910079664612, 'm_minus': 0.15673505699812673, 'lambda_': 0.4342908200011699, 'alpha': 0.009097033906453203, 'r': 2, 'no_of_conv_kernels': 128, 'no_of_primary_capsules': 32, 'no_of_secondary_capsules': 10, 'primary_capsule_vector': 8, 'secondary_capsule_vector': 16}
Fitting individual 4/21 with genotype {'epochs': 8, 'epsilon': 0.01, 'm_plus': 0.9403539475507906, 'm_minus': 0.1608811901331772, 'lambda_': 0.19977834491138913, 'alpha': 0.0001, 'r': 2, 'no_of_conv_kernels': 128, 'no_of_primary_capsules': 32, 'no_of_secondary_capsules': 10, 'primary_capsule_vector': 8, 'secondary_capsule_vector': 16}
Fitting individual 5/21 with genotype {'epochs': 8, 'epsilon': 0.03537443550830167, 'm_plus': 0.9647363144459841, 'm_minus': 0.05649808404187585, 'lambda_': 0.37935890373777137, 'alpha': 0.008801976010403745, 'r': 4, 'no_of_conv_kernels': 128, 'no_of_primary_capsules': 32, 'no_of_secondary_capsules': 10, 'primary_capsule_vector': 8, 'secondary_capsule_vector': 16}
Fitting individual 6/21 with genotype {'epochs': 6, 'epsilon': 0.09175480131151859, 'm_plus': 0.9350608510790076, 'm_minus': 0.19310284132082933, 'lambda_': 0.14171557316139405, 'alpha': 0.00570867521444892, 'r': 3, 'no_of_conv_kernels': 128, 'no_of_primary_capsules': 32, 'no_of_secondary_capsules': 10, 'primary_capsule_vector': 8, 'secondary_capsule_vector': 16}
Fitting individual 7/21 with genotype {'epochs': 3, 'epsilon': 0.05051851076700764, 'm_plus': 0.9085208941442835, 'm_minus': 0.16016568555052654, 'lambda_': 0.623441214483898, 'alpha': 0.01, 'r': 3, 'no_of_conv_kernels': 128, 'no_of_primary_capsules': 32, 'no_of_secondary_capsules': 10, 'primary_capsule_vector': 8, 'secondary_capsule_vector': 16}
Fitting individual 8/21 with genotype {'epochs': 5, 'epsilon': 0.012699754855397895, 'm_plus': 0.9260575811237223, 'm_minus': 0.09861336833266729, 'lambda_': 0.39561946602883824, 'alpha': 0.01, 'r': 4, 'no_of_conv_kernels': 128, 'no_of_primary_capsules': 32, 'no_of_secondary_capsules': 10, 'primary_capsule_vector': 8, 'secondary_capsule_vector': 16}
Fitting individual 9/21 with genotype {'epochs': 5, 'epsilon': 0.026996528438515188, 'm_plus': 0.9, 'm_minus': 0.1363095184663961, 'lambda_': 0.10980833731940212, 'alpha': 0.0036255493172102906, 'r': 3, 'no_of_conv_kernels': 128, 'no_of_primary_capsules': 32, 'no_of_secondary_capsules': 10, 'primary_capsule_vector': 8, 'secondary_capsule_vector': 16}
Fitting individual 10/21 with genotype {'epochs': 6, 'epsilon': 0.015149285706329795, 'm_plus': 0.9, 'm_minus': 0.0543336067447112, 'lambda_': 0.80282883906753, 'alpha': 0.008572564697277837, 'r': 4, 'no_of_conv_kernels': 128, 'no_of_primary_capsules': 32, 'no_of_secondary_capsules': 10, 'primary_capsule_vector': 8, 'secondary_capsule_vector': 16}
Fitting individual 11/21 with genotype {'epochs': 8, 'epsilon': 0.012699754855397895, 'm_plus': 0.9260575811237223, 'm_minus': 0.09861336833266729, 'lambda_': 0.39561946602883824, 'alpha': 0.0001, 'r': 4, 'no_of_conv_kernels': 128, 'no_of_primary_capsules': 32, 'no_of_secondary_capsules': 10, 'primary_capsule_vector': 8, 'secondary_capsule_vector': 16}
Fitting individual 12/21 with genotype {'epochs': 5, 'epsilon': 0.03537443550830167, 'm_plus': 0.9647363144459841, 'm_minus': 0.05649808404187585, 'lambda_': 0.37935890373777137, 'alpha': 0.008801976010403745, 'r': 4, 'no_of_conv_kernels': 128, 'no_of_primary_capsules': 32, 'no_of_secondary_capsules': 10, 'primary_capsule_vector': 8, 'secondary_capsule_vector': 16}
Fitting individual 13/21 with genotype {'epochs': 7, 'epsilon': 0.09722873471787331, 'm_plus': 0.9328577530338785, 'm_minus': 0.1608811901331772, 'lambda_': 0.19977834491138913, 'alpha': 0.01, 'r': 2, 'no_of_conv_kernels': 128, 'no_of_primary_capsules': 32, 'no_of_secondary_capsules': 10, 'primary_capsule_vector': 8, 'secondary_capsule_vector': 16}
Fitting individual 14/21 with genotype {'epochs': 8, 'epsilon': 0.01, 'm_plus': 0.9403539475507906, 'm_minus': 0.11762858859757737, 'lambda_': 0.5416748373304012, 'alpha': 0.01, 'r': 2, 'no_of_conv_kernels': 128, 'no_of_primary_capsules': 32, 'no_of_secondary_capsules': 10, 'primary_capsule_vector': 8, 'secondary_capsule_vector': 16}
Fitting individual 15/21 with genotype {'epochs': 7, 'epsilon': 0.04754559676303389, 'm_plus': 0.9565604660830012, 'm_minus': 0.15369838786726475, 'lambda_': 0.6198304998403764, 'alpha': 0.007382457540072416, 'r': 3, 'no_of_conv_kernels': 128, 'no_of_primary_capsules': 32, 'no_of_secondary_capsules': 10, 'primary_capsule_vector': 8, 'secondary_capsule_vector': 16}
Fitting individual 16/21 with genotype {'epochs': 5, 'epsilon': 0.026996528438515188, 'm_plus': 0.9, 'm_minus': 0.1363095184663961, 'lambda_': 0.10980833731940212, 'alpha': 0.0036255493172102906, 'r': 2, 'no_of_conv_kernels': 128, 'no_of_primary_capsules': 32, 'no_of_secondary_capsules': 10, 'primary_capsule_vector': 8, 'secondary_capsule_vector': 16}
Fitting individual 17/21 with genotype {'epochs': 8, 'epsilon': 0.01, 'm_plus': 0.9403539475507906, 'm_minus': 0.1608811901331772, 'lambda_': 0.19977834491138913, 'alpha': 0.0001, 'r': 2, 'no_of_conv_kernels': 128, 'no_of_primary_capsules': 32, 'no_of_secondary_capsules': 10, 'primary_capsule_vector': 8, 'secondary_capsule_vector': 16}
Fitting individual 18/21 with genotype {'epochs': 5, 'epsilon': 0.012699754855397895, 'm_plus': 0.9260575811237223, 'm_minus': 0.09861336833266729, 'lambda_': 0.39561946602883824, 'alpha': 0.01, 'r': 4, 'no_of_conv_kernels': 128, 'no_of_primary_capsules': 32, 'no_of_secondary_capsules': 10, 'primary_capsule_vector': 8, 'secondary_capsule_vector': 16}
Fitting individual 19/21 with genotype {'epochs': 7, 'epsilon': 0.09722873471787331, 'm_plus': 0.9328577530338785, 'm_minus': 0.08421530464385654, 'lambda_': 0.5416748373304012, 'alpha': 0.01, 'r': 2, 'no_of_conv_kernels': 128, 'no_of_primary_capsules': 32, 'no_of_secondary_capsules': 10, 'primary_capsule_vector': 8, 'secondary_capsule_vector': 16}
Fitting individual 20/21 with genotype {'epochs': 6, 'epsilon': 0.015149285706329795, 'm_plus': 0.9, 'm_minus': 0.0543336067447112, 'lambda_': 0.80282883906753, 'alpha': 0.008572564697277837, 'r': 4, 'no_of_conv_kernels': 128, 'no_of_primary_capsules': 32, 'no_of_secondary_capsules': 10, 'primary_capsule_vector': 8, 'secondary_capsule_vector': 16}
Fitting individual 21/21 with genotype {'epochs': 5, 'epsilon': 0.012699754855397895, 'm_plus': 0.9260575811237223, 'm_minus': 0.09861336833266729, 'lambda_': 0.39561946602883824, 'alpha': 0.01, 'r': 4, 'no_of_conv_kernels': 128, 'no_of_primary_capsules': 32, 'no_of_secondary_capsules': 10, 'primary_capsule_vector': 8, 'secondary_capsule_vector': 16}
Len of pop after selection : 10
=== Generation 10/10
Len of pop before manipulations : 10
crossover created 10 offspring(s)
mutation created 0 offspring(s)
local search created 2 offspring(s)
Len of pop after manipulations : 22
Fitting individual 1/22 with genotype {'epochs': 7, 'epsilon': 0.09722873471787331, 'm_plus': 0.9328577530338785, 'm_minus': 0.08421530464385654, 'lambda_': 0.5416748373304012, 'alpha': 0.01, 'r': 2, 'no_of_conv_kernels': 128, 'no_of_primary_capsules': 32, 'no_of_secondary_capsules': 10, 'primary_capsule_vector': 8, 'secondary_capsule_vector': 16}
Fitting individual 2/22 with genotype {'epochs': 7, 'epsilon': 0.04754559676303389, 'm_plus': 0.9565604660830012, 'm_minus': 0.15369838786726475, 'lambda_': 0.6198304998403764, 'alpha': 0.007382457540072416, 'r': 2, 'no_of_conv_kernels': 128, 'no_of_primary_capsules': 32, 'no_of_secondary_capsules': 10, 'primary_capsule_vector': 8, 'secondary_capsule_vector': 16}
Fitting individual 3/22 with genotype {'epochs': 6, 'epsilon': 0.06111101312211628, 'm_plus': 0.9607910079664612, 'm_minus': 0.15673505699812673, 'lambda_': 0.4342908200011699, 'alpha': 0.009097033906453203, 'r': 2, 'no_of_conv_kernels': 128, 'no_of_primary_capsules': 32, 'no_of_secondary_capsules': 10, 'primary_capsule_vector': 8, 'secondary_capsule_vector': 16}
Fitting individual 4/22 with genotype {'epochs': 8, 'epsilon': 0.01, 'm_plus': 0.9403539475507906, 'm_minus': 0.1608811901331772, 'lambda_': 0.19977834491138913, 'alpha': 0.0001, 'r': 2, 'no_of_conv_kernels': 128, 'no_of_primary_capsules': 32, 'no_of_secondary_capsules': 10, 'primary_capsule_vector': 8, 'secondary_capsule_vector': 16}
Fitting individual 5/22 with genotype {'epochs': 8, 'epsilon': 0.03537443550830167, 'm_plus': 0.9647363144459841, 'm_minus': 0.05649808404187585, 'lambda_': 0.37935890373777137, 'alpha': 0.008801976010403745, 'r': 4, 'no_of_conv_kernels': 128, 'no_of_primary_capsules': 32, 'no_of_secondary_capsules': 10, 'primary_capsule_vector': 8, 'secondary_capsule_vector': 16}
Fitting individual 6/22 with genotype {'epochs': 5, 'epsilon': 0.026996528438515188, 'm_plus': 0.9, 'm_minus': 0.1363095184663961, 'lambda_': 0.10980833731940212, 'alpha': 0.0036255493172102906, 'r': 3, 'no_of_conv_kernels': 128, 'no_of_primary_capsules': 32, 'no_of_secondary_capsules': 10, 'primary_capsule_vector': 8, 'secondary_capsule_vector': 16}
Fitting individual 7/22 with genotype {'epochs': 6, 'epsilon': 0.015149285706329795, 'm_plus': 0.9, 'm_minus': 0.0543336067447112, 'lambda_': 0.80282883906753, 'alpha': 0.008572564697277837, 'r': 4, 'no_of_conv_kernels': 128, 'no_of_primary_capsules': 32, 'no_of_secondary_capsules': 10, 'primary_capsule_vector': 8, 'secondary_capsule_vector': 16}
Fitting individual 8/22 with genotype {'epochs': 6, 'epsilon': 0.09175480131151859, 'm_plus': 0.9350608510790076, 'm_minus': 0.19310284132082933, 'lambda_': 0.14171557316139405, 'alpha': 0.00570867521444892, 'r': 3, 'no_of_conv_kernels': 128, 'no_of_primary_capsules': 32, 'no_of_secondary_capsules': 10, 'primary_capsule_vector': 8, 'secondary_capsule_vector': 16}
Fitting individual 9/22 with genotype {'epochs': 3, 'epsilon': 0.05051851076700764, 'm_plus': 0.9085208941442835, 'm_minus': 0.16016568555052654, 'lambda_': 0.623441214483898, 'alpha': 0.01, 'r': 3, 'no_of_conv_kernels': 128, 'no_of_primary_capsules': 32, 'no_of_secondary_capsules': 10, 'primary_capsule_vector': 8, 'secondary_capsule_vector': 16}
Fitting individual 10/22 with genotype {'epochs': 5, 'epsilon': 0.012699754855397895, 'm_plus': 0.9260575811237223, 'm_minus': 0.09861336833266729, 'lambda_': 0.39561946602883824, 'alpha': 0.01, 'r': 4, 'no_of_conv_kernels': 128, 'no_of_primary_capsules': 32, 'no_of_secondary_capsules': 10, 'primary_capsule_vector': 8, 'secondary_capsule_vector': 16}
Fitting individual 11/22 with genotype {'epochs': 6, 'epsilon': 0.09722873471787331, 'm_plus': 0.9328577530338785, 'm_minus': 0.08421530464385654, 'lambda_': 0.5416748373304012, 'alpha': 0.01, 'r': 2, 'no_of_conv_kernels': 128, 'no_of_primary_capsules': 32, 'no_of_secondary_capsules': 10, 'primary_capsule_vector': 8, 'secondary_capsule_vector': 16}
Fitting individual 12/22 with genotype {'epochs': 7, 'epsilon': 0.015149285706329795, 'm_plus': 0.9, 'm_minus': 0.0543336067447112, 'lambda_': 0.80282883906753, 'alpha': 0.008572564697277837, 'r': 4, 'no_of_conv_kernels': 128, 'no_of_primary_capsules': 32, 'no_of_secondary_capsules': 10, 'primary_capsule_vector': 8, 'secondary_capsule_vector': 16}
Fitting individual 13/22 with genotype {'epochs': 6, 'epsilon': 0.05051851076700764, 'm_plus': 0.9085208941442835, 'm_minus': 0.16016568555052654, 'lambda_': 0.623441214483898, 'alpha': 0.01, 'r': 3, 'no_of_conv_kernels': 128, 'no_of_primary_capsules': 32, 'no_of_secondary_capsules': 10, 'primary_capsule_vector': 8, 'secondary_capsule_vector': 16}
Fitting individual 14/22 with genotype {'epochs': 3, 'epsilon': 0.015149285706329795, 'm_plus': 0.9, 'm_minus': 0.0543336067447112, 'lambda_': 0.80282883906753, 'alpha': 0.008572564697277837, 'r': 4, 'no_of_conv_kernels': 128, 'no_of_primary_capsules': 32, 'no_of_secondary_capsules': 10, 'primary_capsule_vector': 8, 'secondary_capsule_vector': 16}
Fitting individual 15/22 with genotype {'epochs': 7, 'epsilon': 0.04754559676303389, 'm_plus': 0.9565604660830012, 'm_minus': 0.15369838786726475, 'lambda_': 0.6198304998403764, 'alpha': 0.007382457540072416, 'r': 4, 'no_of_conv_kernels': 128, 'no_of_primary_capsules': 32, 'no_of_secondary_capsules': 10, 'primary_capsule_vector': 8, 'secondary_capsule_vector': 16}
Fitting individual 16/22 with genotype {'epochs': 6, 'epsilon': 0.015149285706329795, 'm_plus': 0.9, 'm_minus': 0.0543336067447112, 'lambda_': 0.80282883906753, 'alpha': 0.008572564697277837, 'r': 2, 'no_of_conv_kernels': 128, 'no_of_primary_capsules': 32, 'no_of_secondary_capsules': 10, 'primary_capsule_vector': 8, 'secondary_capsule_vector': 16}
Fitting individual 17/22 with genotype {'epochs': 7, 'epsilon': 0.09722873471787331, 'm_plus': 0.9328577530338785, 'm_minus': 0.08421530464385654, 'lambda_': 0.5416748373304012, 'alpha': 0.008801976010403745, 'r': 4, 'no_of_conv_kernels': 128, 'no_of_primary_capsules': 32, 'no_of_secondary_capsules': 10, 'primary_capsule_vector': 8, 'secondary_capsule_vector': 16}
Fitting individual 18/22 with genotype {'epochs': 8, 'epsilon': 0.03537443550830167, 'm_plus': 0.9647363144459841, 'm_minus': 0.05649808404187585, 'lambda_': 0.37935890373777137, 'alpha': 0.01, 'r': 2, 'no_of_conv_kernels': 128, 'no_of_primary_capsules': 32, 'no_of_secondary_capsules': 10, 'primary_capsule_vector': 8, 'secondary_capsule_vector': 16}
Fitting individual 19/22 with genotype {'epochs': 5, 'epsilon': 0.026996528438515188, 'm_plus': 0.9647363144459841, 'm_minus': 0.05649808404187585, 'lambda_': 0.37935890373777137, 'alpha': 0.008801976010403745, 'r': 4, 'no_of_conv_kernels': 128, 'no_of_primary_capsules': 32, 'no_of_secondary_capsules': 10, 'primary_capsule_vector': 8, 'secondary_capsule_vector': 16}
Fitting individual 20/22 with genotype {'epochs': 8, 'epsilon': 0.03537443550830167, 'm_plus': 0.9, 'm_minus': 0.1363095184663961, 'lambda_': 0.10980833731940212, 'alpha': 0.0036255493172102906, 'r': 3, 'no_of_conv_kernels': 128, 'no_of_primary_capsules': 32, 'no_of_secondary_capsules': 10, 'primary_capsule_vector': 8, 'secondary_capsule_vector': 16}
Fitting individual 21/22 with genotype {'epochs': 6, 'epsilon': 0.09175480131151859, 'm_plus': 0.9350608510790076, 'm_minus': 0.19310284132082933, 'lambda_': 0.14171557316139405, 'alpha': 0.00570867521444892, 'r': 3, 'no_of_conv_kernels': 128, 'no_of_primary_capsules': 32, 'no_of_secondary_capsules': 10, 'primary_capsule_vector': 8, 'secondary_capsule_vector': 16}
Fitting individual 22/22 with genotype {'epochs': 8, 'epsilon': 0.01, 'm_plus': 0.9403539475507906, 'm_minus': 0.1608811901331772, 'lambda_': 0.19977834491138913, 'alpha': 0.0001, 'r': 2, 'no_of_conv_kernels': 128, 'no_of_primary_capsules': 32, 'no_of_secondary_capsules': 10, 'primary_capsule_vector': 8, 'secondary_capsule_vector': 16}
Len of pop after selection : 10
Fitting individual 1/10 with genotype {'epochs': 7, 'epsilon': 0.09722873471787331, 'm_plus': 0.9328577530338785, 'm_minus': 0.08421530464385654, 'lambda_': 0.5416748373304012, 'alpha': 0.01, 'r': 2, 'no_of_conv_kernels': 128, 'no_of_primary_capsules': 32, 'no_of_secondary_capsules': 10, 'primary_capsule_vector': 8, 'secondary_capsule_vector': 16}
Fitting individual 2/10 with genotype {'epochs': 6, 'epsilon': 0.06111101312211628, 'm_plus': 0.9607910079664612, 'm_minus': 0.15673505699812673, 'lambda_': 0.4342908200011699, 'alpha': 0.009097033906453203, 'r': 2, 'no_of_conv_kernels': 128, 'no_of_primary_capsules': 32, 'no_of_secondary_capsules': 10, 'primary_capsule_vector': 8, 'secondary_capsule_vector': 16}
Fitting individual 3/10 with genotype {'epochs': 8, 'epsilon': 0.01, 'm_plus': 0.9403539475507906, 'm_minus': 0.1608811901331772, 'lambda_': 0.19977834491138913, 'alpha': 0.0001, 'r': 2, 'no_of_conv_kernels': 128, 'no_of_primary_capsules': 32, 'no_of_secondary_capsules': 10, 'primary_capsule_vector': 8, 'secondary_capsule_vector': 16}
Fitting individual 4/10 with genotype {'epochs': 7, 'epsilon': 0.04754559676303389, 'm_plus': 0.9565604660830012, 'm_minus': 0.15369838786726475, 'lambda_': 0.6198304998403764, 'alpha': 0.007382457540072416, 'r': 2, 'no_of_conv_kernels': 128, 'no_of_primary_capsules': 32, 'no_of_secondary_capsules': 10, 'primary_capsule_vector': 8, 'secondary_capsule_vector': 16}
Fitting individual 5/10 with genotype {'epochs': 6, 'epsilon': 0.015149285706329795, 'm_plus': 0.9, 'm_minus': 0.0543336067447112, 'lambda_': 0.80282883906753, 'alpha': 0.008572564697277837, 'r': 4, 'no_of_conv_kernels': 128, 'no_of_primary_capsules': 32, 'no_of_secondary_capsules': 10, 'primary_capsule_vector': 8, 'secondary_capsule_vector': 16}
Fitting individual 6/10 with genotype {'epochs': 8, 'epsilon': 0.03537443550830167, 'm_plus': 0.9647363144459841, 'm_minus': 0.05649808404187585, 'lambda_': 0.37935890373777137, 'alpha': 0.008801976010403745, 'r': 4, 'no_of_conv_kernels': 128, 'no_of_primary_capsules': 32, 'no_of_secondary_capsules': 10, 'primary_capsule_vector': 8, 'secondary_capsule_vector': 16}
Fitting individual 7/10 with genotype {'epochs': 6, 'epsilon': 0.09175480131151859, 'm_plus': 0.9350608510790076, 'm_minus': 0.19310284132082933, 'lambda_': 0.14171557316139405, 'alpha': 0.00570867521444892, 'r': 3, 'no_of_conv_kernels': 128, 'no_of_primary_capsules': 32, 'no_of_secondary_capsules': 10, 'primary_capsule_vector': 8, 'secondary_capsule_vector': 16}
Fitting individual 8/10 with genotype {'epochs': 3, 'epsilon': 0.05051851076700764, 'm_plus': 0.9085208941442835, 'm_minus': 0.16016568555052654, 'lambda_': 0.623441214483898, 'alpha': 0.01, 'r': 3, 'no_of_conv_kernels': 128, 'no_of_primary_capsules': 32, 'no_of_secondary_capsules': 10, 'primary_capsule_vector': 8, 'secondary_capsule_vector': 16}
Fitting individual 9/10 with genotype {'epochs': 5, 'epsilon': 0.012699754855397895, 'm_plus': 0.9260575811237223, 'm_minus': 0.09861336833266729, 'lambda_': 0.39561946602883824, 'alpha': 0.01, 'r': 4, 'no_of_conv_kernels': 128, 'no_of_primary_capsules': 32, 'no_of_secondary_capsules': 10, 'primary_capsule_vector': 8, 'secondary_capsule_vector': 16}
Fitting individual 10/10 with genotype {'epochs': 5, 'epsilon': 0.026996528438515188, 'm_plus': 0.9, 'm_minus': 0.1363095184663961, 'lambda_': 0.10980833731940212, 'alpha': 0.0036255493172102906, 'r': 3, 'no_of_conv_kernels': 128, 'no_of_primary_capsules': 32, 'no_of_secondary_capsules': 10, 'primary_capsule_vector': 8, 'secondary_capsule_vector': 16}
Saving GA metrics under nas_mnist_dmog/generations_metrics.png
Optimal solution(s):
[[6.         0.06111101 0.96079101 0.15673506 0.43429082 0.00909703
  2.        ]]
______________
Fitness values:
  Inference    Accuracy
[[2.98946857 0.95703125]]
=== GA done : 2023-07-14 15:11:10.194683 ===
Saving GA solutions under nas_mnist_dmog/solutions_metrics.png
Output file has been generated, please check /users/mc2091/thesis/NAS-for-CapsNet/nas_caps-outputs/4993/nas_mnist_dmog.output
