Your results will be stored in: /users/mc2091/thesis/NAS-for-CapsNet/gpu-test-outputs/4986
Executing job commands, current working directory is /users/mc2091/thesis/NAS-for-CapsNet
=== Generation 1/1
Len of pop before manipulations : 2
crossover created 0 offspring(s)
mutation created 0 offspring(s)
local search created 0 offspring(s)
Len of pop after manipulations : 2
Fitting individual 1/2 with genotype {'epochs': 5, 'epsilon': 0.07208744544895511, 'm_plus': 0.9250348268679829, 'm_minus': 0.08052130740098612, 'lambda_': 0.9637735175410589, 'alpha': 0.007708626350890402, 'r': 3, 'no_of_conv_kernels': 128, 'no_of_primary_capsules': 32, 'no_of_secondary_capsules': 10, 'primary_capsule_vector': 8, 'secondary_capsule_vector': 16}
Fitting individual 2/2 with genotype {'epochs': 2, 'epsilon': 0.058472451588580235, 'm_plus': 0.933793698213651, 'm_minus': 0.17226606327978014, 'lambda_': 0.5843768782119444, 'alpha': 0.005667635800812116, 'r': 3, 'no_of_conv_kernels': 128, 'no_of_primary_capsules': 32, 'no_of_secondary_capsules': 10, 'primary_capsule_vector': 8, 'secondary_capsule_vector': 16}
Len of pop after selection : 2
Fitting individual 1/2 with genotype {'epochs': 5, 'epsilon': 0.07208744544895511, 'm_plus': 0.9250348268679829, 'm_minus': 0.08052130740098612, 'lambda_': 0.9637735175410589, 'alpha': 0.007708626350890402, 'r': 3, 'no_of_conv_kernels': 128, 'no_of_primary_capsules': 32, 'no_of_secondary_capsules': 10, 'primary_capsule_vector': 8, 'secondary_capsule_vector': 16}
Fitting individual 2/2 with genotype {'epochs': 2, 'epsilon': 0.058472451588580235, 'm_plus': 0.933793698213651, 'm_minus': 0.17226606327978014, 'lambda_': 0.5843768782119444, 'alpha': 0.005667635800812116, 'r': 3, 'no_of_conv_kernels': 128, 'no_of_primary_capsules': 32, 'no_of_secondary_capsules': 10, 'primary_capsule_vector': 8, 'secondary_capsule_vector': 16}
Saving GA metrics under nas_mnist_dmog/generations_metrics.png
Optimal solution(s):
[[2.         0.05847245 0.9337937  0.17226606 0.58437688 0.00566764
  3.        ]]
______________
Fitness values:
  Inference    Accuracy
[[4.53213835 0.82617188]]
=== GA done : 2023-07-14 12:47:03.267143 ===
Saving GA solutions under nas_mnist_dmog/solutions_metrics.png
Output file has been generated, please check /users/mc2091/thesis/NAS-for-CapsNet/gpu-test-outputs/4986/nas_mnist_dmog.output
