=== Generation 1/10
Len of pop before manipulations : 10
crossover created 8 offspring(s)
mutation created 0 offspring(s)
local search created 2 offspring(s)
Len of pop after manipulations : 20
Fitting individual 1/20 with genotype {'epochs': 4, 'r': 2, 'no_of_conv_kernels': 128, 'secondary_capsule_vector': 45, 'dense_1': 4, 'dense_2': 1536, 'epsilon': 0.06004647082742655, 'm_plus': 0.9302475507639871, 'm_minus': 0.057018446487591114, 'lambda_': 0.6799789904010685, 'alpha': 0.0010325968195850463, 'no_of_primary_capsules': 32, 'primary_capsule_vector': 8, 'no_of_secondary_capsules': 10}
Fitting individual 2/20 with genotype {'epochs': 1, 'r': 2, 'no_of_conv_kernels': 128, 'secondary_capsule_vector': 7, 'dense_1': 512, 'dense_2': 768, 'epsilon': 0.03485369437512677, 'm_plus': 0.9403541431236102, 'm_minus': 0.09214406882423434, 'lambda_': 0.1774381990447234, 'alpha': 0.009605298976180654, 'no_of_primary_capsules': 32, 'primary_capsule_vector': 8, 'no_of_secondary_capsules': 10}
Fitting individual 3/20 with genotype {'epochs': 8, 'r': 2, 'no_of_conv_kernels': 32, 'secondary_capsule_vector': 30, 'dense_1': 256, 'dense_2': 1536, 'epsilon': 0.06084468655868371, 'm_plus': 0.9021393381256068, 'm_minus': 0.06402791851317265, 'lambda_': 0.2727563293038246, 'alpha': 0.00808388105144706, 'no_of_primary_capsules': 32, 'primary_capsule_vector': 8, 'no_of_secondary_capsules': 10}
Fitting individual 4/20 with genotype {'epochs': 7, 'r': 2, 'no_of_conv_kernels': 32, 'secondary_capsule_vector': 16, 'dense_1': 128, 'dense_2': 1024, 'epsilon': 0.05117997369356028, 'm_plus': 0.9141399636255713, 'm_minus': 0.1606020301942391, 'lambda_': 0.5164611907513724, 'alpha': 0.009551364460384138, 'no_of_primary_capsules': 32, 'primary_capsule_vector': 8, 'no_of_secondary_capsules': 10}
Fitting individual 5/20 with genotype {'epochs': 3, 'r': 3, 'no_of_conv_kernels': 32, 'secondary_capsule_vector': 36, 'dense_1': 128, 'dense_2': 1536, 'epsilon': 0.09480201762748564, 'm_plus': 0.9444536568189562, 'm_minus': 0.1216686225760572, 'lambda_': 0.397649046207012, 'alpha': 0.008715675899356042, 'no_of_primary_capsules': 32, 'primary_capsule_vector': 8, 'no_of_secondary_capsules': 10}
Fitting individual 6/20 with genotype {'epochs': 3, 'r': 4, 'no_of_conv_kernels': 64, 'secondary_capsule_vector': 25, 'dense_1': 512, 'dense_2': 768, 'epsilon': 0.08038246754598144, 'm_plus': 0.924404860014705, 'm_minus': 0.17328391477509106, 'lambda_': 0.700831066145644, 'alpha': 0.0049972863259236154, 'no_of_primary_capsules': 32, 'primary_capsule_vector': 8, 'no_of_secondary_capsules': 10}
Fitting individual 7/20 with genotype {'epochs': 8, 'r': 2, 'no_of_conv_kernels': 128, 'secondary_capsule_vector': 13, 'dense_1': 768, 'dense_2': 768, 'epsilon': 0.09560751187903177, 'm_plus': 0.9581048772977776, 'm_minus': 0.17609596442592113, 'lambda_': 0.5358722642514158, 'alpha': 0.006020644724342893, 'no_of_primary_capsules': 32, 'primary_capsule_vector': 8, 'no_of_secondary_capsules': 10}
Validation loss is not decreasing anymore, risk of overfitting the model after 8 epochs. The training will be stopped. This behavior can be modified by setting the early_stop property of the model to False
Fitting individual 8/20 with genotype {'epochs': 5, 'r': 3, 'no_of_conv_kernels': 128, 'secondary_capsule_vector': 29, 'dense_1': 512, 'dense_2': 256, 'epsilon': 0.040510672698993985, 'm_plus': 0.9346853598070839, 'm_minus': 0.11223481323771387, 'lambda_': 0.6394465471104849, 'alpha': 0.00023068010223792563, 'no_of_primary_capsules': 32, 'primary_capsule_vector': 8, 'no_of_secondary_capsules': 10}
Fitting individual 9/20 with genotype {'epochs': 7, 'r': 3, 'no_of_conv_kernels': 128, 'secondary_capsule_vector': 47, 'dense_1': 128, 'dense_2': 768, 'epsilon': 0.0649292072765868, 'm_plus': 0.9377297355709852, 'm_minus': 0.1302131368364202, 'lambda_': 0.24719085075258312, 'alpha': 0.005764575253142411, 'no_of_primary_capsules': 32, 'primary_capsule_vector': 8, 'no_of_secondary_capsules': 10}
Fitting individual 10/20 with genotype {'epochs': 5, 'r': 3, 'no_of_conv_kernels': 32, 'secondary_capsule_vector': 39, 'dense_1': 512, 'dense_2': 512, 'epsilon': 0.030949398539146487, 'm_plus': 0.9176768219613953, 'm_minus': 0.07279241020058555, 'lambda_': 0.7171333946160381, 'alpha': 0.008872189176249054, 'no_of_primary_capsules': 32, 'primary_capsule_vector': 8, 'no_of_secondary_capsules': 10}
Fitting individual 11/20 with genotype {'epochs': 7, 'r': 3, 'no_of_conv_kernels': 128, 'secondary_capsule_vector': 47, 'dense_1': 128, 'dense_2': 768, 'epsilon': 0.0649292072765868, 'm_plus': 0.9377297355709852, 'm_minus': 0.1302131368364202, 'lambda_': 0.24719085075258312, 'alpha': 0.006020644724342893, 'no_of_primary_capsules': 32, 'primary_capsule_vector': 8, 'no_of_secondary_capsules': 10}
Fitting individual 12/20 with genotype {'epochs': 8, 'r': 2, 'no_of_conv_kernels': 128, 'secondary_capsule_vector': 13, 'dense_1': 768, 'dense_2': 768, 'epsilon': 0.09560751187903177, 'm_plus': 0.9581048772977776, 'm_minus': 0.17609596442592113, 'lambda_': 0.5358722642514158, 'alpha': 0.005764575253142411, 'no_of_primary_capsules': 32, 'primary_capsule_vector': 8, 'no_of_secondary_capsules': 10}
Validation loss is not decreasing anymore, risk of overfitting the model after 6 epochs. The training will be stopped. This behavior can be modified by setting the early_stop property of the model to False
Fitting individual 13/20 with genotype {'epochs': 8, 'r': 2, 'no_of_conv_kernels': 32, 'secondary_capsule_vector': 30, 'dense_1': 256, 'dense_2': 1536, 'epsilon': 0.06004647082742655, 'm_plus': 0.9302475507639871, 'm_minus': 0.057018446487591114, 'lambda_': 0.6799789904010685, 'alpha': 0.0010325968195850463, 'no_of_primary_capsules': 32, 'primary_capsule_vector': 8, 'no_of_secondary_capsules': 10}
Fitting individual 14/20 with genotype {'epochs': 4, 'r': 2, 'no_of_conv_kernels': 128, 'secondary_capsule_vector': 45, 'dense_1': 512, 'dense_2': 1536, 'epsilon': 0.06084468655868371, 'm_plus': 0.9021393381256068, 'm_minus': 0.06402791851317265, 'lambda_': 0.2727563293038246, 'alpha': 0.00808388105144706, 'no_of_primary_capsules': 32, 'primary_capsule_vector': 8, 'no_of_secondary_capsules': 10}
Fitting individual 15/20 with genotype {'epochs': 3, 'r': 4, 'no_of_conv_kernels': 64, 'secondary_capsule_vector': 25, 'dense_1': 512, 'dense_2': 1536, 'epsilon': 0.06004647082742655, 'm_plus': 0.9302475507639871, 'm_minus': 0.057018446487591114, 'lambda_': 0.6799789904010685, 'alpha': 0.0010325968195850463, 'no_of_primary_capsules': 32, 'primary_capsule_vector': 8, 'no_of_secondary_capsules': 10}
Fitting individual 16/20 with genotype {'epochs': 4, 'r': 2, 'no_of_conv_kernels': 128, 'secondary_capsule_vector': 45, 'dense_1': 512, 'dense_2': 768, 'epsilon': 0.08038246754598144, 'm_plus': 0.924404860014705, 'm_minus': 0.17328391477509106, 'lambda_': 0.700831066145644, 'alpha': 0.0049972863259236154, 'no_of_primary_capsules': 32, 'primary_capsule_vector': 8, 'no_of_secondary_capsules': 10}
Fitting individual 17/20 with genotype {'epochs': 7, 'r': 2, 'no_of_conv_kernels': 32, 'secondary_capsule_vector': 16, 'dense_1': 128, 'dense_2': 768, 'epsilon': 0.03485369437512677, 'm_plus': 0.9403541431236102, 'm_minus': 0.09214406882423434, 'lambda_': 0.1774381990447234, 'alpha': 0.009605298976180654, 'no_of_primary_capsules': 32, 'primary_capsule_vector': 8, 'no_of_secondary_capsules': 10}
Fitting individual 18/20 with genotype {'epochs': 1, 'r': 2, 'no_of_conv_kernels': 128, 'secondary_capsule_vector': 7, 'dense_1': 512, 'dense_2': 1024, 'epsilon': 0.05117997369356028, 'm_plus': 0.9141399636255713, 'm_minus': 0.1606020301942391, 'lambda_': 0.5164611907513724, 'alpha': 0.009551364460384138, 'no_of_primary_capsules': 32, 'primary_capsule_vector': 8, 'no_of_secondary_capsules': 10}
Fitting individual 19/20 with genotype {'epochs': 4, 'r': 2, 'no_of_conv_kernels': 128, 'secondary_capsule_vector': 45, 'dense_1': 4, 'dense_2': 1536, 'epsilon': 0.06004647082742655, 'm_plus': 0.9302475507639871, 'm_minus': 0.057018446487591114, 'lambda_': 0.6799789904010685, 'alpha': 0.0010325968195850463, 'no_of_primary_capsules': 32, 'primary_capsule_vector': 8, 'no_of_secondary_capsules': 10}
Fitting individual 20/20 with genotype {'epochs': 4, 'r': 2, 'no_of_conv_kernels': 128, 'secondary_capsule_vector': 45, 'dense_1': 4, 'dense_2': 1536, 'epsilon': 0.06004647082742655, 'm_plus': 0.9302475507639871, 'm_minus': 0.057018446487591114, 'lambda_': 0.6799789904010685, 'alpha': 0.0010325968195850463, 'no_of_primary_capsules': 32, 'primary_capsule_vector': 8, 'no_of_secondary_capsules': 10}
Len of pop after selection : 10
=== Generation 2/10
Len of pop before manipulations : 10
crossover created 8 offspring(s)
mutation created 1 offspring(s)
local search created 2 offspring(s)
Len of pop after manipulations : 21
Fitting individual 1/21 with genotype {'epochs': 1, 'r': 2, 'no_of_conv_kernels': 128, 'secondary_capsule_vector': 7, 'dense_1': 512, 'dense_2': 768, 'epsilon': 0.03485369437512677, 'm_plus': 0.9403541431236102, 'm_minus': 0.09214406882423434, 'lambda_': 0.1774381990447234, 'alpha': 0.01, 'no_of_primary_capsules': 32, 'primary_capsule_vector': 8, 'no_of_secondary_capsules': 10}
Fitting individual 2/21 with genotype {'epochs': 8, 'r': 2, 'no_of_conv_kernels': 32, 'secondary_capsule_vector': 30, 'dense_1': 256, 'dense_2': 1536, 'epsilon': 0.06084468655868371, 'm_plus': 0.9021393381256068, 'm_minus': 0.06402791851317265, 'lambda_': 0.2727563293038246, 'alpha': 0.00808388105144706, 'no_of_primary_capsules': 32, 'primary_capsule_vector': 8, 'no_of_secondary_capsules': 10}
Fitting individual 3/21 with genotype {'epochs': 7, 'r': 2, 'no_of_conv_kernels': 32, 'secondary_capsule_vector': 16, 'dense_1': 4, 'dense_2': 1024, 'epsilon': 0.05117997369356028, 'm_plus': 0.9141399636255713, 'm_minus': 0.1606020301942391, 'lambda_': 0.5164611907513724, 'alpha': 0.009551364460384138, 'no_of_primary_capsules': 32, 'primary_capsule_vector': 8, 'no_of_secondary_capsules': 10}
Fitting individual 4/21 with genotype {'epochs': 8, 'r': 2, 'no_of_conv_kernels': 128, 'secondary_capsule_vector': 13, 'dense_1': 768, 'dense_2': 768, 'epsilon': 0.09560751187903177, 'm_plus': 0.9581048772977776, 'm_minus': 0.17609596442592113, 'lambda_': 0.5358722642514158, 'alpha': 0.006020644724342893, 'no_of_primary_capsules': 32, 'primary_capsule_vector': 8, 'no_of_secondary_capsules': 10}
Validation loss is not decreasing anymore, risk of overfitting the model after 7 epochs. The training will be stopped. This behavior can be modified by setting the early_stop property of the model to False
Fitting individual 5/21 with genotype {'epochs': 5, 'r': 3, 'no_of_conv_kernels': 128, 'secondary_capsule_vector': 29, 'dense_1': 512, 'dense_2': 256, 'epsilon': 0.040510672698993985, 'm_plus': 0.9346853598070839, 'm_minus': 0.11223481323771387, 'lambda_': 0.6394465471104849, 'alpha': 0.00023068010223792563, 'no_of_primary_capsules': 32, 'primary_capsule_vector': 8, 'no_of_secondary_capsules': 10}
Fitting individual 6/21 with genotype {'epochs': 4, 'r': 2, 'no_of_conv_kernels': 128, 'secondary_capsule_vector': 45, 'dense_1': 4, 'dense_2': 1536, 'epsilon': 0.06004647082742655, 'm_plus': 0.9302475507639871, 'm_minus': 0.057018446487591114, 'lambda_': 0.6799789904010685, 'alpha': 0.0010325968195850463, 'no_of_primary_capsules': 32, 'primary_capsule_vector': 8, 'no_of_secondary_capsules': 10}
Fitting individual 7/21 with genotype {'epochs': 7, 'r': 3, 'no_of_conv_kernels': 128, 'secondary_capsule_vector': 47, 'dense_1': 128, 'dense_2': 768, 'epsilon': 0.0649292072765868, 'm_plus': 0.9377297355709852, 'm_minus': 0.1302131368364202, 'lambda_': 0.24719085075258312, 'alpha': 0.005764575253142411, 'no_of_primary_capsules': 32, 'primary_capsule_vector': 8, 'no_of_secondary_capsules': 10}
Fitting individual 8/21 with genotype {'epochs': 5, 'r': 3, 'no_of_conv_kernels': 32, 'secondary_capsule_vector': 39, 'dense_1': 512, 'dense_2': 512, 'epsilon': 0.030949398539146487, 'm_plus': 0.9176768219613953, 'm_minus': 0.07279241020058555, 'lambda_': 0.7171333946160381, 'alpha': 0.008872189176249054, 'no_of_primary_capsules': 32, 'primary_capsule_vector': 8, 'no_of_secondary_capsules': 10}
Fitting individual 9/21 with genotype {'epochs': 3, 'r': 3, 'no_of_conv_kernels': 32, 'secondary_capsule_vector': 36, 'dense_1': 128, 'dense_2': 1536, 'epsilon': 0.09480201762748564, 'm_plus': 0.9444536568189562, 'm_minus': 0.1216686225760572, 'lambda_': 0.397649046207012, 'alpha': 0.008715675899356042, 'no_of_primary_capsules': 32, 'primary_capsule_vector': 8, 'no_of_secondary_capsules': 10}
Fitting individual 10/21 with genotype {'epochs': 3, 'r': 4, 'no_of_conv_kernels': 64, 'secondary_capsule_vector': 25, 'dense_1': 512, 'dense_2': 768, 'epsilon': 0.08038246754598144, 'm_plus': 0.924404860014705, 'm_minus': 0.17328391477509106, 'lambda_': 0.700831066145644, 'alpha': 0.0049972863259236154, 'no_of_primary_capsules': 32, 'primary_capsule_vector': 8, 'no_of_secondary_capsules': 10}
Fitting individual 11/21 with genotype {'epochs': 3, 'r': 3, 'no_of_conv_kernels': 32, 'secondary_capsule_vector': 36, 'dense_1': 128, 'dense_2': 512, 'epsilon': 0.030949398539146487, 'm_plus': 0.9176768219613953, 'm_minus': 0.07279241020058555, 'lambda_': 0.7171333946160381, 'alpha': 0.008872189176249054, 'no_of_primary_capsules': 32, 'primary_capsule_vector': 8, 'no_of_secondary_capsules': 10}
Fitting individual 12/21 with genotype {'epochs': 5, 'r': 3, 'no_of_conv_kernels': 32, 'secondary_capsule_vector': 39, 'dense_1': 512, 'dense_2': 1536, 'epsilon': 0.09480201762748564, 'm_plus': 0.9444536568189562, 'm_minus': 0.1216686225760572, 'lambda_': 0.397649046207012, 'alpha': 0.008715675899356042, 'no_of_primary_capsules': 32, 'primary_capsule_vector': 8, 'no_of_secondary_capsules': 10}
Fitting individual 13/21 with genotype {'epochs': 4, 'r': 2, 'no_of_conv_kernels': 128, 'secondary_capsule_vector': 45, 'dense_1': 4, 'dense_2': 1536, 'epsilon': 0.06004647082742655, 'm_plus': 0.9403541431236102, 'm_minus': 0.09214406882423434, 'lambda_': 0.1774381990447234, 'alpha': 0.009605298976180654, 'no_of_primary_capsules': 32, 'primary_capsule_vector': 8, 'no_of_secondary_capsules': 10}
Fitting individual 14/21 with genotype {'epochs': 1, 'r': 2, 'no_of_conv_kernels': 128, 'secondary_capsule_vector': 7, 'dense_1': 512, 'dense_2': 768, 'epsilon': 0.03485369437512677, 'm_plus': 0.9302475507639871, 'm_minus': 0.057018446487591114, 'lambda_': 0.6799789904010685, 'alpha': 0.0010325968195850463, 'no_of_primary_capsules': 32, 'primary_capsule_vector': 8, 'no_of_secondary_capsules': 10}
Fitting individual 15/21 with genotype {'epochs': 8, 'r': 2, 'no_of_conv_kernels': 128, 'secondary_capsule_vector': 13, 'dense_1': 768, 'dense_2': 768, 'epsilon': 0.030949398539146487, 'm_plus': 0.9176768219613953, 'm_minus': 0.07279241020058555, 'lambda_': 0.7171333946160381, 'alpha': 0.008872189176249054, 'no_of_primary_capsules': 32, 'primary_capsule_vector': 8, 'no_of_secondary_capsules': 10}
Validation loss is not decreasing anymore, risk of overfitting the model after 8 epochs. The training will be stopped. This behavior can be modified by setting the early_stop property of the model to False
Fitting individual 16/21 with genotype {'epochs': 5, 'r': 3, 'no_of_conv_kernels': 32, 'secondary_capsule_vector': 39, 'dense_1': 512, 'dense_2': 512, 'epsilon': 0.09560751187903177, 'm_plus': 0.9581048772977776, 'm_minus': 0.17609596442592113, 'lambda_': 0.5358722642514158, 'alpha': 0.006020644724342893, 'no_of_primary_capsules': 32, 'primary_capsule_vector': 8, 'no_of_secondary_capsules': 10}
Fitting individual 17/21 with genotype {'epochs': 5, 'r': 2, 'no_of_conv_kernels': 128, 'secondary_capsule_vector': 45, 'dense_1': 4, 'dense_2': 1536, 'epsilon': 0.06004647082742655, 'm_plus': 0.9302475507639871, 'm_minus': 0.057018446487591114, 'lambda_': 0.6799789904010685, 'alpha': 0.0010325968195850463, 'no_of_primary_capsules': 32, 'primary_capsule_vector': 8, 'no_of_secondary_capsules': 10}
Fitting individual 18/21 with genotype {'epochs': 4, 'r': 3, 'no_of_conv_kernels': 32, 'secondary_capsule_vector': 39, 'dense_1': 512, 'dense_2': 512, 'epsilon': 0.030949398539146487, 'm_plus': 0.9176768219613953, 'm_minus': 0.07279241020058555, 'lambda_': 0.7171333946160381, 'alpha': 0.008872189176249054, 'no_of_primary_capsules': 32, 'primary_capsule_vector': 8, 'no_of_secondary_capsules': 10}
Fitting individual 19/21 with genotype {'epochs': 5, 'r': 3, 'no_of_conv_kernels': 128, 'secondary_capsule_vector': 29, 'dense_1': 512, 'dense_2': 256, 'epsilon': 0.040510672698993985, 'm_plus': 0.9346853598070839, 'm_minus': 0.11223481323771387, 'lambda_': 0.6394465471104849, 'alpha': 0.00023068010223792563, 'no_of_primary_capsules': 32, 'primary_capsule_vector': 8, 'no_of_secondary_capsules': 10}
Fitting individual 20/21 with genotype {'epochs': 7, 'r': 2, 'no_of_conv_kernels': 32, 'secondary_capsule_vector': 16, 'dense_1': 4, 'dense_2': 1024, 'epsilon': 0.05117997369356028, 'm_plus': 0.9141399636255713, 'm_minus': 0.1606020301942391, 'lambda_': 0.5164611907513724, 'alpha': 0.009551364460384138, 'no_of_primary_capsules': 32, 'primary_capsule_vector': 8, 'no_of_secondary_capsules': 10}
Fitting individual 21/21 with genotype {'epochs': 1, 'r': 2, 'no_of_conv_kernels': 128, 'secondary_capsule_vector': 7, 'dense_1': 512, 'dense_2': 768, 'epsilon': 0.03485369437512677, 'm_plus': 0.9403541431236102, 'm_minus': 0.09214406882423434, 'lambda_': 0.1774381990447234, 'alpha': 0.01, 'no_of_primary_capsules': 32, 'primary_capsule_vector': 8, 'no_of_secondary_capsules': 10}
Len of pop after selection : 10
=== Generation 3/10
Len of pop before manipulations : 10
crossover created 10 offspring(s)
mutation created 0 offspring(s)
local search created 2 offspring(s)
Len of pop after manipulations : 22
Fitting individual 1/22 with genotype {'epochs': 7, 'r': 2, 'no_of_conv_kernels': 32, 'secondary_capsule_vector': 16, 'dense_1': 4, 'dense_2': 1024, 'epsilon': 0.05117997369356028, 'm_plus': 0.9141399636255713, 'm_minus': 0.1606020301942391, 'lambda_': 0.5164611907513724, 'alpha': 0.009551364460384138, 'no_of_primary_capsules': 32, 'primary_capsule_vector': 8, 'no_of_secondary_capsules': 10}
Fitting individual 2/22 with genotype {'epochs': 7, 'r': 2, 'no_of_conv_kernels': 128, 'secondary_capsule_vector': 13, 'dense_1': 768, 'dense_2': 768, 'epsilon': 0.1, 'm_plus': 0.9581048772977776, 'm_minus': 0.17609596442592113, 'lambda_': 0.5358722642514158, 'alpha': 0.006020644724342893, 'no_of_primary_capsules': 32, 'primary_capsule_vector': 8, 'no_of_secondary_capsules': 10}
Fitting individual 3/22 with genotype {'epochs': 8, 'r': 2, 'no_of_conv_kernels': 32, 'secondary_capsule_vector': 30, 'dense_1': 256, 'dense_2': 1536, 'epsilon': 0.06084468655868371, 'm_plus': 0.9021393381256068, 'm_minus': 0.06402791851317265, 'lambda_': 0.2727563293038246, 'alpha': 0.00808388105144706, 'no_of_primary_capsules': 32, 'primary_capsule_vector': 8, 'no_of_secondary_capsules': 10}
Validation loss is not decreasing anymore, risk of overfitting the model after 7 epochs. The training will be stopped. This behavior can be modified by setting the early_stop property of the model to False
Fitting individual 4/22 with genotype {'epochs': 4, 'r': 2, 'no_of_conv_kernels': 128, 'secondary_capsule_vector': 45, 'dense_1': 4, 'dense_2': 1536, 'epsilon': 0.06004647082742655, 'm_plus': 0.9597670123479588, 'm_minus': 0.057018446487591114, 'lambda_': 0.6799789904010685, 'alpha': 0.0010325968195850463, 'no_of_primary_capsules': 32, 'primary_capsule_vector': 8, 'no_of_secondary_capsules': 10}
Fitting individual 5/22 with genotype {'epochs': 7, 'r': 3, 'no_of_conv_kernels': 128, 'secondary_capsule_vector': 47, 'dense_1': 128, 'dense_2': 768, 'epsilon': 0.0649292072765868, 'm_plus': 0.9377297355709852, 'm_minus': 0.1302131368364202, 'lambda_': 0.24719085075258312, 'alpha': 0.005764575253142411, 'no_of_primary_capsules': 32, 'primary_capsule_vector': 8, 'no_of_secondary_capsules': 10}
Fitting individual 6/22 with genotype {'epochs': 1, 'r': 2, 'no_of_conv_kernels': 128, 'secondary_capsule_vector': 7, 'dense_1': 512, 'dense_2': 768, 'epsilon': 0.03485369437512677, 'm_plus': 0.9403541431236102, 'm_minus': 0.09214406882423434, 'lambda_': 0.1774381990447234, 'alpha': 0.01, 'no_of_primary_capsules': 32, 'primary_capsule_vector': 8, 'no_of_secondary_capsules': 10}
Fitting individual 7/22 with genotype {'epochs': 5, 'r': 3, 'no_of_conv_kernels': 128, 'secondary_capsule_vector': 29, 'dense_1': 512, 'dense_2': 256, 'epsilon': 0.040510672698993985, 'm_plus': 0.9346853598070839, 'm_minus': 0.11223481323771387, 'lambda_': 0.6394465471104849, 'alpha': 0.00023068010223792563, 'no_of_primary_capsules': 32, 'primary_capsule_vector': 8, 'no_of_secondary_capsules': 10}
Fitting individual 8/22 with genotype {'epochs': 3, 'r': 3, 'no_of_conv_kernels': 32, 'secondary_capsule_vector': 36, 'dense_1': 128, 'dense_2': 1536, 'epsilon': 0.09480201762748564, 'm_plus': 0.9444536568189562, 'm_minus': 0.1216686225760572, 'lambda_': 0.397649046207012, 'alpha': 0.008715675899356042, 'no_of_primary_capsules': 32, 'primary_capsule_vector': 8, 'no_of_secondary_capsules': 10}
Fitting individual 9/22 with genotype {'epochs': 3, 'r': 4, 'no_of_conv_kernels': 64, 'secondary_capsule_vector': 25, 'dense_1': 512, 'dense_2': 768, 'epsilon': 0.08038246754598144, 'm_plus': 0.924404860014705, 'm_minus': 0.17328391477509106, 'lambda_': 0.700831066145644, 'alpha': 0.0049972863259236154, 'no_of_primary_capsules': 32, 'primary_capsule_vector': 8, 'no_of_secondary_capsules': 10}
Fitting individual 10/22 with genotype {'epochs': 5, 'r': 3, 'no_of_conv_kernels': 32, 'secondary_capsule_vector': 39, 'dense_1': 512, 'dense_2': 512, 'epsilon': 0.030949398539146487, 'm_plus': 0.9176768219613953, 'm_minus': 0.07279241020058555, 'lambda_': 0.7171333946160381, 'alpha': 0.008872189176249054, 'no_of_primary_capsules': 32, 'primary_capsule_vector': 8, 'no_of_secondary_capsules': 10}
Fitting individual 11/22 with genotype {'epochs': 5, 'r': 2, 'no_of_conv_kernels': 128, 'secondary_capsule_vector': 13, 'dense_1': 768, 'dense_2': 768, 'epsilon': 0.09560751187903177, 'm_plus': 0.9581048772977776, 'm_minus': 0.17609596442592113, 'lambda_': 0.5358722642514158, 'alpha': 0.006020644724342893, 'no_of_primary_capsules': 32, 'primary_capsule_vector': 8, 'no_of_secondary_capsules': 10}
Fitting individual 12/22 with genotype {'epochs': 7, 'r': 3, 'no_of_conv_kernels': 128, 'secondary_capsule_vector': 29, 'dense_1': 512, 'dense_2': 256, 'epsilon': 0.040510672698993985, 'm_plus': 0.9346853598070839, 'm_minus': 0.11223481323771387, 'lambda_': 0.6394465471104849, 'alpha': 0.00023068010223792563, 'no_of_primary_capsules': 32, 'primary_capsule_vector': 8, 'no_of_secondary_capsules': 10}
Fitting individual 13/22 with genotype {'epochs': 3, 'r': 3, 'no_of_conv_kernels': 32, 'secondary_capsule_vector': 36, 'dense_1': 128, 'dense_2': 1536, 'epsilon': 0.09480201762748564, 'm_plus': 0.9444536568189562, 'm_minus': 0.1606020301942391, 'lambda_': 0.5164611907513724, 'alpha': 0.009551364460384138, 'no_of_primary_capsules': 32, 'primary_capsule_vector': 8, 'no_of_secondary_capsules': 10}
Fitting individual 14/22 with genotype {'epochs': 7, 'r': 2, 'no_of_conv_kernels': 32, 'secondary_capsule_vector': 16, 'dense_1': 4, 'dense_2': 1024, 'epsilon': 0.05117997369356028, 'm_plus': 0.9141399636255713, 'm_minus': 0.1216686225760572, 'lambda_': 0.397649046207012, 'alpha': 0.008715675899356042, 'no_of_primary_capsules': 32, 'primary_capsule_vector': 8, 'no_of_secondary_capsules': 10}
Fitting individual 15/22 with genotype {'epochs': 7, 'r': 2, 'no_of_conv_kernels': 128, 'secondary_capsule_vector': 36, 'dense_1': 128, 'dense_2': 1536, 'epsilon': 0.09480201762748564, 'm_plus': 0.9444536568189562, 'm_minus': 0.1216686225760572, 'lambda_': 0.397649046207012, 'alpha': 0.008715675899356042, 'no_of_primary_capsules': 32, 'primary_capsule_vector': 8, 'no_of_secondary_capsules': 10}
Fitting individual 16/22 with genotype {'epochs': 3, 'r': 3, 'no_of_conv_kernels': 32, 'secondary_capsule_vector': 13, 'dense_1': 768, 'dense_2': 768, 'epsilon': 0.09560751187903177, 'm_plus': 0.9581048772977776, 'm_minus': 0.17609596442592113, 'lambda_': 0.5358722642514158, 'alpha': 0.006020644724342893, 'no_of_primary_capsules': 32, 'primary_capsule_vector': 8, 'no_of_secondary_capsules': 10}
Fitting individual 17/22 with genotype {'epochs': 7, 'r': 2, 'no_of_conv_kernels': 128, 'secondary_capsule_vector': 45, 'dense_1': 4, 'dense_2': 1536, 'epsilon': 0.06004647082742655, 'm_plus': 0.9302475507639871, 'm_minus': 0.057018446487591114, 'lambda_': 0.6799789904010685, 'alpha': 0.0010325968195850463, 'no_of_primary_capsules': 32, 'primary_capsule_vector': 8, 'no_of_secondary_capsules': 10}
Fitting individual 18/22 with genotype {'epochs': 4, 'r': 2, 'no_of_conv_kernels': 128, 'secondary_capsule_vector': 13, 'dense_1': 768, 'dense_2': 768, 'epsilon': 0.09560751187903177, 'm_plus': 0.9581048772977776, 'm_minus': 0.17609596442592113, 'lambda_': 0.5358722642514158, 'alpha': 0.006020644724342893, 'no_of_primary_capsules': 32, 'primary_capsule_vector': 8, 'no_of_secondary_capsules': 10}
Fitting individual 19/22 with genotype {'epochs': 8, 'r': 2, 'no_of_conv_kernels': 32, 'secondary_capsule_vector': 30, 'dense_1': 768, 'dense_2': 768, 'epsilon': 0.09560751187903177, 'm_plus': 0.9581048772977776, 'm_minus': 0.17609596442592113, 'lambda_': 0.5358722642514158, 'alpha': 0.006020644724342893, 'no_of_primary_capsules': 32, 'primary_capsule_vector': 8, 'no_of_secondary_capsules': 10}
Validation loss is not decreasing anymore, risk of overfitting the model after 6 epochs. The training will be stopped. This behavior can be modified by setting the early_stop property of the model to False
Fitting individual 20/22 with genotype {'epochs': 7, 'r': 2, 'no_of_conv_kernels': 128, 'secondary_capsule_vector': 13, 'dense_1': 256, 'dense_2': 1536, 'epsilon': 0.06084468655868371, 'm_plus': 0.9021393381256068, 'm_minus': 0.06402791851317265, 'lambda_': 0.2727563293038246, 'alpha': 0.00808388105144706, 'no_of_primary_capsules': 32, 'primary_capsule_vector': 8, 'no_of_secondary_capsules': 10}
Fitting individual 21/22 with genotype {'epochs': 7, 'r': 2, 'no_of_conv_kernels': 128, 'secondary_capsule_vector': 13, 'dense_1': 768, 'dense_2': 768, 'epsilon': 0.1, 'm_plus': 0.9581048772977776, 'm_minus': 0.17609596442592113, 'lambda_': 0.5358722642514158, 'alpha': 0.006020644724342893, 'no_of_primary_capsules': 32, 'primary_capsule_vector': 8, 'no_of_secondary_capsules': 10}
Fitting individual 22/22 with genotype {'epochs': 4, 'r': 2, 'no_of_conv_kernels': 128, 'secondary_capsule_vector': 45, 'dense_1': 4, 'dense_2': 1536, 'epsilon': 0.06004647082742655, 'm_plus': 0.9597670123479588, 'm_minus': 0.057018446487591114, 'lambda_': 0.6799789904010685, 'alpha': 0.0010325968195850463, 'no_of_primary_capsules': 32, 'primary_capsule_vector': 8, 'no_of_secondary_capsules': 10}
Len of pop after selection : 10
=== Generation 4/10
Len of pop before manipulations : 10
crossover created 6 offspring(s)
mutation created 1 offspring(s)
local search created 4 offspring(s)
Len of pop after manipulations : 21
Fitting individual 1/21 with genotype {'epochs': 7, 'r': 2, 'no_of_conv_kernels': 32, 'secondary_capsule_vector': 16, 'dense_1': 4, 'dense_2': 1024, 'epsilon': 0.05117997369356028, 'm_plus': 0.9141399636255713, 'm_minus': 0.1606020301942391, 'lambda_': 0.5164611907513724, 'alpha': 0.009551364460384138, 'no_of_primary_capsules': 32, 'primary_capsule_vector': 8, 'no_of_secondary_capsules': 10}
Fitting individual 2/21 with genotype {'epochs': 7, 'r': 2, 'no_of_conv_kernels': 128, 'secondary_capsule_vector': 13, 'dense_1': 768, 'dense_2': 768, 'epsilon': 0.1, 'm_plus': 0.9581048772977776, 'm_minus': 0.17609596442592113, 'lambda_': 0.5358722642514158, 'alpha': 0.006020644724342893, 'no_of_primary_capsules': 32, 'primary_capsule_vector': 8, 'no_of_secondary_capsules': 10}
Fitting individual 3/21 with genotype {'epochs': 7, 'r': 2, 'no_of_conv_kernels': 32, 'secondary_capsule_vector': 30, 'dense_1': 256, 'dense_2': 1536, 'epsilon': 0.06084468655868371, 'm_plus': 0.9021393381256068, 'm_minus': 0.06402791851317265, 'lambda_': 0.2727563293038246, 'alpha': 0.00808388105144706, 'no_of_primary_capsules': 32, 'primary_capsule_vector': 8, 'no_of_secondary_capsules': 10}
Validation loss is not decreasing anymore, risk of overfitting the model after 6 epochs. The training will be stopped. This behavior can be modified by setting the early_stop property of the model to False
Fitting individual 4/21 with genotype {'epochs': 4, 'r': 2, 'no_of_conv_kernels': 128, 'secondary_capsule_vector': 45, 'dense_1': 4, 'dense_2': 1536, 'epsilon': 0.06004647082742655, 'm_plus': 0.9597670123479588, 'm_minus': 0.057018446487591114, 'lambda_': 0.6799789904010685, 'alpha': 0.0010325968195850463, 'no_of_primary_capsules': 32, 'primary_capsule_vector': 8, 'no_of_secondary_capsules': 10}
Fitting individual 5/21 with genotype {'epochs': 7, 'r': 3, 'no_of_conv_kernels': 128, 'secondary_capsule_vector': 47, 'dense_1': 128, 'dense_2': 768, 'epsilon': 0.0649292072765868, 'm_plus': 0.9377297355709852, 'm_minus': 0.1302131368364202, 'lambda_': 0.24719085075258312, 'alpha': 0.005764575253142411, 'no_of_primary_capsules': 32, 'primary_capsule_vector': 8, 'no_of_secondary_capsules': 10}
Fitting individual 6/21 with genotype {'epochs': 1, 'r': 2, 'no_of_conv_kernels': 3, 'secondary_capsule_vector': 7, 'dense_1': 512, 'dense_2': 768, 'epsilon': 0.03485369437512677, 'm_plus': 0.9403541431236102, 'm_minus': 0.09214406882423434, 'lambda_': 0.1774381990447234, 'alpha': 0.01, 'no_of_primary_capsules': 32, 'primary_capsule_vector': 8, 'no_of_secondary_capsules': 10}
Fitting individual 7/21 with genotype {'epochs': 5, 'r': 3, 'no_of_conv_kernels': 128, 'secondary_capsule_vector': 29, 'dense_1': 512, 'dense_2': 256, 'epsilon': 0.040510672698993985, 'm_plus': 0.9346853598070839, 'm_minus': 0.11223481323771387, 'lambda_': 0.6394465471104849, 'alpha': 0.00023068010223792563, 'no_of_primary_capsules': 32, 'primary_capsule_vector': 8, 'no_of_secondary_capsules': 10}
Fitting individual 8/21 with genotype {'epochs': 5, 'r': 3, 'no_of_conv_kernels': 32, 'secondary_capsule_vector': 39, 'dense_1': 512, 'dense_2': 512, 'epsilon': 0.030949398539146487, 'm_plus': 0.9176768219613953, 'm_minus': 0.07279241020058555, 'lambda_': 0.7171333946160381, 'alpha': 0.008872189176249054, 'no_of_primary_capsules': 32, 'primary_capsule_vector': 8, 'no_of_secondary_capsules': 10}
Fitting individual 9/21 with genotype {'epochs': 3, 'r': 3, 'no_of_conv_kernels': 32, 'secondary_capsule_vector': 36, 'dense_1': 128, 'dense_2': 1536, 'epsilon': 0.1, 'm_plus': 0.9177686038781654, 'm_minus': 0.1216686225760572, 'lambda_': 0.397649046207012, 'alpha': 0.008715675899356042, 'no_of_primary_capsules': 32, 'primary_capsule_vector': 8, 'no_of_secondary_capsules': 10}
Fitting individual 10/21 with genotype {'epochs': 3, 'r': 4, 'no_of_conv_kernels': 64, 'secondary_capsule_vector': 25, 'dense_1': 512, 'dense_2': 768, 'epsilon': 0.08038246754598144, 'm_plus': 0.924404860014705, 'm_minus': 0.167714053764196, 'lambda_': 0.700831066145644, 'alpha': 0.0049972863259236154, 'no_of_primary_capsules': 32, 'primary_capsule_vector': 8, 'no_of_secondary_capsules': 10}
Fitting individual 11/21 with genotype {'epochs': 7, 'r': 2, 'no_of_conv_kernels': 128, 'secondary_capsule_vector': 13, 'dense_1': 768, 'dense_2': 768, 'epsilon': 0.1, 'm_plus': 0.9581048772977776, 'm_minus': 0.17609596442592113, 'lambda_': 0.5358722642514158, 'alpha': 0.00808388105144706, 'no_of_primary_capsules': 32, 'primary_capsule_vector': 8, 'no_of_secondary_capsules': 10}
Fitting individual 12/21 with genotype {'epochs': 7, 'r': 2, 'no_of_conv_kernels': 32, 'secondary_capsule_vector': 30, 'dense_1': 256, 'dense_2': 1536, 'epsilon': 0.06084468655868371, 'm_plus': 0.9021393381256068, 'm_minus': 0.06402791851317265, 'lambda_': 0.2727563293038246, 'alpha': 0.006020644724342893, 'no_of_primary_capsules': 32, 'primary_capsule_vector': 8, 'no_of_secondary_capsules': 10}
Fitting individual 13/21 with genotype {'epochs': 7, 'r': 2, 'no_of_conv_kernels': 32, 'secondary_capsule_vector': 30, 'dense_1': 512, 'dense_2': 768, 'epsilon': 0.08038246754598144, 'm_plus': 0.924404860014705, 'm_minus': 0.17328391477509106, 'lambda_': 0.700831066145644, 'alpha': 0.0049972863259236154, 'no_of_primary_capsules': 32, 'primary_capsule_vector': 8, 'no_of_secondary_capsules': 10}
Fitting individual 14/21 with genotype {'epochs': 3, 'r': 4, 'no_of_conv_kernels': 64, 'secondary_capsule_vector': 25, 'dense_1': 256, 'dense_2': 1536, 'epsilon': 0.06084468655868371, 'm_plus': 0.9021393381256068, 'm_minus': 0.06402791851317265, 'lambda_': 0.2727563293038246, 'alpha': 0.00808388105144706, 'no_of_primary_capsules': 32, 'primary_capsule_vector': 8, 'no_of_secondary_capsules': 10}
Fitting individual 15/21 with genotype {'epochs': 7, 'r': 2, 'no_of_conv_kernels': 32, 'secondary_capsule_vector': 30, 'dense_1': 512, 'dense_2': 768, 'epsilon': 0.08038246754598144, 'm_plus': 0.924404860014705, 'm_minus': 0.17328391477509106, 'lambda_': 0.700831066145644, 'alpha': 0.0049972863259236154, 'no_of_primary_capsules': 32, 'primary_capsule_vector': 8, 'no_of_secondary_capsules': 10}
Fitting individual 16/21 with genotype {'epochs': 3, 'r': 4, 'no_of_conv_kernels': 64, 'secondary_capsule_vector': 25, 'dense_1': 256, 'dense_2': 1536, 'epsilon': 0.06084468655868371, 'm_plus': 0.9021393381256068, 'm_minus': 0.06402791851317265, 'lambda_': 0.2727563293038246, 'alpha': 0.00808388105144706, 'no_of_primary_capsules': 32, 'primary_capsule_vector': 8, 'no_of_secondary_capsules': 10}
Fitting individual 17/21 with genotype {'epochs': 3, 'r': 4, 'no_of_conv_kernels': 64, 'secondary_capsule_vector': 25, 'dense_1': 512, 'dense_2': 768, 'epsilon': 0.08038246754598144, 'm_plus': 0.924404860014705, 'm_minus': 0.167714053764196, 'lambda_': 0.700831066145644, 'alpha': 0.0049972863259236154, 'no_of_primary_capsules': 32, 'primary_capsule_vector': 8, 'no_of_secondary_capsules': 10}
Fitting individual 18/21 with genotype {'epochs': 7, 'r': 3, 'no_of_conv_kernels': 128, 'secondary_capsule_vector': 47, 'dense_1': 128, 'dense_2': 768, 'epsilon': 0.0649292072765868, 'm_plus': 0.9377297355709852, 'm_minus': 0.1302131368364202, 'lambda_': 0.24719085075258312, 'alpha': 0.005764575253142411, 'no_of_primary_capsules': 32, 'primary_capsule_vector': 8, 'no_of_secondary_capsules': 10}
Fitting individual 19/21 with genotype {'epochs': 3, 'r': 3, 'no_of_conv_kernels': 32, 'secondary_capsule_vector': 36, 'dense_1': 128, 'dense_2': 1536, 'epsilon': 0.1, 'm_plus': 0.9177686038781654, 'm_minus': 0.1216686225760572, 'lambda_': 0.397649046207012, 'alpha': 0.008715675899356042, 'no_of_primary_capsules': 32, 'primary_capsule_vector': 8, 'no_of_secondary_capsules': 10}
Fitting individual 20/21 with genotype {'epochs': 1, 'r': 2, 'no_of_conv_kernels': 3, 'secondary_capsule_vector': 7, 'dense_1': 512, 'dense_2': 768, 'epsilon': 0.03485369437512677, 'm_plus': 0.9403541431236102, 'm_minus': 0.09214406882423434, 'lambda_': 0.1774381990447234, 'alpha': 0.01, 'no_of_primary_capsules': 32, 'primary_capsule_vector': 8, 'no_of_secondary_capsules': 10}
Fitting individual 21/21 with genotype {'epochs': 3, 'r': 3, 'no_of_conv_kernels': 32, 'secondary_capsule_vector': 36, 'dense_1': 128, 'dense_2': 1536, 'epsilon': 0.1, 'm_plus': 0.9177686038781654, 'm_minus': 0.1216686225760572, 'lambda_': 0.397649046207012, 'alpha': 0.008715675899356042, 'no_of_primary_capsules': 32, 'primary_capsule_vector': 8, 'no_of_secondary_capsules': 10}
Len of pop after selection : 10
=== Generation 5/10
Len of pop before manipulations : 10
crossover created 6 offspring(s)
mutation created 0 offspring(s)
local search created 3 offspring(s)
Len of pop after manipulations : 19
Fitting individual 1/19 with genotype {'epochs': 7, 'r': 2, 'no_of_conv_kernels': 128, 'secondary_capsule_vector': 13, 'dense_1': 768, 'dense_2': 768, 'epsilon': 0.1, 'm_plus': 0.9581048772977776, 'm_minus': 0.17609596442592113, 'lambda_': 0.5358722642514158, 'alpha': 0.006020644724342893, 'no_of_primary_capsules': 32, 'primary_capsule_vector': 8, 'no_of_secondary_capsules': 10}
Validation loss is not decreasing anymore, risk of overfitting the model after 6 epochs. The training will be stopped. This behavior can be modified by setting the early_stop property of the model to False
Fitting individual 2/19 with genotype {'epochs': 7, 'r': 2, 'no_of_conv_kernels': 32, 'secondary_capsule_vector': 16, 'dense_1': 4, 'dense_2': 1024, 'epsilon': 0.05117997369356028, 'm_plus': 0.9141399636255713, 'm_minus': 0.1606020301942391, 'lambda_': 0.5164611907513724, 'alpha': 0.009551364460384138, 'no_of_primary_capsules': 32, 'primary_capsule_vector': 8, 'no_of_secondary_capsules': 10}
Fitting individual 3/19 with genotype {'epochs': 6, 'r': 2, 'no_of_conv_kernels': 32, 'secondary_capsule_vector': 30, 'dense_1': 256, 'dense_2': 1536, 'epsilon': 0.06084468655868371, 'm_plus': 0.9021393381256068, 'm_minus': 0.06402791851317265, 'lambda_': 0.2727563293038246, 'alpha': 0.00808388105144706, 'no_of_primary_capsules': 32, 'primary_capsule_vector': 8, 'no_of_secondary_capsules': 10}
Fitting individual 4/19 with genotype {'epochs': 4, 'r': 2, 'no_of_conv_kernels': 128, 'secondary_capsule_vector': 45, 'dense_1': 4, 'dense_2': 1536, 'epsilon': 0.06004647082742655, 'm_plus': 0.9597670123479588, 'm_minus': 0.057018446487591114, 'lambda_': 0.6799789904010685, 'alpha': 0.0010325968195850463, 'no_of_primary_capsules': 32, 'primary_capsule_vector': 8, 'no_of_secondary_capsules': 10}
Fitting individual 5/19 with genotype {'epochs': 7, 'r': 3, 'no_of_conv_kernels': 128, 'secondary_capsule_vector': 47, 'dense_1': 128, 'dense_2': 768, 'epsilon': 1e-07, 'm_plus': 0.9377297355709852, 'm_minus': 0.1302131368364202, 'lambda_': 0.24719085075258312, 'alpha': 0.005764575253142411, 'no_of_primary_capsules': 32, 'primary_capsule_vector': 8, 'no_of_secondary_capsules': 10}
Validation loss is not decreasing anymore, risk of overfitting the model after 7 epochs. The training will be stopped. This behavior can be modified by setting the early_stop property of the model to False
Fitting individual 6/19 with genotype {'epochs': 1, 'r': 2, 'no_of_conv_kernels': 3, 'secondary_capsule_vector': 7, 'dense_1': 512, 'dense_2': 768, 'epsilon': 0.03485369437512677, 'm_plus': 0.9403541431236102, 'm_minus': 0.09214406882423434, 'lambda_': 0.1774381990447234, 'alpha': 0.0001, 'no_of_primary_capsules': 32, 'primary_capsule_vector': 8, 'no_of_secondary_capsules': 10}
Fitting individual 7/19 with genotype {'epochs': 5, 'r': 3, 'no_of_conv_kernels': 128, 'secondary_capsule_vector': 29, 'dense_1': 512, 'dense_2': 256, 'epsilon': 0.040510672698993985, 'm_plus': 0.9346853598070839, 'm_minus': 0.11223481323771387, 'lambda_': 0.6394465471104849, 'alpha': 0.00023068010223792563, 'no_of_primary_capsules': 32, 'primary_capsule_vector': 8, 'no_of_secondary_capsules': 10}
Fitting individual 8/19 with genotype {'epochs': 5, 'r': 3, 'no_of_conv_kernels': 32, 'secondary_capsule_vector': 39, 'dense_1': 512, 'dense_2': 512, 'epsilon': 0.030949398539146487, 'm_plus': 0.9176768219613953, 'm_minus': 0.07279241020058555, 'lambda_': 0.7171333946160381, 'alpha': 0.008872189176249054, 'no_of_primary_capsules': 32, 'primary_capsule_vector': 8, 'no_of_secondary_capsules': 10}
Fitting individual 9/19 with genotype {'epochs': 3, 'r': 3, 'no_of_conv_kernels': 32, 'secondary_capsule_vector': 36, 'dense_1': 128, 'dense_2': 1536, 'epsilon': 0.020176274538827532, 'm_plus': 0.9177686038781654, 'm_minus': 0.1216686225760572, 'lambda_': 0.397649046207012, 'alpha': 0.008715675899356042, 'no_of_primary_capsules': 32, 'primary_capsule_vector': 8, 'no_of_secondary_capsules': 10}
Fitting individual 10/19 with genotype {'epochs': 3, 'r': 4, 'no_of_conv_kernels': 64, 'secondary_capsule_vector': 25, 'dense_1': 512, 'dense_2': 768, 'epsilon': 0.08038246754598144, 'm_plus': 0.924404860014705, 'm_minus': 0.167714053764196, 'lambda_': 0.700831066145644, 'alpha': 0.0049972863259236154, 'no_of_primary_capsules': 32, 'primary_capsule_vector': 8, 'no_of_secondary_capsules': 10}
Fitting individual 11/19 with genotype {'epochs': 7, 'r': 3, 'no_of_conv_kernels': 128, 'secondary_capsule_vector': 47, 'dense_1': 128, 'dense_2': 768, 'epsilon': 0.0649292072765868, 'm_plus': 0.9377297355709852, 'm_minus': 0.1302131368364202, 'lambda_': 0.24719085075258312, 'alpha': 0.009551364460384138, 'no_of_primary_capsules': 32, 'primary_capsule_vector': 8, 'no_of_secondary_capsules': 10}
Validation loss is not decreasing anymore, risk of overfitting the model after 5 epochs. The training will be stopped. This behavior can be modified by setting the early_stop property of the model to False
Fitting individual 12/19 with genotype {'epochs': 7, 'r': 2, 'no_of_conv_kernels': 32, 'secondary_capsule_vector': 16, 'dense_1': 4, 'dense_2': 1024, 'epsilon': 0.05117997369356028, 'm_plus': 0.9141399636255713, 'm_minus': 0.1606020301942391, 'lambda_': 0.5164611907513724, 'alpha': 0.005764575253142411, 'no_of_primary_capsules': 32, 'primary_capsule_vector': 8, 'no_of_secondary_capsules': 10}
Fitting individual 13/19 with genotype {'epochs': 6, 'r': 2, 'no_of_conv_kernels': 32, 'secondary_capsule_vector': 30, 'dense_1': 256, 'dense_2': 1536, 'epsilon': 0.03485369437512677, 'm_plus': 0.9403541431236102, 'm_minus': 0.09214406882423434, 'lambda_': 0.1774381990447234, 'alpha': 0.01, 'no_of_primary_capsules': 32, 'primary_capsule_vector': 8, 'no_of_secondary_capsules': 10}
Fitting individual 14/19 with genotype {'epochs': 1, 'r': 2, 'no_of_conv_kernels': 3, 'secondary_capsule_vector': 7, 'dense_1': 512, 'dense_2': 768, 'epsilon': 0.06084468655868371, 'm_plus': 0.9021393381256068, 'm_minus': 0.06402791851317265, 'lambda_': 0.2727563293038246, 'alpha': 0.00808388105144706, 'no_of_primary_capsules': 32, 'primary_capsule_vector': 8, 'no_of_secondary_capsules': 10}
Fitting individual 15/19 with genotype {'epochs': 5, 'r': 3, 'no_of_conv_kernels': 128, 'secondary_capsule_vector': 29, 'dense_1': 512, 'dense_2': 256, 'epsilon': 0.040510672698993985, 'm_plus': 0.9346853598070839, 'm_minus': 0.11223481323771387, 'lambda_': 0.700831066145644, 'alpha': 0.0049972863259236154, 'no_of_primary_capsules': 32, 'primary_capsule_vector': 8, 'no_of_secondary_capsules': 10}
Fitting individual 16/19 with genotype {'epochs': 3, 'r': 4, 'no_of_conv_kernels': 64, 'secondary_capsule_vector': 25, 'dense_1': 512, 'dense_2': 768, 'epsilon': 0.08038246754598144, 'm_plus': 0.924404860014705, 'm_minus': 0.167714053764196, 'lambda_': 0.6394465471104849, 'alpha': 0.00023068010223792563, 'no_of_primary_capsules': 32, 'primary_capsule_vector': 8, 'no_of_secondary_capsules': 10}
Fitting individual 17/19 with genotype {'epochs': 1, 'r': 2, 'no_of_conv_kernels': 3, 'secondary_capsule_vector': 7, 'dense_1': 512, 'dense_2': 768, 'epsilon': 0.03485369437512677, 'm_plus': 0.9403541431236102, 'm_minus': 0.09214406882423434, 'lambda_': 0.1774381990447234, 'alpha': 0.0001, 'no_of_primary_capsules': 32, 'primary_capsule_vector': 8, 'no_of_secondary_capsules': 10}
Fitting individual 18/19 with genotype {'epochs': 7, 'r': 3, 'no_of_conv_kernels': 128, 'secondary_capsule_vector': 47, 'dense_1': 128, 'dense_2': 768, 'epsilon': 1e-07, 'm_plus': 0.9377297355709852, 'm_minus': 0.1302131368364202, 'lambda_': 0.24719085075258312, 'alpha': 0.005764575253142411, 'no_of_primary_capsules': 32, 'primary_capsule_vector': 8, 'no_of_secondary_capsules': 10}
Fitting individual 19/19 with genotype {'epochs': 3, 'r': 3, 'no_of_conv_kernels': 32, 'secondary_capsule_vector': 36, 'dense_1': 128, 'dense_2': 1536, 'epsilon': 0.020176274538827532, 'm_plus': 0.9177686038781654, 'm_minus': 0.1216686225760572, 'lambda_': 0.397649046207012, 'alpha': 0.008715675899356042, 'no_of_primary_capsules': 32, 'primary_capsule_vector': 8, 'no_of_secondary_capsules': 10}
Len of pop after selection : 10
=== Generation 6/10
Len of pop before manipulations : 10
crossover created 8 offspring(s)
mutation created 1 offspring(s)
local search created 1 offspring(s)
Len of pop after manipulations : 20
Fitting individual 1/20 with genotype {'epochs': 6, 'r': 2, 'no_of_conv_kernels': 128, 'secondary_capsule_vector': 13, 'dense_1': 768, 'dense_2': 768, 'epsilon': 0.1, 'm_plus': 0.9581048772977776, 'm_minus': 0.17609596442592113, 'lambda_': 0.5358722642514158, 'alpha': 0.006020644724342893, 'no_of_primary_capsules': 32, 'primary_capsule_vector': 8, 'no_of_secondary_capsules': 10}
Fitting individual 2/20 with genotype {'epochs': 7, 'r': 2, 'no_of_conv_kernels': 32, 'secondary_capsule_vector': 16, 'dense_1': 4, 'dense_2': 1024, 'epsilon': 0.05117997369356028, 'm_plus': 0.9141399636255713, 'm_minus': 0.1606020301942391, 'lambda_': 0.5164611907513724, 'alpha': 0.009551364460384138, 'no_of_primary_capsules': 32, 'primary_capsule_vector': 8, 'no_of_secondary_capsules': 10}
Fitting individual 3/20 with genotype {'epochs': 6, 'r': 2, 'no_of_conv_kernels': 32, 'secondary_capsule_vector': 30, 'dense_1': 256, 'dense_2': 1536, 'epsilon': 0.06084468655868371, 'm_plus': 0.9021393381256068, 'm_minus': 0.06402791851317265, 'lambda_': 0.2727563293038246, 'alpha': 0.00808388105144706, 'no_of_primary_capsules': 32, 'primary_capsule_vector': 8, 'no_of_secondary_capsules': 10}
Fitting individual 4/20 with genotype {'epochs': 4, 'r': 2, 'no_of_conv_kernels': 128, 'secondary_capsule_vector': 45, 'dense_1': 4, 'dense_2': 1536, 'epsilon': 0.06004647082742655, 'm_plus': 0.9597670123479588, 'm_minus': 0.057018446487591114, 'lambda_': 0.6799789904010685, 'alpha': 0.0010325968195850463, 'no_of_primary_capsules': 32, 'primary_capsule_vector': 8, 'no_of_secondary_capsules': 10}
Fitting individual 5/20 with genotype {'epochs': 1, 'r': 2, 'no_of_conv_kernels': 3, 'secondary_capsule_vector': 7, 'dense_1': 4, 'dense_2': 768, 'epsilon': 0.03485369437512677, 'm_plus': 0.9403541431236102, 'm_minus': 0.09214406882423434, 'lambda_': 0.1774381990447234, 'alpha': 0.0001, 'no_of_primary_capsules': 32, 'primary_capsule_vector': 8, 'no_of_secondary_capsules': 10}
Fitting individual 6/20 with genotype {'epochs': 5, 'r': 3, 'no_of_conv_kernels': 128, 'secondary_capsule_vector': 29, 'dense_1': 512, 'dense_2': 256, 'epsilon': 0.040510672698993985, 'm_plus': 0.9346853598070839, 'm_minus': 0.11223481323771387, 'lambda_': 0.6394465471104849, 'alpha': 0.00023068010223792563, 'no_of_primary_capsules': 32, 'primary_capsule_vector': 8, 'no_of_secondary_capsules': 10}
Fitting individual 7/20 with genotype {'epochs': 5, 'r': 3, 'no_of_conv_kernels': 32, 'secondary_capsule_vector': 39, 'dense_1': 512, 'dense_2': 512, 'epsilon': 0.030949398539146487, 'm_plus': 0.9176768219613953, 'm_minus': 0.07279241020058555, 'lambda_': 0.7171333946160381, 'alpha': 0.008872189176249054, 'no_of_primary_capsules': 32, 'primary_capsule_vector': 8, 'no_of_secondary_capsules': 10}
Fitting individual 8/20 with genotype {'epochs': 3, 'r': 3, 'no_of_conv_kernels': 32, 'secondary_capsule_vector': 36, 'dense_1': 128, 'dense_2': 1536, 'epsilon': 0.020176274538827532, 'm_plus': 0.9177686038781654, 'm_minus': 0.1216686225760572, 'lambda_': 0.397649046207012, 'alpha': 0.008715675899356042, 'no_of_primary_capsules': 32, 'primary_capsule_vector': 8, 'no_of_secondary_capsules': 10}
Fitting individual 9/20 with genotype {'epochs': 7, 'r': 3, 'no_of_conv_kernels': 128, 'secondary_capsule_vector': 47, 'dense_1': 128, 'dense_2': 768, 'epsilon': 1e-07, 'm_plus': 0.9377297355709852, 'm_minus': 0.1302131368364202, 'lambda_': 0.24719085075258312, 'alpha': 0.005764575253142411, 'no_of_primary_capsules': 32, 'primary_capsule_vector': 8, 'no_of_secondary_capsules': 10}
Fitting individual 10/20 with genotype {'epochs': 3, 'r': 4, 'no_of_conv_kernels': 64, 'secondary_capsule_vector': 31, 'dense_1': 512, 'dense_2': 768, 'epsilon': 0.08038246754598144, 'm_plus': 0.924404860014705, 'm_minus': 0.167714053764196, 'lambda_': 0.700831066145644, 'alpha': 0.0049972863259236154, 'no_of_primary_capsules': 32, 'primary_capsule_vector': 8, 'no_of_secondary_capsules': 10}
Fitting individual 11/20 with genotype {'epochs': 6, 'r': 2, 'no_of_conv_kernels': 32, 'secondary_capsule_vector': 16, 'dense_1': 4, 'dense_2': 1024, 'epsilon': 0.05117997369356028, 'm_plus': 0.9141399636255713, 'm_minus': 0.1606020301942391, 'lambda_': 0.5164611907513724, 'alpha': 0.009551364460384138, 'no_of_primary_capsules': 32, 'primary_capsule_vector': 8, 'no_of_secondary_capsules': 10}
Fitting individual 12/20 with genotype {'epochs': 7, 'r': 2, 'no_of_conv_kernels': 32, 'secondary_capsule_vector': 30, 'dense_1': 256, 'dense_2': 1536, 'epsilon': 0.06084468655868371, 'm_plus': 0.9021393381256068, 'm_minus': 0.06402791851317265, 'lambda_': 0.2727563293038246, 'alpha': 0.00808388105144706, 'no_of_primary_capsules': 32, 'primary_capsule_vector': 8, 'no_of_secondary_capsules': 10}
Fitting individual 13/20 with genotype {'epochs': 4, 'r': 2, 'no_of_conv_kernels': 128, 'secondary_capsule_vector': 45, 'dense_1': 4, 'dense_2': 1536, 'epsilon': 0.06004647082742655, 'm_plus': 0.9597670123479588, 'm_minus': 0.057018446487591114, 'lambda_': 0.397649046207012, 'alpha': 0.008715675899356042, 'no_of_primary_capsules': 32, 'primary_capsule_vector': 8, 'no_of_secondary_capsules': 10}
Fitting individual 14/20 with genotype {'epochs': 3, 'r': 3, 'no_of_conv_kernels': 32, 'secondary_capsule_vector': 36, 'dense_1': 128, 'dense_2': 1536, 'epsilon': 0.020176274538827532, 'm_plus': 0.9177686038781654, 'm_minus': 0.1216686225760572, 'lambda_': 0.6799789904010685, 'alpha': 0.0010325968195850463, 'no_of_primary_capsules': 32, 'primary_capsule_vector': 8, 'no_of_secondary_capsules': 10}
Fitting individual 15/20 with genotype {'epochs': 7, 'r': 3, 'no_of_conv_kernels': 128, 'secondary_capsule_vector': 7, 'dense_1': 512, 'dense_2': 768, 'epsilon': 0.03485369437512677, 'm_plus': 0.9403541431236102, 'm_minus': 0.09214406882423434, 'lambda_': 0.1774381990447234, 'alpha': 0.0001, 'no_of_primary_capsules': 32, 'primary_capsule_vector': 8, 'no_of_secondary_capsules': 10}
Fitting individual 16/20 with genotype {'epochs': 1, 'r': 2, 'no_of_conv_kernels': 3, 'secondary_capsule_vector': 47, 'dense_1': 128, 'dense_2': 768, 'epsilon': 1e-07, 'm_plus': 0.9377297355709852, 'm_minus': 0.1302131368364202, 'lambda_': 0.24719085075258312, 'alpha': 0.005764575253142411, 'no_of_primary_capsules': 32, 'primary_capsule_vector': 8, 'no_of_secondary_capsules': 10}
Fitting individual 17/20 with genotype {'epochs': 7, 'r': 3, 'no_of_conv_kernels': 128, 'secondary_capsule_vector': 47, 'dense_1': 128, 'dense_2': 768, 'epsilon': 1e-07, 'm_plus': 0.9377297355709852, 'm_minus': 0.1302131368364202, 'lambda_': 0.7171333946160381, 'alpha': 0.008872189176249054, 'no_of_primary_capsules': 32, 'primary_capsule_vector': 8, 'no_of_secondary_capsules': 10}
Fitting individual 18/20 with genotype {'epochs': 5, 'r': 3, 'no_of_conv_kernels': 32, 'secondary_capsule_vector': 39, 'dense_1': 512, 'dense_2': 512, 'epsilon': 0.030949398539146487, 'm_plus': 0.9176768219613953, 'm_minus': 0.07279241020058555, 'lambda_': 0.24719085075258312, 'alpha': 0.005764575253142411, 'no_of_primary_capsules': 32, 'primary_capsule_vector': 8, 'no_of_secondary_capsules': 10}
Fitting individual 19/20 with genotype {'epochs': 3, 'r': 4, 'no_of_conv_kernels': 64, 'secondary_capsule_vector': 31, 'dense_1': 512, 'dense_2': 768, 'epsilon': 0.08038246754598144, 'm_plus': 0.924404860014705, 'm_minus': 0.167714053764196, 'lambda_': 0.700831066145644, 'alpha': 0.0049972863259236154, 'no_of_primary_capsules': 32, 'primary_capsule_vector': 8, 'no_of_secondary_capsules': 10}
Fitting individual 20/20 with genotype {'epochs': 1, 'r': 2, 'no_of_conv_kernels': 3, 'secondary_capsule_vector': 7, 'dense_1': 4, 'dense_2': 768, 'epsilon': 0.03485369437512677, 'm_plus': 0.9403541431236102, 'm_minus': 0.09214406882423434, 'lambda_': 0.1774381990447234, 'alpha': 0.0001, 'no_of_primary_capsules': 32, 'primary_capsule_vector': 8, 'no_of_secondary_capsules': 10}
Len of pop after selection : 10
=== Generation 7/10
Len of pop before manipulations : 10
crossover created 6 offspring(s)
mutation created 2 offspring(s)
local search created 2 offspring(s)
Len of pop after manipulations : 20
Fitting individual 1/20 with genotype {'epochs': 6, 'r': 2, 'no_of_conv_kernels': 128, 'secondary_capsule_vector': 13, 'dense_1': 768, 'dense_2': 768, 'epsilon': 0.1, 'm_plus': 0.9581048772977776, 'm_minus': 0.17609596442592113, 'lambda_': 0.5358722642514158, 'alpha': 0.006020644724342893, 'no_of_primary_capsules': 32, 'primary_capsule_vector': 8, 'no_of_secondary_capsules': 10}
Fitting individual 2/20 with genotype {'epochs': 7, 'r': 2, 'no_of_conv_kernels': 32, 'secondary_capsule_vector': 16, 'dense_1': 4, 'dense_2': 1024, 'epsilon': 0.05117997369356028, 'm_plus': 0.9141399636255713, 'm_minus': 0.1606020301942391, 'lambda_': 0.5164611907513724, 'alpha': 0.009551364460384138, 'no_of_primary_capsules': 32, 'primary_capsule_vector': 8, 'no_of_secondary_capsules': 10}
Validation loss is not decreasing anymore, risk of overfitting the model after 7 epochs. The training will be stopped. This behavior can be modified by setting the early_stop property of the model to False
Fitting individual 3/20 with genotype {'epochs': 3, 'r': 2, 'no_of_conv_kernels': 32, 'secondary_capsule_vector': 30, 'dense_1': 256, 'dense_2': 1536, 'epsilon': 0.003175402196555987, 'm_plus': 0.9021393381256068, 'm_minus': 0.06402791851317265, 'lambda_': 0.2727563293038246, 'alpha': 0.00808388105144706, 'no_of_primary_capsules': 32, 'primary_capsule_vector': 8, 'no_of_secondary_capsules': 10}
Fitting individual 4/20 with genotype {'epochs': 7, 'r': 3, 'no_of_conv_kernels': 128, 'secondary_capsule_vector': 47, 'dense_1': 128, 'dense_2': 768, 'epsilon': 1e-07, 'm_plus': 0.9377297355709852, 'm_minus': 0.1302131368364202, 'lambda_': 0.24719085075258312, 'alpha': 0.005764575253142411, 'no_of_primary_capsules': 32, 'primary_capsule_vector': 8, 'no_of_secondary_capsules': 10}
Fitting individual 5/20 with genotype {'epochs': 4, 'r': 2, 'no_of_conv_kernels': 128, 'secondary_capsule_vector': 45, 'dense_1': 4, 'dense_2': 1536, 'epsilon': 0.06004647082742655, 'm_plus': 0.9597670123479588, 'm_minus': 0.057018446487591114, 'lambda_': 0.6799789904010685, 'alpha': 0.0010325968195850463, 'no_of_primary_capsules': 32, 'primary_capsule_vector': 8, 'no_of_secondary_capsules': 10}
Fitting individual 6/20 with genotype {'epochs': 5, 'r': 3, 'no_of_conv_kernels': 128, 'secondary_capsule_vector': 29, 'dense_1': 512, 'dense_2': 256, 'epsilon': 0.040510672698993985, 'm_plus': 0.9346853598070839, 'm_minus': 0.11223481323771387, 'lambda_': 0.6394465471104849, 'alpha': 0.00023068010223792563, 'no_of_primary_capsules': 32, 'primary_capsule_vector': 8, 'no_of_secondary_capsules': 10}
Fitting individual 7/20 with genotype {'epochs': 1, 'r': 2, 'no_of_conv_kernels': 3, 'secondary_capsule_vector': 7, 'dense_1': 4, 'dense_2': 768, 'epsilon': 0.03485369437512677, 'm_plus': 0.9403541431236102, 'm_minus': 0.09214406882423434, 'lambda_': 0.1774381990447234, 'alpha': 0.0001, 'no_of_primary_capsules': 32, 'primary_capsule_vector': 8, 'no_of_secondary_capsules': 10}
Fitting individual 8/20 with genotype {'epochs': 5, 'r': 3, 'no_of_conv_kernels': 32, 'secondary_capsule_vector': 39, 'dense_1': 512, 'dense_2': 512, 'epsilon': 0.030949398539146487, 'm_plus': 0.9176768219613953, 'm_minus': 0.07279241020058555, 'lambda_': 0.7171333946160381, 'alpha': 0.008872189176249054, 'no_of_primary_capsules': 32, 'primary_capsule_vector': 8, 'no_of_secondary_capsules': 10}
Fitting individual 9/20 with genotype {'epochs': 3, 'r': 3, 'no_of_conv_kernels': 32, 'secondary_capsule_vector': 36, 'dense_1': 128, 'dense_2': 1536, 'epsilon': 0.020176274538827532, 'm_plus': 0.9177686038781654, 'm_minus': 0.1216686225760572, 'lambda_': 0.397649046207012, 'alpha': 0.008715675899356042, 'no_of_primary_capsules': 32, 'primary_capsule_vector': 8, 'no_of_secondary_capsules': 10}
Fitting individual 10/20 with genotype {'epochs': 3, 'r': 4, 'no_of_conv_kernels': 64, 'secondary_capsule_vector': 31, 'dense_1': 512, 'dense_2': 768, 'epsilon': 0.08038246754598144, 'm_plus': 0.924404860014705, 'm_minus': 0.167714053764196, 'lambda_': 0.700831066145644, 'alpha': 0.0049972863259236154, 'no_of_primary_capsules': 32, 'primary_capsule_vector': 8, 'no_of_secondary_capsules': 10}
Fitting individual 11/20 with genotype {'epochs': 4, 'r': 2, 'no_of_conv_kernels': 128, 'secondary_capsule_vector': 45, 'dense_1': 4, 'dense_2': 1536, 'epsilon': 0.06004647082742655, 'm_plus': 0.9597670123479588, 'm_minus': 0.057018446487591114, 'lambda_': 0.6799789904010685, 'alpha': 0.008872189176249054, 'no_of_primary_capsules': 32, 'primary_capsule_vector': 8, 'no_of_secondary_capsules': 10}
Fitting individual 12/20 with genotype {'epochs': 5, 'r': 3, 'no_of_conv_kernels': 32, 'secondary_capsule_vector': 39, 'dense_1': 512, 'dense_2': 512, 'epsilon': 0.030949398539146487, 'm_plus': 0.9176768219613953, 'm_minus': 0.07279241020058555, 'lambda_': 0.7171333946160381, 'alpha': 0.0010325968195850463, 'no_of_primary_capsules': 32, 'primary_capsule_vector': 8, 'no_of_secondary_capsules': 10}
Fitting individual 13/20 with genotype {'epochs': 6, 'r': 2, 'no_of_conv_kernels': 128, 'secondary_capsule_vector': 13, 'dense_1': 768, 'dense_2': 768, 'epsilon': 0.1, 'm_plus': 0.9581048772977776, 'm_minus': 0.17609596442592113, 'lambda_': 0.2727563293038246, 'alpha': 0.00808388105144706, 'no_of_primary_capsules': 32, 'primary_capsule_vector': 8, 'no_of_secondary_capsules': 10}
Fitting individual 14/20 with genotype {'epochs': 6, 'r': 2, 'no_of_conv_kernels': 32, 'secondary_capsule_vector': 30, 'dense_1': 256, 'dense_2': 1536, 'epsilon': 0.06084468655868371, 'm_plus': 0.9021393381256068, 'm_minus': 0.06402791851317265, 'lambda_': 0.5358722642514158, 'alpha': 0.006020644724342893, 'no_of_primary_capsules': 32, 'primary_capsule_vector': 8, 'no_of_secondary_capsules': 10}
Validation loss is not decreasing anymore, risk of overfitting the model after 6 epochs. The training will be stopped. This behavior can be modified by setting the early_stop property of the model to False
Fitting individual 15/20 with genotype {'epochs': 1, 'r': 2, 'no_of_conv_kernels': 3, 'secondary_capsule_vector': 7, 'dense_1': 4, 'dense_2': 768, 'epsilon': 0.03485369437512677, 'm_plus': 0.9403541431236102, 'm_minus': 0.09214406882423434, 'lambda_': 0.5164611907513724, 'alpha': 0.009551364460384138, 'no_of_primary_capsules': 32, 'primary_capsule_vector': 8, 'no_of_secondary_capsules': 10}
Fitting individual 16/20 with genotype {'epochs': 7, 'r': 2, 'no_of_conv_kernels': 32, 'secondary_capsule_vector': 16, 'dense_1': 4, 'dense_2': 1024, 'epsilon': 0.05117997369356028, 'm_plus': 0.9141399636255713, 'm_minus': 0.1606020301942391, 'lambda_': 0.1774381990447234, 'alpha': 0.0001, 'no_of_primary_capsules': 32, 'primary_capsule_vector': 8, 'no_of_secondary_capsules': 10}
Fitting individual 17/20 with genotype {'epochs': 3, 'r': 2, 'no_of_conv_kernels': 32, 'secondary_capsule_vector': 30, 'dense_1': 256, 'dense_2': 1536, 'epsilon': 0.003175402196555987, 'm_plus': 0.9021393381256068, 'm_minus': 0.06402791851317265, 'lambda_': 0.2727563293038246, 'alpha': 0.00808388105144706, 'no_of_primary_capsules': 32, 'primary_capsule_vector': 8, 'no_of_secondary_capsules': 10}
Fitting individual 18/20 with genotype {'epochs': 3, 'r': 2, 'no_of_conv_kernels': 32, 'secondary_capsule_vector': 30, 'dense_1': 256, 'dense_2': 1536, 'epsilon': 0.003175402196555987, 'm_plus': 0.9021393381256068, 'm_minus': 0.06402791851317265, 'lambda_': 0.2727563293038246, 'alpha': 0.00808388105144706, 'no_of_primary_capsules': 32, 'primary_capsule_vector': 8, 'no_of_secondary_capsules': 10}
Fitting individual 19/20 with genotype {'epochs': 6, 'r': 2, 'no_of_conv_kernels': 128, 'secondary_capsule_vector': 13, 'dense_1': 768, 'dense_2': 768, 'epsilon': 0.1, 'm_plus': 0.9581048772977776, 'm_minus': 0.17609596442592113, 'lambda_': 0.5358722642514158, 'alpha': 0.006020644724342893, 'no_of_primary_capsules': 32, 'primary_capsule_vector': 8, 'no_of_secondary_capsules': 10}
Fitting individual 20/20 with genotype {'epochs': 7, 'r': 2, 'no_of_conv_kernels': 32, 'secondary_capsule_vector': 16, 'dense_1': 4, 'dense_2': 1024, 'epsilon': 0.05117997369356028, 'm_plus': 0.9141399636255713, 'm_minus': 0.1606020301942391, 'lambda_': 0.5164611907513724, 'alpha': 0.009551364460384138, 'no_of_primary_capsules': 32, 'primary_capsule_vector': 8, 'no_of_secondary_capsules': 10}
Len of pop after selection : 10
=== Generation 8/10
Len of pop before manipulations : 10
crossover created 10 offspring(s)
mutation created 0 offspring(s)
local search created 1 offspring(s)
Len of pop after manipulations : 21
Fitting individual 1/21 with genotype {'epochs': 7, 'r': 3, 'no_of_conv_kernels': 128, 'secondary_capsule_vector': 47, 'dense_1': 128, 'dense_2': 768, 'epsilon': 1e-07, 'm_plus': 0.9377297355709852, 'm_minus': 0.1302131368364202, 'lambda_': 0.24719085075258312, 'alpha': 0.005764575253142411, 'no_of_primary_capsules': 32, 'primary_capsule_vector': 8, 'no_of_secondary_capsules': 10}
Fitting individual 2/21 with genotype {'epochs': 4, 'r': 2, 'no_of_conv_kernels': 128, 'secondary_capsule_vector': 45, 'dense_1': 4, 'dense_2': 1536, 'epsilon': 0.06004647082742655, 'm_plus': 0.9597670123479588, 'm_minus': 0.057018446487591114, 'lambda_': 0.6799789904010685, 'alpha': 0.01, 'no_of_primary_capsules': 32, 'primary_capsule_vector': 8, 'no_of_secondary_capsules': 10}
Fitting individual 3/21 with genotype {'epochs': 5, 'r': 3, 'no_of_conv_kernels': 32, 'secondary_capsule_vector': 39, 'dense_1': 512, 'dense_2': 512, 'epsilon': 0.030949398539146487, 'm_plus': 0.9176768219613953, 'm_minus': 0.07279241020058555, 'lambda_': 0.7171333946160381, 'alpha': 0.008872189176249054, 'no_of_primary_capsules': 32, 'primary_capsule_vector': 8, 'no_of_secondary_capsules': 10}
Validation loss is not decreasing anymore, risk of overfitting the model after 5 epochs. The training will be stopped. This behavior can be modified by setting the early_stop property of the model to False
Fitting individual 4/21 with genotype {'epochs': 6, 'r': 2, 'no_of_conv_kernels': 128, 'secondary_capsule_vector': 13, 'dense_1': 768, 'dense_2': 768, 'epsilon': 0.1, 'm_plus': 0.9581048772977776, 'm_minus': 0.17609596442592113, 'lambda_': 0.5358722642514158, 'alpha': 0.006020644724342893, 'no_of_primary_capsules': 32, 'primary_capsule_vector': 8, 'no_of_secondary_capsules': 10}
Fitting individual 5/21 with genotype {'epochs': 3, 'r': 2, 'no_of_conv_kernels': 32, 'secondary_capsule_vector': 30, 'dense_1': 256, 'dense_2': 1536, 'epsilon': 0.003175402196555987, 'm_plus': 0.9021393381256068, 'm_minus': 0.06402791851317265, 'lambda_': 0.2727563293038246, 'alpha': 0.00808388105144706, 'no_of_primary_capsules': 32, 'primary_capsule_vector': 8, 'no_of_secondary_capsules': 10}
Fitting individual 6/21 with genotype {'epochs': 5, 'r': 3, 'no_of_conv_kernels': 128, 'secondary_capsule_vector': 29, 'dense_1': 512, 'dense_2': 256, 'epsilon': 0.040510672698993985, 'm_plus': 0.9346853598070839, 'm_minus': 0.11223481323771387, 'lambda_': 0.6394465471104849, 'alpha': 0.00023068010223792563, 'no_of_primary_capsules': 32, 'primary_capsule_vector': 8, 'no_of_secondary_capsules': 10}
Validation loss is not decreasing anymore, risk of overfitting the model after 5 epochs. The training will be stopped. This behavior can be modified by setting the early_stop property of the model to False
Fitting individual 7/21 with genotype {'epochs': 1, 'r': 2, 'no_of_conv_kernels': 3, 'secondary_capsule_vector': 7, 'dense_1': 4, 'dense_2': 768, 'epsilon': 0.03485369437512677, 'm_plus': 0.9403541431236102, 'm_minus': 0.09214406882423434, 'lambda_': 0.1774381990447234, 'alpha': 0.0001, 'no_of_primary_capsules': 32, 'primary_capsule_vector': 8, 'no_of_secondary_capsules': 10}
Fitting individual 8/21 with genotype {'epochs': 7, 'r': 2, 'no_of_conv_kernels': 32, 'secondary_capsule_vector': 16, 'dense_1': 4, 'dense_2': 1024, 'epsilon': 0.05117997369356028, 'm_plus': 0.9141399636255713, 'm_minus': 0.1606020301942391, 'lambda_': 0.5164611907513724, 'alpha': 0.009551364460384138, 'no_of_primary_capsules': 32, 'primary_capsule_vector': 8, 'no_of_secondary_capsules': 10}
Validation loss is not decreasing anymore, risk of overfitting the model after 7 epochs. The training will be stopped. This behavior can be modified by setting the early_stop property of the model to False
Fitting individual 9/21 with genotype {'epochs': 3, 'r': 4, 'no_of_conv_kernels': 64, 'secondary_capsule_vector': 31, 'dense_1': 512, 'dense_2': 768, 'epsilon': 0.08038246754598144, 'm_plus': 0.924404860014705, 'm_minus': 0.167714053764196, 'lambda_': 0.700831066145644, 'alpha': 0.0049972863259236154, 'no_of_primary_capsules': 32, 'primary_capsule_vector': 8, 'no_of_secondary_capsules': 10}
Fitting individual 10/21 with genotype {'epochs': 3, 'r': 3, 'no_of_conv_kernels': 32, 'secondary_capsule_vector': 36, 'dense_1': 128, 'dense_2': 1536, 'epsilon': 0.020176274538827532, 'm_plus': 0.9177686038781654, 'm_minus': 0.1216686225760572, 'lambda_': 0.397649046207012, 'alpha': 0.008715675899356042, 'no_of_primary_capsules': 32, 'primary_capsule_vector': 8, 'no_of_secondary_capsules': 10}
Fitting individual 11/21 with genotype {'epochs': 7, 'r': 3, 'no_of_conv_kernels': 128, 'secondary_capsule_vector': 47, 'dense_1': 128, 'dense_2': 768, 'epsilon': 1e-07, 'm_plus': 0.9176768219613953, 'm_minus': 0.07279241020058555, 'lambda_': 0.7171333946160381, 'alpha': 0.008872189176249054, 'no_of_primary_capsules': 32, 'primary_capsule_vector': 8, 'no_of_secondary_capsules': 10}
Fitting individual 12/21 with genotype {'epochs': 5, 'r': 3, 'no_of_conv_kernels': 32, 'secondary_capsule_vector': 39, 'dense_1': 512, 'dense_2': 512, 'epsilon': 0.030949398539146487, 'm_plus': 0.9377297355709852, 'm_minus': 0.1302131368364202, 'lambda_': 0.24719085075258312, 'alpha': 0.005764575253142411, 'no_of_primary_capsules': 32, 'primary_capsule_vector': 8, 'no_of_secondary_capsules': 10}
Fitting individual 13/21 with genotype {'epochs': 3, 'r': 4, 'no_of_conv_kernels': 64, 'secondary_capsule_vector': 31, 'dense_1': 512, 'dense_2': 768, 'epsilon': 0.08038246754598144, 'm_plus': 0.924404860014705, 'm_minus': 0.167714053764196, 'lambda_': 0.397649046207012, 'alpha': 0.008715675899356042, 'no_of_primary_capsules': 32, 'primary_capsule_vector': 8, 'no_of_secondary_capsules': 10}
Fitting individual 14/21 with genotype {'epochs': 3, 'r': 3, 'no_of_conv_kernels': 32, 'secondary_capsule_vector': 36, 'dense_1': 128, 'dense_2': 1536, 'epsilon': 0.020176274538827532, 'm_plus': 0.9177686038781654, 'm_minus': 0.1216686225760572, 'lambda_': 0.700831066145644, 'alpha': 0.0049972863259236154, 'no_of_primary_capsules': 32, 'primary_capsule_vector': 8, 'no_of_secondary_capsules': 10}
Fitting individual 15/21 with genotype {'epochs': 5, 'r': 3, 'no_of_conv_kernels': 32, 'secondary_capsule_vector': 39, 'dense_1': 512, 'dense_2': 512, 'epsilon': 0.030949398539146487, 'm_plus': 0.9176768219613953, 'm_minus': 0.07279241020058555, 'lambda_': 0.7171333946160381, 'alpha': 0.00023068010223792563, 'no_of_primary_capsules': 32, 'primary_capsule_vector': 8, 'no_of_secondary_capsules': 10}
Fitting individual 16/21 with genotype {'epochs': 5, 'r': 3, 'no_of_conv_kernels': 128, 'secondary_capsule_vector': 29, 'dense_1': 512, 'dense_2': 256, 'epsilon': 0.040510672698993985, 'm_plus': 0.9346853598070839, 'm_minus': 0.11223481323771387, 'lambda_': 0.6394465471104849, 'alpha': 0.008872189176249054, 'no_of_primary_capsules': 32, 'primary_capsule_vector': 8, 'no_of_secondary_capsules': 10}
Fitting individual 17/21 with genotype {'epochs': 5, 'r': 3, 'no_of_conv_kernels': 32, 'secondary_capsule_vector': 39, 'dense_1': 512, 'dense_2': 512, 'epsilon': 0.030949398539146487, 'm_plus': 0.9176768219613953, 'm_minus': 0.1216686225760572, 'lambda_': 0.397649046207012, 'alpha': 0.008715675899356042, 'no_of_primary_capsules': 32, 'primary_capsule_vector': 8, 'no_of_secondary_capsules': 10}
Fitting individual 18/21 with genotype {'epochs': 3, 'r': 3, 'no_of_conv_kernels': 32, 'secondary_capsule_vector': 36, 'dense_1': 128, 'dense_2': 1536, 'epsilon': 0.020176274538827532, 'm_plus': 0.9177686038781654, 'm_minus': 0.07279241020058555, 'lambda_': 0.7171333946160381, 'alpha': 0.008872189176249054, 'no_of_primary_capsules': 32, 'primary_capsule_vector': 8, 'no_of_secondary_capsules': 10}
Fitting individual 19/21 with genotype {'epochs': 7, 'r': 2, 'no_of_conv_kernels': 32, 'secondary_capsule_vector': 16, 'dense_1': 4, 'dense_2': 1536, 'epsilon': 0.06004647082742655, 'm_plus': 0.9597670123479588, 'm_minus': 0.057018446487591114, 'lambda_': 0.6799789904010685, 'alpha': 0.0010325968195850463, 'no_of_primary_capsules': 32, 'primary_capsule_vector': 8, 'no_of_secondary_capsules': 10}
Fitting individual 20/21 with genotype {'epochs': 4, 'r': 2, 'no_of_conv_kernels': 128, 'secondary_capsule_vector': 45, 'dense_1': 4, 'dense_2': 1024, 'epsilon': 0.05117997369356028, 'm_plus': 0.9141399636255713, 'm_minus': 0.1606020301942391, 'lambda_': 0.5164611907513724, 'alpha': 0.009551364460384138, 'no_of_primary_capsules': 32, 'primary_capsule_vector': 8, 'no_of_secondary_capsules': 10}
Fitting individual 21/21 with genotype {'epochs': 4, 'r': 2, 'no_of_conv_kernels': 128, 'secondary_capsule_vector': 45, 'dense_1': 4, 'dense_2': 1536, 'epsilon': 0.06004647082742655, 'm_plus': 0.9597670123479588, 'm_minus': 0.057018446487591114, 'lambda_': 0.6799789904010685, 'alpha': 0.01, 'no_of_primary_capsules': 32, 'primary_capsule_vector': 8, 'no_of_secondary_capsules': 10}
Len of pop after selection : 10
=== Generation 9/10
Len of pop before manipulations : 10
crossover created 6 offspring(s)
mutation created 0 offspring(s)
local search created 3 offspring(s)
Len of pop after manipulations : 19
Fitting individual 1/19 with genotype {'epochs': 4, 'r': 2, 'no_of_conv_kernels': 128, 'secondary_capsule_vector': 45, 'dense_1': 4, 'dense_2': 1536, 'epsilon': 0.06004647082742655, 'm_plus': 0.9597670123479588, 'm_minus': 0.057018446487591114, 'lambda_': 0.6799789904010685, 'alpha': 0.0001, 'no_of_primary_capsules': 32, 'primary_capsule_vector': 8, 'no_of_secondary_capsules': 10}
Fitting individual 2/19 with genotype {'epochs': 6, 'r': 2, 'no_of_conv_kernels': 128, 'secondary_capsule_vector': 13, 'dense_1': 768, 'dense_2': 768, 'epsilon': 0.1, 'm_plus': 0.9581048772977776, 'm_minus': 0.17609596442592113, 'lambda_': 0.5358722642514158, 'alpha': 0.006020644724342893, 'no_of_primary_capsules': 32, 'primary_capsule_vector': 8, 'no_of_secondary_capsules': 10}
Fitting individual 3/19 with genotype {'epochs': 3, 'r': 2, 'no_of_conv_kernels': 32, 'secondary_capsule_vector': 30, 'dense_1': 256, 'dense_2': 1536, 'epsilon': 0.003175402196555987, 'm_plus': 0.9021393381256068, 'm_minus': 0.06402791851317265, 'lambda_': 0.2727563293038246, 'alpha': 0.00808388105144706, 'no_of_primary_capsules': 32, 'primary_capsule_vector': 8, 'no_of_secondary_capsules': 10}
Fitting individual 4/19 with genotype {'epochs': 5, 'r': 3, 'no_of_conv_kernels': 128, 'secondary_capsule_vector': 29, 'dense_1': 512, 'dense_2': 256, 'epsilon': 0.040510672698993985, 'm_plus': 0.9346853598070839, 'm_minus': 0.11223481323771387, 'lambda_': 0.6394465471104849, 'alpha': 0.00023068010223792563, 'no_of_primary_capsules': 32, 'primary_capsule_vector': 8, 'no_of_secondary_capsules': 10}
Fitting individual 5/19 with genotype {'epochs': 1, 'r': 2, 'no_of_conv_kernels': 3, 'secondary_capsule_vector': 7, 'dense_1': 4, 'dense_2': 768, 'epsilon': 0.03485369437512677, 'm_plus': 0.9403541431236102, 'm_minus': 0.09214406882423434, 'lambda_': 0.1774381990447234, 'alpha': 0.0001, 'no_of_primary_capsules': 32, 'primary_capsule_vector': 8, 'no_of_secondary_capsules': 10}
Fitting individual 6/19 with genotype {'epochs': 7, 'r': 2, 'no_of_conv_kernels': 3, 'secondary_capsule_vector': 16, 'dense_1': 4, 'dense_2': 1024, 'epsilon': 0.05117997369356028, 'm_plus': 0.9141399636255713, 'm_minus': 0.1606020301942391, 'lambda_': 0.5164611907513724, 'alpha': 0.009551364460384138, 'no_of_primary_capsules': 32, 'primary_capsule_vector': 8, 'no_of_secondary_capsules': 10}
Fitting individual 7/19 with genotype {'epochs': 7, 'r': 3, 'no_of_conv_kernels': 128, 'secondary_capsule_vector': 47, 'dense_1': 128, 'dense_2': 768, 'epsilon': 1e-07, 'm_plus': 0.9377297355709852, 'm_minus': 0.1302131368364202, 'lambda_': 0.24719085075258312, 'alpha': 0.005764575253142411, 'no_of_primary_capsules': 32, 'primary_capsule_vector': 8, 'no_of_secondary_capsules': 10}
Fitting individual 8/19 with genotype {'epochs': 5, 'r': 3, 'no_of_conv_kernels': 32, 'secondary_capsule_vector': 39, 'dense_1': 512, 'dense_2': 512, 'epsilon': 1e-07, 'm_plus': 0.9176768219613953, 'm_minus': 0.07279241020058555, 'lambda_': 0.7171333946160381, 'alpha': 0.008872189176249054, 'no_of_primary_capsules': 32, 'primary_capsule_vector': 8, 'no_of_secondary_capsules': 10}
Fitting individual 9/19 with genotype {'epochs': 3, 'r': 3, 'no_of_conv_kernels': 32, 'secondary_capsule_vector': 36, 'dense_1': 128, 'dense_2': 1536, 'epsilon': 0.020176274538827532, 'm_plus': 0.9177686038781654, 'm_minus': 0.1216686225760572, 'lambda_': 0.397649046207012, 'alpha': 0.008715675899356042, 'no_of_primary_capsules': 32, 'primary_capsule_vector': 8, 'no_of_secondary_capsules': 10}
Fitting individual 10/19 with genotype {'epochs': 3, 'r': 4, 'no_of_conv_kernels': 64, 'secondary_capsule_vector': 31, 'dense_1': 512, 'dense_2': 768, 'epsilon': 0.08038246754598144, 'm_plus': 0.924404860014705, 'm_minus': 0.167714053764196, 'lambda_': 0.700831066145644, 'alpha': 0.0049972863259236154, 'no_of_primary_capsules': 32, 'primary_capsule_vector': 8, 'no_of_secondary_capsules': 10}
Fitting individual 11/19 with genotype {'epochs': 3, 'r': 4, 'no_of_conv_kernels': 64, 'secondary_capsule_vector': 31, 'dense_1': 512, 'dense_2': 768, 'epsilon': 0.08038246754598144, 'm_plus': 0.9581048772977776, 'm_minus': 0.17609596442592113, 'lambda_': 0.5358722642514158, 'alpha': 0.006020644724342893, 'no_of_primary_capsules': 32, 'primary_capsule_vector': 8, 'no_of_secondary_capsules': 10}
Fitting individual 12/19 with genotype {'epochs': 6, 'r': 2, 'no_of_conv_kernels': 128, 'secondary_capsule_vector': 13, 'dense_1': 768, 'dense_2': 768, 'epsilon': 0.1, 'm_plus': 0.924404860014705, 'm_minus': 0.167714053764196, 'lambda_': 0.700831066145644, 'alpha': 0.0049972863259236154, 'no_of_primary_capsules': 32, 'primary_capsule_vector': 8, 'no_of_secondary_capsules': 10}
Fitting individual 13/19 with genotype {'epochs': 3, 'r': 3, 'no_of_conv_kernels': 32, 'secondary_capsule_vector': 36, 'dense_1': 128, 'dense_2': 1536, 'epsilon': 0.020176274538827532, 'm_plus': 0.9177686038781654, 'm_minus': 0.1216686225760572, 'lambda_': 0.397649046207012, 'alpha': 0.009551364460384138, 'no_of_primary_capsules': 32, 'primary_capsule_vector': 8, 'no_of_secondary_capsules': 10}
Fitting individual 14/19 with genotype {'epochs': 7, 'r': 2, 'no_of_conv_kernels': 32, 'secondary_capsule_vector': 16, 'dense_1': 4, 'dense_2': 1024, 'epsilon': 0.05117997369356028, 'm_plus': 0.9141399636255713, 'm_minus': 0.1606020301942391, 'lambda_': 0.5164611907513724, 'alpha': 0.008715675899356042, 'no_of_primary_capsules': 32, 'primary_capsule_vector': 8, 'no_of_secondary_capsules': 10}
Fitting individual 15/19 with genotype {'epochs': 1, 'r': 3, 'no_of_conv_kernels': 128, 'secondary_capsule_vector': 29, 'dense_1': 512, 'dense_2': 256, 'epsilon': 0.040510672698993985, 'm_plus': 0.9346853598070839, 'm_minus': 0.11223481323771387, 'lambda_': 0.6394465471104849, 'alpha': 0.00023068010223792563, 'no_of_primary_capsules': 32, 'primary_capsule_vector': 8, 'no_of_secondary_capsules': 10}
Fitting individual 16/19 with genotype {'epochs': 5, 'r': 2, 'no_of_conv_kernels': 3, 'secondary_capsule_vector': 7, 'dense_1': 4, 'dense_2': 768, 'epsilon': 0.03485369437512677, 'm_plus': 0.9403541431236102, 'm_minus': 0.09214406882423434, 'lambda_': 0.1774381990447234, 'alpha': 0.0001, 'no_of_primary_capsules': 32, 'primary_capsule_vector': 8, 'no_of_secondary_capsules': 10}
Fitting individual 17/19 with genotype {'epochs': 5, 'r': 3, 'no_of_conv_kernels': 32, 'secondary_capsule_vector': 39, 'dense_1': 512, 'dense_2': 512, 'epsilon': 1e-07, 'm_plus': 0.9176768219613953, 'm_minus': 0.07279241020058555, 'lambda_': 0.7171333946160381, 'alpha': 0.008872189176249054, 'no_of_primary_capsules': 32, 'primary_capsule_vector': 8, 'no_of_secondary_capsules': 10}
Fitting individual 18/19 with genotype {'epochs': 7, 'r': 2, 'no_of_conv_kernels': 3, 'secondary_capsule_vector': 16, 'dense_1': 4, 'dense_2': 1024, 'epsilon': 0.05117997369356028, 'm_plus': 0.9141399636255713, 'm_minus': 0.1606020301942391, 'lambda_': 0.5164611907513724, 'alpha': 0.009551364460384138, 'no_of_primary_capsules': 32, 'primary_capsule_vector': 8, 'no_of_secondary_capsules': 10}
Fitting individual 19/19 with genotype {'epochs': 4, 'r': 2, 'no_of_conv_kernels': 128, 'secondary_capsule_vector': 45, 'dense_1': 4, 'dense_2': 1536, 'epsilon': 0.06004647082742655, 'm_plus': 0.9597670123479588, 'm_minus': 0.057018446487591114, 'lambda_': 0.6799789904010685, 'alpha': 0.0001, 'no_of_primary_capsules': 32, 'primary_capsule_vector': 8, 'no_of_secondary_capsules': 10}
Len of pop after selection : 10
=== Generation 10/10
Len of pop before manipulations : 10
crossover created 6 offspring(s)
mutation created 1 offspring(s)
local search created 3 offspring(s)
Len of pop after manipulations : 20
Fitting individual 1/20 with genotype {'epochs': 6, 'r': 2, 'no_of_conv_kernels': 128, 'secondary_capsule_vector': 13, 'dense_1': 768, 'dense_2': 768, 'epsilon': 0.1, 'm_plus': 0.9581048772977776, 'm_minus': 0.17609596442592113, 'lambda_': 0.5358722642514158, 'alpha': 0.006020644724342893, 'no_of_primary_capsules': 32, 'primary_capsule_vector': 8, 'no_of_secondary_capsules': 10}
Validation loss is not decreasing anymore, risk of overfitting the model after 5 epochs. The training will be stopped. This behavior can be modified by setting the early_stop property of the model to False
Fitting individual 2/20 with genotype {'epochs': 3, 'r': 2, 'no_of_conv_kernels': 32, 'secondary_capsule_vector': 30, 'dense_1': 4, 'dense_2': 1536, 'epsilon': 0.003175402196555987, 'm_plus': 0.9021393381256068, 'm_minus': 0.06402791851317265, 'lambda_': 0.2727563293038246, 'alpha': 0.00808388105144706, 'no_of_primary_capsules': 32, 'primary_capsule_vector': 8, 'no_of_secondary_capsules': 10}
Fitting individual 3/20 with genotype {'epochs': 5, 'r': 3, 'no_of_conv_kernels': 128, 'secondary_capsule_vector': 29, 'dense_1': 512, 'dense_2': 256, 'epsilon': 0.040510672698993985, 'm_plus': 0.9346853598070839, 'm_minus': 0.11223481323771387, 'lambda_': 0.6394465471104849, 'alpha': 0.00023068010223792563, 'no_of_primary_capsules': 32, 'primary_capsule_vector': 8, 'no_of_secondary_capsules': 10}
Fitting individual 4/20 with genotype {'epochs': 4, 'r': 2, 'no_of_conv_kernels': 128, 'secondary_capsule_vector': 45, 'dense_1': 4, 'dense_2': 1536, 'epsilon': 0.06004647082742655, 'm_plus': 0.9597670123479588, 'm_minus': 0.057018446487591114, 'lambda_': 0.6799789904010685, 'alpha': 0.0001, 'no_of_primary_capsules': 32, 'primary_capsule_vector': 8, 'no_of_secondary_capsules': 10}
Fitting individual 5/20 with genotype {'epochs': 1, 'r': 2, 'no_of_conv_kernels': 3, 'secondary_capsule_vector': 7, 'dense_1': 4, 'dense_2': 768, 'epsilon': 0.03485369437512677, 'm_plus': 0.9403541431236102, 'm_minus': 0.09214406882423434, 'lambda_': 0.1774381990447234, 'alpha': 0.0001, 'no_of_primary_capsules': 32, 'primary_capsule_vector': 8, 'no_of_secondary_capsules': 10}
Fitting individual 6/20 with genotype {'epochs': 7, 'r': 3, 'no_of_conv_kernels': 128, 'secondary_capsule_vector': 47, 'dense_1': 128, 'dense_2': 768, 'epsilon': 1e-07, 'm_plus': 0.9377297355709852, 'm_minus': 0.1302131368364202, 'lambda_': 0.24719085075258312, 'alpha': 0.005764575253142411, 'no_of_primary_capsules': 32, 'primary_capsule_vector': 8, 'no_of_secondary_capsules': 10}
Fitting individual 7/20 with genotype {'epochs': 3, 'r': 3, 'no_of_conv_kernels': 32, 'secondary_capsule_vector': 36, 'dense_1': 128, 'dense_2': 1536, 'epsilon': 0.020176274538827532, 'm_plus': 0.9177686038781654, 'm_minus': 0.1216686225760572, 'lambda_': 0.397649046207012, 'alpha': 0.008715675899356042, 'no_of_primary_capsules': 32, 'primary_capsule_vector': 8, 'no_of_secondary_capsules': 10}
Fitting individual 8/20 with genotype {'epochs': 3, 'r': 4, 'no_of_conv_kernels': 64, 'secondary_capsule_vector': 31, 'dense_1': 512, 'dense_2': 7, 'epsilon': 0.08038246754598144, 'm_plus': 0.924404860014705, 'm_minus': 0.167714053764196, 'lambda_': 0.700831066145644, 'alpha': 0.0049972863259236154, 'no_of_primary_capsules': 32, 'primary_capsule_vector': 8, 'no_of_secondary_capsules': 10}
Fitting individual 9/20 with genotype {'epochs': 7, 'r': 2, 'no_of_conv_kernels': 3, 'secondary_capsule_vector': 16, 'dense_1': 4, 'dense_2': 1024, 'epsilon': 0.05117997369356028, 'm_plus': 0.9141399636255713, 'm_minus': 0.1606020301942391, 'lambda_': 0.5164611907513724, 'alpha': 0.009551364460384138, 'no_of_primary_capsules': 32, 'primary_capsule_vector': 8, 'no_of_secondary_capsules': 10}
Validation loss is not decreasing anymore, risk of overfitting the model after 7 epochs. The training will be stopped. This behavior can be modified by setting the early_stop property of the model to False
Fitting individual 10/20 with genotype {'epochs': 5, 'r': 3, 'no_of_conv_kernels': 32, 'secondary_capsule_vector': 39, 'dense_1': 512, 'dense_2': 512, 'epsilon': 1e-07, 'm_plus': 0.9545885702104319, 'm_minus': 0.07279241020058555, 'lambda_': 0.7171333946160381, 'alpha': 0.008872189176249054, 'no_of_primary_capsules': 32, 'primary_capsule_vector': 8, 'no_of_secondary_capsules': 10}
Fitting individual 11/20 with genotype {'epochs': 7, 'r': 2, 'no_of_conv_kernels': 128, 'secondary_capsule_vector': 13, 'dense_1': 768, 'dense_2': 768, 'epsilon': 0.1, 'm_plus': 0.9581048772977776, 'm_minus': 0.17609596442592113, 'lambda_': 0.5358722642514158, 'alpha': 0.006020644724342893, 'no_of_primary_capsules': 32, 'primary_capsule_vector': 8, 'no_of_secondary_capsules': 10}
Fitting individual 12/20 with genotype {'epochs': 6, 'r': 2, 'no_of_conv_kernels': 3, 'secondary_capsule_vector': 16, 'dense_1': 4, 'dense_2': 1024, 'epsilon': 0.05117997369356028, 'm_plus': 0.9141399636255713, 'm_minus': 0.1606020301942391, 'lambda_': 0.5164611907513724, 'alpha': 0.009551364460384138, 'no_of_primary_capsules': 32, 'primary_capsule_vector': 8, 'no_of_secondary_capsules': 10}
Fitting individual 13/20 with genotype {'epochs': 4, 'r': 2, 'no_of_conv_kernels': 128, 'secondary_capsule_vector': 45, 'dense_1': 4, 'dense_2': 1536, 'epsilon': 0.06004647082742655, 'm_plus': 0.9597670123479588, 'm_minus': 0.17609596442592113, 'lambda_': 0.5358722642514158, 'alpha': 0.006020644724342893, 'no_of_primary_capsules': 32, 'primary_capsule_vector': 8, 'no_of_secondary_capsules': 10}
Fitting individual 14/20 with genotype {'epochs': 6, 'r': 2, 'no_of_conv_kernels': 128, 'secondary_capsule_vector': 13, 'dense_1': 768, 'dense_2': 768, 'epsilon': 0.1, 'm_plus': 0.9581048772977776, 'm_minus': 0.057018446487591114, 'lambda_': 0.6799789904010685, 'alpha': 0.0001, 'no_of_primary_capsules': 32, 'primary_capsule_vector': 8, 'no_of_secondary_capsules': 10}
Validation loss is not decreasing anymore, risk of overfitting the model after 6 epochs. The training will be stopped. This behavior can be modified by setting the early_stop property of the model to False
Fitting individual 15/20 with genotype {'epochs': 7, 'r': 2, 'no_of_conv_kernels': 3, 'secondary_capsule_vector': 16, 'dense_1': 4, 'dense_2': 1024, 'epsilon': 0.05117997369356028, 'm_plus': 0.9141399636255713, 'm_minus': 0.1606020301942391, 'lambda_': 0.5164611907513724, 'alpha': 0.008715675899356042, 'no_of_primary_capsules': 32, 'primary_capsule_vector': 8, 'no_of_secondary_capsules': 10}
Fitting individual 16/20 with genotype {'epochs': 3, 'r': 3, 'no_of_conv_kernels': 32, 'secondary_capsule_vector': 36, 'dense_1': 128, 'dense_2': 1536, 'epsilon': 0.020176274538827532, 'm_plus': 0.9177686038781654, 'm_minus': 0.1216686225760572, 'lambda_': 0.397649046207012, 'alpha': 0.009551364460384138, 'no_of_primary_capsules': 32, 'primary_capsule_vector': 8, 'no_of_secondary_capsules': 10}
Fitting individual 17/20 with genotype {'epochs': 5, 'r': 3, 'no_of_conv_kernels': 32, 'secondary_capsule_vector': 39, 'dense_1': 512, 'dense_2': 512, 'epsilon': 1e-07, 'm_plus': 0.9545885702104319, 'm_minus': 0.07279241020058555, 'lambda_': 0.7171333946160381, 'alpha': 0.008872189176249054, 'no_of_primary_capsules': 32, 'primary_capsule_vector': 8, 'no_of_secondary_capsules': 10}
Fitting individual 18/20 with genotype {'epochs': 1, 'r': 2, 'no_of_conv_kernels': 3, 'secondary_capsule_vector': 7, 'dense_1': 4, 'dense_2': 768, 'epsilon': 0.03485369437512677, 'm_plus': 0.9403541431236102, 'm_minus': 0.09214406882423434, 'lambda_': 0.1774381990447234, 'alpha': 0.0001, 'no_of_primary_capsules': 32, 'primary_capsule_vector': 8, 'no_of_secondary_capsules': 10}
Fitting individual 19/20 with genotype {'epochs': 3, 'r': 4, 'no_of_conv_kernels': 64, 'secondary_capsule_vector': 31, 'dense_1': 512, 'dense_2': 7, 'epsilon': 0.08038246754598144, 'm_plus': 0.924404860014705, 'm_minus': 0.167714053764196, 'lambda_': 0.700831066145644, 'alpha': 0.0049972863259236154, 'no_of_primary_capsules': 32, 'primary_capsule_vector': 8, 'no_of_secondary_capsules': 10}
Fitting individual 20/20 with genotype {'epochs': 3, 'r': 2, 'no_of_conv_kernels': 32, 'secondary_capsule_vector': 30, 'dense_1': 4, 'dense_2': 1536, 'epsilon': 0.003175402196555987, 'm_plus': 0.9021393381256068, 'm_minus': 0.06402791851317265, 'lambda_': 0.2727563293038246, 'alpha': 0.00808388105144706, 'no_of_primary_capsules': 32, 'primary_capsule_vector': 8, 'no_of_secondary_capsules': 10}
Len of pop after selection : 10
Fitting individual 1/10 with genotype {'epochs': 3, 'r': 2, 'no_of_conv_kernels': 32, 'secondary_capsule_vector': 30, 'dense_1': 4, 'dense_2': 1536, 'epsilon': 0.003175402196555987, 'm_plus': 0.9021393381256068, 'm_minus': 0.06402791851317265, 'lambda_': 0.2727563293038246, 'alpha': 0.00808388105144706, 'no_of_primary_capsules': 32, 'primary_capsule_vector': 8, 'no_of_secondary_capsules': 10}
Fitting individual 2/10 with genotype {'epochs': 4, 'r': 2, 'no_of_conv_kernels': 128, 'secondary_capsule_vector': 45, 'dense_1': 4, 'dense_2': 1536, 'epsilon': 0.06004647082742655, 'm_plus': 0.9597670123479588, 'm_minus': 0.057018446487591114, 'lambda_': 0.6799789904010685, 'alpha': 0.0001, 'no_of_primary_capsules': 32, 'primary_capsule_vector': 8, 'no_of_secondary_capsules': 10}
Fitting individual 3/10 with genotype {'epochs': 7, 'r': 3, 'no_of_conv_kernels': 128, 'secondary_capsule_vector': 47, 'dense_1': 128, 'dense_2': 768, 'epsilon': 1e-07, 'm_plus': 0.9377297355709852, 'm_minus': 0.1302131368364202, 'lambda_': 0.24719085075258312, 'alpha': 0.005764575253142411, 'no_of_primary_capsules': 32, 'primary_capsule_vector': 8, 'no_of_secondary_capsules': 10}
Validation loss is not decreasing anymore, risk of overfitting the model after 7 epochs. The training will be stopped. This behavior can be modified by setting the early_stop property of the model to False
Fitting individual 4/10 with genotype {'epochs': 7, 'r': 2, 'no_of_conv_kernels': 3, 'secondary_capsule_vector': 16, 'dense_1': 4, 'dense_2': 1024, 'epsilon': 0.05117997369356028, 'm_plus': 0.9141399636255713, 'm_minus': 0.1606020301942391, 'lambda_': 0.5164611907513724, 'alpha': 0.009551364460384138, 'no_of_primary_capsules': 32, 'primary_capsule_vector': 8, 'no_of_secondary_capsules': 10}
Fitting individual 5/10 with genotype {'epochs': 5, 'r': 2, 'no_of_conv_kernels': 128, 'secondary_capsule_vector': 13, 'dense_1': 768, 'dense_2': 768, 'epsilon': 0.1, 'm_plus': 0.9581048772977776, 'm_minus': 0.17609596442592113, 'lambda_': 0.5358722642514158, 'alpha': 0.006020644724342893, 'no_of_primary_capsules': 32, 'primary_capsule_vector': 8, 'no_of_secondary_capsules': 10}
Fitting individual 6/10 with genotype {'epochs': 1, 'r': 2, 'no_of_conv_kernels': 3, 'secondary_capsule_vector': 7, 'dense_1': 4, 'dense_2': 768, 'epsilon': 0.03485369437512677, 'm_plus': 0.9403541431236102, 'm_minus': 0.09214406882423434, 'lambda_': 0.1774381990447234, 'alpha': 0.0001, 'no_of_primary_capsules': 32, 'primary_capsule_vector': 8, 'no_of_secondary_capsules': 10}
Fitting individual 7/10 with genotype {'epochs': 5, 'r': 3, 'no_of_conv_kernels': 32, 'secondary_capsule_vector': 39, 'dense_1': 512, 'dense_2': 512, 'epsilon': 1e-07, 'm_plus': 0.9545885702104319, 'm_minus': 0.07279241020058555, 'lambda_': 0.7171333946160381, 'alpha': 0.008872189176249054, 'no_of_primary_capsules': 32, 'primary_capsule_vector': 8, 'no_of_secondary_capsules': 10}
Fitting individual 8/10 with genotype {'epochs': 5, 'r': 3, 'no_of_conv_kernels': 128, 'secondary_capsule_vector': 29, 'dense_1': 512, 'dense_2': 256, 'epsilon': 0.040510672698993985, 'm_plus': 0.9346853598070839, 'm_minus': 0.11223481323771387, 'lambda_': 0.6394465471104849, 'alpha': 0.00023068010223792563, 'no_of_primary_capsules': 32, 'primary_capsule_vector': 8, 'no_of_secondary_capsules': 10}
Fitting individual 9/10 with genotype {'epochs': 3, 'r': 3, 'no_of_conv_kernels': 32, 'secondary_capsule_vector': 36, 'dense_1': 128, 'dense_2': 1536, 'epsilon': 0.020176274538827532, 'm_plus': 0.9177686038781654, 'm_minus': 0.1216686225760572, 'lambda_': 0.397649046207012, 'alpha': 0.008715675899356042, 'no_of_primary_capsules': 32, 'primary_capsule_vector': 8, 'no_of_secondary_capsules': 10}
Fitting individual 10/10 with genotype {'epochs': 3, 'r': 4, 'no_of_conv_kernels': 64, 'secondary_capsule_vector': 31, 'dense_1': 512, 'dense_2': 7, 'epsilon': 0.08038246754598144, 'm_plus': 0.924404860014705, 'm_minus': 0.167714053764196, 'lambda_': 0.700831066145644, 'alpha': 0.0049972863259236154, 'no_of_primary_capsules': 32, 'primary_capsule_vector': 8, 'no_of_secondary_capsules': 10}
Saving GA metrics under mnist1-hpc/generations_metrics.png
Optimal solution(s):
[{'epochs': 3, 'r': 2, 'no_of_conv_kernels': 32, 'secondary_capsule_vector': 30, 'dense_1': 4, 'dense_2': 1536, 'epsilon': 0.003175402196555987, 'm_plus': 0.9021393381256068, 'm_minus': 0.06402791851317265, 'lambda_': 0.2727563293038246, 'alpha': 0.00808388105144706, 'no_of_primary_capsules': 32, 'primary_capsule_vector': 8, 'no_of_secondary_capsules': 10}, {'epochs': 4, 'r': 2, 'no_of_conv_kernels': 128, 'secondary_capsule_vector': 45, 'dense_1': 4, 'dense_2': 1536, 'epsilon': 0.06004647082742655, 'm_plus': 0.9597670123479588, 'm_minus': 0.057018446487591114, 'lambda_': 0.6799789904010685, 'alpha': 0.0001, 'no_of_primary_capsules': 32, 'primary_capsule_vector': 8, 'no_of_secondary_capsules': 10}, {'epochs': 7, 'r': 2, 'no_of_conv_kernels': 3, 'secondary_capsule_vector': 16, 'dense_1': 4, 'dense_2': 1024, 'epsilon': 0.05117997369356028, 'm_plus': 0.9141399636255713, 'm_minus': 0.1606020301942391, 'lambda_': 0.5164611907513724, 'alpha': 0.009551364460384138, 'no_of_primary_capsules': 32, 'primary_capsule_vector': 8, 'no_of_secondary_capsules': 10}, {'epochs': 5, 'r': 2, 'no_of_conv_kernels': 128, 'secondary_capsule_vector': 13, 'dense_1': 768, 'dense_2': 768, 'epsilon': 0.1, 'm_plus': 0.9581048772977776, 'm_minus': 0.17609596442592113, 'lambda_': 0.5358722642514158, 'alpha': 0.006020644724342893, 'no_of_primary_capsules': 32, 'primary_capsule_vector': 8, 'no_of_secondary_capsules': 10}, {'epochs': 5, 'r': 3, 'no_of_conv_kernels': 128, 'secondary_capsule_vector': 29, 'dense_1': 512, 'dense_2': 256, 'epsilon': 0.040510672698993985, 'm_plus': 0.9346853598070839, 'm_minus': 0.11223481323771387, 'lambda_': 0.6394465471104849, 'alpha': 0.00023068010223792563, 'no_of_primary_capsules': 32, 'primary_capsule_vector': 8, 'no_of_secondary_capsules': 10}]
______________
Fitness values:
  Inference    Accuracy
[[6.54152346 0.944     ]
 [6.54565716 0.96      ]
 [6.50926876 0.906     ]
 [6.56360674 0.966     ]
 [9.7165761  0.97      ]]
=== GA done in : 2:56:50.394920 ===
Saving GA solutions under mnist1-hpc/solutions_metrics.png
