=== Generation 1/10
Len of pop before manipulations : 10
crossover created 6 offspring(s)
mutation created 1 offspring(s)
local search created 3 offspring(s)
Len of pop after manipulations : 20
Fitting individual 1/20 with genotype {'epochs': 9, 'r': 3, 'no_of_conv_kernels': 32, 'secondary_capsule_vector': 28, 'dense_1': 512, 'dense_2': 768, 'epsilon': 0.039738719314782386, 'm_plus': 0.9819952993250837, 'm_minus': 0.16632644925401363, 'lambda_': 0.6957940687872921, 'alpha': 0.0015343378295016711, 'no_of_primary_capsules': 32, 'primary_capsule_vector': 8, 'no_of_secondary_capsules': 10}
Validation loss is not decreasing anymore, risk of overfitting the model after 7 epochs. The training will be stopped. This behavior can be modified by setting the early_stop property of the model to False
Fitting individual 2/20 with genotype {'epochs': 2, 'r': 2, 'no_of_conv_kernels': 128, 'secondary_capsule_vector': 30, 'dense_1': 512, 'dense_2': 1792, 'epsilon': 0.054628566500097855, 'm_plus': 0.980544831337185, 'm_minus': 0.10191635108989067, 'lambda_': 0.7931549883353011, 'alpha': 0.001553261681705732, 'no_of_primary_capsules': 32, 'primary_capsule_vector': 8, 'no_of_secondary_capsules': 10}
Fitting individual 3/20 with genotype {'epochs': 6, 'r': 4, 'no_of_conv_kernels': 32, 'secondary_capsule_vector': 2, 'dense_1': 512, 'dense_2': 256, 'epsilon': 0.019078068245932264, 'm_plus': 0.9075878688627733, 'm_minus': 0.07370837211478241, 'lambda_': 0.8510286123063092, 'alpha': 0.0005853918277859762, 'no_of_primary_capsules': 32, 'primary_capsule_vector': 8, 'no_of_secondary_capsules': 10}
Fitting individual 4/20 with genotype {'epochs': 4, 'r': 3, 'no_of_conv_kernels': 32, 'secondary_capsule_vector': 2, 'dense_1': 4, 'dense_2': 768, 'epsilon': 0.08583814652114959, 'm_plus': 0.9201821139178585, 'm_minus': 0.11541286389364074, 'lambda_': 0.8690320022587614, 'alpha': 0.005475408339919397, 'no_of_primary_capsules': 32, 'primary_capsule_vector': 8, 'no_of_secondary_capsules': 10}
Fitting individual 5/20 with genotype {'epochs': 5, 'r': 2, 'no_of_conv_kernels': 32, 'secondary_capsule_vector': 45, 'dense_1': 768, 'dense_2': 512, 'epsilon': 0.09144645927449065, 'm_plus': 0.9583833845306751, 'm_minus': 0.07255619419697293, 'lambda_': 0.5303968839409959, 'alpha': 0.008726600098949207, 'no_of_primary_capsules': 32, 'primary_capsule_vector': 8, 'no_of_secondary_capsules': 10}
Validation loss is not decreasing anymore, risk of overfitting the model after 5 epochs. The training will be stopped. This behavior can be modified by setting the early_stop property of the model to False
Fitting individual 6/20 with genotype {'epochs': 6, 'r': 4, 'no_of_conv_kernels': 64, 'secondary_capsule_vector': 4, 'dense_1': 128, 'dense_2': 1024, 'epsilon': 0.04366983182339226, 'm_plus': 0.9395368481064165, 'm_minus': 0.17683621141681583, 'lambda_': 0.8323788958197259, 'alpha': 0.004570857582425407, 'no_of_primary_capsules': 32, 'primary_capsule_vector': 8, 'no_of_secondary_capsules': 10}
Fitting individual 7/20 with genotype {'epochs': 5, 'r': 3, 'no_of_conv_kernels': 128, 'secondary_capsule_vector': 21, 'dense_1': 256, 'dense_2': 1280, 'epsilon': 0.06877318934891824, 'm_plus': 0.9354810164652153, 'm_minus': 0.05737988066643303, 'lambda_': 0.5120007879578939, 'alpha': 0.00744344564568264, 'no_of_primary_capsules': 32, 'primary_capsule_vector': 8, 'no_of_secondary_capsules': 10}
Fitting individual 8/20 with genotype {'epochs': 8, 'r': 4, 'no_of_conv_kernels': 128, 'secondary_capsule_vector': 19, 'dense_1': 256, 'dense_2': 768, 'epsilon': 0.046792307264737446, 'm_plus': 0.9791727377438584, 'm_minus': 0.17103585142462663, 'lambda_': 0.5272572744318758, 'alpha': 0.009357219669210846, 'no_of_primary_capsules': 32, 'primary_capsule_vector': 8, 'no_of_secondary_capsules': 10}
Validation loss is not decreasing anymore, risk of overfitting the model after 8 epochs. The training will be stopped. This behavior can be modified by setting the early_stop property of the model to False
Fitting individual 9/20 with genotype {'epochs': 1, 'r': 3, 'no_of_conv_kernels': 128, 'secondary_capsule_vector': 45, 'dense_1': 128, 'dense_2': 7, 'epsilon': 0.034691983155876044, 'm_plus': 0.951531849546987, 'm_minus': 0.0732933337223508, 'lambda_': 0.6088299740209725, 'alpha': 0.001057424558893183, 'no_of_primary_capsules': 32, 'primary_capsule_vector': 8, 'no_of_secondary_capsules': 10}
Fitting individual 10/20 with genotype {'epochs': 7, 'r': 2, 'no_of_conv_kernels': 128, 'secondary_capsule_vector': 7, 'dense_1': 128, 'dense_2': 768, 'epsilon': 0.02859423515849197, 'm_plus': 0.9148511158677052, 'm_minus': 0.09942872473597014, 'lambda_': 0.7576084245977581, 'alpha': 0.0069280335859258, 'no_of_primary_capsules': 32, 'primary_capsule_vector': 8, 'no_of_secondary_capsules': 10}
Fitting individual 11/20 with genotype {'epochs': 9, 'r': 3, 'no_of_conv_kernels': 32, 'secondary_capsule_vector': 28, 'dense_1': 512, 'dense_2': 768, 'epsilon': 0.039738719314782386, 'm_plus': 0.9148511158677052, 'm_minus': 0.09942872473597014, 'lambda_': 0.7576084245977581, 'alpha': 0.0069280335859258, 'no_of_primary_capsules': 32, 'primary_capsule_vector': 8, 'no_of_secondary_capsules': 10}
Validation loss is not decreasing anymore, risk of overfitting the model after 8 epochs. The training will be stopped. This behavior can be modified by setting the early_stop property of the model to False
Fitting individual 12/20 with genotype {'epochs': 7, 'r': 2, 'no_of_conv_kernels': 128, 'secondary_capsule_vector': 7, 'dense_1': 128, 'dense_2': 768, 'epsilon': 0.02859423515849197, 'm_plus': 0.9819952993250837, 'm_minus': 0.16632644925401363, 'lambda_': 0.6957940687872921, 'alpha': 0.0015343378295016711, 'no_of_primary_capsules': 32, 'primary_capsule_vector': 8, 'no_of_secondary_capsules': 10}
Fitting individual 13/20 with genotype {'epochs': 2, 'r': 3, 'no_of_conv_kernels': 32, 'secondary_capsule_vector': 2, 'dense_1': 768, 'dense_2': 768, 'epsilon': 0.08583814652114959, 'm_plus': 0.9201821139178585, 'm_minus': 0.11541286389364074, 'lambda_': 0.8690320022587614, 'alpha': 0.005475408339919397, 'no_of_primary_capsules': 32, 'primary_capsule_vector': 8, 'no_of_secondary_capsules': 10}
Fitting individual 14/20 with genotype {'epochs': 4, 'r': 2, 'no_of_conv_kernels': 128, 'secondary_capsule_vector': 30, 'dense_1': 512, 'dense_2': 1792, 'epsilon': 0.054628566500097855, 'm_plus': 0.980544831337185, 'm_minus': 0.10191635108989067, 'lambda_': 0.7931549883353011, 'alpha': 0.001553261681705732, 'no_of_primary_capsules': 32, 'primary_capsule_vector': 8, 'no_of_secondary_capsules': 10}
Fitting individual 15/20 with genotype {'epochs': 2, 'r': 2, 'no_of_conv_kernels': 128, 'secondary_capsule_vector': 30, 'dense_1': 512, 'dense_2': 1792, 'epsilon': 0.054628566500097855, 'm_plus': 0.9395368481064165, 'm_minus': 0.17683621141681583, 'lambda_': 0.8323788958197259, 'alpha': 0.004570857582425407, 'no_of_primary_capsules': 32, 'primary_capsule_vector': 8, 'no_of_secondary_capsules': 10}
Fitting individual 16/20 with genotype {'epochs': 6, 'r': 4, 'no_of_conv_kernels': 64, 'secondary_capsule_vector': 4, 'dense_1': 128, 'dense_2': 1024, 'epsilon': 0.04366983182339226, 'm_plus': 0.980544831337185, 'm_minus': 0.10191635108989067, 'lambda_': 0.7931549883353011, 'alpha': 0.001553261681705732, 'no_of_primary_capsules': 32, 'primary_capsule_vector': 8, 'no_of_secondary_capsules': 10}
Fitting individual 17/20 with genotype {'epochs': 9, 'r': 3, 'no_of_conv_kernels': 32, 'secondary_capsule_vector': 28, 'dense_1': 512, 'dense_2': 768, 'epsilon': 0.039738719314782386, 'm_plus': 0.9819952993250837, 'm_minus': 0.16632644925401363, 'lambda_': 0.6957940687872921, 'alpha': 0.0015343378295016711, 'no_of_primary_capsules': 32, 'primary_capsule_vector': 8, 'no_of_secondary_capsules': 10}
Fitting individual 18/20 with genotype {'epochs': 4, 'r': 3, 'no_of_conv_kernels': 32, 'secondary_capsule_vector': 2, 'dense_1': 4, 'dense_2': 768, 'epsilon': 0.08583814652114959, 'm_plus': 0.9201821139178585, 'm_minus': 0.11541286389364074, 'lambda_': 0.8690320022587614, 'alpha': 0.005475408339919397, 'no_of_primary_capsules': 32, 'primary_capsule_vector': 8, 'no_of_secondary_capsules': 10}
Fitting individual 19/20 with genotype {'epochs': 5, 'r': 3, 'no_of_conv_kernels': 128, 'secondary_capsule_vector': 21, 'dense_1': 256, 'dense_2': 1280, 'epsilon': 0.06877318934891824, 'm_plus': 0.9354810164652153, 'm_minus': 0.05737988066643303, 'lambda_': 0.5120007879578939, 'alpha': 0.00744344564568264, 'no_of_primary_capsules': 32, 'primary_capsule_vector': 8, 'no_of_secondary_capsules': 10}
Fitting individual 20/20 with genotype {'epochs': 1, 'r': 3, 'no_of_conv_kernels': 128, 'secondary_capsule_vector': 45, 'dense_1': 128, 'dense_2': 7, 'epsilon': 0.034691983155876044, 'm_plus': 0.951531849546987, 'm_minus': 0.0732933337223508, 'lambda_': 0.6088299740209725, 'alpha': 0.001057424558893183, 'no_of_primary_capsules': 32, 'primary_capsule_vector': 8, 'no_of_secondary_capsules': 10}
Len of pop after selection : 10
=== Generation 2/10
Len of pop before manipulations : 10
crossover created 8 offspring(s)
mutation created 1 offspring(s)
local search created 3 offspring(s)
Len of pop after manipulations : 22
Fitting individual 1/22 with genotype {'epochs': 7, 'r': 2, 'no_of_conv_kernels': 128, 'secondary_capsule_vector': 7, 'dense_1': 128, 'dense_2': 768, 'epsilon': 0.02859423515849197, 'm_plus': 0.9148511158677052, 'm_minus': 0.09942872473597014, 'lambda_': 0.7576084245977581, 'alpha': 0.0069280335859258, 'no_of_primary_capsules': 32, 'primary_capsule_vector': 8, 'no_of_secondary_capsules': 10}
Validation loss is not decreasing anymore, risk of overfitting the model after 6 epochs. The training will be stopped. This behavior can be modified by setting the early_stop property of the model to False
Fitting individual 2/22 with genotype {'epochs': 7, 'r': 4, 'no_of_conv_kernels': 32, 'secondary_capsule_vector': 28, 'dense_1': 512, 'dense_2': 768, 'epsilon': 0.039738719314782386, 'm_plus': 0.9819952993250837, 'm_minus': 0.16632644925401363, 'lambda_': 0.6957940687872921, 'alpha': 0.0015343378295016711, 'no_of_primary_capsules': 32, 'primary_capsule_vector': 8, 'no_of_secondary_capsules': 10}
Fitting individual 3/22 with genotype {'epochs': 5, 'r': 2, 'no_of_conv_kernels': 32, 'secondary_capsule_vector': 45, 'dense_1': 768, 'dense_2': 512, 'epsilon': 0.09144645927449065, 'm_plus': 0.9583833845306751, 'm_minus': 0.07255619419697293, 'lambda_': 0.5303968839409959, 'alpha': 0.008726600098949207, 'no_of_primary_capsules': 32, 'primary_capsule_vector': 8, 'no_of_secondary_capsules': 10}
Fitting individual 4/22 with genotype {'epochs': 5, 'r': 3, 'no_of_conv_kernels': 128, 'secondary_capsule_vector': 21, 'dense_1': 256, 'dense_2': 1280, 'epsilon': 0.06877318934891824, 'm_plus': 0.9354810164652153, 'm_minus': 0.05737988066643303, 'lambda_': 0.5120007879578939, 'alpha': 0.00744344564568264, 'no_of_primary_capsules': 32, 'primary_capsule_vector': 8, 'no_of_secondary_capsules': 10}
Fitting individual 5/22 with genotype {'epochs': 2, 'r': 2, 'no_of_conv_kernels': 128, 'secondary_capsule_vector': 30, 'dense_1': 4, 'dense_2': 1792, 'epsilon': 0.054628566500097855, 'm_plus': 0.980544831337185, 'm_minus': 0.10191635108989067, 'lambda_': 0.7931549883353011, 'alpha': 0.001553261681705732, 'no_of_primary_capsules': 32, 'primary_capsule_vector': 8, 'no_of_secondary_capsules': 10}
Fitting individual 6/22 with genotype {'epochs': 4, 'r': 3, 'no_of_conv_kernels': 32, 'secondary_capsule_vector': 2, 'dense_1': 4, 'dense_2': 768, 'epsilon': 0.08583814652114959, 'm_plus': 0.9201821139178585, 'm_minus': 0.11541286389364074, 'lambda_': 0.8690320022587614, 'alpha': 0.005475408339919397, 'no_of_primary_capsules': 32, 'primary_capsule_vector': 8, 'no_of_secondary_capsules': 10}
Fitting individual 7/22 with genotype {'epochs': 6, 'r': 4, 'no_of_conv_kernels': 64, 'secondary_capsule_vector': 4, 'dense_1': 4, 'dense_2': 1024, 'epsilon': 0.04366983182339226, 'm_plus': 0.9395368481064165, 'm_minus': 0.17683621141681583, 'lambda_': 0.8323788958197259, 'alpha': 0.004570857582425407, 'no_of_primary_capsules': 32, 'primary_capsule_vector': 8, 'no_of_secondary_capsules': 10}
Fitting individual 8/22 with genotype {'epochs': 8, 'r': 4, 'no_of_conv_kernels': 128, 'secondary_capsule_vector': 19, 'dense_1': 256, 'dense_2': 768, 'epsilon': 0.046792307264737446, 'm_plus': 0.9791727377438584, 'm_minus': 0.17103585142462663, 'lambda_': 0.5272572744318758, 'alpha': 0.009357219669210846, 'no_of_primary_capsules': 32, 'primary_capsule_vector': 8, 'no_of_secondary_capsules': 10}
Fitting individual 9/22 with genotype {'epochs': 1, 'r': 3, 'no_of_conv_kernels': 128, 'secondary_capsule_vector': 45, 'dense_1': 128, 'dense_2': 7, 'epsilon': 0.034691983155876044, 'm_plus': 0.951531849546987, 'm_minus': 0.0732933337223508, 'lambda_': 0.6088299740209725, 'alpha': 0.001057424558893183, 'no_of_primary_capsules': 32, 'primary_capsule_vector': 8, 'no_of_secondary_capsules': 10}
Fitting individual 10/22 with genotype {'epochs': 6, 'r': 4, 'no_of_conv_kernels': 32, 'secondary_capsule_vector': 2, 'dense_1': 512, 'dense_2': 256, 'epsilon': 0.019078068245932264, 'm_plus': 0.9075878688627733, 'm_minus': 0.07370837211478241, 'lambda_': 0.8510286123063092, 'alpha': 0.0005853918277859762, 'no_of_primary_capsules': 32, 'primary_capsule_vector': 8, 'no_of_secondary_capsules': 10}
Fitting individual 11/22 with genotype {'epochs': 5, 'r': 2, 'no_of_conv_kernels': 32, 'secondary_capsule_vector': 45, 'dense_1': 768, 'dense_2': 512, 'epsilon': 0.09144645927449065, 'm_plus': 0.9583833845306751, 'm_minus': 0.07255619419697293, 'lambda_': 0.5303968839409959, 'alpha': 0.005475408339919397, 'no_of_primary_capsules': 32, 'primary_capsule_vector': 8, 'no_of_secondary_capsules': 10}
Fitting individual 12/22 with genotype {'epochs': 4, 'r': 3, 'no_of_conv_kernels': 32, 'secondary_capsule_vector': 2, 'dense_1': 4, 'dense_2': 768, 'epsilon': 0.08583814652114959, 'm_plus': 0.9201821139178585, 'm_minus': 0.11541286389364074, 'lambda_': 0.8690320022587614, 'alpha': 0.008726600098949207, 'no_of_primary_capsules': 32, 'primary_capsule_vector': 8, 'no_of_secondary_capsules': 10}
Fitting individual 13/22 with genotype {'epochs': 5, 'r': 3, 'no_of_conv_kernels': 128, 'secondary_capsule_vector': 21, 'dense_1': 256, 'dense_2': 1280, 'epsilon': 0.06877318934891824, 'm_plus': 0.9354810164652153, 'm_minus': 0.07370837211478241, 'lambda_': 0.8510286123063092, 'alpha': 0.0005853918277859762, 'no_of_primary_capsules': 32, 'primary_capsule_vector': 8, 'no_of_secondary_capsules': 10}
Fitting individual 14/22 with genotype {'epochs': 6, 'r': 4, 'no_of_conv_kernels': 32, 'secondary_capsule_vector': 2, 'dense_1': 512, 'dense_2': 256, 'epsilon': 0.019078068245932264, 'm_plus': 0.9075878688627733, 'm_minus': 0.05737988066643303, 'lambda_': 0.5120007879578939, 'alpha': 0.00744344564568264, 'no_of_primary_capsules': 32, 'primary_capsule_vector': 8, 'no_of_secondary_capsules': 10}
Fitting individual 15/22 with genotype {'epochs': 6, 'r': 4, 'no_of_conv_kernels': 64, 'secondary_capsule_vector': 4, 'dense_1': 128, 'dense_2': 1024, 'epsilon': 0.04366983182339226, 'm_plus': 0.9395368481064165, 'm_minus': 0.17683621141681583, 'lambda_': 0.8510286123063092, 'alpha': 0.0005853918277859762, 'no_of_primary_capsules': 32, 'primary_capsule_vector': 8, 'no_of_secondary_capsules': 10}
Fitting individual 16/22 with genotype {'epochs': 6, 'r': 4, 'no_of_conv_kernels': 32, 'secondary_capsule_vector': 2, 'dense_1': 512, 'dense_2': 256, 'epsilon': 0.019078068245932264, 'm_plus': 0.9075878688627733, 'm_minus': 0.07370837211478241, 'lambda_': 0.8323788958197259, 'alpha': 0.004570857582425407, 'no_of_primary_capsules': 32, 'primary_capsule_vector': 8, 'no_of_secondary_capsules': 10}
Fitting individual 17/22 with genotype {'epochs': 4, 'r': 3, 'no_of_conv_kernels': 128, 'secondary_capsule_vector': 21, 'dense_1': 256, 'dense_2': 1280, 'epsilon': 0.06877318934891824, 'm_plus': 0.9354810164652153, 'm_minus': 0.05737988066643303, 'lambda_': 0.5120007879578939, 'alpha': 0.00744344564568264, 'no_of_primary_capsules': 32, 'primary_capsule_vector': 8, 'no_of_secondary_capsules': 10}
Fitting individual 18/22 with genotype {'epochs': 5, 'r': 3, 'no_of_conv_kernels': 32, 'secondary_capsule_vector': 2, 'dense_1': 4, 'dense_2': 768, 'epsilon': 0.08583814652114959, 'm_plus': 0.9201821139178585, 'm_minus': 0.11541286389364074, 'lambda_': 0.8690320022587614, 'alpha': 0.005475408339919397, 'no_of_primary_capsules': 32, 'primary_capsule_vector': 8, 'no_of_secondary_capsules': 10}
Fitting individual 19/22 with genotype {'epochs': 7, 'r': 4, 'no_of_conv_kernels': 32, 'secondary_capsule_vector': 28, 'dense_1': 512, 'dense_2': 768, 'epsilon': 0.039738719314782386, 'm_plus': 0.9819952993250837, 'm_minus': 0.16632644925401363, 'lambda_': 0.6957940687872921, 'alpha': 0.0015343378295016711, 'no_of_primary_capsules': 32, 'primary_capsule_vector': 8, 'no_of_secondary_capsules': 10}
Validation loss is not decreasing anymore, risk of overfitting the model after 7 epochs. The training will be stopped. This behavior can be modified by setting the early_stop property of the model to False
Fitting individual 20/22 with genotype {'epochs': 2, 'r': 2, 'no_of_conv_kernels': 128, 'secondary_capsule_vector': 30, 'dense_1': 4, 'dense_2': 1792, 'epsilon': 0.054628566500097855, 'm_plus': 0.980544831337185, 'm_minus': 0.10191635108989067, 'lambda_': 0.7931549883353011, 'alpha': 0.001553261681705732, 'no_of_primary_capsules': 32, 'primary_capsule_vector': 8, 'no_of_secondary_capsules': 10}
Fitting individual 21/22 with genotype {'epochs': 6, 'r': 4, 'no_of_conv_kernels': 64, 'secondary_capsule_vector': 4, 'dense_1': 4, 'dense_2': 1024, 'epsilon': 0.04366983182339226, 'm_plus': 0.9395368481064165, 'm_minus': 0.17683621141681583, 'lambda_': 0.8323788958197259, 'alpha': 0.004570857582425407, 'no_of_primary_capsules': 32, 'primary_capsule_vector': 8, 'no_of_secondary_capsules': 10}
Fitting individual 22/22 with genotype {'epochs': 4, 'r': 3, 'no_of_conv_kernels': 32, 'secondary_capsule_vector': 2, 'dense_1': 4, 'dense_2': 768, 'epsilon': 0.08583814652114959, 'm_plus': 0.9201821139178585, 'm_minus': 0.11541286389364074, 'lambda_': 0.8690320022587614, 'alpha': 0.005475408339919397, 'no_of_primary_capsules': 32, 'primary_capsule_vector': 8, 'no_of_secondary_capsules': 10}
Len of pop after selection : 10
=== Generation 3/10
Len of pop before manipulations : 10
crossover created 8 offspring(s)
mutation created 0 offspring(s)
local search created 2 offspring(s)
Len of pop after manipulations : 20
Fitting individual 1/20 with genotype {'epochs': 6, 'r': 2, 'no_of_conv_kernels': 128, 'secondary_capsule_vector': 7, 'dense_1': 128, 'dense_2': 768, 'epsilon': 0.02859423515849197, 'm_plus': 0.9148511158677052, 'm_minus': 0.09942872473597014, 'lambda_': 0.7576084245977581, 'alpha': 0.0069280335859258, 'no_of_primary_capsules': 32, 'primary_capsule_vector': 8, 'no_of_secondary_capsules': 10}
Fitting individual 2/20 with genotype {'epochs': 5, 'r': 2, 'no_of_conv_kernels': 32, 'secondary_capsule_vector': 45, 'dense_1': 768, 'dense_2': 512, 'epsilon': 0.09144645927449065, 'm_plus': 0.9583833845306751, 'm_minus': 0.07255619419697293, 'lambda_': 0.5303968839409959, 'alpha': 0.008726600098949207, 'no_of_primary_capsules': 32, 'primary_capsule_vector': 8, 'no_of_secondary_capsules': 10}
Fitting individual 3/20 with genotype {'epochs': 5, 'r': 3, 'no_of_conv_kernels': 128, 'secondary_capsule_vector': 21, 'dense_1': 256, 'dense_2': 1280, 'epsilon': 0.06877318934891824, 'm_plus': 0.9354810164652153, 'm_minus': 0.05737988066643303, 'lambda_': 0.5120007879578939, 'alpha': 0.00744344564568264, 'no_of_primary_capsules': 32, 'primary_capsule_vector': 8, 'no_of_secondary_capsules': 10}
Fitting individual 4/20 with genotype {'epochs': 2, 'r': 2, 'no_of_conv_kernels': 128, 'secondary_capsule_vector': 30, 'dense_1': 4, 'dense_2': 1792, 'epsilon': 0.054628566500097855, 'm_plus': 0.980544831337185, 'm_minus': 0.10191635108989067, 'lambda_': 0.7931549883353011, 'alpha': 0.001553261681705732, 'no_of_primary_capsules': 32, 'primary_capsule_vector': 8, 'no_of_secondary_capsules': 10}
Fitting individual 5/20 with genotype {'epochs': 4, 'r': 3, 'no_of_conv_kernels': 32, 'secondary_capsule_vector': 2, 'dense_1': 4, 'dense_2': 768, 'epsilon': 0.08583814652114959, 'm_plus': 0.9201821139178585, 'm_minus': 0.11541286389364074, 'lambda_': 0.8690320022587614, 'alpha': 0.005475408339919397, 'no_of_primary_capsules': 32, 'primary_capsule_vector': 8, 'no_of_secondary_capsules': 10}
Fitting individual 6/20 with genotype {'epochs': 8, 'r': 4, 'no_of_conv_kernels': 128, 'secondary_capsule_vector': 19, 'dense_1': 256, 'dense_2': 768, 'epsilon': 0.046792307264737446, 'm_plus': 0.9791727377438584, 'm_minus': 0.2, 'lambda_': 0.5272572744318758, 'alpha': 0.009357219669210846, 'no_of_primary_capsules': 32, 'primary_capsule_vector': 8, 'no_of_secondary_capsules': 10}
Validation loss is not decreasing anymore, risk of overfitting the model after 8 epochs. The training will be stopped. This behavior can be modified by setting the early_stop property of the model to False
Fitting individual 7/20 with genotype {'epochs': 1, 'r': 3, 'no_of_conv_kernels': 128, 'secondary_capsule_vector': 45, 'dense_1': 128, 'dense_2': 7, 'epsilon': 0.034691983155876044, 'm_plus': 0.951531849546987, 'm_minus': 0.0732933337223508, 'lambda_': 0.6088299740209725, 'alpha': 0.001057424558893183, 'no_of_primary_capsules': 32, 'primary_capsule_vector': 8, 'no_of_secondary_capsules': 10}
Fitting individual 8/20 with genotype {'epochs': 6, 'r': 4, 'no_of_conv_kernels': 64, 'secondary_capsule_vector': 4, 'dense_1': 4, 'dense_2': 1024, 'epsilon': 0.04366983182339226, 'm_plus': 0.9395368481064165, 'm_minus': 0.17683621141681583, 'lambda_': 0.8323788958197259, 'alpha': 0.004570857582425407, 'no_of_primary_capsules': 32, 'primary_capsule_vector': 8, 'no_of_secondary_capsules': 10}
Fitting individual 9/20 with genotype {'epochs': 6, 'r': 4, 'no_of_conv_kernels': 32, 'secondary_capsule_vector': 2, 'dense_1': 512, 'dense_2': 256, 'epsilon': 0.019078068245932264, 'm_plus': 0.9075878688627733, 'm_minus': 0.07370837211478241, 'lambda_': 0.8510286123063092, 'alpha': 0.0005853918277859762, 'no_of_primary_capsules': 32, 'primary_capsule_vector': 8, 'no_of_secondary_capsules': 10}
Fitting individual 10/20 with genotype {'epochs': 7, 'r': 4, 'no_of_conv_kernels': 32, 'secondary_capsule_vector': 28, 'dense_1': 512, 'dense_2': 768, 'epsilon': 0.039738719314782386, 'm_plus': 0.9819952993250837, 'm_minus': 0.16632644925401363, 'lambda_': 0.6957940687872921, 'alpha': 0.0015343378295016711, 'no_of_primary_capsules': 32, 'primary_capsule_vector': 8, 'no_of_secondary_capsules': 10}
Fitting individual 11/20 with genotype {'epochs': 6, 'r': 3, 'no_of_conv_kernels': 32, 'secondary_capsule_vector': 2, 'dense_1': 4, 'dense_2': 768, 'epsilon': 0.08583814652114959, 'm_plus': 0.9201821139178585, 'm_minus': 0.11541286389364074, 'lambda_': 0.8690320022587614, 'alpha': 0.005475408339919397, 'no_of_primary_capsules': 32, 'primary_capsule_vector': 8, 'no_of_secondary_capsules': 10}
Fitting individual 12/20 with genotype {'epochs': 4, 'r': 2, 'no_of_conv_kernels': 128, 'secondary_capsule_vector': 7, 'dense_1': 128, 'dense_2': 768, 'epsilon': 0.02859423515849197, 'm_plus': 0.9148511158677052, 'm_minus': 0.09942872473597014, 'lambda_': 0.7576084245977581, 'alpha': 0.0069280335859258, 'no_of_primary_capsules': 32, 'primary_capsule_vector': 8, 'no_of_secondary_capsules': 10}
Fitting individual 13/20 with genotype {'epochs': 1, 'r': 3, 'no_of_conv_kernels': 128, 'secondary_capsule_vector': 45, 'dense_1': 128, 'dense_2': 7, 'epsilon': 0.034691983155876044, 'm_plus': 0.9791727377438584, 'm_minus': 0.17103585142462663, 'lambda_': 0.5272572744318758, 'alpha': 0.009357219669210846, 'no_of_primary_capsules': 32, 'primary_capsule_vector': 8, 'no_of_secondary_capsules': 10}
Fitting individual 14/20 with genotype {'epochs': 8, 'r': 4, 'no_of_conv_kernels': 128, 'secondary_capsule_vector': 19, 'dense_1': 256, 'dense_2': 768, 'epsilon': 0.046792307264737446, 'm_plus': 0.951531849546987, 'm_minus': 0.0732933337223508, 'lambda_': 0.6088299740209725, 'alpha': 0.001057424558893183, 'no_of_primary_capsules': 32, 'primary_capsule_vector': 8, 'no_of_secondary_capsules': 10}
Validation loss is not decreasing anymore, risk of overfitting the model after 8 epochs. The training will be stopped. This behavior can be modified by setting the early_stop property of the model to False
Fitting individual 15/20 with genotype {'epochs': 8, 'r': 4, 'no_of_conv_kernels': 128, 'secondary_capsule_vector': 19, 'dense_1': 256, 'dense_2': 1280, 'epsilon': 0.06877318934891824, 'm_plus': 0.9354810164652153, 'm_minus': 0.05737988066643303, 'lambda_': 0.5120007879578939, 'alpha': 0.00744344564568264, 'no_of_primary_capsules': 32, 'primary_capsule_vector': 8, 'no_of_secondary_capsules': 10}
Fitting individual 16/20 with genotype {'epochs': 5, 'r': 3, 'no_of_conv_kernels': 128, 'secondary_capsule_vector': 21, 'dense_1': 256, 'dense_2': 768, 'epsilon': 0.046792307264737446, 'm_plus': 0.9791727377438584, 'm_minus': 0.17103585142462663, 'lambda_': 0.5272572744318758, 'alpha': 0.009357219669210846, 'no_of_primary_capsules': 32, 'primary_capsule_vector': 8, 'no_of_secondary_capsules': 10}
Fitting individual 17/20 with genotype {'epochs': 6, 'r': 2, 'no_of_conv_kernels': 128, 'secondary_capsule_vector': 7, 'dense_1': 128, 'dense_2': 768, 'epsilon': 0.02859423515849197, 'm_plus': 0.9148511158677052, 'm_minus': 0.05737988066643303, 'lambda_': 0.5120007879578939, 'alpha': 0.00744344564568264, 'no_of_primary_capsules': 32, 'primary_capsule_vector': 8, 'no_of_secondary_capsules': 10}
Fitting individual 18/20 with genotype {'epochs': 5, 'r': 3, 'no_of_conv_kernels': 128, 'secondary_capsule_vector': 21, 'dense_1': 256, 'dense_2': 1280, 'epsilon': 0.06877318934891824, 'm_plus': 0.9354810164652153, 'm_minus': 0.09942872473597014, 'lambda_': 0.7576084245977581, 'alpha': 0.0069280335859258, 'no_of_primary_capsules': 32, 'primary_capsule_vector': 8, 'no_of_secondary_capsules': 10}
Fitting individual 19/20 with genotype {'epochs': 8, 'r': 4, 'no_of_conv_kernels': 128, 'secondary_capsule_vector': 19, 'dense_1': 256, 'dense_2': 768, 'epsilon': 0.046792307264737446, 'm_plus': 0.9791727377438584, 'm_minus': 0.2, 'lambda_': 0.5272572744318758, 'alpha': 0.009357219669210846, 'no_of_primary_capsules': 32, 'primary_capsule_vector': 8, 'no_of_secondary_capsules': 10}
Fitting individual 20/20 with genotype {'epochs': 6, 'r': 2, 'no_of_conv_kernels': 128, 'secondary_capsule_vector': 7, 'dense_1': 128, 'dense_2': 768, 'epsilon': 0.02859423515849197, 'm_plus': 0.9148511158677052, 'm_minus': 0.09942872473597014, 'lambda_': 0.7576084245977581, 'alpha': 0.0069280335859258, 'no_of_primary_capsules': 32, 'primary_capsule_vector': 8, 'no_of_secondary_capsules': 10}
Len of pop after selection : 10
=== Generation 4/10
Len of pop before manipulations : 10
crossover created 8 offspring(s)
mutation created 3 offspring(s)
local search created 4 offspring(s)
Len of pop after manipulations : 25
Fitting individual 1/25 with genotype {'epochs': 6, 'r': 2, 'no_of_conv_kernels': 128, 'secondary_capsule_vector': 7, 'dense_1': 128, 'dense_2': 768, 'epsilon': 0.02859423515849197, 'm_plus': 0.9, 'm_minus': 0.09942872473597014, 'lambda_': 0.7576084245977581, 'alpha': 0.0069280335859258, 'no_of_primary_capsules': 32, 'primary_capsule_vector': 8, 'no_of_secondary_capsules': 10}
Fitting individual 2/25 with genotype {'epochs': 5, 'r': 2, 'no_of_conv_kernels': 32, 'secondary_capsule_vector': 45, 'dense_1': 768, 'dense_2': 512, 'epsilon': 0.09144645927449065, 'm_plus': 0.9583833845306751, 'm_minus': 0.07255619419697293, 'lambda_': 0.5303968839409959, 'alpha': 0.008726600098949207, 'no_of_primary_capsules': 32, 'primary_capsule_vector': 8, 'no_of_secondary_capsules': 10}
Fitting individual 3/25 with genotype {'epochs': 2, 'r': 2, 'no_of_conv_kernels': 128, 'secondary_capsule_vector': 30, 'dense_1': 4, 'dense_2': 1792, 'epsilon': 0.054628566500097855, 'm_plus': 0.980544831337185, 'm_minus': 0.10191635108989067, 'lambda_': 0.7931549883353011, 'alpha': 0.001553261681705732, 'no_of_primary_capsules': 32, 'primary_capsule_vector': 8, 'no_of_secondary_capsules': 10}
Fitting individual 4/25 with genotype {'epochs': 5, 'r': 3, 'no_of_conv_kernels': 128, 'secondary_capsule_vector': 27, 'dense_1': 256, 'dense_2': 1280, 'epsilon': 0.06877318934891824, 'm_plus': 0.9354810164652153, 'm_minus': 0.05737988066643303, 'lambda_': 0.5120007879578939, 'alpha': 0.00744344564568264, 'no_of_primary_capsules': 32, 'primary_capsule_vector': 8, 'no_of_secondary_capsules': 10}
Fitting individual 5/25 with genotype {'epochs': 4, 'r': 3, 'no_of_conv_kernels': 32, 'secondary_capsule_vector': 2, 'dense_1': 4, 'dense_2': 768, 'epsilon': 0.08583814652114959, 'm_plus': 0.9201821139178585, 'm_minus': 0.11541286389364074, 'lambda_': 0.8690320022587614, 'alpha': 0.005475408339919397, 'no_of_primary_capsules': 32, 'primary_capsule_vector': 8, 'no_of_secondary_capsules': 10}
Fitting individual 6/25 with genotype {'epochs': 8, 'r': 4, 'no_of_conv_kernels': 128, 'secondary_capsule_vector': 19, 'dense_1': 256, 'dense_2': 768, 'epsilon': 0.046792307264737446, 'm_plus': 0.9791727377438584, 'm_minus': 0.2, 'lambda_': 0.5272572744318758, 'alpha': 0.009357219669210846, 'no_of_primary_capsules': 32, 'primary_capsule_vector': 8, 'no_of_secondary_capsules': 10}
Fitting individual 7/25 with genotype {'epochs': 1, 'r': 3, 'no_of_conv_kernels': 128, 'secondary_capsule_vector': 45, 'dense_1': 128, 'dense_2': 7, 'epsilon': 0.034691983155876044, 'm_plus': 0.951531849546987, 'm_minus': 0.0732933337223508, 'lambda_': 0.3012231258347905, 'alpha': 0.001057424558893183, 'no_of_primary_capsules': 32, 'primary_capsule_vector': 8, 'no_of_secondary_capsules': 10}
Fitting individual 8/25 with genotype {'epochs': 6, 'r': 4, 'no_of_conv_kernels': 32, 'secondary_capsule_vector': 2, 'dense_1': 512, 'dense_2': 256, 'epsilon': 0.019078068245932264, 'm_plus': 0.9075878688627733, 'm_minus': 0.07370837211478241, 'lambda_': 0.7639467943382883, 'alpha': 0.0005853918277859762, 'no_of_primary_capsules': 32, 'primary_capsule_vector': 8, 'no_of_secondary_capsules': 10}
Fitting individual 9/25 with genotype {'epochs': 7, 'r': 4, 'no_of_conv_kernels': 32, 'secondary_capsule_vector': 28, 'dense_1': 512, 'dense_2': 768, 'epsilon': 0.039738719314782386, 'm_plus': 0.9819952993250837, 'm_minus': 0.16632644925401363, 'lambda_': 0.6957940687872921, 'alpha': 0.0015343378295016711, 'no_of_primary_capsules': 32, 'primary_capsule_vector': 8, 'no_of_secondary_capsules': 10}
Fitting individual 10/25 with genotype {'epochs': 6, 'r': 4, 'no_of_conv_kernels': 64, 'secondary_capsule_vector': 4, 'dense_1': 4, 'dense_2': 1024, 'epsilon': 0.04366983182339226, 'm_plus': 0.9395368481064165, 'm_minus': 0.17683621141681583, 'lambda_': 0.8323788958197259, 'alpha': 0.004570857582425407, 'no_of_primary_capsules': 32, 'primary_capsule_vector': 8, 'no_of_secondary_capsules': 10}
Fitting individual 11/25 with genotype {'epochs': 4, 'r': 3, 'no_of_conv_kernels': 32, 'secondary_capsule_vector': 2, 'dense_1': 512, 'dense_2': 768, 'epsilon': 0.039738719314782386, 'm_plus': 0.9819952993250837, 'm_minus': 0.16632644925401363, 'lambda_': 0.6957940687872921, 'alpha': 0.0015343378295016711, 'no_of_primary_capsules': 32, 'primary_capsule_vector': 8, 'no_of_secondary_capsules': 10}
Fitting individual 12/25 with genotype {'epochs': 7, 'r': 4, 'no_of_conv_kernels': 32, 'secondary_capsule_vector': 28, 'dense_1': 4, 'dense_2': 768, 'epsilon': 0.08583814652114959, 'm_plus': 0.9201821139178585, 'm_minus': 0.11541286389364074, 'lambda_': 0.8690320022587614, 'alpha': 0.005475408339919397, 'no_of_primary_capsules': 32, 'primary_capsule_vector': 8, 'no_of_secondary_capsules': 10}
Validation loss is not decreasing anymore, risk of overfitting the model after 6 epochs. The training will be stopped. This behavior can be modified by setting the early_stop property of the model to False
Fitting individual 13/25 with genotype {'epochs': 8, 'r': 4, 'no_of_conv_kernels': 128, 'secondary_capsule_vector': 19, 'dense_1': 256, 'dense_2': 768, 'epsilon': 0.046792307264737446, 'm_plus': 0.9148511158677052, 'm_minus': 0.09942872473597014, 'lambda_': 0.7576084245977581, 'alpha': 0.0069280335859258, 'no_of_primary_capsules': 32, 'primary_capsule_vector': 8, 'no_of_secondary_capsules': 10}
Fitting individual 14/25 with genotype {'epochs': 6, 'r': 2, 'no_of_conv_kernels': 128, 'secondary_capsule_vector': 7, 'dense_1': 128, 'dense_2': 768, 'epsilon': 0.02859423515849197, 'm_plus': 0.9791727377438584, 'm_minus': 0.2, 'lambda_': 0.5272572744318758, 'alpha': 0.009357219669210846, 'no_of_primary_capsules': 32, 'primary_capsule_vector': 8, 'no_of_secondary_capsules': 10}
Fitting individual 15/25 with genotype {'epochs': 5, 'r': 3, 'no_of_conv_kernels': 128, 'secondary_capsule_vector': 21, 'dense_1': 256, 'dense_2': 1280, 'epsilon': 0.06877318934891824, 'm_plus': 0.9354810164652153, 'm_minus': 0.05737988066643303, 'lambda_': 0.5120007879578939, 'alpha': 0.009357219669210846, 'no_of_primary_capsules': 32, 'primary_capsule_vector': 8, 'no_of_secondary_capsules': 10}
Fitting individual 16/25 with genotype {'epochs': 8, 'r': 4, 'no_of_conv_kernels': 128, 'secondary_capsule_vector': 19, 'dense_1': 256, 'dense_2': 768, 'epsilon': 0.046792307264737446, 'm_plus': 0.9791727377438584, 'm_minus': 0.2, 'lambda_': 0.5272572744318758, 'alpha': 0.00744344564568264, 'no_of_primary_capsules': 32, 'primary_capsule_vector': 8, 'no_of_secondary_capsules': 10}
Fitting individual 17/25 with genotype {'epochs': 6, 'r': 2, 'no_of_conv_kernels': 128, 'secondary_capsule_vector': 7, 'dense_1': 128, 'dense_2': 768, 'epsilon': 0.039738719314782386, 'm_plus': 0.9819952993250837, 'm_minus': 0.16632644925401363, 'lambda_': 0.6957940687872921, 'alpha': 0.0015343378295016711, 'no_of_primary_capsules': 32, 'primary_capsule_vector': 8, 'no_of_secondary_capsules': 10}
Fitting individual 18/25 with genotype {'epochs': 7, 'r': 4, 'no_of_conv_kernels': 32, 'secondary_capsule_vector': 28, 'dense_1': 512, 'dense_2': 768, 'epsilon': 0.02859423515849197, 'm_plus': 0.9148511158677052, 'm_minus': 0.09942872473597014, 'lambda_': 0.7576084245977581, 'alpha': 0.0069280335859258, 'no_of_primary_capsules': 32, 'primary_capsule_vector': 8, 'no_of_secondary_capsules': 10}
Fitting individual 19/25 with genotype {'epochs': 1, 'r': 3, 'no_of_conv_kernels': 128, 'secondary_capsule_vector': 45, 'dense_1': 128, 'dense_2': 7, 'epsilon': 0.034691983155876044, 'm_plus': 0.951531849546987, 'm_minus': 0.0732933337223508, 'lambda_': 0.3012231258347905, 'alpha': 0.001057424558893183, 'no_of_primary_capsules': 32, 'primary_capsule_vector': 8, 'no_of_secondary_capsules': 10}
Fitting individual 20/25 with genotype {'epochs': 2, 'r': 2, 'no_of_conv_kernels': 128, 'secondary_capsule_vector': 30, 'dense_1': 4, 'dense_2': 1792, 'epsilon': 0.054628566500097855, 'm_plus': 0.980544831337185, 'm_minus': 0.10191635108989067, 'lambda_': 0.7931549883353011, 'alpha': 0.001553261681705732, 'no_of_primary_capsules': 32, 'primary_capsule_vector': 8, 'no_of_secondary_capsules': 10}
Fitting individual 21/25 with genotype {'epochs': 5, 'r': 3, 'no_of_conv_kernels': 128, 'secondary_capsule_vector': 27, 'dense_1': 256, 'dense_2': 1280, 'epsilon': 0.06877318934891824, 'm_plus': 0.9354810164652153, 'm_minus': 0.05737988066643303, 'lambda_': 0.5120007879578939, 'alpha': 0.00744344564568264, 'no_of_primary_capsules': 32, 'primary_capsule_vector': 8, 'no_of_secondary_capsules': 10}
Fitting individual 22/25 with genotype {'epochs': 5, 'r': 3, 'no_of_conv_kernels': 128, 'secondary_capsule_vector': 27, 'dense_1': 256, 'dense_2': 1280, 'epsilon': 0.06877318934891824, 'm_plus': 0.9354810164652153, 'm_minus': 0.05737988066643303, 'lambda_': 0.5120007879578939, 'alpha': 0.00744344564568264, 'no_of_primary_capsules': 32, 'primary_capsule_vector': 8, 'no_of_secondary_capsules': 10}
Fitting individual 23/25 with genotype {'epochs': 6, 'r': 2, 'no_of_conv_kernels': 128, 'secondary_capsule_vector': 7, 'dense_1': 128, 'dense_2': 768, 'epsilon': 0.02859423515849197, 'm_plus': 0.9, 'm_minus': 0.09942872473597014, 'lambda_': 0.7576084245977581, 'alpha': 0.0069280335859258, 'no_of_primary_capsules': 32, 'primary_capsule_vector': 8, 'no_of_secondary_capsules': 10}
Fitting individual 24/25 with genotype {'epochs': 8, 'r': 4, 'no_of_conv_kernels': 128, 'secondary_capsule_vector': 19, 'dense_1': 256, 'dense_2': 768, 'epsilon': 0.046792307264737446, 'm_plus': 0.9791727377438584, 'm_minus': 0.2, 'lambda_': 0.5272572744318758, 'alpha': 0.009357219669210846, 'no_of_primary_capsules': 32, 'primary_capsule_vector': 8, 'no_of_secondary_capsules': 10}
Fitting individual 25/25 with genotype {'epochs': 6, 'r': 4, 'no_of_conv_kernels': 32, 'secondary_capsule_vector': 2, 'dense_1': 512, 'dense_2': 256, 'epsilon': 0.019078068245932264, 'm_plus': 0.9075878688627733, 'm_minus': 0.07370837211478241, 'lambda_': 0.7639467943382883, 'alpha': 0.0005853918277859762, 'no_of_primary_capsules': 32, 'primary_capsule_vector': 8, 'no_of_secondary_capsules': 10}
Len of pop after selection : 10
=== Generation 5/10
Len of pop before manipulations : 10
crossover created 8 offspring(s)
mutation created 0 offspring(s)
local search created 3 offspring(s)
Len of pop after manipulations : 21
Fitting individual 1/21 with genotype {'epochs': 6, 'r': 2, 'no_of_conv_kernels': 128, 'secondary_capsule_vector': 7, 'dense_1': 128, 'dense_2': 768, 'epsilon': 0.02859423515849197, 'm_plus': 0.9, 'm_minus': 0.09942872473597014, 'lambda_': 0.7576084245977581, 'alpha': 0.0069280335859258, 'no_of_primary_capsules': 32, 'primary_capsule_vector': 8, 'no_of_secondary_capsules': 10}
Fitting individual 2/21 with genotype {'epochs': 2, 'r': 2, 'no_of_conv_kernels': 3, 'secondary_capsule_vector': 30, 'dense_1': 4, 'dense_2': 1792, 'epsilon': 0.054628566500097855, 'm_plus': 0.980544831337185, 'm_minus': 0.10191635108989067, 'lambda_': 0.7931549883353011, 'alpha': 0.001553261681705732, 'no_of_primary_capsules': 32, 'primary_capsule_vector': 8, 'no_of_secondary_capsules': 10}
Fitting individual 3/21 with genotype {'epochs': 5, 'r': 3, 'no_of_conv_kernels': 128, 'secondary_capsule_vector': 27, 'dense_1': 256, 'dense_2': 1280, 'epsilon': 0.06877318934891824, 'm_plus': 0.9354810164652153, 'm_minus': 0.05737988066643303, 'lambda_': 0.5120007879578939, 'alpha': 0.00744344564568264, 'no_of_primary_capsules': 32, 'primary_capsule_vector': 8, 'no_of_secondary_capsules': 10}
Validation loss is not decreasing anymore, risk of overfitting the model after 5 epochs. The training will be stopped. This behavior can be modified by setting the early_stop property of the model to False
Fitting individual 4/21 with genotype {'epochs': 6, 'r': 4, 'no_of_conv_kernels': 64, 'secondary_capsule_vector': 4, 'dense_1': 4, 'dense_2': 1024, 'epsilon': 0.04366983182339226, 'm_plus': 0.9395368481064165, 'm_minus': 0.17683621141681583, 'lambda_': 0.8323788958197259, 'alpha': 0.004570857582425407, 'no_of_primary_capsules': 32, 'primary_capsule_vector': 8, 'no_of_secondary_capsules': 10}
Fitting individual 5/21 with genotype {'epochs': 5, 'r': 2, 'no_of_conv_kernels': 32, 'secondary_capsule_vector': 45, 'dense_1': 768, 'dense_2': 512, 'epsilon': 0.09144645927449065, 'm_plus': 0.9583833845306751, 'm_minus': 0.07255619419697293, 'lambda_': 0.5303968839409959, 'alpha': 0.008726600098949207, 'no_of_primary_capsules': 32, 'primary_capsule_vector': 8, 'no_of_secondary_capsules': 10}
Fitting individual 6/21 with genotype {'epochs': 8, 'r': 4, 'no_of_conv_kernels': 128, 'secondary_capsule_vector': 19, 'dense_1': 256, 'dense_2': 768, 'epsilon': 0.046792307264737446, 'm_plus': 0.9791727377438584, 'm_minus': 0.2, 'lambda_': 0.5272572744318758, 'alpha': 0.009357219669210846, 'no_of_primary_capsules': 32, 'primary_capsule_vector': 8, 'no_of_secondary_capsules': 10}
Validation loss is not decreasing anymore, risk of overfitting the model after 7 epochs. The training will be stopped. This behavior can be modified by setting the early_stop property of the model to False
Fitting individual 7/21 with genotype {'epochs': 7, 'r': 4, 'no_of_conv_kernels': 32, 'secondary_capsule_vector': 28, 'dense_1': 512, 'dense_2': 768, 'epsilon': 0.039738719314782386, 'm_plus': 0.9819952993250837, 'm_minus': 0.16632644925401363, 'lambda_': 0.6957940687872921, 'alpha': 0.0015343378295016711, 'no_of_primary_capsules': 32, 'primary_capsule_vector': 8, 'no_of_secondary_capsules': 10}
Fitting individual 8/21 with genotype {'epochs': 4, 'r': 3, 'no_of_conv_kernels': 32, 'secondary_capsule_vector': 2, 'dense_1': 4, 'dense_2': 768, 'epsilon': 0.08583814652114959, 'm_plus': 0.9201821139178585, 'm_minus': 0.11541286389364074, 'lambda_': 0.8690320022587614, 'alpha': 0.005475408339919397, 'no_of_primary_capsules': 32, 'primary_capsule_vector': 8, 'no_of_secondary_capsules': 10}
Fitting individual 9/21 with genotype {'epochs': 1, 'r': 3, 'no_of_conv_kernels': 128, 'secondary_capsule_vector': 45, 'dense_1': 128, 'dense_2': 7, 'epsilon': 0.02232338071910467, 'm_plus': 0.951531849546987, 'm_minus': 0.0732933337223508, 'lambda_': 0.3012231258347905, 'alpha': 0.01, 'no_of_primary_capsules': 32, 'primary_capsule_vector': 8, 'no_of_secondary_capsules': 10}
Fitting individual 10/21 with genotype {'epochs': 6, 'r': 4, 'no_of_conv_kernels': 32, 'secondary_capsule_vector': 2, 'dense_1': 512, 'dense_2': 256, 'epsilon': 0.019078068245932264, 'm_plus': 0.9075878688627733, 'm_minus': 0.07370837211478241, 'lambda_': 0.7639467943382883, 'alpha': 0.0005853918277859762, 'no_of_primary_capsules': 32, 'primary_capsule_vector': 8, 'no_of_secondary_capsules': 10}
Fitting individual 11/21 with genotype {'epochs': 6, 'r': 2, 'no_of_conv_kernels': 128, 'secondary_capsule_vector': 30, 'dense_1': 4, 'dense_2': 1792, 'epsilon': 0.054628566500097855, 'm_plus': 0.980544831337185, 'm_minus': 0.10191635108989067, 'lambda_': 0.7931549883353011, 'alpha': 0.001553261681705732, 'no_of_primary_capsules': 32, 'primary_capsule_vector': 8, 'no_of_secondary_capsules': 10}
Validation loss is not decreasing anymore, risk of overfitting the model after 6 epochs. The training will be stopped. This behavior can be modified by setting the early_stop property of the model to False
Fitting individual 12/21 with genotype {'epochs': 2, 'r': 4, 'no_of_conv_kernels': 64, 'secondary_capsule_vector': 4, 'dense_1': 4, 'dense_2': 1024, 'epsilon': 0.04366983182339226, 'm_plus': 0.9395368481064165, 'm_minus': 0.17683621141681583, 'lambda_': 0.8323788958197259, 'alpha': 0.004570857582425407, 'no_of_primary_capsules': 32, 'primary_capsule_vector': 8, 'no_of_secondary_capsules': 10}
Fitting individual 13/21 with genotype {'epochs': 6, 'r': 2, 'no_of_conv_kernels': 32, 'secondary_capsule_vector': 45, 'dense_1': 768, 'dense_2': 512, 'epsilon': 0.09144645927449065, 'm_plus': 0.9583833845306751, 'm_minus': 0.07255619419697293, 'lambda_': 0.5303968839409959, 'alpha': 0.008726600098949207, 'no_of_primary_capsules': 32, 'primary_capsule_vector': 8, 'no_of_secondary_capsules': 10}
Fitting individual 14/21 with genotype {'epochs': 5, 'r': 2, 'no_of_conv_kernels': 128, 'secondary_capsule_vector': 7, 'dense_1': 128, 'dense_2': 768, 'epsilon': 0.02859423515849197, 'm_plus': 0.9, 'm_minus': 0.09942872473597014, 'lambda_': 0.7576084245977581, 'alpha': 0.0069280335859258, 'no_of_primary_capsules': 32, 'primary_capsule_vector': 8, 'no_of_secondary_capsules': 10}
Fitting individual 15/21 with genotype {'epochs': 4, 'r': 3, 'no_of_conv_kernels': 32, 'secondary_capsule_vector': 2, 'dense_1': 4, 'dense_2': 768, 'epsilon': 0.08583814652114959, 'm_plus': 0.9201821139178585, 'm_minus': 0.11541286389364074, 'lambda_': 0.5120007879578939, 'alpha': 0.00744344564568264, 'no_of_primary_capsules': 32, 'primary_capsule_vector': 8, 'no_of_secondary_capsules': 10}
Fitting individual 16/21 with genotype {'epochs': 5, 'r': 3, 'no_of_conv_kernels': 128, 'secondary_capsule_vector': 27, 'dense_1': 256, 'dense_2': 1280, 'epsilon': 0.06877318934891824, 'm_plus': 0.9354810164652153, 'm_minus': 0.05737988066643303, 'lambda_': 0.8690320022587614, 'alpha': 0.005475408339919397, 'no_of_primary_capsules': 32, 'primary_capsule_vector': 8, 'no_of_secondary_capsules': 10}
Fitting individual 17/21 with genotype {'epochs': 5, 'r': 3, 'no_of_conv_kernels': 128, 'secondary_capsule_vector': 27, 'dense_1': 256, 'dense_2': 1280, 'epsilon': 0.06877318934891824, 'm_plus': 0.9791727377438584, 'm_minus': 0.2, 'lambda_': 0.5272572744318758, 'alpha': 0.009357219669210846, 'no_of_primary_capsules': 32, 'primary_capsule_vector': 8, 'no_of_secondary_capsules': 10}
Fitting individual 18/21 with genotype {'epochs': 8, 'r': 4, 'no_of_conv_kernels': 128, 'secondary_capsule_vector': 19, 'dense_1': 256, 'dense_2': 768, 'epsilon': 0.046792307264737446, 'm_plus': 0.9354810164652153, 'm_minus': 0.05737988066643303, 'lambda_': 0.5120007879578939, 'alpha': 0.00744344564568264, 'no_of_primary_capsules': 32, 'primary_capsule_vector': 8, 'no_of_secondary_capsules': 10}
Fitting individual 19/21 with genotype {'epochs': 1, 'r': 3, 'no_of_conv_kernels': 128, 'secondary_capsule_vector': 45, 'dense_1': 128, 'dense_2': 7, 'epsilon': 0.02232338071910467, 'm_plus': 0.951531849546987, 'm_minus': 0.0732933337223508, 'lambda_': 0.3012231258347905, 'alpha': 0.01, 'no_of_primary_capsules': 32, 'primary_capsule_vector': 8, 'no_of_secondary_capsules': 10}
Fitting individual 20/21 with genotype {'epochs': 2, 'r': 2, 'no_of_conv_kernels': 3, 'secondary_capsule_vector': 30, 'dense_1': 4, 'dense_2': 1792, 'epsilon': 0.054628566500097855, 'm_plus': 0.980544831337185, 'm_minus': 0.10191635108989067, 'lambda_': 0.7931549883353011, 'alpha': 0.001553261681705732, 'no_of_primary_capsules': 32, 'primary_capsule_vector': 8, 'no_of_secondary_capsules': 10}
Fitting individual 21/21 with genotype {'epochs': 1, 'r': 3, 'no_of_conv_kernels': 128, 'secondary_capsule_vector': 45, 'dense_1': 128, 'dense_2': 7, 'epsilon': 0.02232338071910467, 'm_plus': 0.951531849546987, 'm_minus': 0.0732933337223508, 'lambda_': 0.3012231258347905, 'alpha': 0.01, 'no_of_primary_capsules': 32, 'primary_capsule_vector': 8, 'no_of_secondary_capsules': 10}
Len of pop after selection : 10
=== Generation 6/10
Len of pop before manipulations : 10
crossover created 8 offspring(s)
mutation created 1 offspring(s)
local search created 4 offspring(s)
Len of pop after manipulations : 23
Fitting individual 1/23 with genotype {'epochs': 6, 'r': 2, 'no_of_conv_kernels': 128, 'secondary_capsule_vector': 7, 'dense_1': 128, 'dense_2': 768, 'epsilon': 0.02859423515849197, 'm_plus': 0.9, 'm_minus': 0.09942872473597014, 'lambda_': 0.7576084245977581, 'alpha': 0.0001, 'no_of_primary_capsules': 32, 'primary_capsule_vector': 8, 'no_of_secondary_capsules': 10}
Fitting individual 2/23 with genotype {'epochs': 5, 'r': 3, 'no_of_conv_kernels': 128, 'secondary_capsule_vector': 27, 'dense_1': 256, 'dense_2': 1280, 'epsilon': 0.06877318934891824, 'm_plus': 0.9354810164652153, 'm_minus': 0.05737988066643303, 'lambda_': 0.5120007879578939, 'alpha': 0.00744344564568264, 'no_of_primary_capsules': 32, 'primary_capsule_vector': 8, 'no_of_secondary_capsules': 10}
Fitting individual 3/23 with genotype {'epochs': 5, 'r': 2, 'no_of_conv_kernels': 32, 'secondary_capsule_vector': 45, 'dense_1': 768, 'dense_2': 512, 'epsilon': 0.09144645927449065, 'm_plus': 0.9583833845306751, 'm_minus': 0.07255619419697293, 'lambda_': 0.5303968839409959, 'alpha': 0.008726600098949207, 'no_of_primary_capsules': 32, 'primary_capsule_vector': 8, 'no_of_secondary_capsules': 10}
Fitting individual 4/23 with genotype {'epochs': 2, 'r': 2, 'no_of_conv_kernels': 3, 'secondary_capsule_vector': 30, 'dense_1': 4, 'dense_2': 1792, 'epsilon': 0.054628566500097855, 'm_plus': 0.980544831337185, 'm_minus': 0.10191635108989067, 'lambda_': 0.7049335944461311, 'alpha': 0.001553261681705732, 'no_of_primary_capsules': 32, 'primary_capsule_vector': 8, 'no_of_secondary_capsules': 10}
Fitting individual 5/23 with genotype {'epochs': 6, 'r': 4, 'no_of_conv_kernels': 128, 'secondary_capsule_vector': 4, 'dense_1': 4, 'dense_2': 1024, 'epsilon': 0.04366983182339226, 'm_plus': 0.9395368481064165, 'm_minus': 0.17683621141681583, 'lambda_': 0.8323788958197259, 'alpha': 0.004570857582425407, 'no_of_primary_capsules': 32, 'primary_capsule_vector': 8, 'no_of_secondary_capsules': 10}
Fitting individual 6/23 with genotype {'epochs': 7, 'r': 4, 'no_of_conv_kernels': 128, 'secondary_capsule_vector': 19, 'dense_1': 256, 'dense_2': 768, 'epsilon': 0.046792307264737446, 'm_plus': 0.9791727377438584, 'm_minus': 0.2, 'lambda_': 0.5272572744318758, 'alpha': 0.009357219669210846, 'no_of_primary_capsules': 32, 'primary_capsule_vector': 8, 'no_of_secondary_capsules': 10}
Validation loss is not decreasing anymore, risk of overfitting the model after 7 epochs. The training will be stopped. This behavior can be modified by setting the early_stop property of the model to False
Fitting individual 7/23 with genotype {'epochs': 4, 'r': 3, 'no_of_conv_kernels': 32, 'secondary_capsule_vector': 2, 'dense_1': 4, 'dense_2': 768, 'epsilon': 0.08583814652114959, 'm_plus': 0.9201821139178585, 'm_minus': 0.11541286389364074, 'lambda_': 0.8690320022587614, 'alpha': 0.005475408339919397, 'no_of_primary_capsules': 32, 'primary_capsule_vector': 8, 'no_of_secondary_capsules': 10}
Fitting individual 8/23 with genotype {'epochs': 1, 'r': 3, 'no_of_conv_kernels': 128, 'secondary_capsule_vector': 45, 'dense_1': 128, 'dense_2': 7, 'epsilon': 0.02232338071910467, 'm_plus': 0.951531849546987, 'm_minus': 0.0732933337223508, 'lambda_': 0.3012231258347905, 'alpha': 0.01, 'no_of_primary_capsules': 32, 'primary_capsule_vector': 8, 'no_of_secondary_capsules': 10}
Fitting individual 9/23 with genotype {'epochs': 6, 'r': 4, 'no_of_conv_kernels': 32, 'secondary_capsule_vector': 2, 'dense_1': 512, 'dense_2': 256, 'epsilon': 0.019078068245932264, 'm_plus': 0.9075878688627733, 'm_minus': 0.07370837211478241, 'lambda_': 0.7639467943382883, 'alpha': 0.0005853918277859762, 'no_of_primary_capsules': 32, 'primary_capsule_vector': 8, 'no_of_secondary_capsules': 10}
Fitting individual 10/23 with genotype {'epochs': 7, 'r': 4, 'no_of_conv_kernels': 32, 'secondary_capsule_vector': 28, 'dense_1': 512, 'dense_2': 768, 'epsilon': 0.039738719314782386, 'm_plus': 0.9819952993250837, 'm_minus': 0.16632644925401363, 'lambda_': 0.6957940687872921, 'alpha': 0.0015343378295016711, 'no_of_primary_capsules': 32, 'primary_capsule_vector': 8, 'no_of_secondary_capsules': 10}
Fitting individual 11/23 with genotype {'epochs': 6, 'r': 4, 'no_of_conv_kernels': 32, 'secondary_capsule_vector': 2, 'dense_1': 512, 'dense_2': 256, 'epsilon': 0.019078068245932264, 'm_plus': 0.9075878688627733, 'm_minus': 0.07370837211478241, 'lambda_': 0.7639467943382883, 'alpha': 0.005475408339919397, 'no_of_primary_capsules': 32, 'primary_capsule_vector': 8, 'no_of_secondary_capsules': 10}
Fitting individual 12/23 with genotype {'epochs': 4, 'r': 3, 'no_of_conv_kernels': 32, 'secondary_capsule_vector': 2, 'dense_1': 4, 'dense_2': 768, 'epsilon': 0.08583814652114959, 'm_plus': 0.9201821139178585, 'm_minus': 0.11541286389364074, 'lambda_': 0.8690320022587614, 'alpha': 0.0005853918277859762, 'no_of_primary_capsules': 32, 'primary_capsule_vector': 8, 'no_of_secondary_capsules': 10}
Fitting individual 13/23 with genotype {'epochs': 7, 'r': 4, 'no_of_conv_kernels': 128, 'secondary_capsule_vector': 2, 'dense_1': 512, 'dense_2': 256, 'epsilon': 0.019078068245932264, 'm_plus': 0.9075878688627733, 'm_minus': 0.07370837211478241, 'lambda_': 0.7639467943382883, 'alpha': 0.0005853918277859762, 'no_of_primary_capsules': 32, 'primary_capsule_vector': 8, 'no_of_secondary_capsules': 10}
Fitting individual 14/23 with genotype {'epochs': 6, 'r': 4, 'no_of_conv_kernels': 32, 'secondary_capsule_vector': 19, 'dense_1': 256, 'dense_2': 768, 'epsilon': 0.046792307264737446, 'm_plus': 0.9791727377438584, 'm_minus': 0.2, 'lambda_': 0.5272572744318758, 'alpha': 0.009357219669210846, 'no_of_primary_capsules': 32, 'primary_capsule_vector': 8, 'no_of_secondary_capsules': 10}
Fitting individual 15/23 with genotype {'epochs': 6, 'r': 4, 'no_of_conv_kernels': 64, 'secondary_capsule_vector': 4, 'dense_1': 4, 'dense_2': 1024, 'epsilon': 0.02859423515849197, 'm_plus': 0.9, 'm_minus': 0.09942872473597014, 'lambda_': 0.7576084245977581, 'alpha': 0.0069280335859258, 'no_of_primary_capsules': 32, 'primary_capsule_vector': 8, 'no_of_secondary_capsules': 10}
Fitting individual 16/23 with genotype {'epochs': 6, 'r': 2, 'no_of_conv_kernels': 128, 'secondary_capsule_vector': 7, 'dense_1': 128, 'dense_2': 768, 'epsilon': 0.04366983182339226, 'm_plus': 0.9395368481064165, 'm_minus': 0.17683621141681583, 'lambda_': 0.8323788958197259, 'alpha': 0.004570857582425407, 'no_of_primary_capsules': 32, 'primary_capsule_vector': 8, 'no_of_secondary_capsules': 10}
Fitting individual 17/23 with genotype {'epochs': 6, 'r': 2, 'no_of_conv_kernels': 128, 'secondary_capsule_vector': 7, 'dense_1': 4, 'dense_2': 1024, 'epsilon': 0.04366983182339226, 'm_plus': 0.9395368481064165, 'm_minus': 0.17683621141681583, 'lambda_': 0.8323788958197259, 'alpha': 0.004570857582425407, 'no_of_primary_capsules': 32, 'primary_capsule_vector': 8, 'no_of_secondary_capsules': 10}
Fitting individual 18/23 with genotype {'epochs': 6, 'r': 4, 'no_of_conv_kernels': 64, 'secondary_capsule_vector': 4, 'dense_1': 128, 'dense_2': 768, 'epsilon': 0.02859423515849197, 'm_plus': 0.9, 'm_minus': 0.09942872473597014, 'lambda_': 0.7576084245977581, 'alpha': 0.0069280335859258, 'no_of_primary_capsules': 32, 'primary_capsule_vector': 8, 'no_of_secondary_capsules': 10}
Fitting individual 19/23 with genotype {'epochs': 6, 'r': 4, 'no_of_conv_kernels': 128, 'secondary_capsule_vector': 4, 'dense_1': 4, 'dense_2': 1024, 'epsilon': 0.04366983182339226, 'm_plus': 0.9395368481064165, 'm_minus': 0.17683621141681583, 'lambda_': 0.8323788958197259, 'alpha': 0.004570857582425407, 'no_of_primary_capsules': 32, 'primary_capsule_vector': 8, 'no_of_secondary_capsules': 10}
Validation loss is not decreasing anymore, risk of overfitting the model after 6 epochs. The training will be stopped. This behavior can be modified by setting the early_stop property of the model to False
Fitting individual 20/23 with genotype {'epochs': 6, 'r': 2, 'no_of_conv_kernels': 128, 'secondary_capsule_vector': 7, 'dense_1': 128, 'dense_2': 768, 'epsilon': 0.02859423515849197, 'm_plus': 0.9, 'm_minus': 0.09942872473597014, 'lambda_': 0.7576084245977581, 'alpha': 0.0001, 'no_of_primary_capsules': 32, 'primary_capsule_vector': 8, 'no_of_secondary_capsules': 10}
Fitting individual 21/23 with genotype {'epochs': 6, 'r': 2, 'no_of_conv_kernels': 128, 'secondary_capsule_vector': 7, 'dense_1': 128, 'dense_2': 768, 'epsilon': 0.02859423515849197, 'm_plus': 0.9, 'm_minus': 0.09942872473597014, 'lambda_': 0.7576084245977581, 'alpha': 0.0001, 'no_of_primary_capsules': 32, 'primary_capsule_vector': 8, 'no_of_secondary_capsules': 10}
Fitting individual 22/23 with genotype {'epochs': 2, 'r': 2, 'no_of_conv_kernels': 3, 'secondary_capsule_vector': 30, 'dense_1': 4, 'dense_2': 1792, 'epsilon': 0.054628566500097855, 'm_plus': 0.980544831337185, 'm_minus': 0.10191635108989067, 'lambda_': 0.7049335944461311, 'alpha': 0.001553261681705732, 'no_of_primary_capsules': 32, 'primary_capsule_vector': 8, 'no_of_secondary_capsules': 10}
Fitting individual 23/23 with genotype {'epochs': 7, 'r': 4, 'no_of_conv_kernels': 128, 'secondary_capsule_vector': 19, 'dense_1': 256, 'dense_2': 768, 'epsilon': 0.046792307264737446, 'm_plus': 0.9791727377438584, 'm_minus': 0.2, 'lambda_': 0.5272572744318758, 'alpha': 0.009357219669210846, 'no_of_primary_capsules': 32, 'primary_capsule_vector': 8, 'no_of_secondary_capsules': 10}
Len of pop after selection : 10
=== Generation 7/10
Len of pop before manipulations : 10
crossover created 8 offspring(s)
mutation created 0 offspring(s)
local search created 4 offspring(s)
Len of pop after manipulations : 22
Fitting individual 1/22 with genotype {'epochs': 6, 'r': 2, 'no_of_conv_kernels': 128, 'secondary_capsule_vector': 7, 'dense_1': 128, 'dense_2': 768, 'epsilon': 0.02859423515849197, 'm_plus': 0.9, 'm_minus': 0.09942872473597014, 'lambda_': 0.7576084245977581, 'alpha': 0.0001, 'no_of_primary_capsules': 32, 'primary_capsule_vector': 8, 'no_of_secondary_capsules': 10}
Fitting individual 2/22 with genotype {'epochs': 5, 'r': 3, 'no_of_conv_kernels': 128, 'secondary_capsule_vector': 27, 'dense_1': 256, 'dense_2': 1280, 'epsilon': 0.06877318934891824, 'm_plus': 0.9354810164652153, 'm_minus': 0.05737988066643303, 'lambda_': 0.5120007879578939, 'alpha': 0.00744344564568264, 'no_of_primary_capsules': 32, 'primary_capsule_vector': 8, 'no_of_secondary_capsules': 10}
Fitting individual 3/22 with genotype {'epochs': 5, 'r': 2, 'no_of_conv_kernels': 32, 'secondary_capsule_vector': 45, 'dense_1': 768, 'dense_2': 512, 'epsilon': 0.09144645927449065, 'm_plus': 0.9583833845306751, 'm_minus': 0.07255619419697293, 'lambda_': 0.5303968839409959, 'alpha': 0.008726600098949207, 'no_of_primary_capsules': 32, 'primary_capsule_vector': 8, 'no_of_secondary_capsules': 10}
Fitting individual 4/22 with genotype {'epochs': 2, 'r': 2, 'no_of_conv_kernels': 3, 'secondary_capsule_vector': 30, 'dense_1': 4, 'dense_2': 1792, 'epsilon': 0.03689892302241457, 'm_plus': 0.980544831337185, 'm_minus': 0.10191635108989067, 'lambda_': 0.7049335944461311, 'alpha': 0.001553261681705732, 'no_of_primary_capsules': 32, 'primary_capsule_vector': 8, 'no_of_secondary_capsules': 10}
Fitting individual 5/22 with genotype {'epochs': 7, 'r': 4, 'no_of_conv_kernels': 128, 'secondary_capsule_vector': 19, 'dense_1': 256, 'dense_2': 768, 'epsilon': 0.046792307264737446, 'm_plus': 0.9791727377438584, 'm_minus': 0.2, 'lambda_': 0.5272572744318758, 'alpha': 0.009357219669210846, 'no_of_primary_capsules': 32, 'primary_capsule_vector': 8, 'no_of_secondary_capsules': 10}
Fitting individual 6/22 with genotype {'epochs': 4, 'r': 3, 'no_of_conv_kernels': 32, 'secondary_capsule_vector': 2, 'dense_1': 4, 'dense_2': 768, 'epsilon': 0.08583814652114959, 'm_plus': 0.9201821139178585, 'm_minus': 0.1311017972612821, 'lambda_': 0.8690320022587614, 'alpha': 0.005475408339919397, 'no_of_primary_capsules': 32, 'primary_capsule_vector': 8, 'no_of_secondary_capsules': 10}
Fitting individual 7/22 with genotype {'epochs': 6, 'r': 4, 'no_of_conv_kernels': 32, 'secondary_capsule_vector': 2, 'dense_1': 512, 'dense_2': 256, 'epsilon': 0.019078068245932264, 'm_plus': 0.9075878688627733, 'm_minus': 0.07370837211478241, 'lambda_': 0.7639467943382883, 'alpha': 0.0005853918277859762, 'no_of_primary_capsules': 32, 'primary_capsule_vector': 8, 'no_of_secondary_capsules': 10}
Fitting individual 8/22 with genotype {'epochs': 7, 'r': 4, 'no_of_conv_kernels': 32, 'secondary_capsule_vector': 28, 'dense_1': 512, 'dense_2': 768, 'epsilon': 0.039738719314782386, 'm_plus': 0.9819952993250837, 'm_minus': 0.16632644925401363, 'lambda_': 0.6957940687872921, 'alpha': 0.0015343378295016711, 'no_of_primary_capsules': 32, 'primary_capsule_vector': 8, 'no_of_secondary_capsules': 10}
Fitting individual 9/22 with genotype {'epochs': 6, 'r': 4, 'no_of_conv_kernels': 128, 'secondary_capsule_vector': 4, 'dense_1': 4, 'dense_2': 7, 'epsilon': 0.04366983182339226, 'm_plus': 0.9395368481064165, 'm_minus': 0.17683621141681583, 'lambda_': 0.8323788958197259, 'alpha': 0.004570857582425407, 'no_of_primary_capsules': 32, 'primary_capsule_vector': 8, 'no_of_secondary_capsules': 10}
Fitting individual 10/22 with genotype {'epochs': 1, 'r': 3, 'no_of_conv_kernels': 128, 'secondary_capsule_vector': 45, 'dense_1': 128, 'dense_2': 7, 'epsilon': 0.02232338071910467, 'm_plus': 0.951531849546987, 'm_minus': 0.0732933337223508, 'lambda_': 0.3012231258347905, 'alpha': 0.01, 'no_of_primary_capsules': 32, 'primary_capsule_vector': 8, 'no_of_secondary_capsules': 10}
Fitting individual 11/22 with genotype {'epochs': 4, 'r': 3, 'no_of_conv_kernels': 32, 'secondary_capsule_vector': 2, 'dense_1': 4, 'dense_2': 512, 'epsilon': 0.09144645927449065, 'm_plus': 0.9583833845306751, 'm_minus': 0.07255619419697293, 'lambda_': 0.5303968839409959, 'alpha': 0.008726600098949207, 'no_of_primary_capsules': 32, 'primary_capsule_vector': 8, 'no_of_secondary_capsules': 10}
Fitting individual 12/22 with genotype {'epochs': 5, 'r': 2, 'no_of_conv_kernels': 32, 'secondary_capsule_vector': 45, 'dense_1': 768, 'dense_2': 768, 'epsilon': 0.08583814652114959, 'm_plus': 0.9201821139178585, 'm_minus': 0.11541286389364074, 'lambda_': 0.8690320022587614, 'alpha': 0.005475408339919397, 'no_of_primary_capsules': 32, 'primary_capsule_vector': 8, 'no_of_secondary_capsules': 10}
Fitting individual 13/22 with genotype {'epochs': 4, 'r': 3, 'no_of_conv_kernels': 32, 'secondary_capsule_vector': 2, 'dense_1': 128, 'dense_2': 768, 'epsilon': 0.02859423515849197, 'm_plus': 0.9, 'm_minus': 0.09942872473597014, 'lambda_': 0.7576084245977581, 'alpha': 0.0001, 'no_of_primary_capsules': 32, 'primary_capsule_vector': 8, 'no_of_secondary_capsules': 10}
Fitting individual 14/22 with genotype {'epochs': 6, 'r': 2, 'no_of_conv_kernels': 128, 'secondary_capsule_vector': 7, 'dense_1': 4, 'dense_2': 768, 'epsilon': 0.08583814652114959, 'm_plus': 0.9201821139178585, 'm_minus': 0.11541286389364074, 'lambda_': 0.8690320022587614, 'alpha': 0.005475408339919397, 'no_of_primary_capsules': 32, 'primary_capsule_vector': 8, 'no_of_secondary_capsules': 10}
Fitting individual 15/22 with genotype {'epochs': 5, 'r': 3, 'no_of_conv_kernels': 128, 'secondary_capsule_vector': 27, 'dense_1': 4, 'dense_2': 1792, 'epsilon': 0.054628566500097855, 'm_plus': 0.980544831337185, 'm_minus': 0.10191635108989067, 'lambda_': 0.7049335944461311, 'alpha': 0.001553261681705732, 'no_of_primary_capsules': 32, 'primary_capsule_vector': 8, 'no_of_secondary_capsules': 10}
Fitting individual 16/22 with genotype {'epochs': 2, 'r': 2, 'no_of_conv_kernels': 3, 'secondary_capsule_vector': 30, 'dense_1': 256, 'dense_2': 1280, 'epsilon': 0.06877318934891824, 'm_plus': 0.9354810164652153, 'm_minus': 0.05737988066643303, 'lambda_': 0.5120007879578939, 'alpha': 0.00744344564568264, 'no_of_primary_capsules': 32, 'primary_capsule_vector': 8, 'no_of_secondary_capsules': 10}
Fitting individual 17/22 with genotype {'epochs': 6, 'r': 4, 'no_of_conv_kernels': 128, 'secondary_capsule_vector': 4, 'dense_1': 4, 'dense_2': 1792, 'epsilon': 0.054628566500097855, 'm_plus': 0.980544831337185, 'm_minus': 0.10191635108989067, 'lambda_': 0.7049335944461311, 'alpha': 0.001553261681705732, 'no_of_primary_capsules': 32, 'primary_capsule_vector': 8, 'no_of_secondary_capsules': 10}
Fitting individual 18/22 with genotype {'epochs': 2, 'r': 2, 'no_of_conv_kernels': 3, 'secondary_capsule_vector': 30, 'dense_1': 4, 'dense_2': 1024, 'epsilon': 0.04366983182339226, 'm_plus': 0.9395368481064165, 'm_minus': 0.17683621141681583, 'lambda_': 0.8323788958197259, 'alpha': 0.004570857582425407, 'no_of_primary_capsules': 32, 'primary_capsule_vector': 8, 'no_of_secondary_capsules': 10}
Fitting individual 19/22 with genotype {'epochs': 7, 'r': 4, 'no_of_conv_kernels': 128, 'secondary_capsule_vector': 19, 'dense_1': 256, 'dense_2': 768, 'epsilon': 0.046792307264737446, 'm_plus': 0.9791727377438584, 'm_minus': 0.2, 'lambda_': 0.5272572744318758, 'alpha': 0.009357219669210846, 'no_of_primary_capsules': 32, 'primary_capsule_vector': 8, 'no_of_secondary_capsules': 10}
Validation loss is not decreasing anymore, risk of overfitting the model after 7 epochs. The training will be stopped. This behavior can be modified by setting the early_stop property of the model to False
Fitting individual 20/22 with genotype {'epochs': 2, 'r': 2, 'no_of_conv_kernels': 3, 'secondary_capsule_vector': 30, 'dense_1': 4, 'dense_2': 1792, 'epsilon': 0.03689892302241457, 'm_plus': 0.980544831337185, 'm_minus': 0.10191635108989067, 'lambda_': 0.7049335944461311, 'alpha': 0.001553261681705732, 'no_of_primary_capsules': 32, 'primary_capsule_vector': 8, 'no_of_secondary_capsules': 10}
Fitting individual 21/22 with genotype {'epochs': 4, 'r': 3, 'no_of_conv_kernels': 32, 'secondary_capsule_vector': 2, 'dense_1': 4, 'dense_2': 768, 'epsilon': 0.08583814652114959, 'm_plus': 0.9201821139178585, 'm_minus': 0.1311017972612821, 'lambda_': 0.8690320022587614, 'alpha': 0.005475408339919397, 'no_of_primary_capsules': 32, 'primary_capsule_vector': 8, 'no_of_secondary_capsules': 10}
Fitting individual 22/22 with genotype {'epochs': 6, 'r': 4, 'no_of_conv_kernels': 128, 'secondary_capsule_vector': 4, 'dense_1': 4, 'dense_2': 7, 'epsilon': 0.04366983182339226, 'm_plus': 0.9395368481064165, 'm_minus': 0.17683621141681583, 'lambda_': 0.8323788958197259, 'alpha': 0.004570857582425407, 'no_of_primary_capsules': 32, 'primary_capsule_vector': 8, 'no_of_secondary_capsules': 10}
Len of pop after selection : 10
=== Generation 8/10
Len of pop before manipulations : 10
crossover created 10 offspring(s)
mutation created 1 offspring(s)
local search created 3 offspring(s)
Len of pop after manipulations : 24
Fitting individual 1/24 with genotype {'epochs': 6, 'r': 2, 'no_of_conv_kernels': 128, 'secondary_capsule_vector': 7, 'dense_1': 128, 'dense_2': 768, 'epsilon': 0.02859423515849197, 'm_plus': 0.9, 'm_minus': 0.09942872473597014, 'lambda_': 0.7576084245977581, 'alpha': 0.0001, 'no_of_primary_capsules': 32, 'primary_capsule_vector': 8, 'no_of_secondary_capsules': 10}
Fitting individual 2/24 with genotype {'epochs': 5, 'r': 3, 'no_of_conv_kernels': 128, 'secondary_capsule_vector': 27, 'dense_1': 256, 'dense_2': 1280, 'epsilon': 0.06877318934891824, 'm_plus': 0.9354810164652153, 'm_minus': 0.05737988066643303, 'lambda_': 0.4212522831846249, 'alpha': 0.00744344564568264, 'no_of_primary_capsules': 32, 'primary_capsule_vector': 8, 'no_of_secondary_capsules': 10}
Fitting individual 3/24 with genotype {'epochs': 5, 'r': 2, 'no_of_conv_kernels': 32, 'secondary_capsule_vector': 45, 'dense_1': 768, 'dense_2': 512, 'epsilon': 0.09144645927449065, 'm_plus': 0.9583833845306751, 'm_minus': 0.07255619419697293, 'lambda_': 0.5303968839409959, 'alpha': 0.008726600098949207, 'no_of_primary_capsules': 32, 'primary_capsule_vector': 8, 'no_of_secondary_capsules': 10}
Fitting individual 4/24 with genotype {'epochs': 6, 'r': 4, 'no_of_conv_kernels': 128, 'secondary_capsule_vector': 4, 'dense_1': 4, 'dense_2': 7, 'epsilon': 0.04366983182339226, 'm_plus': 0.9395368481064165, 'm_minus': 0.17683621141681583, 'lambda_': 0.8323788958197259, 'alpha': 0.004570857582425407, 'no_of_primary_capsules': 32, 'primary_capsule_vector': 8, 'no_of_secondary_capsules': 10}
Fitting individual 5/24 with genotype {'epochs': 2, 'r': 2, 'no_of_conv_kernels': 3, 'secondary_capsule_vector': 30, 'dense_1': 4, 'dense_2': 1792, 'epsilon': 0.03689892302241457, 'm_plus': 0.980544831337185, 'm_minus': 0.10191635108989067, 'lambda_': 0.7049335944461311, 'alpha': 0.001553261681705732, 'no_of_primary_capsules': 32, 'primary_capsule_vector': 8, 'no_of_secondary_capsules': 10}
Fitting individual 6/24 with genotype {'epochs': 7, 'r': 4, 'no_of_conv_kernels': 128, 'secondary_capsule_vector': 19, 'dense_1': 256, 'dense_2': 768, 'epsilon': 0.046792307264737446, 'm_plus': 0.9791727377438584, 'm_minus': 0.19908675873257045, 'lambda_': 0.3389266316870223, 'alpha': 0.009357219669210846, 'no_of_primary_capsules': 32, 'primary_capsule_vector': 8, 'no_of_secondary_capsules': 10}
Fitting individual 7/24 with genotype {'epochs': 4, 'r': 3, 'no_of_conv_kernels': 32, 'secondary_capsule_vector': 2, 'dense_1': 4, 'dense_2': 768, 'epsilon': 0.08583814652114959, 'm_plus': 0.9201821139178585, 'm_minus': 0.1311017972612821, 'lambda_': 0.8690320022587614, 'alpha': 0.005475408339919397, 'no_of_primary_capsules': 32, 'primary_capsule_vector': 8, 'no_of_secondary_capsules': 10}
Fitting individual 8/24 with genotype {'epochs': 1, 'r': 3, 'no_of_conv_kernels': 128, 'secondary_capsule_vector': 45, 'dense_1': 128, 'dense_2': 7, 'epsilon': 0.02232338071910467, 'm_plus': 0.951531849546987, 'm_minus': 0.0732933337223508, 'lambda_': 0.3012231258347905, 'alpha': 0.01, 'no_of_primary_capsules': 32, 'primary_capsule_vector': 8, 'no_of_secondary_capsules': 10}
Fitting individual 9/24 with genotype {'epochs': 6, 'r': 4, 'no_of_conv_kernels': 32, 'secondary_capsule_vector': 2, 'dense_1': 512, 'dense_2': 256, 'epsilon': 0.019078068245932264, 'm_plus': 0.9075878688627733, 'm_minus': 0.07370837211478241, 'lambda_': 0.686824815852749, 'alpha': 0.0005853918277859762, 'no_of_primary_capsules': 32, 'primary_capsule_vector': 8, 'no_of_secondary_capsules': 10}
Fitting individual 10/24 with genotype {'epochs': 7, 'r': 4, 'no_of_conv_kernels': 32, 'secondary_capsule_vector': 28, 'dense_1': 512, 'dense_2': 768, 'epsilon': 0.039738719314782386, 'm_plus': 0.9819952993250837, 'm_minus': 0.16632644925401363, 'lambda_': 0.6957940687872921, 'alpha': 0.0015343378295016711, 'no_of_primary_capsules': 32, 'primary_capsule_vector': 8, 'no_of_secondary_capsules': 10}
Fitting individual 11/24 with genotype {'epochs': 6, 'r': 2, 'no_of_conv_kernels': 128, 'secondary_capsule_vector': 45, 'dense_1': 128, 'dense_2': 7, 'epsilon': 0.02232338071910467, 'm_plus': 0.951531849546987, 'm_minus': 0.0732933337223508, 'lambda_': 0.3012231258347905, 'alpha': 0.01, 'no_of_primary_capsules': 32, 'primary_capsule_vector': 8, 'no_of_secondary_capsules': 10}
Fitting individual 12/24 with genotype {'epochs': 1, 'r': 3, 'no_of_conv_kernels': 128, 'secondary_capsule_vector': 7, 'dense_1': 128, 'dense_2': 768, 'epsilon': 0.02859423515849197, 'm_plus': 0.9, 'm_minus': 0.09942872473597014, 'lambda_': 0.7576084245977581, 'alpha': 0.0001, 'no_of_primary_capsules': 32, 'primary_capsule_vector': 8, 'no_of_secondary_capsules': 10}
Fitting individual 13/24 with genotype {'epochs': 5, 'r': 3, 'no_of_conv_kernels': 128, 'secondary_capsule_vector': 7, 'dense_1': 128, 'dense_2': 768, 'epsilon': 0.02859423515849197, 'm_plus': 0.9, 'm_minus': 0.09942872473597014, 'lambda_': 0.7576084245977581, 'alpha': 0.0001, 'no_of_primary_capsules': 32, 'primary_capsule_vector': 8, 'no_of_secondary_capsules': 10}
Fitting individual 14/24 with genotype {'epochs': 6, 'r': 2, 'no_of_conv_kernels': 128, 'secondary_capsule_vector': 27, 'dense_1': 256, 'dense_2': 1280, 'epsilon': 0.06877318934891824, 'm_plus': 0.9354810164652153, 'm_minus': 0.05737988066643303, 'lambda_': 0.5120007879578939, 'alpha': 0.00744344564568264, 'no_of_primary_capsules': 32, 'primary_capsule_vector': 8, 'no_of_secondary_capsules': 10}
Fitting individual 15/24 with genotype {'epochs': 6, 'r': 4, 'no_of_conv_kernels': 32, 'secondary_capsule_vector': 2, 'dense_1': 128, 'dense_2': 7, 'epsilon': 0.02232338071910467, 'm_plus': 0.951531849546987, 'm_minus': 0.0732933337223508, 'lambda_': 0.3012231258347905, 'alpha': 0.01, 'no_of_primary_capsules': 32, 'primary_capsule_vector': 8, 'no_of_secondary_capsules': 10}
Fitting individual 16/24 with genotype {'epochs': 1, 'r': 3, 'no_of_conv_kernels': 128, 'secondary_capsule_vector': 45, 'dense_1': 512, 'dense_2': 256, 'epsilon': 0.019078068245932264, 'm_plus': 0.9075878688627733, 'm_minus': 0.07370837211478241, 'lambda_': 0.7639467943382883, 'alpha': 0.0005853918277859762, 'no_of_primary_capsules': 32, 'primary_capsule_vector': 8, 'no_of_secondary_capsules': 10}
Fitting individual 17/24 with genotype {'epochs': 7, 'r': 4, 'no_of_conv_kernels': 32, 'secondary_capsule_vector': 2, 'dense_1': 512, 'dense_2': 256, 'epsilon': 0.019078068245932264, 'm_plus': 0.9075878688627733, 'm_minus': 0.07370837211478241, 'lambda_': 0.7639467943382883, 'alpha': 0.0005853918277859762, 'no_of_primary_capsules': 32, 'primary_capsule_vector': 8, 'no_of_secondary_capsules': 10}
Fitting individual 18/24 with genotype {'epochs': 6, 'r': 4, 'no_of_conv_kernels': 128, 'secondary_capsule_vector': 19, 'dense_1': 256, 'dense_2': 768, 'epsilon': 0.046792307264737446, 'm_plus': 0.9791727377438584, 'm_minus': 0.2, 'lambda_': 0.5272572744318758, 'alpha': 0.009357219669210846, 'no_of_primary_capsules': 32, 'primary_capsule_vector': 8, 'no_of_secondary_capsules': 10}
Fitting individual 19/24 with genotype {'epochs': 6, 'r': 4, 'no_of_conv_kernels': 128, 'secondary_capsule_vector': 4, 'dense_1': 4, 'dense_2': 7, 'epsilon': 0.02232338071910467, 'm_plus': 0.951531849546987, 'm_minus': 0.0732933337223508, 'lambda_': 0.3012231258347905, 'alpha': 0.01, 'no_of_primary_capsules': 32, 'primary_capsule_vector': 8, 'no_of_secondary_capsules': 10}
Fitting individual 20/24 with genotype {'epochs': 1, 'r': 3, 'no_of_conv_kernels': 128, 'secondary_capsule_vector': 45, 'dense_1': 128, 'dense_2': 7, 'epsilon': 0.04366983182339226, 'm_plus': 0.9395368481064165, 'm_minus': 0.17683621141681583, 'lambda_': 0.8323788958197259, 'alpha': 0.004570857582425407, 'no_of_primary_capsules': 32, 'primary_capsule_vector': 8, 'no_of_secondary_capsules': 10}
Fitting individual 21/24 with genotype {'epochs': 7, 'r': 4, 'no_of_conv_kernels': 128, 'secondary_capsule_vector': 19, 'dense_1': 256, 'dense_2': 768, 'epsilon': 0.046792307264737446, 'm_plus': 0.9791727377438584, 'm_minus': 0.2, 'lambda_': 0.3389266316870223, 'alpha': 0.009357219669210846, 'no_of_primary_capsules': 32, 'primary_capsule_vector': 8, 'no_of_secondary_capsules': 10}
Fitting individual 22/24 with genotype {'epochs': 6, 'r': 4, 'no_of_conv_kernels': 32, 'secondary_capsule_vector': 2, 'dense_1': 512, 'dense_2': 256, 'epsilon': 0.019078068245932264, 'm_plus': 0.9075878688627733, 'm_minus': 0.07370837211478241, 'lambda_': 0.686824815852749, 'alpha': 0.0005853918277859762, 'no_of_primary_capsules': 32, 'primary_capsule_vector': 8, 'no_of_secondary_capsules': 10}
Fitting individual 23/24 with genotype {'epochs': 5, 'r': 3, 'no_of_conv_kernels': 128, 'secondary_capsule_vector': 27, 'dense_1': 256, 'dense_2': 1280, 'epsilon': 0.06877318934891824, 'm_plus': 0.9354810164652153, 'm_minus': 0.05737988066643303, 'lambda_': 0.4212522831846249, 'alpha': 0.00744344564568264, 'no_of_primary_capsules': 32, 'primary_capsule_vector': 8, 'no_of_secondary_capsules': 10}
Fitting individual 24/24 with genotype {'epochs': 7, 'r': 4, 'no_of_conv_kernels': 128, 'secondary_capsule_vector': 19, 'dense_1': 256, 'dense_2': 768, 'epsilon': 0.046792307264737446, 'm_plus': 0.9791727377438584, 'm_minus': 0.19908675873257045, 'lambda_': 0.3389266316870223, 'alpha': 0.009357219669210846, 'no_of_primary_capsules': 32, 'primary_capsule_vector': 8, 'no_of_secondary_capsules': 10}
Len of pop after selection : 10
=== Generation 9/10
Len of pop before manipulations : 10
crossover created 10 offspring(s)
mutation created 1 offspring(s)
local search created 2 offspring(s)
Len of pop after manipulations : 23
Fitting individual 1/23 with genotype {'epochs': 6, 'r': 2, 'no_of_conv_kernels': 128, 'secondary_capsule_vector': 7, 'dense_1': 128, 'dense_2': 768, 'epsilon': 0.02859423515849197, 'm_plus': 0.9, 'm_minus': 0.09942872473597014, 'lambda_': 0.7576084245977581, 'alpha': 0.0001, 'no_of_primary_capsules': 32, 'primary_capsule_vector': 8, 'no_of_secondary_capsules': 10}
Fitting individual 2/23 with genotype {'epochs': 5, 'r': 2, 'no_of_conv_kernels': 32, 'secondary_capsule_vector': 45, 'dense_1': 768, 'dense_2': 512, 'epsilon': 0.09144645927449065, 'm_plus': 0.9583833845306751, 'm_minus': 0.07255619419697293, 'lambda_': 0.5303968839409959, 'alpha': 0.008726600098949207, 'no_of_primary_capsules': 32, 'primary_capsule_vector': 8, 'no_of_secondary_capsules': 10}
Fitting individual 3/23 with genotype {'epochs': 2, 'r': 2, 'no_of_conv_kernels': 3, 'secondary_capsule_vector': 30, 'dense_1': 4, 'dense_2': 1792, 'epsilon': 0.03689892302241457, 'm_plus': 0.980544831337185, 'm_minus': 0.10191635108989067, 'lambda_': 0.7049335944461311, 'alpha': 0.001553261681705732, 'no_of_primary_capsules': 32, 'primary_capsule_vector': 8, 'no_of_secondary_capsules': 10}
Fitting individual 4/23 with genotype {'epochs': 5, 'r': 3, 'no_of_conv_kernels': 128, 'secondary_capsule_vector': 27, 'dense_1': 256, 'dense_2': 1280, 'epsilon': 0.06877318934891824, 'm_plus': 0.9354810164652153, 'm_minus': 0.05737988066643303, 'lambda_': 0.4418270755000002, 'alpha': 0.00744344564568264, 'no_of_primary_capsules': 32, 'primary_capsule_vector': 8, 'no_of_secondary_capsules': 10}
Fitting individual 5/23 with genotype {'epochs': 4, 'r': 3, 'no_of_conv_kernels': 32, 'secondary_capsule_vector': 2, 'dense_1': 4, 'dense_2': 768, 'epsilon': 0.08583814652114959, 'm_plus': 0.9201821139178585, 'm_minus': 0.1311017972612821, 'lambda_': 0.8690320022587614, 'alpha': 0.005475408339919397, 'no_of_primary_capsules': 32, 'primary_capsule_vector': 8, 'no_of_secondary_capsules': 10}
Fitting individual 6/23 with genotype {'epochs': 1, 'r': 3, 'no_of_conv_kernels': 128, 'secondary_capsule_vector': 45, 'dense_1': 128, 'dense_2': 7, 'epsilon': 0.02232338071910467, 'm_plus': 0.951531849546987, 'm_minus': 0.0732933337223508, 'lambda_': 0.38526768553610713, 'alpha': 0.01, 'no_of_primary_capsules': 32, 'primary_capsule_vector': 8, 'no_of_secondary_capsules': 10}
Fitting individual 7/23 with genotype {'epochs': 6, 'r': 4, 'no_of_conv_kernels': 128, 'secondary_capsule_vector': 4, 'dense_1': 4, 'dense_2': 7, 'epsilon': 0.04366983182339226, 'm_plus': 0.9395368481064165, 'm_minus': 0.17683621141681583, 'lambda_': 0.8323788958197259, 'alpha': 0.004570857582425407, 'no_of_primary_capsules': 32, 'primary_capsule_vector': 8, 'no_of_secondary_capsules': 10}
Fitting individual 8/23 with genotype {'epochs': 7, 'r': 4, 'no_of_conv_kernels': 32, 'secondary_capsule_vector': 28, 'dense_1': 512, 'dense_2': 768, 'epsilon': 0.039738719314782386, 'm_plus': 0.9819952993250837, 'm_minus': 0.16632644925401363, 'lambda_': 0.6957940687872921, 'alpha': 0.0015343378295016711, 'no_of_primary_capsules': 32, 'primary_capsule_vector': 8, 'no_of_secondary_capsules': 10}
Fitting individual 9/23 with genotype {'epochs': 7, 'r': 4, 'no_of_conv_kernels': 128, 'secondary_capsule_vector': 19, 'dense_1': 256, 'dense_2': 768, 'epsilon': 0.046792307264737446, 'm_plus': 0.9791727377438584, 'm_minus': 0.19908675873257045, 'lambda_': 0.3389266316870223, 'alpha': 0.009357219669210846, 'no_of_primary_capsules': 32, 'primary_capsule_vector': 8, 'no_of_secondary_capsules': 10}
Fitting individual 10/23 with genotype {'epochs': 6, 'r': 4, 'no_of_conv_kernels': 32, 'secondary_capsule_vector': 2, 'dense_1': 512, 'dense_2': 256, 'epsilon': 0.019078068245932264, 'm_plus': 0.9075878688627733, 'm_minus': 0.07370837211478241, 'lambda_': 0.686824815852749, 'alpha': 0.0005853918277859762, 'no_of_primary_capsules': 32, 'primary_capsule_vector': 8, 'no_of_secondary_capsules': 10}
Fitting individual 11/23 with genotype {'epochs': 5, 'r': 3, 'no_of_conv_kernels': 128, 'secondary_capsule_vector': 27, 'dense_1': 256, 'dense_2': 1280, 'epsilon': 0.06877318934891824, 'm_plus': 0.9354810164652153, 'm_minus': 0.05737988066643303, 'lambda_': 0.5303968839409959, 'alpha': 0.008726600098949207, 'no_of_primary_capsules': 32, 'primary_capsule_vector': 8, 'no_of_secondary_capsules': 10}
Fitting individual 12/23 with genotype {'epochs': 5, 'r': 2, 'no_of_conv_kernels': 32, 'secondary_capsule_vector': 45, 'dense_1': 768, 'dense_2': 512, 'epsilon': 0.09144645927449065, 'm_plus': 0.9583833845306751, 'm_minus': 0.07255619419697293, 'lambda_': 0.4212522831846249, 'alpha': 0.00744344564568264, 'no_of_primary_capsules': 32, 'primary_capsule_vector': 8, 'no_of_secondary_capsules': 10}
Fitting individual 13/23 with genotype {'epochs': 2, 'r': 2, 'no_of_conv_kernels': 3, 'secondary_capsule_vector': 30, 'dense_1': 4, 'dense_2': 1792, 'epsilon': 0.03689892302241457, 'm_plus': 0.980544831337185, 'm_minus': 0.09942872473597014, 'lambda_': 0.7576084245977581, 'alpha': 0.0001, 'no_of_primary_capsules': 32, 'primary_capsule_vector': 8, 'no_of_secondary_capsules': 10}
Fitting individual 14/23 with genotype {'epochs': 6, 'r': 2, 'no_of_conv_kernels': 128, 'secondary_capsule_vector': 7, 'dense_1': 128, 'dense_2': 768, 'epsilon': 0.02859423515849197, 'm_plus': 0.9, 'm_minus': 0.10191635108989067, 'lambda_': 0.7049335944461311, 'alpha': 0.001553261681705732, 'no_of_primary_capsules': 32, 'primary_capsule_vector': 8, 'no_of_secondary_capsules': 10}
Validation loss is not decreasing anymore, risk of overfitting the model after 6 epochs. The training will be stopped. This behavior can be modified by setting the early_stop property of the model to False
Fitting individual 15/23 with genotype {'epochs': 5, 'r': 2, 'no_of_conv_kernels': 32, 'secondary_capsule_vector': 2, 'dense_1': 512, 'dense_2': 256, 'epsilon': 0.019078068245932264, 'm_plus': 0.9075878688627733, 'm_minus': 0.07370837211478241, 'lambda_': 0.686824815852749, 'alpha': 0.0005853918277859762, 'no_of_primary_capsules': 32, 'primary_capsule_vector': 8, 'no_of_secondary_capsules': 10}
Fitting individual 16/23 with genotype {'epochs': 6, 'r': 4, 'no_of_conv_kernels': 32, 'secondary_capsule_vector': 45, 'dense_1': 768, 'dense_2': 512, 'epsilon': 0.09144645927449065, 'm_plus': 0.9583833845306751, 'm_minus': 0.07255619419697293, 'lambda_': 0.5303968839409959, 'alpha': 0.008726600098949207, 'no_of_primary_capsules': 32, 'primary_capsule_vector': 8, 'no_of_secondary_capsules': 10}
Validation loss is not decreasing anymore, risk of overfitting the model after 6 epochs. The training will be stopped. This behavior can be modified by setting the early_stop property of the model to False
Fitting individual 17/23 with genotype {'epochs': 5, 'r': 3, 'no_of_conv_kernels': 128, 'secondary_capsule_vector': 27, 'dense_1': 256, 'dense_2': 1280, 'epsilon': 0.06877318934891824, 'm_plus': 0.9354810164652153, 'm_minus': 0.07255619419697293, 'lambda_': 0.5303968839409959, 'alpha': 0.008726600098949207, 'no_of_primary_capsules': 32, 'primary_capsule_vector': 8, 'no_of_secondary_capsules': 10}
Fitting individual 18/23 with genotype {'epochs': 5, 'r': 2, 'no_of_conv_kernels': 32, 'secondary_capsule_vector': 45, 'dense_1': 768, 'dense_2': 512, 'epsilon': 0.09144645927449065, 'm_plus': 0.9583833845306751, 'm_minus': 0.05737988066643303, 'lambda_': 0.4212522831846249, 'alpha': 0.00744344564568264, 'no_of_primary_capsules': 32, 'primary_capsule_vector': 8, 'no_of_secondary_capsules': 10}
Fitting individual 19/23 with genotype {'epochs': 6, 'r': 4, 'no_of_conv_kernels': 32, 'secondary_capsule_vector': 2, 'dense_1': 512, 'dense_2': 256, 'epsilon': 0.019078068245932264, 'm_plus': 0.9075878688627733, 'm_minus': 0.07370837211478241, 'lambda_': 0.686824815852749, 'alpha': 0.0015343378295016711, 'no_of_primary_capsules': 32, 'primary_capsule_vector': 8, 'no_of_secondary_capsules': 10}
Fitting individual 20/23 with genotype {'epochs': 7, 'r': 4, 'no_of_conv_kernels': 32, 'secondary_capsule_vector': 28, 'dense_1': 512, 'dense_2': 768, 'epsilon': 0.039738719314782386, 'm_plus': 0.9819952993250837, 'm_minus': 0.16632644925401363, 'lambda_': 0.6957940687872921, 'alpha': 0.0005853918277859762, 'no_of_primary_capsules': 32, 'primary_capsule_vector': 8, 'no_of_secondary_capsules': 10}
Fitting individual 21/23 with genotype {'epochs': 5, 'r': 3, 'no_of_conv_kernels': 128, 'secondary_capsule_vector': 27, 'dense_1': 256, 'dense_2': 1280, 'epsilon': 0.06877318934891824, 'm_plus': 0.9354810164652153, 'm_minus': 0.05737988066643303, 'lambda_': 0.4418270755000002, 'alpha': 0.00744344564568264, 'no_of_primary_capsules': 32, 'primary_capsule_vector': 8, 'no_of_secondary_capsules': 10}
Fitting individual 22/23 with genotype {'epochs': 1, 'r': 3, 'no_of_conv_kernels': 128, 'secondary_capsule_vector': 45, 'dense_1': 128, 'dense_2': 7, 'epsilon': 0.02232338071910467, 'm_plus': 0.951531849546987, 'm_minus': 0.0732933337223508, 'lambda_': 0.38526768553610713, 'alpha': 0.01, 'no_of_primary_capsules': 32, 'primary_capsule_vector': 8, 'no_of_secondary_capsules': 10}
Fitting individual 23/23 with genotype {'epochs': 1, 'r': 3, 'no_of_conv_kernels': 128, 'secondary_capsule_vector': 45, 'dense_1': 128, 'dense_2': 7, 'epsilon': 0.02232338071910467, 'm_plus': 0.951531849546987, 'm_minus': 0.0732933337223508, 'lambda_': 0.38526768553610713, 'alpha': 0.01, 'no_of_primary_capsules': 32, 'primary_capsule_vector': 8, 'no_of_secondary_capsules': 10}
Len of pop after selection : 10
=== Generation 10/10
Len of pop before manipulations : 10
crossover created 6 offspring(s)
mutation created 0 offspring(s)
local search created 3 offspring(s)
Len of pop after manipulations : 19
Fitting individual 1/19 with genotype {'epochs': 5, 'r': 2, 'no_of_conv_kernels': 32, 'secondary_capsule_vector': 45, 'dense_1': 768, 'dense_2': 512, 'epsilon': 0.09144645927449065, 'm_plus': 0.9583833845306751, 'm_minus': 0.07255619419697293, 'lambda_': 0.5303968839409959, 'alpha': 0.008726600098949207, 'no_of_primary_capsules': 32, 'primary_capsule_vector': 8, 'no_of_secondary_capsules': 10}
Fitting individual 2/19 with genotype {'epochs': 6, 'r': 2, 'no_of_conv_kernels': 128, 'secondary_capsule_vector': 7, 'dense_1': 128, 'dense_2': 768, 'epsilon': 0.02859423515849197, 'm_plus': 0.9, 'm_minus': 0.09942872473597014, 'lambda_': 0.7576084245977581, 'alpha': 0.0001, 'no_of_primary_capsules': 32, 'primary_capsule_vector': 8, 'no_of_secondary_capsules': 10}
Fitting individual 3/19 with genotype {'epochs': 2, 'r': 2, 'no_of_conv_kernels': 3, 'secondary_capsule_vector': 30, 'dense_1': 4, 'dense_2': 1792, 'epsilon': 0.03689892302241457, 'm_plus': 0.980544831337185, 'm_minus': 0.10191635108989067, 'lambda_': 0.7049335944461311, 'alpha': 0.001553261681705732, 'no_of_primary_capsules': 32, 'primary_capsule_vector': 8, 'no_of_secondary_capsules': 10}
Fitting individual 4/19 with genotype {'epochs': 5, 'r': 3, 'no_of_conv_kernels': 128, 'secondary_capsule_vector': 27, 'dense_1': 256, 'dense_2': 1280, 'epsilon': 0.06877318934891824, 'm_plus': 0.9354810164652153, 'm_minus': 0.05737988066643303, 'lambda_': 0.4418270755000002, 'alpha': 0.00744344564568264, 'no_of_primary_capsules': 32, 'primary_capsule_vector': 8, 'no_of_secondary_capsules': 10}
Fitting individual 5/19 with genotype {'epochs': 1, 'r': 3, 'no_of_conv_kernels': 128, 'secondary_capsule_vector': 45, 'dense_1': 128, 'dense_2': 7, 'epsilon': 0.02232338071910467, 'm_plus': 0.951531849546987, 'm_minus': 0.0732933337223508, 'lambda_': 0.38526768553610713, 'alpha': 0.01, 'no_of_primary_capsules': 32, 'primary_capsule_vector': 8, 'no_of_secondary_capsules': 10}
Fitting individual 6/19 with genotype {'epochs': 4, 'r': 3, 'no_of_conv_kernels': 32, 'secondary_capsule_vector': 2, 'dense_1': 4, 'dense_2': 768, 'epsilon': 0.08583814652114959, 'm_plus': 0.9201821139178585, 'm_minus': 0.1311017972612821, 'lambda_': 0.8559438175488173, 'alpha': 0.005475408339919397, 'no_of_primary_capsules': 32, 'primary_capsule_vector': 8, 'no_of_secondary_capsules': 10}
Fitting individual 7/19 with genotype {'epochs': 6, 'r': 4, 'no_of_conv_kernels': 128, 'secondary_capsule_vector': 4, 'dense_1': 4, 'dense_2': 7, 'epsilon': 0.04366983182339226, 'm_plus': 0.9395368481064165, 'm_minus': 0.17683621141681583, 'lambda_': 0.8323788958197259, 'alpha': 0.004570857582425407, 'no_of_primary_capsules': 32, 'primary_capsule_vector': 8, 'no_of_secondary_capsules': 10}
Fitting individual 8/19 with genotype {'epochs': 6, 'r': 4, 'no_of_conv_kernels': 32, 'secondary_capsule_vector': 2, 'dense_1': 512, 'dense_2': 256, 'epsilon': 0.019078068245932264, 'm_plus': 0.9075878688627733, 'm_minus': 0.07370837211478241, 'lambda_': 0.686824815852749, 'alpha': 0.0005853918277859762, 'no_of_primary_capsules': 32, 'primary_capsule_vector': 8, 'no_of_secondary_capsules': 10}
Fitting individual 9/19 with genotype {'epochs': 7, 'r': 4, 'no_of_conv_kernels': 128, 'secondary_capsule_vector': 19, 'dense_1': 256, 'dense_2': 768, 'epsilon': 0.046792307264737446, 'm_plus': 0.9791727377438584, 'm_minus': 0.19908675873257045, 'lambda_': 0.3389266316870223, 'alpha': 0.009357219669210846, 'no_of_primary_capsules': 32, 'primary_capsule_vector': 8, 'no_of_secondary_capsules': 10}
Validation loss is not decreasing anymore, risk of overfitting the model after 6 epochs. The training will be stopped. This behavior can be modified by setting the early_stop property of the model to False
Fitting individual 10/19 with genotype {'epochs': 7, 'r': 4, 'no_of_conv_kernels': 32, 'secondary_capsule_vector': 28, 'dense_1': 512, 'dense_2': 768, 'epsilon': 0.039738719314782386, 'm_plus': 0.9819952993250837, 'm_minus': 0.16632644925401363, 'lambda_': 0.6957940687872921, 'alpha': 0.0015343378295016711, 'no_of_primary_capsules': 32, 'primary_capsule_vector': 8, 'no_of_secondary_capsules': 10}
Fitting individual 11/19 with genotype {'epochs': 2, 'r': 2, 'no_of_conv_kernels': 3, 'secondary_capsule_vector': 2, 'dense_1': 4, 'dense_2': 768, 'epsilon': 0.08583814652114959, 'm_plus': 0.9201821139178585, 'm_minus': 0.1311017972612821, 'lambda_': 0.8690320022587614, 'alpha': 0.005475408339919397, 'no_of_primary_capsules': 32, 'primary_capsule_vector': 8, 'no_of_secondary_capsules': 10}
Fitting individual 12/19 with genotype {'epochs': 4, 'r': 3, 'no_of_conv_kernels': 32, 'secondary_capsule_vector': 30, 'dense_1': 4, 'dense_2': 1792, 'epsilon': 0.03689892302241457, 'm_plus': 0.980544831337185, 'm_minus': 0.10191635108989067, 'lambda_': 0.7049335944461311, 'alpha': 0.001553261681705732, 'no_of_primary_capsules': 32, 'primary_capsule_vector': 8, 'no_of_secondary_capsules': 10}
Fitting individual 13/19 with genotype {'epochs': 4, 'r': 2, 'no_of_conv_kernels': 128, 'secondary_capsule_vector': 7, 'dense_1': 128, 'dense_2': 768, 'epsilon': 0.02859423515849197, 'm_plus': 0.9, 'm_minus': 0.09942872473597014, 'lambda_': 0.7576084245977581, 'alpha': 0.0001, 'no_of_primary_capsules': 32, 'primary_capsule_vector': 8, 'no_of_secondary_capsules': 10}
Fitting individual 14/19 with genotype {'epochs': 6, 'r': 3, 'no_of_conv_kernels': 32, 'secondary_capsule_vector': 2, 'dense_1': 4, 'dense_2': 768, 'epsilon': 0.08583814652114959, 'm_plus': 0.9201821139178585, 'm_minus': 0.1311017972612821, 'lambda_': 0.8690320022587614, 'alpha': 0.005475408339919397, 'no_of_primary_capsules': 32, 'primary_capsule_vector': 8, 'no_of_secondary_capsules': 10}
Fitting individual 15/19 with genotype {'epochs': 7, 'r': 4, 'no_of_conv_kernels': 128, 'secondary_capsule_vector': 7, 'dense_1': 128, 'dense_2': 768, 'epsilon': 0.02859423515849197, 'm_plus': 0.9, 'm_minus': 0.09942872473597014, 'lambda_': 0.7576084245977581, 'alpha': 0.0001, 'no_of_primary_capsules': 32, 'primary_capsule_vector': 8, 'no_of_secondary_capsules': 10}
Fitting individual 16/19 with genotype {'epochs': 6, 'r': 2, 'no_of_conv_kernels': 128, 'secondary_capsule_vector': 19, 'dense_1': 256, 'dense_2': 768, 'epsilon': 0.046792307264737446, 'm_plus': 0.9791727377438584, 'm_minus': 0.19908675873257045, 'lambda_': 0.3389266316870223, 'alpha': 0.009357219669210846, 'no_of_primary_capsules': 32, 'primary_capsule_vector': 8, 'no_of_secondary_capsules': 10}
Fitting individual 17/19 with genotype {'epochs': 1, 'r': 3, 'no_of_conv_kernels': 128, 'secondary_capsule_vector': 45, 'dense_1': 128, 'dense_2': 7, 'epsilon': 0.02232338071910467, 'm_plus': 0.951531849546987, 'm_minus': 0.0732933337223508, 'lambda_': 0.38526768553610713, 'alpha': 0.01, 'no_of_primary_capsules': 32, 'primary_capsule_vector': 8, 'no_of_secondary_capsules': 10}
Fitting individual 18/19 with genotype {'epochs': 4, 'r': 3, 'no_of_conv_kernels': 32, 'secondary_capsule_vector': 2, 'dense_1': 4, 'dense_2': 768, 'epsilon': 0.08583814652114959, 'm_plus': 0.9201821139178585, 'm_minus': 0.1311017972612821, 'lambda_': 0.8559438175488173, 'alpha': 0.005475408339919397, 'no_of_primary_capsules': 32, 'primary_capsule_vector': 8, 'no_of_secondary_capsules': 10}
Fitting individual 19/19 with genotype {'epochs': 4, 'r': 3, 'no_of_conv_kernels': 32, 'secondary_capsule_vector': 2, 'dense_1': 4, 'dense_2': 768, 'epsilon': 0.08583814652114959, 'm_plus': 0.9201821139178585, 'm_minus': 0.1311017972612821, 'lambda_': 0.8559438175488173, 'alpha': 0.005475408339919397, 'no_of_primary_capsules': 32, 'primary_capsule_vector': 8, 'no_of_secondary_capsules': 10}
Len of pop after selection : 10
Fitting individual 1/10 with genotype {'epochs': 6, 'r': 2, 'no_of_conv_kernels': 128, 'secondary_capsule_vector': 7, 'dense_1': 128, 'dense_2': 768, 'epsilon': 0.02859423515849197, 'm_plus': 0.9, 'm_minus': 0.09942872473597014, 'lambda_': 0.7576084245977581, 'alpha': 0.0001, 'no_of_primary_capsules': 32, 'primary_capsule_vector': 8, 'no_of_secondary_capsules': 10}
Fitting individual 2/10 with genotype {'epochs': 2, 'r': 2, 'no_of_conv_kernels': 3, 'secondary_capsule_vector': 30, 'dense_1': 4, 'dense_2': 1792, 'epsilon': 0.03689892302241457, 'm_plus': 0.980544831337185, 'm_minus': 0.10191635108989067, 'lambda_': 0.7049335944461311, 'alpha': 0.001553261681705732, 'no_of_primary_capsules': 32, 'primary_capsule_vector': 8, 'no_of_secondary_capsules': 10}
Fitting individual 3/10 with genotype {'epochs': 5, 'r': 2, 'no_of_conv_kernels': 32, 'secondary_capsule_vector': 45, 'dense_1': 768, 'dense_2': 512, 'epsilon': 0.09144645927449065, 'm_plus': 0.9583833845306751, 'm_minus': 0.07255619419697293, 'lambda_': 0.5303968839409959, 'alpha': 0.008726600098949207, 'no_of_primary_capsules': 32, 'primary_capsule_vector': 8, 'no_of_secondary_capsules': 10}
Fitting individual 4/10 with genotype {'epochs': 5, 'r': 3, 'no_of_conv_kernels': 128, 'secondary_capsule_vector': 27, 'dense_1': 256, 'dense_2': 1280, 'epsilon': 0.06877318934891824, 'm_plus': 0.9354810164652153, 'm_minus': 0.05737988066643303, 'lambda_': 0.4418270755000002, 'alpha': 0.00744344564568264, 'no_of_primary_capsules': 32, 'primary_capsule_vector': 8, 'no_of_secondary_capsules': 10}
Fitting individual 5/10 with genotype {'epochs': 4, 'r': 3, 'no_of_conv_kernels': 32, 'secondary_capsule_vector': 2, 'dense_1': 4, 'dense_2': 768, 'epsilon': 0.08583814652114959, 'm_plus': 0.9201821139178585, 'm_minus': 0.1311017972612821, 'lambda_': 0.8559438175488173, 'alpha': 0.005475408339919397, 'no_of_primary_capsules': 32, 'primary_capsule_vector': 8, 'no_of_secondary_capsules': 10}
Fitting individual 6/10 with genotype {'epochs': 1, 'r': 3, 'no_of_conv_kernels': 128, 'secondary_capsule_vector': 45, 'dense_1': 128, 'dense_2': 7, 'epsilon': 0.02232338071910467, 'm_plus': 0.951531849546987, 'm_minus': 0.0732933337223508, 'lambda_': 0.38526768553610713, 'alpha': 0.01, 'no_of_primary_capsules': 32, 'primary_capsule_vector': 8, 'no_of_secondary_capsules': 10}
Fitting individual 7/10 with genotype {'epochs': 6, 'r': 4, 'no_of_conv_kernels': 128, 'secondary_capsule_vector': 4, 'dense_1': 4, 'dense_2': 7, 'epsilon': 0.04366983182339226, 'm_plus': 0.9395368481064165, 'm_minus': 0.17683621141681583, 'lambda_': 0.8323788958197259, 'alpha': 0.004570857582425407, 'no_of_primary_capsules': 32, 'primary_capsule_vector': 8, 'no_of_secondary_capsules': 10}
Fitting individual 8/10 with genotype {'epochs': 6, 'r': 4, 'no_of_conv_kernels': 128, 'secondary_capsule_vector': 19, 'dense_1': 256, 'dense_2': 768, 'epsilon': 0.046792307264737446, 'm_plus': 0.9791727377438584, 'm_minus': 0.19908675873257045, 'lambda_': 0.3389266316870223, 'alpha': 0.009357219669210846, 'no_of_primary_capsules': 32, 'primary_capsule_vector': 8, 'no_of_secondary_capsules': 10}
Fitting individual 9/10 with genotype {'epochs': 6, 'r': 4, 'no_of_conv_kernels': 32, 'secondary_capsule_vector': 2, 'dense_1': 512, 'dense_2': 256, 'epsilon': 0.019078068245932264, 'm_plus': 0.9075878688627733, 'm_minus': 0.07370837211478241, 'lambda_': 0.686824815852749, 'alpha': 0.0005853918277859762, 'no_of_primary_capsules': 32, 'primary_capsule_vector': 8, 'no_of_secondary_capsules': 10}
Fitting individual 10/10 with genotype {'epochs': 7, 'r': 4, 'no_of_conv_kernels': 32, 'secondary_capsule_vector': 28, 'dense_1': 512, 'dense_2': 768, 'epsilon': 0.039738719314782386, 'm_plus': 0.9819952993250837, 'm_minus': 0.16632644925401363, 'lambda_': 0.6957940687872921, 'alpha': 0.0015343378295016711, 'no_of_primary_capsules': 32, 'primary_capsule_vector': 8, 'no_of_secondary_capsules': 10}
Saving GA metrics under mnist9-hpc/generations_metrics.png
Optimal solution(s):
[{'epochs': 6, 'r': 2, 'no_of_conv_kernels': 128, 'secondary_capsule_vector': 7, 'dense_1': 128, 'dense_2': 768, 'epsilon': 0.02859423515849197, 'm_plus': 0.9, 'm_minus': 0.09942872473597014, 'lambda_': 0.7576084245977581, 'alpha': 0.0001, 'no_of_primary_capsules': 32, 'primary_capsule_vector': 8, 'no_of_secondary_capsules': 10}, {'epochs': 5, 'r': 2, 'no_of_conv_kernels': 32, 'secondary_capsule_vector': 45, 'dense_1': 768, 'dense_2': 512, 'epsilon': 0.09144645927449065, 'm_plus': 0.9583833845306751, 'm_minus': 0.07255619419697293, 'lambda_': 0.5303968839409959, 'alpha': 0.008726600098949207, 'no_of_primary_capsules': 32, 'primary_capsule_vector': 8, 'no_of_secondary_capsules': 10}, {'epochs': 5, 'r': 3, 'no_of_conv_kernels': 128, 'secondary_capsule_vector': 27, 'dense_1': 256, 'dense_2': 1280, 'epsilon': 0.06877318934891824, 'm_plus': 0.9354810164652153, 'm_minus': 0.05737988066643303, 'lambda_': 0.4418270755000002, 'alpha': 0.00744344564568264, 'no_of_primary_capsules': 32, 'primary_capsule_vector': 8, 'no_of_secondary_capsules': 10}]
______________
Fitness values:
  Inference    Accuracy
[[ 6.77913904  0.966     ]
 [ 6.63118076  0.958     ]
 [10.26714849  0.968     ]]
=== GA done in : 5:40:30.466255 ===
Saving GA solutions under mnist9-hpc/solutions_metrics.png
