=== Generation 1/10
Len of pop before manipulations : 10
crossover created 8 offspring(s)
mutation created 1 offspring(s)
local search created 1 offspring(s)
Len of pop after manipulations : 20
Fitting individual 1/20 with genotype {'epochs': 8, 'r': 4, 'no_of_conv_kernels': 128, 'secondary_capsule_vector': 34, 'dense_1': 512, 'dense_2': 1536, 'epsilon': 0.004009490678098763, 'm_plus': 0.9801528702250291, 'm_minus': 0.14613712398977044, 'lambda_': 0.3881188645425304, 'alpha': 0.003013191557164057, 'no_of_primary_capsules': 32, 'primary_capsule_vector': 8, 'no_of_secondary_capsules': 10}
Validation loss is not decreasing anymore, risk of overfitting the model after 8 epochs. The training will be stopped. This behavior can be modified by setting the early_stop property of the model to False
Fitting individual 2/20 with genotype {'epochs': 1, 'r': 4, 'no_of_conv_kernels': 64, 'secondary_capsule_vector': 36, 'dense_1': 512, 'dense_2': 1536, 'epsilon': 0.017557595503771586, 'm_plus': 0.9444842661806861, 'm_minus': 0.07699417892580146, 'lambda_': 0.4253266948236467, 'alpha': 0.009277186398684387, 'no_of_primary_capsules': 32, 'primary_capsule_vector': 8, 'no_of_secondary_capsules': 10}
Fitting individual 3/20 with genotype {'epochs': 2, 'r': 3, 'no_of_conv_kernels': 64, 'secondary_capsule_vector': 40, 'dense_1': 768, 'dense_2': 512, 'epsilon': 0.014350703431741782, 'm_plus': 0.9888074729643286, 'm_minus': 0.19222018244879113, 'lambda_': 0.40274825421441673, 'alpha': 0.007795304738366115, 'no_of_primary_capsules': 32, 'primary_capsule_vector': 8, 'no_of_secondary_capsules': 10}
Fitting individual 4/20 with genotype {'epochs': 9, 'r': 3, 'no_of_conv_kernels': 64, 'secondary_capsule_vector': 11, 'dense_1': 256, 'dense_2': 512, 'epsilon': 0.0011199783314567186, 'm_plus': 0.9885671978650381, 'm_minus': 0.1313199627206439, 'lambda_': 0.8548652598426412, 'alpha': 0.001013348783033925, 'no_of_primary_capsules': 32, 'primary_capsule_vector': 8, 'no_of_secondary_capsules': 10}
Validation loss is not decreasing anymore, risk of overfitting the model after 8 epochs. The training will be stopped. This behavior can be modified by setting the early_stop property of the model to False
Fitting individual 5/20 with genotype {'epochs': 1, 'r': 3, 'no_of_conv_kernels': 64, 'secondary_capsule_vector': 18, 'dense_1': 256, 'dense_2': 1280, 'epsilon': 0.027247660706456806, 'm_plus': 0.9208012588264236, 'm_minus': 0.06604163854892961, 'lambda_': 0.9446842246922238, 'alpha': 0.0001, 'no_of_primary_capsules': 32, 'primary_capsule_vector': 8, 'no_of_secondary_capsules': 10}
Fitting individual 6/20 with genotype {'epochs': 9, 'r': 2, 'no_of_conv_kernels': 64, 'secondary_capsule_vector': 37, 'dense_1': 256, 'dense_2': 512, 'epsilon': 0.03277296217840117, 'm_plus': 0.9506808449196051, 'm_minus': 0.07018230176490246, 'lambda_': 0.7409178447530633, 'alpha': 0.009382485020218484, 'no_of_primary_capsules': 32, 'primary_capsule_vector': 8, 'no_of_secondary_capsules': 10}
Validation loss is not decreasing anymore, risk of overfitting the model after 9 epochs. The training will be stopped. This behavior can be modified by setting the early_stop property of the model to False
Fitting individual 7/20 with genotype {'epochs': 5, 'r': 3, 'no_of_conv_kernels': 128, 'secondary_capsule_vector': 26, 'dense_1': 128, 'dense_2': 1280, 'epsilon': 0.014857243072723774, 'm_plus': 0.9045613988438307, 'm_minus': 0.10961439367107387, 'lambda_': 0.873915518968423, 'alpha': 0.0032638388032555066, 'no_of_primary_capsules': 32, 'primary_capsule_vector': 8, 'no_of_secondary_capsules': 10}
Fitting individual 8/20 with genotype {'epochs': 3, 'r': 3, 'no_of_conv_kernels': 32, 'secondary_capsule_vector': 30, 'dense_1': 512, 'dense_2': 768, 'epsilon': 0.06586892652605414, 'm_plus': 0.9710157335638062, 'm_minus': 0.05465346907118296, 'lambda_': 0.7892026038704957, 'alpha': 0.005200661204332709, 'no_of_primary_capsules': 32, 'primary_capsule_vector': 8, 'no_of_secondary_capsules': 10}
Fitting individual 9/20 with genotype {'epochs': 3, 'r': 3, 'no_of_conv_kernels': 32, 'secondary_capsule_vector': 37, 'dense_1': 256, 'dense_2': 1792, 'epsilon': 0.03385041893036439, 'm_plus': 0.9304099471100158, 'm_minus': 0.1654881843526521, 'lambda_': 0.9107532410760989, 'alpha': 0.0036024170633218414, 'no_of_primary_capsules': 32, 'primary_capsule_vector': 8, 'no_of_secondary_capsules': 10}
Fitting individual 10/20 with genotype {'epochs': 2, 'r': 4, 'no_of_conv_kernels': 64, 'secondary_capsule_vector': 2, 'dense_1': 256, 'dense_2': 256, 'epsilon': 0.05899059178758911, 'm_plus': 0.9235345131064693, 'm_minus': 0.18742318511490952, 'lambda_': 0.9663634511689452, 'alpha': 0.0052794894579640435, 'no_of_primary_capsules': 32, 'primary_capsule_vector': 8, 'no_of_secondary_capsules': 10}
Fitting individual 11/20 with genotype {'epochs': 2, 'r': 4, 'no_of_conv_kernels': 64, 'secondary_capsule_vector': 2, 'dense_1': 256, 'dense_2': 256, 'epsilon': 0.017557595503771586, 'm_plus': 0.9444842661806861, 'm_minus': 0.07699417892580146, 'lambda_': 0.4253266948236467, 'alpha': 0.009277186398684387, 'no_of_primary_capsules': 32, 'primary_capsule_vector': 8, 'no_of_secondary_capsules': 10}
Fitting individual 12/20 with genotype {'epochs': 1, 'r': 4, 'no_of_conv_kernels': 64, 'secondary_capsule_vector': 36, 'dense_1': 512, 'dense_2': 1536, 'epsilon': 0.05899059178758911, 'm_plus': 0.9235345131064693, 'm_minus': 0.18742318511490952, 'lambda_': 0.9663634511689452, 'alpha': 0.0052794894579640435, 'no_of_primary_capsules': 32, 'primary_capsule_vector': 8, 'no_of_secondary_capsules': 10}
Fitting individual 13/20 with genotype {'epochs': 8, 'r': 4, 'no_of_conv_kernels': 128, 'secondary_capsule_vector': 34, 'dense_1': 512, 'dense_2': 1536, 'epsilon': 0.004009490678098763, 'm_plus': 0.9801528702250291, 'm_minus': 0.1654881843526521, 'lambda_': 0.9107532410760989, 'alpha': 0.0036024170633218414, 'no_of_primary_capsules': 32, 'primary_capsule_vector': 8, 'no_of_secondary_capsules': 10}
Validation loss is not decreasing anymore, risk of overfitting the model after 8 epochs. The training will be stopped. This behavior can be modified by setting the early_stop property of the model to False
Fitting individual 14/20 with genotype {'epochs': 3, 'r': 3, 'no_of_conv_kernels': 32, 'secondary_capsule_vector': 37, 'dense_1': 256, 'dense_2': 1792, 'epsilon': 0.03385041893036439, 'm_plus': 0.9304099471100158, 'm_minus': 0.14613712398977044, 'lambda_': 0.3881188645425304, 'alpha': 0.003013191557164057, 'no_of_primary_capsules': 32, 'primary_capsule_vector': 8, 'no_of_secondary_capsules': 10}
Fitting individual 15/20 with genotype {'epochs': 1, 'r': 4, 'no_of_conv_kernels': 64, 'secondary_capsule_vector': 36, 'dense_1': 512, 'dense_2': 1536, 'epsilon': 0.03277296217840117, 'm_plus': 0.9506808449196051, 'm_minus': 0.07018230176490246, 'lambda_': 0.7409178447530633, 'alpha': 0.009382485020218484, 'no_of_primary_capsules': 32, 'primary_capsule_vector': 8, 'no_of_secondary_capsules': 10}
Fitting individual 16/20 with genotype {'epochs': 9, 'r': 2, 'no_of_conv_kernels': 64, 'secondary_capsule_vector': 37, 'dense_1': 256, 'dense_2': 512, 'epsilon': 0.017557595503771586, 'm_plus': 0.9444842661806861, 'm_minus': 0.07699417892580146, 'lambda_': 0.4253266948236467, 'alpha': 0.009277186398684387, 'no_of_primary_capsules': 32, 'primary_capsule_vector': 8, 'no_of_secondary_capsules': 10}
Fitting individual 17/20 with genotype {'epochs': 1, 'r': 3, 'no_of_conv_kernels': 64, 'secondary_capsule_vector': 18, 'dense_1': 256, 'dense_2': 1280, 'epsilon': 0.027247660706456806, 'm_plus': 0.9208012588264236, 'm_minus': 0.06604163854892961, 'lambda_': 0.9446842246922238, 'alpha': 0.0052794894579640435, 'no_of_primary_capsules': 32, 'primary_capsule_vector': 8, 'no_of_secondary_capsules': 10}
Fitting individual 18/20 with genotype {'epochs': 2, 'r': 4, 'no_of_conv_kernels': 64, 'secondary_capsule_vector': 2, 'dense_1': 256, 'dense_2': 256, 'epsilon': 0.05899059178758911, 'm_plus': 0.9235345131064693, 'm_minus': 0.18742318511490952, 'lambda_': 0.9663634511689452, 'alpha': 0.0062680544718180225, 'no_of_primary_capsules': 32, 'primary_capsule_vector': 8, 'no_of_secondary_capsules': 10}
Fitting individual 19/20 with genotype {'epochs': 1, 'r': 3, 'no_of_conv_kernels': 64, 'secondary_capsule_vector': 18, 'dense_1': 256, 'dense_2': 1280, 'epsilon': 0.027247660706456806, 'm_plus': 0.9208012588264236, 'm_minus': 0.06604163854892961, 'lambda_': 0.9446842246922238, 'alpha': 0.0062680544718180225, 'no_of_primary_capsules': 32, 'primary_capsule_vector': 8, 'no_of_secondary_capsules': 10}
Fitting individual 20/20 with genotype {'epochs': 1, 'r': 3, 'no_of_conv_kernels': 64, 'secondary_capsule_vector': 18, 'dense_1': 256, 'dense_2': 1280, 'epsilon': 0.027247660706456806, 'm_plus': 0.9208012588264236, 'm_minus': 0.06604163854892961, 'lambda_': 0.9446842246922238, 'alpha': 0.0001, 'no_of_primary_capsules': 32, 'primary_capsule_vector': 8, 'no_of_secondary_capsules': 10}
Len of pop after selection : 10
=== Generation 2/10
Len of pop before manipulations : 10
crossover created 6 offspring(s)
mutation created 1 offspring(s)
local search created 2 offspring(s)
Len of pop after manipulations : 19
Fitting individual 1/19 with genotype {'epochs': 9, 'r': 2, 'no_of_conv_kernels': 64, 'secondary_capsule_vector': 37, 'dense_1': 256, 'dense_2': 512, 'epsilon': 0.03277296217840117, 'm_plus': 0.9506808449196051, 'm_minus': 0.07018230176490246, 'lambda_': 0.7409178447530633, 'alpha': 0.009382485020218484, 'no_of_primary_capsules': 32, 'primary_capsule_vector': 8, 'no_of_secondary_capsules': 10}
Validation loss is not decreasing anymore, risk of overfitting the model after 8 epochs. The training will be stopped. This behavior can be modified by setting the early_stop property of the model to False
Fitting individual 2/19 with genotype {'epochs': 8, 'r': 3, 'no_of_conv_kernels': 64, 'secondary_capsule_vector': 11, 'dense_1': 256, 'dense_2': 512, 'epsilon': 0.0011199783314567186, 'm_plus': 0.9885671978650381, 'm_minus': 0.1313199627206439, 'lambda_': 0.8548652598426412, 'alpha': 0.001013348783033925, 'no_of_primary_capsules': 32, 'primary_capsule_vector': 8, 'no_of_secondary_capsules': 10}
Validation loss is not decreasing anymore, risk of overfitting the model after 7 epochs. The training will be stopped. This behavior can be modified by setting the early_stop property of the model to False
Fitting individual 3/19 with genotype {'epochs': 5, 'r': 3, 'no_of_conv_kernels': 128, 'secondary_capsule_vector': 26, 'dense_1': 128, 'dense_2': 1280, 'epsilon': 0.014857243072723774, 'm_plus': 0.9045613988438307, 'm_minus': 0.10961439367107387, 'lambda_': 0.873915518968423, 'alpha': 0.0032638388032555066, 'no_of_primary_capsules': 32, 'primary_capsule_vector': 8, 'no_of_secondary_capsules': 10}
Fitting individual 4/19 with genotype {'epochs': 2, 'r': 3, 'no_of_conv_kernels': 64, 'secondary_capsule_vector': 40, 'dense_1': 768, 'dense_2': 512, 'epsilon': 0.014350703431741782, 'm_plus': 0.9888074729643286, 'm_minus': 0.19222018244879113, 'lambda_': 0.43883239758363235, 'alpha': 0.007795304738366115, 'no_of_primary_capsules': 32, 'primary_capsule_vector': 8, 'no_of_secondary_capsules': 10}
Fitting individual 5/19 with genotype {'epochs': 3, 'r': 3, 'no_of_conv_kernels': 32, 'secondary_capsule_vector': 30, 'dense_1': 512, 'dense_2': 768, 'epsilon': 0.06586892652605414, 'm_plus': 0.9710157335638062, 'm_minus': 0.05465346907118296, 'lambda_': 0.7892026038704957, 'alpha': 0.005200661204332709, 'no_of_primary_capsules': 32, 'primary_capsule_vector': 8, 'no_of_secondary_capsules': 10}
Fitting individual 6/19 with genotype {'epochs': 8, 'r': 4, 'no_of_conv_kernels': 128, 'secondary_capsule_vector': 34, 'dense_1': 512, 'dense_2': 1536, 'epsilon': 0.004009490678098763, 'm_plus': 0.9801528702250291, 'm_minus': 0.14613712398977044, 'lambda_': 0.3881188645425304, 'alpha': 0.003013191557164057, 'no_of_primary_capsules': 32, 'primary_capsule_vector': 8, 'no_of_secondary_capsules': 10}
Fitting individual 7/19 with genotype {'epochs': 3, 'r': 3, 'no_of_conv_kernels': 32, 'secondary_capsule_vector': 37, 'dense_1': 4, 'dense_2': 1024, 'epsilon': 0.03385041893036439, 'm_plus': 0.9304099471100158, 'm_minus': 0.1654881843526521, 'lambda_': 0.9107532410760989, 'alpha': 0.0036024170633218414, 'no_of_primary_capsules': 32, 'primary_capsule_vector': 8, 'no_of_secondary_capsules': 10}
Fitting individual 8/19 with genotype {'epochs': 1, 'r': 3, 'no_of_conv_kernels': 64, 'secondary_capsule_vector': 18, 'dense_1': 256, 'dense_2': 1280, 'epsilon': 0.027247660706456806, 'm_plus': 0.9208012588264236, 'm_minus': 0.06604163854892961, 'lambda_': 0.9446842246922238, 'alpha': 0.0001, 'no_of_primary_capsules': 32, 'primary_capsule_vector': 8, 'no_of_secondary_capsules': 10}
Fitting individual 9/19 with genotype {'epochs': 2, 'r': 4, 'no_of_conv_kernels': 64, 'secondary_capsule_vector': 2, 'dense_1': 256, 'dense_2': 256, 'epsilon': 0.05899059178758911, 'm_plus': 0.9235345131064693, 'm_minus': 0.18742318511490952, 'lambda_': 0.9663634511689452, 'alpha': 0.0052794894579640435, 'no_of_primary_capsules': 32, 'primary_capsule_vector': 8, 'no_of_secondary_capsules': 10}
Fitting individual 10/19 with genotype {'epochs': 1, 'r': 4, 'no_of_conv_kernels': 64, 'secondary_capsule_vector': 36, 'dense_1': 512, 'dense_2': 1536, 'epsilon': 0.017557595503771586, 'm_plus': 0.9444842661806861, 'm_minus': 0.07699417892580146, 'lambda_': 0.4253266948236467, 'alpha': 0.009277186398684387, 'no_of_primary_capsules': 32, 'primary_capsule_vector': 8, 'no_of_secondary_capsules': 10}
Fitting individual 11/19 with genotype {'epochs': 5, 'r': 3, 'no_of_conv_kernels': 32, 'secondary_capsule_vector': 30, 'dense_1': 512, 'dense_2': 768, 'epsilon': 0.06586892652605414, 'm_plus': 0.9710157335638062, 'm_minus': 0.05465346907118296, 'lambda_': 0.7892026038704957, 'alpha': 0.005200661204332709, 'no_of_primary_capsules': 32, 'primary_capsule_vector': 8, 'no_of_secondary_capsules': 10}
Validation loss is not decreasing anymore, risk of overfitting the model after 5 epochs. The training will be stopped. This behavior can be modified by setting the early_stop property of the model to False
Fitting individual 12/19 with genotype {'epochs': 3, 'r': 3, 'no_of_conv_kernels': 128, 'secondary_capsule_vector': 26, 'dense_1': 128, 'dense_2': 1280, 'epsilon': 0.014857243072723774, 'm_plus': 0.9045613988438307, 'm_minus': 0.10961439367107387, 'lambda_': 0.873915518968423, 'alpha': 0.0032638388032555066, 'no_of_primary_capsules': 32, 'primary_capsule_vector': 8, 'no_of_secondary_capsules': 10}
Fitting individual 13/19 with genotype {'epochs': 1, 'r': 3, 'no_of_conv_kernels': 64, 'secondary_capsule_vector': 18, 'dense_1': 256, 'dense_2': 1280, 'epsilon': 0.027247660706456806, 'm_plus': 0.9506808449196051, 'm_minus': 0.07018230176490246, 'lambda_': 0.7409178447530633, 'alpha': 0.009382485020218484, 'no_of_primary_capsules': 32, 'primary_capsule_vector': 8, 'no_of_secondary_capsules': 10}
Fitting individual 14/19 with genotype {'epochs': 9, 'r': 2, 'no_of_conv_kernels': 64, 'secondary_capsule_vector': 37, 'dense_1': 256, 'dense_2': 512, 'epsilon': 0.03277296217840117, 'm_plus': 0.9208012588264236, 'm_minus': 0.06604163854892961, 'lambda_': 0.9446842246922238, 'alpha': 0.0001, 'no_of_primary_capsules': 32, 'primary_capsule_vector': 8, 'no_of_secondary_capsules': 10}
Validation loss is not decreasing anymore, risk of overfitting the model after 7 epochs. The training will be stopped. This behavior can be modified by setting the early_stop property of the model to False
Fitting individual 15/19 with genotype {'epochs': 2, 'r': 3, 'no_of_conv_kernels': 64, 'secondary_capsule_vector': 40, 'dense_1': 768, 'dense_2': 1280, 'epsilon': 0.014857243072723774, 'm_plus': 0.9045613988438307, 'm_minus': 0.10961439367107387, 'lambda_': 0.873915518968423, 'alpha': 0.0032638388032555066, 'no_of_primary_capsules': 32, 'primary_capsule_vector': 8, 'no_of_secondary_capsules': 10}
Fitting individual 16/19 with genotype {'epochs': 5, 'r': 3, 'no_of_conv_kernels': 128, 'secondary_capsule_vector': 26, 'dense_1': 128, 'dense_2': 512, 'epsilon': 0.014350703431741782, 'm_plus': 0.9888074729643286, 'm_minus': 0.19222018244879113, 'lambda_': 0.40274825421441673, 'alpha': 0.007795304738366115, 'no_of_primary_capsules': 32, 'primary_capsule_vector': 8, 'no_of_secondary_capsules': 10}
Fitting individual 17/19 with genotype {'epochs': 3, 'r': 3, 'no_of_conv_kernels': 32, 'secondary_capsule_vector': 37, 'dense_1': 256, 'dense_2': 1024, 'epsilon': 0.03385041893036439, 'm_plus': 0.9304099471100158, 'm_minus': 0.1654881843526521, 'lambda_': 0.9107532410760989, 'alpha': 0.0036024170633218414, 'no_of_primary_capsules': 32, 'primary_capsule_vector': 8, 'no_of_secondary_capsules': 10}
Fitting individual 18/19 with genotype {'epochs': 3, 'r': 3, 'no_of_conv_kernels': 32, 'secondary_capsule_vector': 37, 'dense_1': 4, 'dense_2': 1024, 'epsilon': 0.03385041893036439, 'm_plus': 0.9304099471100158, 'm_minus': 0.1654881843526521, 'lambda_': 0.9107532410760989, 'alpha': 0.0036024170633218414, 'no_of_primary_capsules': 32, 'primary_capsule_vector': 8, 'no_of_secondary_capsules': 10}
Fitting individual 19/19 with genotype {'epochs': 2, 'r': 3, 'no_of_conv_kernels': 64, 'secondary_capsule_vector': 40, 'dense_1': 768, 'dense_2': 512, 'epsilon': 0.014350703431741782, 'm_plus': 0.9888074729643286, 'm_minus': 0.19222018244879113, 'lambda_': 0.43883239758363235, 'alpha': 0.007795304738366115, 'no_of_primary_capsules': 32, 'primary_capsule_vector': 8, 'no_of_secondary_capsules': 10}
Len of pop after selection : 10
=== Generation 3/10
Len of pop before manipulations : 10
crossover created 8 offspring(s)
mutation created 2 offspring(s)
local search created 2 offspring(s)
Len of pop after manipulations : 22
Fitting individual 1/22 with genotype {'epochs': 8, 'r': 2, 'no_of_conv_kernels': 64, 'secondary_capsule_vector': 37, 'dense_1': 256, 'dense_2': 512, 'epsilon': 0.03277296217840117, 'm_plus': 0.9506808449196051, 'm_minus': 0.07018230176490246, 'lambda_': 0.7409178447530633, 'alpha': 0.009382485020218484, 'no_of_primary_capsules': 32, 'primary_capsule_vector': 8, 'no_of_secondary_capsules': 10}
Fitting individual 2/22 with genotype {'epochs': 5, 'r': 3, 'no_of_conv_kernels': 128, 'secondary_capsule_vector': 26, 'dense_1': 128, 'dense_2': 1280, 'epsilon': 0.014857243072723774, 'm_plus': 0.9045613988438307, 'm_minus': 0.10961439367107387, 'lambda_': 0.873915518968423, 'alpha': 0.0032638388032555066, 'no_of_primary_capsules': 32, 'primary_capsule_vector': 8, 'no_of_secondary_capsules': 10}
Fitting individual 3/22 with genotype {'epochs': 7, 'r': 3, 'no_of_conv_kernels': 64, 'secondary_capsule_vector': 11, 'dense_1': 256, 'dense_2': 512, 'epsilon': 0.0011199783314567186, 'm_plus': 0.9885671978650381, 'm_minus': 0.1313199627206439, 'lambda_': 0.8548652598426412, 'alpha': 0.001013348783033925, 'no_of_primary_capsules': 32, 'primary_capsule_vector': 8, 'no_of_secondary_capsules': 10}
Fitting individual 4/22 with genotype {'epochs': 3, 'r': 3, 'no_of_conv_kernels': 32, 'secondary_capsule_vector': 37, 'dense_1': 4, 'dense_2': 1024, 'epsilon': 0.03385041893036439, 'm_plus': 0.9304099471100158, 'm_minus': 0.1654881843526521, 'lambda_': 0.9107532410760989, 'alpha': 0.0036024170633218414, 'no_of_primary_capsules': 32, 'primary_capsule_vector': 8, 'no_of_secondary_capsules': 10}
Fitting individual 5/22 with genotype {'epochs': 2, 'r': 3, 'no_of_conv_kernels': 64, 'secondary_capsule_vector': 40, 'dense_1': 768, 'dense_2': 512, 'epsilon': 0.014350703431741782, 'm_plus': 0.9888074729643286, 'm_minus': 0.19222018244879113, 'lambda_': 0.43883239758363235, 'alpha': 0.007795304738366115, 'no_of_primary_capsules': 32, 'primary_capsule_vector': 8, 'no_of_secondary_capsules': 10}
Fitting individual 6/22 with genotype {'epochs': 3, 'r': 3, 'no_of_conv_kernels': 32, 'secondary_capsule_vector': 12, 'dense_1': 512, 'dense_2': 768, 'epsilon': 0.06586892652605414, 'm_plus': 0.9710157335638062, 'm_minus': 0.05465346907118296, 'lambda_': 0.7892026038704957, 'alpha': 0.005200661204332709, 'no_of_primary_capsules': 32, 'primary_capsule_vector': 8, 'no_of_secondary_capsules': 10}
Fitting individual 7/22 with genotype {'epochs': 8, 'r': 4, 'no_of_conv_kernels': 128, 'secondary_capsule_vector': 34, 'dense_1': 512, 'dense_2': 1536, 'epsilon': 0.004009490678098763, 'm_plus': 0.9801528702250291, 'm_minus': 0.14613712398977044, 'lambda_': 0.3881188645425304, 'alpha': 0.003013191557164057, 'no_of_primary_capsules': 32, 'primary_capsule_vector': 8, 'no_of_secondary_capsules': 10}
Fitting individual 8/22 with genotype {'epochs': 2, 'r': 4, 'no_of_conv_kernels': 64, 'secondary_capsule_vector': 2, 'dense_1': 256, 'dense_2': 256, 'epsilon': 0.05899059178758911, 'm_plus': 0.9235345131064693, 'm_minus': 0.18742318511490952, 'lambda_': 0.9663634511689452, 'alpha': 0.0052794894579640435, 'no_of_primary_capsules': 32, 'primary_capsule_vector': 8, 'no_of_secondary_capsules': 10}
Fitting individual 9/22 with genotype {'epochs': 1, 'r': 3, 'no_of_conv_kernels': 3, 'secondary_capsule_vector': 18, 'dense_1': 256, 'dense_2': 1280, 'epsilon': 0.027247660706456806, 'm_plus': 0.9208012588264236, 'm_minus': 0.06604163854892961, 'lambda_': 0.9446842246922238, 'alpha': 0.0001, 'no_of_primary_capsules': 32, 'primary_capsule_vector': 8, 'no_of_secondary_capsules': 10}
Fitting individual 10/22 with genotype {'epochs': 1, 'r': 4, 'no_of_conv_kernels': 64, 'secondary_capsule_vector': 36, 'dense_1': 512, 'dense_2': 1536, 'epsilon': 0.017557595503771586, 'm_plus': 0.9444842661806861, 'm_minus': 0.07699417892580146, 'lambda_': 0.4253266948236467, 'alpha': 0.009277186398684387, 'no_of_primary_capsules': 32, 'primary_capsule_vector': 8, 'no_of_secondary_capsules': 10}
Fitting individual 11/22 with genotype {'epochs': 3, 'r': 3, 'no_of_conv_kernels': 64, 'secondary_capsule_vector': 37, 'dense_1': 256, 'dense_2': 512, 'epsilon': 0.03277296217840117, 'm_plus': 0.9506808449196051, 'm_minus': 0.07018230176490246, 'lambda_': 0.7409178447530633, 'alpha': 0.009382485020218484, 'no_of_primary_capsules': 32, 'primary_capsule_vector': 8, 'no_of_secondary_capsules': 10}
Fitting individual 12/22 with genotype {'epochs': 8, 'r': 2, 'no_of_conv_kernels': 32, 'secondary_capsule_vector': 30, 'dense_1': 512, 'dense_2': 768, 'epsilon': 0.06586892652605414, 'm_plus': 0.9710157335638062, 'm_minus': 0.05465346907118296, 'lambda_': 0.7892026038704957, 'alpha': 0.005200661204332709, 'no_of_primary_capsules': 32, 'primary_capsule_vector': 8, 'no_of_secondary_capsules': 10}
Fitting individual 13/22 with genotype {'epochs': 3, 'r': 3, 'no_of_conv_kernels': 32, 'secondary_capsule_vector': 37, 'dense_1': 4, 'dense_2': 1024, 'epsilon': 0.05899059178758911, 'm_plus': 0.9235345131064693, 'm_minus': 0.18742318511490952, 'lambda_': 0.9663634511689452, 'alpha': 0.0052794894579640435, 'no_of_primary_capsules': 32, 'primary_capsule_vector': 8, 'no_of_secondary_capsules': 10}
Fitting individual 14/22 with genotype {'epochs': 2, 'r': 4, 'no_of_conv_kernels': 64, 'secondary_capsule_vector': 2, 'dense_1': 256, 'dense_2': 256, 'epsilon': 0.03385041893036439, 'm_plus': 0.9304099471100158, 'm_minus': 0.1654881843526521, 'lambda_': 0.9107532410760989, 'alpha': 0.0036024170633218414, 'no_of_primary_capsules': 32, 'primary_capsule_vector': 8, 'no_of_secondary_capsules': 10}
Fitting individual 15/22 with genotype {'epochs': 5, 'r': 3, 'no_of_conv_kernels': 128, 'secondary_capsule_vector': 26, 'dense_1': 128, 'dense_2': 1280, 'epsilon': 0.0011199783314567186, 'm_plus': 0.9885671978650381, 'm_minus': 0.1313199627206439, 'lambda_': 0.8548652598426412, 'alpha': 0.001013348783033925, 'no_of_primary_capsules': 32, 'primary_capsule_vector': 8, 'no_of_secondary_capsules': 10}
Fitting individual 16/22 with genotype {'epochs': 7, 'r': 3, 'no_of_conv_kernels': 64, 'secondary_capsule_vector': 11, 'dense_1': 256, 'dense_2': 512, 'epsilon': 0.014857243072723774, 'm_plus': 0.9045613988438307, 'm_minus': 0.10961439367107387, 'lambda_': 0.873915518968423, 'alpha': 0.0032638388032555066, 'no_of_primary_capsules': 32, 'primary_capsule_vector': 8, 'no_of_secondary_capsules': 10}
Validation loss is not decreasing anymore, risk of overfitting the model after 7 epochs. The training will be stopped. This behavior can be modified by setting the early_stop property of the model to False
Fitting individual 17/22 with genotype {'epochs': 2, 'r': 4, 'no_of_conv_kernels': 64, 'secondary_capsule_vector': 2, 'dense_1': 256, 'dense_2': 1024, 'epsilon': 0.03385041893036439, 'm_plus': 0.9304099471100158, 'm_minus': 0.1654881843526521, 'lambda_': 0.9107532410760989, 'alpha': 0.0036024170633218414, 'no_of_primary_capsules': 32, 'primary_capsule_vector': 8, 'no_of_secondary_capsules': 10}
Fitting individual 18/22 with genotype {'epochs': 3, 'r': 3, 'no_of_conv_kernels': 32, 'secondary_capsule_vector': 37, 'dense_1': 4, 'dense_2': 256, 'epsilon': 0.05899059178758911, 'm_plus': 0.9235345131064693, 'm_minus': 0.18742318511490952, 'lambda_': 0.9663634511689452, 'alpha': 0.0052794894579640435, 'no_of_primary_capsules': 32, 'primary_capsule_vector': 8, 'no_of_secondary_capsules': 10}
Fitting individual 19/22 with genotype {'epochs': 3, 'r': 3, 'no_of_conv_kernels': 32, 'secondary_capsule_vector': 12, 'dense_1': 512, 'dense_2': 768, 'epsilon': 0.06586892652605414, 'm_plus': 0.9710157335638062, 'm_minus': 0.05465346907118296, 'lambda_': 0.7892026038704957, 'alpha': 0.005200661204332709, 'no_of_primary_capsules': 32, 'primary_capsule_vector': 8, 'no_of_secondary_capsules': 10}
Fitting individual 20/22 with genotype {'epochs': 3, 'r': 3, 'no_of_conv_kernels': 32, 'secondary_capsule_vector': 37, 'dense_1': 4, 'dense_2': 1024, 'epsilon': 0.03385041893036439, 'm_plus': 0.9304099471100158, 'm_minus': 0.1654881843526521, 'lambda_': 0.9107532410760989, 'alpha': 0.0036024170633218414, 'no_of_primary_capsules': 32, 'primary_capsule_vector': 8, 'no_of_secondary_capsules': 10}
Fitting individual 21/22 with genotype {'epochs': 8, 'r': 2, 'no_of_conv_kernels': 64, 'secondary_capsule_vector': 37, 'dense_1': 256, 'dense_2': 512, 'epsilon': 0.03277296217840117, 'm_plus': 0.9506808449196051, 'm_minus': 0.07018230176490246, 'lambda_': 0.7409178447530633, 'alpha': 0.009382485020218484, 'no_of_primary_capsules': 32, 'primary_capsule_vector': 8, 'no_of_secondary_capsules': 10}
Fitting individual 22/22 with genotype {'epochs': 1, 'r': 3, 'no_of_conv_kernels': 3, 'secondary_capsule_vector': 18, 'dense_1': 256, 'dense_2': 1280, 'epsilon': 0.027247660706456806, 'm_plus': 0.9208012588264236, 'm_minus': 0.06604163854892961, 'lambda_': 0.9446842246922238, 'alpha': 0.0001, 'no_of_primary_capsules': 32, 'primary_capsule_vector': 8, 'no_of_secondary_capsules': 10}
Len of pop after selection : 10
=== Generation 4/10
Len of pop before manipulations : 10
crossover created 8 offspring(s)
mutation created 0 offspring(s)
local search created 4 offspring(s)
Len of pop after manipulations : 22
Fitting individual 1/22 with genotype {'epochs': 8, 'r': 2, 'no_of_conv_kernels': 64, 'secondary_capsule_vector': 37, 'dense_1': 256, 'dense_2': 512, 'epsilon': 0.03277296217840117, 'm_plus': 0.9506808449196051, 'm_minus': 0.07018230176490246, 'lambda_': 0.7409178447530633, 'alpha': 0.009382485020218484, 'no_of_primary_capsules': 32, 'primary_capsule_vector': 8, 'no_of_secondary_capsules': 10}
Fitting individual 2/22 with genotype {'epochs': 5, 'r': 3, 'no_of_conv_kernels': 128, 'secondary_capsule_vector': 26, 'dense_1': 128, 'dense_2': 1280, 'epsilon': 0.014857243072723774, 'm_plus': 0.9045613988438307, 'm_minus': 0.10961439367107387, 'lambda_': 0.873915518968423, 'alpha': 0.0032638388032555066, 'no_of_primary_capsules': 32, 'primary_capsule_vector': 8, 'no_of_secondary_capsules': 10}
Fitting individual 3/22 with genotype {'epochs': 8, 'r': 4, 'no_of_conv_kernels': 128, 'secondary_capsule_vector': 34, 'dense_1': 512, 'dense_2': 1536, 'epsilon': 0.004009490678098763, 'm_plus': 0.9801528702250291, 'm_minus': 0.14613712398977044, 'lambda_': 0.3881188645425304, 'alpha': 0.003013191557164057, 'no_of_primary_capsules': 32, 'primary_capsule_vector': 8, 'no_of_secondary_capsules': 10}
Fitting individual 4/22 with genotype {'epochs': 7, 'r': 3, 'no_of_conv_kernels': 64, 'secondary_capsule_vector': 11, 'dense_1': 256, 'dense_2': 512, 'epsilon': 0.0011199783314567186, 'm_plus': 0.9885671978650381, 'm_minus': 0.1313199627206439, 'lambda_': 0.8548652598426412, 'alpha': 0.001013348783033925, 'no_of_primary_capsules': 32, 'primary_capsule_vector': 8, 'no_of_secondary_capsules': 10}
Fitting individual 5/22 with genotype {'epochs': 3, 'r': 3, 'no_of_conv_kernels': 32, 'secondary_capsule_vector': 37, 'dense_1': 4, 'dense_2': 1024, 'epsilon': 0.03385041893036439, 'm_plus': 0.9304099471100158, 'm_minus': 0.1654881843526521, 'lambda_': 0.9107532410760989, 'alpha': 0.0036024170633218414, 'no_of_primary_capsules': 32, 'primary_capsule_vector': 8, 'no_of_secondary_capsules': 10}
Fitting individual 6/22 with genotype {'epochs': 3, 'r': 3, 'no_of_conv_kernels': 32, 'secondary_capsule_vector': 12, 'dense_1': 512, 'dense_2': 768, 'epsilon': 0.001641015341343241, 'm_plus': 0.9710157335638062, 'm_minus': 0.05465346907118296, 'lambda_': 0.7892026038704957, 'alpha': 0.005200661204332709, 'no_of_primary_capsules': 32, 'primary_capsule_vector': 8, 'no_of_secondary_capsules': 10}
Fitting individual 7/22 with genotype {'epochs': 2, 'r': 3, 'no_of_conv_kernels': 64, 'secondary_capsule_vector': 40, 'dense_1': 768, 'dense_2': 512, 'epsilon': 0.014350703431741782, 'm_plus': 0.9888074729643286, 'm_minus': 0.19222018244879113, 'lambda_': 0.43883239758363235, 'alpha': 0.007795304738366115, 'no_of_primary_capsules': 32, 'primary_capsule_vector': 8, 'no_of_secondary_capsules': 10}
Fitting individual 8/22 with genotype {'epochs': 1, 'r': 3, 'no_of_conv_kernels': 3, 'secondary_capsule_vector': 18, 'dense_1': 256, 'dense_2': 1280, 'epsilon': 0.027247660706456806, 'm_plus': 0.9208012588264236, 'm_minus': 0.06604163854892961, 'lambda_': 0.9446842246922238, 'alpha': 0.0001, 'no_of_primary_capsules': 32, 'primary_capsule_vector': 8, 'no_of_secondary_capsules': 10}
Fitting individual 9/22 with genotype {'epochs': 2, 'r': 4, 'no_of_conv_kernels': 64, 'secondary_capsule_vector': 2, 'dense_1': 256, 'dense_2': 256, 'epsilon': 0.05899059178758911, 'm_plus': 0.9235345131064693, 'm_minus': 0.09261023507799039, 'lambda_': 0.9663634511689452, 'alpha': 0.0052794894579640435, 'no_of_primary_capsules': 32, 'primary_capsule_vector': 8, 'no_of_secondary_capsules': 10}
Fitting individual 10/22 with genotype {'epochs': 1, 'r': 4, 'no_of_conv_kernels': 64, 'secondary_capsule_vector': 36, 'dense_1': 512, 'dense_2': 1536, 'epsilon': 0.017557595503771586, 'm_plus': 0.9444842661806861, 'm_minus': 0.07699417892580146, 'lambda_': 0.4253266948236467, 'alpha': 0.009277186398684387, 'no_of_primary_capsules': 32, 'primary_capsule_vector': 8, 'no_of_secondary_capsules': 10}
Fitting individual 11/22 with genotype {'epochs': 8, 'r': 2, 'no_of_conv_kernels': 3, 'secondary_capsule_vector': 18, 'dense_1': 256, 'dense_2': 1280, 'epsilon': 0.027247660706456806, 'm_plus': 0.9208012588264236, 'm_minus': 0.06604163854892961, 'lambda_': 0.9446842246922238, 'alpha': 0.0001, 'no_of_primary_capsules': 32, 'primary_capsule_vector': 8, 'no_of_secondary_capsules': 10}
Fitting individual 12/22 with genotype {'epochs': 1, 'r': 3, 'no_of_conv_kernels': 64, 'secondary_capsule_vector': 37, 'dense_1': 256, 'dense_2': 512, 'epsilon': 0.03277296217840117, 'm_plus': 0.9506808449196051, 'm_minus': 0.07018230176490246, 'lambda_': 0.7409178447530633, 'alpha': 0.009382485020218484, 'no_of_primary_capsules': 32, 'primary_capsule_vector': 8, 'no_of_secondary_capsules': 10}
Fitting individual 13/22 with genotype {'epochs': 3, 'r': 3, 'no_of_conv_kernels': 64, 'secondary_capsule_vector': 11, 'dense_1': 256, 'dense_2': 512, 'epsilon': 0.0011199783314567186, 'm_plus': 0.9885671978650381, 'm_minus': 0.1313199627206439, 'lambda_': 0.8548652598426412, 'alpha': 0.001013348783033925, 'no_of_primary_capsules': 32, 'primary_capsule_vector': 8, 'no_of_secondary_capsules': 10}
Fitting individual 14/22 with genotype {'epochs': 7, 'r': 3, 'no_of_conv_kernels': 32, 'secondary_capsule_vector': 12, 'dense_1': 512, 'dense_2': 768, 'epsilon': 0.06586892652605414, 'm_plus': 0.9710157335638062, 'm_minus': 0.05465346907118296, 'lambda_': 0.7892026038704957, 'alpha': 0.005200661204332709, 'no_of_primary_capsules': 32, 'primary_capsule_vector': 8, 'no_of_secondary_capsules': 10}
Fitting individual 15/22 with genotype {'epochs': 2, 'r': 4, 'no_of_conv_kernels': 64, 'secondary_capsule_vector': 2, 'dense_1': 256, 'dense_2': 256, 'epsilon': 0.05899059178758911, 'm_plus': 0.9885671978650381, 'm_minus': 0.1313199627206439, 'lambda_': 0.8548652598426412, 'alpha': 0.001013348783033925, 'no_of_primary_capsules': 32, 'primary_capsule_vector': 8, 'no_of_secondary_capsules': 10}
Fitting individual 16/22 with genotype {'epochs': 7, 'r': 3, 'no_of_conv_kernels': 64, 'secondary_capsule_vector': 11, 'dense_1': 256, 'dense_2': 512, 'epsilon': 0.0011199783314567186, 'm_plus': 0.9235345131064693, 'm_minus': 0.18742318511490952, 'lambda_': 0.9663634511689452, 'alpha': 0.0052794894579640435, 'no_of_primary_capsules': 32, 'primary_capsule_vector': 8, 'no_of_secondary_capsules': 10}
Validation loss is not decreasing anymore, risk of overfitting the model after 6 epochs. The training will be stopped. This behavior can be modified by setting the early_stop property of the model to False
Fitting individual 17/22 with genotype {'epochs': 7, 'r': 3, 'no_of_conv_kernels': 64, 'secondary_capsule_vector': 11, 'dense_1': 256, 'dense_2': 512, 'epsilon': 0.0011199783314567186, 'm_plus': 0.9885671978650381, 'm_minus': 0.1313199627206439, 'lambda_': 0.7892026038704957, 'alpha': 0.005200661204332709, 'no_of_primary_capsules': 32, 'primary_capsule_vector': 8, 'no_of_secondary_capsules': 10}
Fitting individual 18/22 with genotype {'epochs': 3, 'r': 3, 'no_of_conv_kernels': 32, 'secondary_capsule_vector': 12, 'dense_1': 512, 'dense_2': 768, 'epsilon': 0.06586892652605414, 'm_plus': 0.9710157335638062, 'm_minus': 0.05465346907118296, 'lambda_': 0.8548652598426412, 'alpha': 0.001013348783033925, 'no_of_primary_capsules': 32, 'primary_capsule_vector': 8, 'no_of_secondary_capsules': 10}
Fitting individual 19/22 with genotype {'epochs': 2, 'r': 4, 'no_of_conv_kernels': 64, 'secondary_capsule_vector': 2, 'dense_1': 256, 'dense_2': 256, 'epsilon': 0.05899059178758911, 'm_plus': 0.9235345131064693, 'm_minus': 0.09261023507799039, 'lambda_': 0.9663634511689452, 'alpha': 0.0052794894579640435, 'no_of_primary_capsules': 32, 'primary_capsule_vector': 8, 'no_of_secondary_capsules': 10}
Fitting individual 20/22 with genotype {'epochs': 3, 'r': 3, 'no_of_conv_kernels': 32, 'secondary_capsule_vector': 12, 'dense_1': 512, 'dense_2': 768, 'epsilon': 0.001641015341343241, 'm_plus': 0.9710157335638062, 'm_minus': 0.05465346907118296, 'lambda_': 0.7892026038704957, 'alpha': 0.005200661204332709, 'no_of_primary_capsules': 32, 'primary_capsule_vector': 8, 'no_of_secondary_capsules': 10}
Fitting individual 21/22 with genotype {'epochs': 8, 'r': 2, 'no_of_conv_kernels': 64, 'secondary_capsule_vector': 37, 'dense_1': 256, 'dense_2': 512, 'epsilon': 0.03277296217840117, 'm_plus': 0.9506808449196051, 'm_minus': 0.07018230176490246, 'lambda_': 0.7409178447530633, 'alpha': 0.009382485020218484, 'no_of_primary_capsules': 32, 'primary_capsule_vector': 8, 'no_of_secondary_capsules': 10}
Validation loss is not decreasing anymore, risk of overfitting the model after 6 epochs. The training will be stopped. This behavior can be modified by setting the early_stop property of the model to False
Fitting individual 22/22 with genotype {'epochs': 2, 'r': 4, 'no_of_conv_kernels': 64, 'secondary_capsule_vector': 2, 'dense_1': 256, 'dense_2': 256, 'epsilon': 0.05899059178758911, 'm_plus': 0.9235345131064693, 'm_minus': 0.09261023507799039, 'lambda_': 0.9663634511689452, 'alpha': 0.0052794894579640435, 'no_of_primary_capsules': 32, 'primary_capsule_vector': 8, 'no_of_secondary_capsules': 10}
Len of pop after selection : 10
=== Generation 5/10
Len of pop before manipulations : 10
crossover created 10 offspring(s)
mutation created 2 offspring(s)
local search created 3 offspring(s)
Len of pop after manipulations : 25
Fitting individual 1/25 with genotype {'epochs': 8, 'r': 2, 'no_of_conv_kernels': 64, 'secondary_capsule_vector': 37, 'dense_1': 256, 'dense_2': 512, 'epsilon': 0.03277296217840117, 'm_plus': 0.9506808449196051, 'm_minus': 0.07018230176490246, 'lambda_': 0.7409178447530633, 'alpha': 0.009382485020218484, 'no_of_primary_capsules': 32, 'primary_capsule_vector': 8, 'no_of_secondary_capsules': 10}
Fitting individual 2/25 with genotype {'epochs': 7, 'r': 3, 'no_of_conv_kernels': 64, 'secondary_capsule_vector': 11, 'dense_1': 256, 'dense_2': 512, 'epsilon': 0.0011199783314567186, 'm_plus': 0.9885671978650381, 'm_minus': 0.1313199627206439, 'lambda_': 0.8548652598426412, 'alpha': 0.001013348783033925, 'no_of_primary_capsules': 32, 'primary_capsule_vector': 8, 'no_of_secondary_capsules': 10}
Fitting individual 3/25 with genotype {'epochs': 1, 'r': 3, 'no_of_conv_kernels': 3, 'secondary_capsule_vector': 18, 'dense_1': 256, 'dense_2': 1280, 'epsilon': 0.027247660706456806, 'm_plus': 0.9208012588264236, 'm_minus': 0.06604163854892961, 'lambda_': 0.9446842246922238, 'alpha': 0.0001, 'no_of_primary_capsules': 32, 'primary_capsule_vector': 8, 'no_of_secondary_capsules': 10}
Fitting individual 4/25 with genotype {'epochs': 5, 'r': 3, 'no_of_conv_kernels': 128, 'secondary_capsule_vector': 26, 'dense_1': 128, 'dense_2': 1280, 'epsilon': 0.014857243072723774, 'm_plus': 0.9045613988438307, 'm_minus': 0.10961439367107387, 'lambda_': 0.873915518968423, 'alpha': 0.0032638388032555066, 'no_of_primary_capsules': 32, 'primary_capsule_vector': 8, 'no_of_secondary_capsules': 10}
Fitting individual 5/25 with genotype {'epochs': 8, 'r': 4, 'no_of_conv_kernels': 128, 'secondary_capsule_vector': 34, 'dense_1': 512, 'dense_2': 1536, 'epsilon': 1e-07, 'm_plus': 0.9801528702250291, 'm_minus': 0.14613712398977044, 'lambda_': 0.3881188645425304, 'alpha': 0.003013191557164057, 'no_of_primary_capsules': 32, 'primary_capsule_vector': 8, 'no_of_secondary_capsules': 10}
Fitting individual 6/25 with genotype {'epochs': 3, 'r': 3, 'no_of_conv_kernels': 32, 'secondary_capsule_vector': 37, 'dense_1': 4, 'dense_2': 1024, 'epsilon': 0.03385041893036439, 'm_plus': 0.9304099471100158, 'm_minus': 0.1654881843526521, 'lambda_': 0.9107532410760989, 'alpha': 0.0036024170633218414, 'no_of_primary_capsules': 32, 'primary_capsule_vector': 8, 'no_of_secondary_capsules': 10}
Fitting individual 7/25 with genotype {'epochs': 2, 'r': 3, 'no_of_conv_kernels': 64, 'secondary_capsule_vector': 40, 'dense_1': 768, 'dense_2': 512, 'epsilon': 0.014350703431741782, 'm_plus': 0.9888074729643286, 'm_minus': 0.19222018244879113, 'lambda_': 0.43883239758363235, 'alpha': 0.007795304738366115, 'no_of_primary_capsules': 32, 'primary_capsule_vector': 8, 'no_of_secondary_capsules': 10}
Fitting individual 8/25 with genotype {'epochs': 3, 'r': 3, 'no_of_conv_kernels': 32, 'secondary_capsule_vector': 12, 'dense_1': 512, 'dense_2': 768, 'epsilon': 0.001641015341343241, 'm_plus': 0.9710157335638062, 'm_minus': 0.05465346907118296, 'lambda_': 0.7892026038704957, 'alpha': 0.005200661204332709, 'no_of_primary_capsules': 32, 'primary_capsule_vector': 8, 'no_of_secondary_capsules': 10}
Fitting individual 9/25 with genotype {'epochs': 2, 'r': 4, 'no_of_conv_kernels': 64, 'secondary_capsule_vector': 2, 'dense_1': 256, 'dense_2': 256, 'epsilon': 0.05899059178758911, 'm_plus': 0.9235345131064693, 'm_minus': 0.09920013788782739, 'lambda_': 0.9663634511689452, 'alpha': 0.0052794894579640435, 'no_of_primary_capsules': 32, 'primary_capsule_vector': 8, 'no_of_secondary_capsules': 10}
Fitting individual 10/25 with genotype {'epochs': 1, 'r': 4, 'no_of_conv_kernels': 64, 'secondary_capsule_vector': 36, 'dense_1': 512, 'dense_2': 1536, 'epsilon': 0.07058617318787214, 'm_plus': 0.9444842661806861, 'm_minus': 0.07699417892580146, 'lambda_': 0.9040084664264226, 'alpha': 0.009277186398684387, 'no_of_primary_capsules': 32, 'primary_capsule_vector': 8, 'no_of_secondary_capsules': 10}
Fitting individual 11/25 with genotype {'epochs': 1, 'r': 4, 'no_of_conv_kernels': 64, 'secondary_capsule_vector': 36, 'dense_1': 512, 'dense_2': 1536, 'epsilon': 0.05899059178758911, 'm_plus': 0.9235345131064693, 'm_minus': 0.09261023507799039, 'lambda_': 0.9663634511689452, 'alpha': 0.0052794894579640435, 'no_of_primary_capsules': 32, 'primary_capsule_vector': 8, 'no_of_secondary_capsules': 10}
Fitting individual 12/25 with genotype {'epochs': 2, 'r': 4, 'no_of_conv_kernels': 64, 'secondary_capsule_vector': 2, 'dense_1': 256, 'dense_2': 256, 'epsilon': 0.017557595503771586, 'm_plus': 0.9444842661806861, 'm_minus': 0.07699417892580146, 'lambda_': 0.4253266948236467, 'alpha': 0.009277186398684387, 'no_of_primary_capsules': 32, 'primary_capsule_vector': 8, 'no_of_secondary_capsules': 10}
Fitting individual 13/25 with genotype {'epochs': 2, 'r': 3, 'no_of_conv_kernels': 64, 'secondary_capsule_vector': 40, 'dense_1': 768, 'dense_2': 512, 'epsilon': 0.014350703431741782, 'm_plus': 0.9888074729643286, 'm_minus': 0.19222018244879113, 'lambda_': 0.43883239758363235, 'alpha': 0.0032638388032555066, 'no_of_primary_capsules': 32, 'primary_capsule_vector': 8, 'no_of_secondary_capsules': 10}
Fitting individual 14/25 with genotype {'epochs': 5, 'r': 3, 'no_of_conv_kernels': 128, 'secondary_capsule_vector': 26, 'dense_1': 128, 'dense_2': 1280, 'epsilon': 0.014857243072723774, 'm_plus': 0.9045613988438307, 'm_minus': 0.10961439367107387, 'lambda_': 0.873915518968423, 'alpha': 0.007795304738366115, 'no_of_primary_capsules': 32, 'primary_capsule_vector': 8, 'no_of_secondary_capsules': 10}
Fitting individual 15/25 with genotype {'epochs': 8, 'r': 2, 'no_of_conv_kernels': 64, 'secondary_capsule_vector': 37, 'dense_1': 256, 'dense_2': 1536, 'epsilon': 0.004009490678098763, 'm_plus': 0.9801528702250291, 'm_minus': 0.14613712398977044, 'lambda_': 0.3881188645425304, 'alpha': 0.003013191557164057, 'no_of_primary_capsules': 32, 'primary_capsule_vector': 8, 'no_of_secondary_capsules': 10}
Fitting individual 16/25 with genotype {'epochs': 8, 'r': 4, 'no_of_conv_kernels': 128, 'secondary_capsule_vector': 34, 'dense_1': 512, 'dense_2': 512, 'epsilon': 0.03277296217840117, 'm_plus': 0.9506808449196051, 'm_minus': 0.07018230176490246, 'lambda_': 0.7409178447530633, 'alpha': 0.009382485020218484, 'no_of_primary_capsules': 32, 'primary_capsule_vector': 8, 'no_of_secondary_capsules': 10}
Fitting individual 17/25 with genotype {'epochs': 1, 'r': 3, 'no_of_conv_kernels': 32, 'secondary_capsule_vector': 12, 'dense_1': 512, 'dense_2': 768, 'epsilon': 0.001641015341343241, 'm_plus': 0.9710157335638062, 'm_minus': 0.05465346907118296, 'lambda_': 0.7892026038704957, 'alpha': 0.005200661204332709, 'no_of_primary_capsules': 32, 'primary_capsule_vector': 8, 'no_of_secondary_capsules': 10}
Fitting individual 18/25 with genotype {'epochs': 3, 'r': 4, 'no_of_conv_kernels': 64, 'secondary_capsule_vector': 36, 'dense_1': 512, 'dense_2': 1536, 'epsilon': 0.017557595503771586, 'm_plus': 0.9444842661806861, 'm_minus': 0.07699417892580146, 'lambda_': 0.4253266948236467, 'alpha': 0.009277186398684387, 'no_of_primary_capsules': 32, 'primary_capsule_vector': 8, 'no_of_secondary_capsules': 10}
Fitting individual 19/25 with genotype {'epochs': 3, 'r': 3, 'no_of_conv_kernels': 32, 'secondary_capsule_vector': 37, 'dense_1': 4, 'dense_2': 1024, 'epsilon': 0.03385041893036439, 'm_plus': 0.9045613988438307, 'm_minus': 0.10961439367107387, 'lambda_': 0.873915518968423, 'alpha': 0.0032638388032555066, 'no_of_primary_capsules': 32, 'primary_capsule_vector': 8, 'no_of_secondary_capsules': 10}
Fitting individual 20/25 with genotype {'epochs': 5, 'r': 3, 'no_of_conv_kernels': 128, 'secondary_capsule_vector': 26, 'dense_1': 128, 'dense_2': 1280, 'epsilon': 0.014857243072723774, 'm_plus': 0.9304099471100158, 'm_minus': 0.1654881843526521, 'lambda_': 0.9107532410760989, 'alpha': 0.0036024170633218414, 'no_of_primary_capsules': 32, 'primary_capsule_vector': 8, 'no_of_secondary_capsules': 10}
Fitting individual 21/25 with genotype {'epochs': 1, 'r': 4, 'no_of_conv_kernels': 64, 'secondary_capsule_vector': 36, 'dense_1': 512, 'dense_2': 1536, 'epsilon': 0.017557595503771586, 'm_plus': 0.9444842661806861, 'm_minus': 0.07699417892580146, 'lambda_': 0.9040084664264226, 'alpha': 0.009277186398684387, 'no_of_primary_capsules': 32, 'primary_capsule_vector': 8, 'no_of_secondary_capsules': 10}
Fitting individual 22/25 with genotype {'epochs': 2, 'r': 4, 'no_of_conv_kernels': 64, 'secondary_capsule_vector': 2, 'dense_1': 256, 'dense_2': 256, 'epsilon': 0.05899059178758911, 'm_plus': 0.9235345131064693, 'm_minus': 0.09261023507799039, 'lambda_': 0.9663634511689452, 'alpha': 0.0052794894579640435, 'no_of_primary_capsules': 32, 'primary_capsule_vector': 8, 'no_of_secondary_capsules': 10}
Fitting individual 23/25 with genotype {'epochs': 2, 'r': 4, 'no_of_conv_kernels': 64, 'secondary_capsule_vector': 2, 'dense_1': 256, 'dense_2': 256, 'epsilon': 0.05899059178758911, 'm_plus': 0.9235345131064693, 'm_minus': 0.09920013788782739, 'lambda_': 0.9663634511689452, 'alpha': 0.0052794894579640435, 'no_of_primary_capsules': 32, 'primary_capsule_vector': 8, 'no_of_secondary_capsules': 10}
Fitting individual 24/25 with genotype {'epochs': 1, 'r': 4, 'no_of_conv_kernels': 64, 'secondary_capsule_vector': 36, 'dense_1': 512, 'dense_2': 1536, 'epsilon': 0.07058617318787214, 'm_plus': 0.9444842661806861, 'm_minus': 0.07699417892580146, 'lambda_': 0.9040084664264226, 'alpha': 0.009277186398684387, 'no_of_primary_capsules': 32, 'primary_capsule_vector': 8, 'no_of_secondary_capsules': 10}
Fitting individual 25/25 with genotype {'epochs': 8, 'r': 4, 'no_of_conv_kernels': 128, 'secondary_capsule_vector': 34, 'dense_1': 512, 'dense_2': 1536, 'epsilon': 1e-07, 'm_plus': 0.9801528702250291, 'm_minus': 0.14613712398977044, 'lambda_': 0.3881188645425304, 'alpha': 0.003013191557164057, 'no_of_primary_capsules': 32, 'primary_capsule_vector': 8, 'no_of_secondary_capsules': 10}
Validation loss is not decreasing anymore, risk of overfitting the model after 7 epochs. The training will be stopped. This behavior can be modified by setting the early_stop property of the model to False
Len of pop after selection : 10
=== Generation 6/10
Len of pop before manipulations : 10
crossover created 8 offspring(s)
mutation created 1 offspring(s)
local search created 4 offspring(s)
Len of pop after manipulations : 23
Fitting individual 1/23 with genotype {'epochs': 8, 'r': 2, 'no_of_conv_kernels': 64, 'secondary_capsule_vector': 37, 'dense_1': 256, 'dense_2': 512, 'epsilon': 0.03277296217840117, 'm_plus': 0.9506808449196051, 'm_minus': 0.07018230176490246, 'lambda_': 0.7409178447530633, 'alpha': 0.009382485020218484, 'no_of_primary_capsules': 32, 'primary_capsule_vector': 8, 'no_of_secondary_capsules': 10}
Validation loss is not decreasing anymore, risk of overfitting the model after 7 epochs. The training will be stopped. This behavior can be modified by setting the early_stop property of the model to False
Fitting individual 2/23 with genotype {'epochs': 7, 'r': 3, 'no_of_conv_kernels': 64, 'secondary_capsule_vector': 11, 'dense_1': 256, 'dense_2': 512, 'epsilon': 0.0011199783314567186, 'm_plus': 0.9885671978650381, 'm_minus': 0.1313199627206439, 'lambda_': 0.8548652598426412, 'alpha': 0.001013348783033925, 'no_of_primary_capsules': 32, 'primary_capsule_vector': 8, 'no_of_secondary_capsules': 10}
Fitting individual 3/23 with genotype {'epochs': 5, 'r': 3, 'no_of_conv_kernels': 128, 'secondary_capsule_vector': 26, 'dense_1': 4, 'dense_2': 1280, 'epsilon': 0.014857243072723774, 'm_plus': 0.9045613988438307, 'm_minus': 0.10961439367107387, 'lambda_': 0.873915518968423, 'alpha': 0.0032638388032555066, 'no_of_primary_capsules': 32, 'primary_capsule_vector': 8, 'no_of_secondary_capsules': 10}
Fitting individual 4/23 with genotype {'epochs': 8, 'r': 4, 'no_of_conv_kernels': 128, 'secondary_capsule_vector': 34, 'dense_1': 512, 'dense_2': 1536, 'epsilon': 1e-07, 'm_plus': 0.9801528702250291, 'm_minus': 0.14613712398977044, 'lambda_': 0.3881188645425304, 'alpha': 0.003013191557164057, 'no_of_primary_capsules': 32, 'primary_capsule_vector': 8, 'no_of_secondary_capsules': 10}
Fitting individual 5/23 with genotype {'epochs': 2, 'r': 3, 'no_of_conv_kernels': 64, 'secondary_capsule_vector': 40, 'dense_1': 768, 'dense_2': 512, 'epsilon': 0.014350703431741782, 'm_plus': 0.9888074729643286, 'm_minus': 0.19222018244879113, 'lambda_': 0.43883239758363235, 'alpha': 0.007795304738366115, 'no_of_primary_capsules': 32, 'primary_capsule_vector': 8, 'no_of_secondary_capsules': 10}
Fitting individual 6/23 with genotype {'epochs': 3, 'r': 3, 'no_of_conv_kernels': 32, 'secondary_capsule_vector': 37, 'dense_1': 4, 'dense_2': 1024, 'epsilon': 0.03385041893036439, 'm_plus': 0.9304099471100158, 'm_minus': 0.1654881843526521, 'lambda_': 0.9107532410760989, 'alpha': 0.0036024170633218414, 'no_of_primary_capsules': 32, 'primary_capsule_vector': 8, 'no_of_secondary_capsules': 10}
Fitting individual 7/23 with genotype {'epochs': 3, 'r': 3, 'no_of_conv_kernels': 32, 'secondary_capsule_vector': 12, 'dense_1': 512, 'dense_2': 768, 'epsilon': 0.001641015341343241, 'm_plus': 0.9710157335638062, 'm_minus': 0.05465346907118296, 'lambda_': 0.7892026038704957, 'alpha': 0.005200661204332709, 'no_of_primary_capsules': 32, 'primary_capsule_vector': 8, 'no_of_secondary_capsules': 10}
Fitting individual 8/23 with genotype {'epochs': 5, 'r': 4, 'no_of_conv_kernels': 64, 'secondary_capsule_vector': 2, 'dense_1': 256, 'dense_2': 256, 'epsilon': 0.05899059178758911, 'm_plus': 0.9, 'm_minus': 0.09920013788782739, 'lambda_': 0.9663634511689452, 'alpha': 0.0052794894579640435, 'no_of_primary_capsules': 32, 'primary_capsule_vector': 8, 'no_of_secondary_capsules': 10}
Fitting individual 9/23 with genotype {'epochs': 1, 'r': 4, 'no_of_conv_kernels': 64, 'secondary_capsule_vector': 36, 'dense_1': 512, 'dense_2': 1536, 'epsilon': 0.07058617318787214, 'm_plus': 0.9444842661806861, 'm_minus': 0.07699417892580146, 'lambda_': 0.9040084664264226, 'alpha': 0.009277186398684387, 'no_of_primary_capsules': 32, 'primary_capsule_vector': 8, 'no_of_secondary_capsules': 10}
Fitting individual 10/23 with genotype {'epochs': 1, 'r': 3, 'no_of_conv_kernels': 3, 'secondary_capsule_vector': 18, 'dense_1': 256, 'dense_2': 1280, 'epsilon': 0.027247660706456806, 'm_plus': 0.9208012588264236, 'm_minus': 0.06604163854892961, 'lambda_': 0.9446842246922238, 'alpha': 0.0001, 'no_of_primary_capsules': 32, 'primary_capsule_vector': 8, 'no_of_secondary_capsules': 10}
Fitting individual 11/23 with genotype {'epochs': 3, 'r': 3, 'no_of_conv_kernels': 64, 'secondary_capsule_vector': 11, 'dense_1': 256, 'dense_2': 512, 'epsilon': 0.0011199783314567186, 'm_plus': 0.9885671978650381, 'm_minus': 0.1313199627206439, 'lambda_': 0.8548652598426412, 'alpha': 0.001013348783033925, 'no_of_primary_capsules': 32, 'primary_capsule_vector': 8, 'no_of_secondary_capsules': 10}
Fitting individual 12/23 with genotype {'epochs': 7, 'r': 3, 'no_of_conv_kernels': 32, 'secondary_capsule_vector': 12, 'dense_1': 512, 'dense_2': 768, 'epsilon': 0.001641015341343241, 'm_plus': 0.9710157335638062, 'm_minus': 0.05465346907118296, 'lambda_': 0.7892026038704957, 'alpha': 0.005200661204332709, 'no_of_primary_capsules': 32, 'primary_capsule_vector': 8, 'no_of_secondary_capsules': 10}
Fitting individual 13/23 with genotype {'epochs': 7, 'r': 3, 'no_of_conv_kernels': 64, 'secondary_capsule_vector': 11, 'dense_1': 256, 'dense_2': 512, 'epsilon': 0.05899059178758911, 'm_plus': 0.9235345131064693, 'm_minus': 0.09920013788782739, 'lambda_': 0.9663634511689452, 'alpha': 0.0052794894579640435, 'no_of_primary_capsules': 32, 'primary_capsule_vector': 8, 'no_of_secondary_capsules': 10}
Fitting individual 14/23 with genotype {'epochs': 2, 'r': 4, 'no_of_conv_kernels': 64, 'secondary_capsule_vector': 2, 'dense_1': 256, 'dense_2': 256, 'epsilon': 0.0011199783314567186, 'm_plus': 0.9885671978650381, 'm_minus': 0.1313199627206439, 'lambda_': 0.8548652598426412, 'alpha': 0.001013348783033925, 'no_of_primary_capsules': 32, 'primary_capsule_vector': 8, 'no_of_secondary_capsules': 10}
Fitting individual 15/23 with genotype {'epochs': 7, 'r': 3, 'no_of_conv_kernels': 64, 'secondary_capsule_vector': 11, 'dense_1': 256, 'dense_2': 1024, 'epsilon': 0.03385041893036439, 'm_plus': 0.9304099471100158, 'm_minus': 0.1654881843526521, 'lambda_': 0.9107532410760989, 'alpha': 0.0036024170633218414, 'no_of_primary_capsules': 32, 'primary_capsule_vector': 8, 'no_of_secondary_capsules': 10}
Fitting individual 16/23 with genotype {'epochs': 3, 'r': 3, 'no_of_conv_kernels': 32, 'secondary_capsule_vector': 37, 'dense_1': 4, 'dense_2': 512, 'epsilon': 0.0011199783314567186, 'm_plus': 0.9885671978650381, 'm_minus': 0.1313199627206439, 'lambda_': 0.8548652598426412, 'alpha': 0.001013348783033925, 'no_of_primary_capsules': 32, 'primary_capsule_vector': 8, 'no_of_secondary_capsules': 10}
Fitting individual 17/23 with genotype {'epochs': 1, 'r': 3, 'no_of_conv_kernels': 3, 'secondary_capsule_vector': 18, 'dense_1': 256, 'dense_2': 1280, 'epsilon': 0.027247660706456806, 'm_plus': 0.9208012588264236, 'm_minus': 0.1654881843526521, 'lambda_': 0.9107532410760989, 'alpha': 0.0036024170633218414, 'no_of_primary_capsules': 32, 'primary_capsule_vector': 8, 'no_of_secondary_capsules': 10}
Fitting individual 18/23 with genotype {'epochs': 3, 'r': 3, 'no_of_conv_kernels': 32, 'secondary_capsule_vector': 37, 'dense_1': 4, 'dense_2': 1024, 'epsilon': 0.03385041893036439, 'm_plus': 0.9304099471100158, 'm_minus': 0.06604163854892961, 'lambda_': 0.9446842246922238, 'alpha': 0.0001, 'no_of_primary_capsules': 32, 'primary_capsule_vector': 8, 'no_of_secondary_capsules': 10}
Fitting individual 19/23 with genotype {'epochs': 5, 'r': 4, 'no_of_conv_kernels': 64, 'secondary_capsule_vector': 2, 'dense_1': 256, 'dense_2': 256, 'epsilon': 0.05899059178758911, 'm_plus': 0.9235345131064693, 'm_minus': 0.09920013788782739, 'lambda_': 0.9663634511689452, 'alpha': 0.0052794894579640435, 'no_of_primary_capsules': 32, 'primary_capsule_vector': 8, 'no_of_secondary_capsules': 10}
Fitting individual 20/23 with genotype {'epochs': 5, 'r': 3, 'no_of_conv_kernels': 128, 'secondary_capsule_vector': 26, 'dense_1': 4, 'dense_2': 1280, 'epsilon': 0.014857243072723774, 'm_plus': 0.9045613988438307, 'm_minus': 0.10961439367107387, 'lambda_': 0.873915518968423, 'alpha': 0.0032638388032555066, 'no_of_primary_capsules': 32, 'primary_capsule_vector': 8, 'no_of_secondary_capsules': 10}
Fitting individual 21/23 with genotype {'epochs': 1, 'r': 3, 'no_of_conv_kernels': 3, 'secondary_capsule_vector': 18, 'dense_1': 256, 'dense_2': 1280, 'epsilon': 0.027247660706456806, 'm_plus': 0.9208012588264236, 'm_minus': 0.06604163854892961, 'lambda_': 0.9446842246922238, 'alpha': 0.0001, 'no_of_primary_capsules': 32, 'primary_capsule_vector': 8, 'no_of_secondary_capsules': 10}
Fitting individual 22/23 with genotype {'epochs': 5, 'r': 4, 'no_of_conv_kernels': 64, 'secondary_capsule_vector': 2, 'dense_1': 256, 'dense_2': 256, 'epsilon': 0.05899059178758911, 'm_plus': 0.9, 'm_minus': 0.09920013788782739, 'lambda_': 0.9663634511689452, 'alpha': 0.0052794894579640435, 'no_of_primary_capsules': 32, 'primary_capsule_vector': 8, 'no_of_secondary_capsules': 10}
Fitting individual 23/23 with genotype {'epochs': 1, 'r': 3, 'no_of_conv_kernels': 3, 'secondary_capsule_vector': 18, 'dense_1': 256, 'dense_2': 1280, 'epsilon': 0.027247660706456806, 'm_plus': 0.9208012588264236, 'm_minus': 0.06604163854892961, 'lambda_': 0.9446842246922238, 'alpha': 0.0001, 'no_of_primary_capsules': 32, 'primary_capsule_vector': 8, 'no_of_secondary_capsules': 10}
Len of pop after selection : 10
=== Generation 7/10
Len of pop before manipulations : 10
crossover created 8 offspring(s)
mutation created 0 offspring(s)
local search created 4 offspring(s)
Len of pop after manipulations : 22
Fitting individual 1/22 with genotype {'epochs': 7, 'r': 2, 'no_of_conv_kernels': 64, 'secondary_capsule_vector': 37, 'dense_1': 256, 'dense_2': 512, 'epsilon': 0.03277296217840117, 'm_plus': 0.9506808449196051, 'm_minus': 0.07018230176490246, 'lambda_': 0.7409178447530633, 'alpha': 0.009382485020218484, 'no_of_primary_capsules': 32, 'primary_capsule_vector': 8, 'no_of_secondary_capsules': 10}
Fitting individual 2/22 with genotype {'epochs': 7, 'r': 3, 'no_of_conv_kernels': 64, 'secondary_capsule_vector': 11, 'dense_1': 256, 'dense_2': 512, 'epsilon': 0.0011199783314567186, 'm_plus': 0.9885671978650381, 'm_minus': 0.1313199627206439, 'lambda_': 0.8548652598426412, 'alpha': 0.001013348783033925, 'no_of_primary_capsules': 32, 'primary_capsule_vector': 8, 'no_of_secondary_capsules': 10}
Fitting individual 3/22 with genotype {'epochs': 5, 'r': 3, 'no_of_conv_kernels': 128, 'secondary_capsule_vector': 26, 'dense_1': 4, 'dense_2': 1280, 'epsilon': 0.014857243072723774, 'm_plus': 0.9045613988438307, 'm_minus': 0.10961439367107387, 'lambda_': 0.873915518968423, 'alpha': 0.0032638388032555066, 'no_of_primary_capsules': 32, 'primary_capsule_vector': 8, 'no_of_secondary_capsules': 10}
Fitting individual 4/22 with genotype {'epochs': 8, 'r': 4, 'no_of_conv_kernels': 128, 'secondary_capsule_vector': 34, 'dense_1': 512, 'dense_2': 1536, 'epsilon': 1e-07, 'm_plus': 0.9801528702250291, 'm_minus': 0.14613712398977044, 'lambda_': 0.3881188645425304, 'alpha': 0.003013191557164057, 'no_of_primary_capsules': 32, 'primary_capsule_vector': 8, 'no_of_secondary_capsules': 10}
Fitting individual 5/22 with genotype {'epochs': 3, 'r': 3, 'no_of_conv_kernels': 32, 'secondary_capsule_vector': 37, 'dense_1': 4, 'dense_2': 1024, 'epsilon': 0.03385041893036439, 'm_plus': 0.9304099471100158, 'm_minus': 0.1654881843526521, 'lambda_': 0.9107532410760989, 'alpha': 0.0036024170633218414, 'no_of_primary_capsules': 32, 'primary_capsule_vector': 8, 'no_of_secondary_capsules': 10}
Fitting individual 6/22 with genotype {'epochs': 2, 'r': 3, 'no_of_conv_kernels': 64, 'secondary_capsule_vector': 40, 'dense_1': 768, 'dense_2': 512, 'epsilon': 0.014350703431741782, 'm_plus': 0.9888074729643286, 'm_minus': 0.19222018244879113, 'lambda_': 0.43883239758363235, 'alpha': 0.007795304738366115, 'no_of_primary_capsules': 32, 'primary_capsule_vector': 8, 'no_of_secondary_capsules': 10}
Fitting individual 7/22 with genotype {'epochs': 3, 'r': 3, 'no_of_conv_kernels': 32, 'secondary_capsule_vector': 12, 'dense_1': 512, 'dense_2': 7, 'epsilon': 0.001641015341343241, 'm_plus': 0.9710157335638062, 'm_minus': 0.05465346907118296, 'lambda_': 0.7892026038704957, 'alpha': 0.005200661204332709, 'no_of_primary_capsules': 32, 'primary_capsule_vector': 8, 'no_of_secondary_capsules': 10}
Fitting individual 8/22 with genotype {'epochs': 5, 'r': 4, 'no_of_conv_kernels': 64, 'secondary_capsule_vector': 2, 'dense_1': 256, 'dense_2': 256, 'epsilon': 0.05899059178758911, 'm_plus': 0.9, 'm_minus': 0.09920013788782739, 'lambda_': 0.9663634511689452, 'alpha': 0.0052794894579640435, 'no_of_primary_capsules': 32, 'primary_capsule_vector': 8, 'no_of_secondary_capsules': 10}
Fitting individual 9/22 with genotype {'epochs': 1, 'r': 4, 'no_of_conv_kernels': 64, 'secondary_capsule_vector': 36, 'dense_1': 512, 'dense_2': 1536, 'epsilon': 0.07058617318787214, 'm_plus': 0.9444842661806861, 'm_minus': 0.07699417892580146, 'lambda_': 0.9040084664264226, 'alpha': 0.009277186398684387, 'no_of_primary_capsules': 32, 'primary_capsule_vector': 8, 'no_of_secondary_capsules': 10}
Fitting individual 10/22 with genotype {'epochs': 1, 'r': 3, 'no_of_conv_kernels': 3, 'secondary_capsule_vector': 18, 'dense_1': 256, 'dense_2': 1280, 'epsilon': 0.027247660706456806, 'm_plus': 0.9208012588264236, 'm_minus': 0.06604163854892961, 'lambda_': 0.9446842246922238, 'alpha': 0.0001, 'no_of_primary_capsules': 32, 'primary_capsule_vector': 8, 'no_of_secondary_capsules': 10}
Fitting individual 11/22 with genotype {'epochs': 5, 'r': 4, 'no_of_conv_kernels': 64, 'secondary_capsule_vector': 2, 'dense_1': 256, 'dense_2': 256, 'epsilon': 0.05899059178758911, 'm_plus': 0.9, 'm_minus': 0.09920013788782739, 'lambda_': 0.8548652598426412, 'alpha': 0.001013348783033925, 'no_of_primary_capsules': 32, 'primary_capsule_vector': 8, 'no_of_secondary_capsules': 10}
Fitting individual 12/22 with genotype {'epochs': 7, 'r': 3, 'no_of_conv_kernels': 64, 'secondary_capsule_vector': 11, 'dense_1': 256, 'dense_2': 512, 'epsilon': 0.0011199783314567186, 'm_plus': 0.9885671978650381, 'm_minus': 0.1313199627206439, 'lambda_': 0.9663634511689452, 'alpha': 0.0052794894579640435, 'no_of_primary_capsules': 32, 'primary_capsule_vector': 8, 'no_of_secondary_capsules': 10}
Fitting individual 13/22 with genotype {'epochs': 5, 'r': 4, 'no_of_conv_kernels': 64, 'secondary_capsule_vector': 2, 'dense_1': 256, 'dense_2': 1280, 'epsilon': 0.014857243072723774, 'm_plus': 0.9045613988438307, 'm_minus': 0.10961439367107387, 'lambda_': 0.873915518968423, 'alpha': 0.0032638388032555066, 'no_of_primary_capsules': 32, 'primary_capsule_vector': 8, 'no_of_secondary_capsules': 10}
Fitting individual 14/22 with genotype {'epochs': 5, 'r': 3, 'no_of_conv_kernels': 128, 'secondary_capsule_vector': 26, 'dense_1': 4, 'dense_2': 256, 'epsilon': 0.05899059178758911, 'm_plus': 0.9, 'm_minus': 0.09920013788782739, 'lambda_': 0.9663634511689452, 'alpha': 0.0052794894579640435, 'no_of_primary_capsules': 32, 'primary_capsule_vector': 8, 'no_of_secondary_capsules': 10}
Fitting individual 15/22 with genotype {'epochs': 7, 'r': 2, 'no_of_conv_kernels': 64, 'secondary_capsule_vector': 37, 'dense_1': 256, 'dense_2': 512, 'epsilon': 0.001641015341343241, 'm_plus': 0.9710157335638062, 'm_minus': 0.05465346907118296, 'lambda_': 0.7892026038704957, 'alpha': 0.005200661204332709, 'no_of_primary_capsules': 32, 'primary_capsule_vector': 8, 'no_of_secondary_capsules': 10}
Fitting individual 16/22 with genotype {'epochs': 3, 'r': 3, 'no_of_conv_kernels': 32, 'secondary_capsule_vector': 12, 'dense_1': 512, 'dense_2': 768, 'epsilon': 0.03277296217840117, 'm_plus': 0.9506808449196051, 'm_minus': 0.07018230176490246, 'lambda_': 0.7409178447530633, 'alpha': 0.009382485020218484, 'no_of_primary_capsules': 32, 'primary_capsule_vector': 8, 'no_of_secondary_capsules': 10}
Fitting individual 17/22 with genotype {'epochs': 7, 'r': 2, 'no_of_conv_kernels': 64, 'secondary_capsule_vector': 37, 'dense_1': 256, 'dense_2': 512, 'epsilon': 0.03277296217840117, 'm_plus': 0.9506808449196051, 'm_minus': 0.07018230176490246, 'lambda_': 0.7409178447530633, 'alpha': 0.0036024170633218414, 'no_of_primary_capsules': 32, 'primary_capsule_vector': 8, 'no_of_secondary_capsules': 10}
Fitting individual 18/22 with genotype {'epochs': 3, 'r': 3, 'no_of_conv_kernels': 32, 'secondary_capsule_vector': 37, 'dense_1': 4, 'dense_2': 1024, 'epsilon': 0.03385041893036439, 'm_plus': 0.9304099471100158, 'm_minus': 0.1654881843526521, 'lambda_': 0.9107532410760989, 'alpha': 0.009382485020218484, 'no_of_primary_capsules': 32, 'primary_capsule_vector': 8, 'no_of_secondary_capsules': 10}
Fitting individual 19/22 with genotype {'epochs': 7, 'r': 3, 'no_of_conv_kernels': 64, 'secondary_capsule_vector': 11, 'dense_1': 256, 'dense_2': 512, 'epsilon': 0.0011199783314567186, 'm_plus': 0.9885671978650381, 'm_minus': 0.1313199627206439, 'lambda_': 0.8548652598426412, 'alpha': 0.001013348783033925, 'no_of_primary_capsules': 32, 'primary_capsule_vector': 8, 'no_of_secondary_capsules': 10}
Fitting individual 20/22 with genotype {'epochs': 3, 'r': 3, 'no_of_conv_kernels': 32, 'secondary_capsule_vector': 12, 'dense_1': 512, 'dense_2': 7, 'epsilon': 0.001641015341343241, 'm_plus': 0.9710157335638062, 'm_minus': 0.05465346907118296, 'lambda_': 0.7892026038704957, 'alpha': 0.005200661204332709, 'no_of_primary_capsules': 32, 'primary_capsule_vector': 8, 'no_of_secondary_capsules': 10}
Fitting individual 21/22 with genotype {'epochs': 1, 'r': 4, 'no_of_conv_kernels': 64, 'secondary_capsule_vector': 36, 'dense_1': 512, 'dense_2': 1536, 'epsilon': 0.07058617318787214, 'm_plus': 0.9444842661806861, 'm_minus': 0.07699417892580146, 'lambda_': 0.9040084664264226, 'alpha': 0.009277186398684387, 'no_of_primary_capsules': 32, 'primary_capsule_vector': 8, 'no_of_secondary_capsules': 10}
Fitting individual 22/22 with genotype {'epochs': 7, 'r': 3, 'no_of_conv_kernels': 64, 'secondary_capsule_vector': 11, 'dense_1': 256, 'dense_2': 512, 'epsilon': 0.0011199783314567186, 'm_plus': 0.9885671978650381, 'm_minus': 0.1313199627206439, 'lambda_': 0.8548652598426412, 'alpha': 0.001013348783033925, 'no_of_primary_capsules': 32, 'primary_capsule_vector': 8, 'no_of_secondary_capsules': 10}
Len of pop after selection : 10
=== Generation 8/10
Len of pop before manipulations : 10
crossover created 6 offspring(s)
mutation created 2 offspring(s)
local search created 1 offspring(s)
Len of pop after manipulations : 19
Fitting individual 1/19 with genotype {'epochs': 7, 'r': 2, 'no_of_conv_kernels': 64, 'secondary_capsule_vector': 37, 'dense_1': 256, 'dense_2': 512, 'epsilon': 0.03277296217840117, 'm_plus': 0.9506808449196051, 'm_minus': 0.07018230176490246, 'lambda_': 0.7409178447530633, 'alpha': 0.009382485020218484, 'no_of_primary_capsules': 32, 'primary_capsule_vector': 8, 'no_of_secondary_capsules': 10}
Fitting individual 2/19 with genotype {'epochs': 7, 'r': 3, 'no_of_conv_kernels': 64, 'secondary_capsule_vector': 11, 'dense_1': 256, 'dense_2': 512, 'epsilon': 0.0011199783314567186, 'm_plus': 0.9885671978650381, 'm_minus': 0.1313199627206439, 'lambda_': 0.8548652598426412, 'alpha': 0.001013348783033925, 'no_of_primary_capsules': 32, 'primary_capsule_vector': 8, 'no_of_secondary_capsules': 10}
Fitting individual 3/19 with genotype {'epochs': 2, 'r': 3, 'no_of_conv_kernels': 64, 'secondary_capsule_vector': 40, 'dense_1': 768, 'dense_2': 512, 'epsilon': 0.014350703431741782, 'm_plus': 0.9888074729643286, 'm_minus': 0.19222018244879113, 'lambda_': 0.43883239758363235, 'alpha': 0.007795304738366115, 'no_of_primary_capsules': 32, 'primary_capsule_vector': 8, 'no_of_secondary_capsules': 10}
Fitting individual 4/19 with genotype {'epochs': 5, 'r': 3, 'no_of_conv_kernels': 128, 'secondary_capsule_vector': 26, 'dense_1': 4, 'dense_2': 1280, 'epsilon': 0.014857243072723774, 'm_plus': 0.9045613988438307, 'm_minus': 0.10961439367107387, 'lambda_': 0.873915518968423, 'alpha': 0.0032638388032555066, 'no_of_primary_capsules': 32, 'primary_capsule_vector': 8, 'no_of_secondary_capsules': 10}
Fitting individual 5/19 with genotype {'epochs': 3, 'r': 3, 'no_of_conv_kernels': 32, 'secondary_capsule_vector': 37, 'dense_1': 4, 'dense_2': 1024, 'epsilon': 0.03385041893036439, 'm_plus': 0.9304099471100158, 'm_minus': 0.1654881843526521, 'lambda_': 0.9107532410760989, 'alpha': 0.0036024170633218414, 'no_of_primary_capsules': 32, 'primary_capsule_vector': 8, 'no_of_secondary_capsules': 10}
Fitting individual 6/19 with genotype {'epochs': 3, 'r': 3, 'no_of_conv_kernels': 32, 'secondary_capsule_vector': 12, 'dense_1': 512, 'dense_2': 7, 'epsilon': 0.001641015341343241, 'm_plus': 0.9710157335638062, 'm_minus': 0.05465346907118296, 'lambda_': 0.7892026038704957, 'alpha': 0.005200661204332709, 'no_of_primary_capsules': 32, 'primary_capsule_vector': 8, 'no_of_secondary_capsules': 10}
Fitting individual 7/19 with genotype {'epochs': 5, 'r': 4, 'no_of_conv_kernels': 32, 'secondary_capsule_vector': 2, 'dense_1': 256, 'dense_2': 256, 'epsilon': 0.05899059178758911, 'm_plus': 0.9, 'm_minus': 0.09920013788782739, 'lambda_': 0.9663634511689452, 'alpha': 0.0052794894579640435, 'no_of_primary_capsules': 32, 'primary_capsule_vector': 8, 'no_of_secondary_capsules': 10}
Fitting individual 8/19 with genotype {'epochs': 1, 'r': 3, 'no_of_conv_kernels': 3, 'secondary_capsule_vector': 18, 'dense_1': 256, 'dense_2': 1280, 'epsilon': 0.027247660706456806, 'm_plus': 0.9208012588264236, 'm_minus': 0.06604163854892961, 'lambda_': 0.9446842246922238, 'alpha': 0.0001, 'no_of_primary_capsules': 32, 'primary_capsule_vector': 8, 'no_of_secondary_capsules': 10}
Fitting individual 9/19 with genotype {'epochs': 8, 'r': 4, 'no_of_conv_kernels': 128, 'secondary_capsule_vector': 34, 'dense_1': 512, 'dense_2': 1536, 'epsilon': 1e-07, 'm_plus': 0.9801528702250291, 'm_minus': 0.14613712398977044, 'lambda_': 0.3881188645425304, 'alpha': 0.003013191557164057, 'no_of_primary_capsules': 32, 'primary_capsule_vector': 8, 'no_of_secondary_capsules': 10}
Fitting individual 10/19 with genotype {'epochs': 1, 'r': 4, 'no_of_conv_kernels': 64, 'secondary_capsule_vector': 36, 'dense_1': 512, 'dense_2': 1536, 'epsilon': 0.07058617318787214, 'm_plus': 0.9444842661806861, 'm_minus': 0.07699417892580146, 'lambda_': 0.9040084664264226, 'alpha': 0.009277186398684387, 'no_of_primary_capsules': 32, 'primary_capsule_vector': 8, 'no_of_secondary_capsules': 10}
Fitting individual 11/19 with genotype {'epochs': 1, 'r': 4, 'no_of_conv_kernels': 128, 'secondary_capsule_vector': 26, 'dense_1': 4, 'dense_2': 1280, 'epsilon': 0.014857243072723774, 'm_plus': 0.9045613988438307, 'm_minus': 0.10961439367107387, 'lambda_': 0.873915518968423, 'alpha': 0.0032638388032555066, 'no_of_primary_capsules': 32, 'primary_capsule_vector': 8, 'no_of_secondary_capsules': 10}
Fitting individual 12/19 with genotype {'epochs': 5, 'r': 3, 'no_of_conv_kernels': 64, 'secondary_capsule_vector': 36, 'dense_1': 512, 'dense_2': 1536, 'epsilon': 0.07058617318787214, 'm_plus': 0.9444842661806861, 'm_minus': 0.07699417892580146, 'lambda_': 0.9040084664264226, 'alpha': 0.009277186398684387, 'no_of_primary_capsules': 32, 'primary_capsule_vector': 8, 'no_of_secondary_capsules': 10}
Fitting individual 13/19 with genotype {'epochs': 2, 'r': 3, 'no_of_conv_kernels': 64, 'secondary_capsule_vector': 40, 'dense_1': 768, 'dense_2': 512, 'epsilon': 0.014350703431741782, 'm_plus': 0.9, 'm_minus': 0.09920013788782739, 'lambda_': 0.9663634511689452, 'alpha': 0.0052794894579640435, 'no_of_primary_capsules': 32, 'primary_capsule_vector': 8, 'no_of_secondary_capsules': 10}
Fitting individual 14/19 with genotype {'epochs': 5, 'r': 4, 'no_of_conv_kernels': 64, 'secondary_capsule_vector': 2, 'dense_1': 256, 'dense_2': 256, 'epsilon': 0.05899059178758911, 'm_plus': 0.9888074729643286, 'm_minus': 0.19222018244879113, 'lambda_': 0.43883239758363235, 'alpha': 0.007795304738366115, 'no_of_primary_capsules': 32, 'primary_capsule_vector': 8, 'no_of_secondary_capsules': 10}
Fitting individual 15/19 with genotype {'epochs': 1, 'r': 4, 'no_of_conv_kernels': 64, 'secondary_capsule_vector': 37, 'dense_1': 256, 'dense_2': 512, 'epsilon': 0.03277296217840117, 'm_plus': 0.9506808449196051, 'm_minus': 0.07018230176490246, 'lambda_': 0.7409178447530633, 'alpha': 0.009382485020218484, 'no_of_primary_capsules': 32, 'primary_capsule_vector': 8, 'no_of_secondary_capsules': 10}
Fitting individual 16/19 with genotype {'epochs': 7, 'r': 2, 'no_of_conv_kernels': 64, 'secondary_capsule_vector': 36, 'dense_1': 512, 'dense_2': 1536, 'epsilon': 0.07058617318787214, 'm_plus': 0.9444842661806861, 'm_minus': 0.07699417892580146, 'lambda_': 0.9040084664264226, 'alpha': 0.009277186398684387, 'no_of_primary_capsules': 32, 'primary_capsule_vector': 8, 'no_of_secondary_capsules': 10}
Validation loss is not decreasing anymore, risk of overfitting the model after 7 epochs. The training will be stopped. This behavior can be modified by setting the early_stop property of the model to False
Fitting individual 17/19 with genotype {'epochs': 5, 'r': 4, 'no_of_conv_kernels': 32, 'secondary_capsule_vector': 2, 'dense_1': 256, 'dense_2': 256, 'epsilon': 0.05899059178758911, 'm_plus': 0.9, 'm_minus': 0.09920013788782739, 'lambda_': 0.9663634511689452, 'alpha': 0.0052794894579640435, 'no_of_primary_capsules': 32, 'primary_capsule_vector': 8, 'no_of_secondary_capsules': 10}
Fitting individual 18/19 with genotype {'epochs': 2, 'r': 3, 'no_of_conv_kernels': 64, 'secondary_capsule_vector': 40, 'dense_1': 768, 'dense_2': 512, 'epsilon': 0.014350703431741782, 'm_plus': 0.9888074729643286, 'm_minus': 0.19222018244879113, 'lambda_': 0.43883239758363235, 'alpha': 0.007795304738366115, 'no_of_primary_capsules': 32, 'primary_capsule_vector': 8, 'no_of_secondary_capsules': 10}
Fitting individual 19/19 with genotype {'epochs': 1, 'r': 3, 'no_of_conv_kernels': 3, 'secondary_capsule_vector': 18, 'dense_1': 256, 'dense_2': 1280, 'epsilon': 0.027247660706456806, 'm_plus': 0.9208012588264236, 'm_minus': 0.06604163854892961, 'lambda_': 0.9446842246922238, 'alpha': 0.0001, 'no_of_primary_capsules': 32, 'primary_capsule_vector': 8, 'no_of_secondary_capsules': 10}
Len of pop after selection : 10
=== Generation 9/10
Len of pop before manipulations : 10
crossover created 6 offspring(s)
mutation created 1 offspring(s)
local search created 4 offspring(s)
Len of pop after manipulations : 21
Fitting individual 1/21 with genotype {'epochs': 7, 'r': 2, 'no_of_conv_kernels': 64, 'secondary_capsule_vector': 37, 'dense_1': 768, 'dense_2': 512, 'epsilon': 0.03277296217840117, 'm_plus': 0.9506808449196051, 'm_minus': 0.07018230176490246, 'lambda_': 0.7409178447530633, 'alpha': 0.009382485020218484, 'no_of_primary_capsules': 32, 'primary_capsule_vector': 8, 'no_of_secondary_capsules': 10}
Fitting individual 2/21 with genotype {'epochs': 8, 'r': 4, 'no_of_conv_kernels': 128, 'secondary_capsule_vector': 34, 'dense_1': 512, 'dense_2': 1536, 'epsilon': 1e-07, 'm_plus': 0.9801528702250291, 'm_minus': 0.14613712398977044, 'lambda_': 0.3881188645425304, 'alpha': 0.01, 'no_of_primary_capsules': 32, 'primary_capsule_vector': 8, 'no_of_secondary_capsules': 10}
Validation loss is not decreasing anymore, risk of overfitting the model after 8 epochs. The training will be stopped. This behavior can be modified by setting the early_stop property of the model to False
Fitting individual 3/21 with genotype {'epochs': 7, 'r': 3, 'no_of_conv_kernels': 64, 'secondary_capsule_vector': 11, 'dense_1': 256, 'dense_2': 512, 'epsilon': 0.0011199783314567186, 'm_plus': 0.9885671978650381, 'm_minus': 0.2, 'lambda_': 0.8548652598426412, 'alpha': 0.001013348783033925, 'no_of_primary_capsules': 32, 'primary_capsule_vector': 8, 'no_of_secondary_capsules': 10}
Fitting individual 4/21 with genotype {'epochs': 5, 'r': 3, 'no_of_conv_kernels': 128, 'secondary_capsule_vector': 26, 'dense_1': 4, 'dense_2': 1280, 'epsilon': 0.014857243072723774, 'm_plus': 0.9045613988438307, 'm_minus': 0.10961439367107387, 'lambda_': 0.873915518968423, 'alpha': 0.0032638388032555066, 'no_of_primary_capsules': 32, 'primary_capsule_vector': 8, 'no_of_secondary_capsules': 10}
Fitting individual 5/21 with genotype {'epochs': 3, 'r': 3, 'no_of_conv_kernels': 32, 'secondary_capsule_vector': 37, 'dense_1': 4, 'dense_2': 1024, 'epsilon': 0.03385041893036439, 'm_plus': 0.9304099471100158, 'm_minus': 0.1654881843526521, 'lambda_': 0.9107532410760989, 'alpha': 0.0036024170633218414, 'no_of_primary_capsules': 32, 'primary_capsule_vector': 8, 'no_of_secondary_capsules': 10}
Fitting individual 6/21 with genotype {'epochs': 1, 'r': 3, 'no_of_conv_kernels': 3, 'secondary_capsule_vector': 18, 'dense_1': 256, 'dense_2': 1280, 'epsilon': 0.027247660706456806, 'm_plus': 0.9208012588264236, 'm_minus': 0.06604163854892961, 'lambda_': 0.9446842246922238, 'alpha': 0.0001, 'no_of_primary_capsules': 32, 'primary_capsule_vector': 8, 'no_of_secondary_capsules': 10}
Fitting individual 7/21 with genotype {'epochs': 2, 'r': 3, 'no_of_conv_kernels': 64, 'secondary_capsule_vector': 40, 'dense_1': 768, 'dense_2': 512, 'epsilon': 0.014350703431741782, 'm_plus': 0.9888074729643286, 'm_minus': 0.19222018244879113, 'lambda_': 0.43883239758363235, 'alpha': 0.007795304738366115, 'no_of_primary_capsules': 32, 'primary_capsule_vector': 8, 'no_of_secondary_capsules': 10}
Fitting individual 8/21 with genotype {'epochs': 3, 'r': 3, 'no_of_conv_kernels': 32, 'secondary_capsule_vector': 12, 'dense_1': 512, 'dense_2': 7, 'epsilon': 0.001641015341343241, 'm_plus': 0.9710157335638062, 'm_minus': 0.05465346907118296, 'lambda_': 0.7892026038704957, 'alpha': 0.0001, 'no_of_primary_capsules': 32, 'primary_capsule_vector': 8, 'no_of_secondary_capsules': 10}
Fitting individual 9/21 with genotype {'epochs': 5, 'r': 4, 'no_of_conv_kernels': 32, 'secondary_capsule_vector': 2, 'dense_1': 256, 'dense_2': 256, 'epsilon': 0.05899059178758911, 'm_plus': 0.9, 'm_minus': 0.09920013788782739, 'lambda_': 0.9663634511689452, 'alpha': 0.0052794894579640435, 'no_of_primary_capsules': 32, 'primary_capsule_vector': 8, 'no_of_secondary_capsules': 10}
Fitting individual 10/21 with genotype {'epochs': 1, 'r': 4, 'no_of_conv_kernels': 64, 'secondary_capsule_vector': 36, 'dense_1': 512, 'dense_2': 1536, 'epsilon': 0.07058617318787214, 'm_plus': 0.9444842661806861, 'm_minus': 0.07699417892580146, 'lambda_': 0.9040084664264226, 'alpha': 0.009277186398684387, 'no_of_primary_capsules': 32, 'primary_capsule_vector': 8, 'no_of_secondary_capsules': 10}
Fitting individual 11/21 with genotype {'epochs': 7, 'r': 3, 'no_of_conv_kernels': 64, 'secondary_capsule_vector': 11, 'dense_1': 256, 'dense_2': 512, 'epsilon': 0.0011199783314567186, 'm_plus': 0.9885671978650381, 'm_minus': 0.1313199627206439, 'lambda_': 0.7409178447530633, 'alpha': 0.009382485020218484, 'no_of_primary_capsules': 32, 'primary_capsule_vector': 8, 'no_of_secondary_capsules': 10}
Fitting individual 12/21 with genotype {'epochs': 7, 'r': 2, 'no_of_conv_kernels': 64, 'secondary_capsule_vector': 37, 'dense_1': 256, 'dense_2': 512, 'epsilon': 0.03277296217840117, 'm_plus': 0.9506808449196051, 'm_minus': 0.07018230176490246, 'lambda_': 0.8548652598426412, 'alpha': 0.001013348783033925, 'no_of_primary_capsules': 32, 'primary_capsule_vector': 8, 'no_of_secondary_capsules': 10}
Fitting individual 13/21 with genotype {'epochs': 2, 'r': 3, 'no_of_conv_kernels': 64, 'secondary_capsule_vector': 40, 'dense_1': 256, 'dense_2': 512, 'epsilon': 0.0011199783314567186, 'm_plus': 0.9885671978650381, 'm_minus': 0.1313199627206439, 'lambda_': 0.8548652598426412, 'alpha': 0.001013348783033925, 'no_of_primary_capsules': 32, 'primary_capsule_vector': 8, 'no_of_secondary_capsules': 10}
Fitting individual 14/21 with genotype {'epochs': 7, 'r': 3, 'no_of_conv_kernels': 64, 'secondary_capsule_vector': 11, 'dense_1': 768, 'dense_2': 512, 'epsilon': 0.014350703431741782, 'm_plus': 0.9888074729643286, 'm_minus': 0.19222018244879113, 'lambda_': 0.43883239758363235, 'alpha': 0.007795304738366115, 'no_of_primary_capsules': 32, 'primary_capsule_vector': 8, 'no_of_secondary_capsules': 10}
Fitting individual 15/21 with genotype {'epochs': 7, 'r': 3, 'no_of_conv_kernels': 64, 'secondary_capsule_vector': 12, 'dense_1': 512, 'dense_2': 7, 'epsilon': 0.001641015341343241, 'm_plus': 0.9710157335638062, 'm_minus': 0.05465346907118296, 'lambda_': 0.7892026038704957, 'alpha': 0.005200661204332709, 'no_of_primary_capsules': 32, 'primary_capsule_vector': 8, 'no_of_secondary_capsules': 10}
Fitting individual 16/21 with genotype {'epochs': 3, 'r': 3, 'no_of_conv_kernels': 32, 'secondary_capsule_vector': 11, 'dense_1': 256, 'dense_2': 512, 'epsilon': 0.0011199783314567186, 'm_plus': 0.9885671978650381, 'm_minus': 0.1313199627206439, 'lambda_': 0.8548652598426412, 'alpha': 0.001013348783033925, 'no_of_primary_capsules': 32, 'primary_capsule_vector': 8, 'no_of_secondary_capsules': 10}
Fitting individual 17/21 with genotype {'epochs': 7, 'r': 2, 'no_of_conv_kernels': 64, 'secondary_capsule_vector': 37, 'dense_1': 768, 'dense_2': 512, 'epsilon': 0.03277296217840117, 'm_plus': 0.9506808449196051, 'm_minus': 0.07018230176490246, 'lambda_': 0.7409178447530633, 'alpha': 0.009382485020218484, 'no_of_primary_capsules': 32, 'primary_capsule_vector': 8, 'no_of_secondary_capsules': 10}
Fitting individual 18/21 with genotype {'epochs': 5, 'r': 4, 'no_of_conv_kernels': 32, 'secondary_capsule_vector': 2, 'dense_1': 256, 'dense_2': 256, 'epsilon': 0.05899059178758911, 'm_plus': 0.9, 'm_minus': 0.09920013788782739, 'lambda_': 0.9663634511689452, 'alpha': 0.0052794894579640435, 'no_of_primary_capsules': 32, 'primary_capsule_vector': 8, 'no_of_secondary_capsules': 10}
Fitting individual 19/21 with genotype {'epochs': 7, 'r': 3, 'no_of_conv_kernels': 64, 'secondary_capsule_vector': 11, 'dense_1': 256, 'dense_2': 512, 'epsilon': 0.0011199783314567186, 'm_plus': 0.9885671978650381, 'm_minus': 0.2, 'lambda_': 0.8548652598426412, 'alpha': 0.001013348783033925, 'no_of_primary_capsules': 32, 'primary_capsule_vector': 8, 'no_of_secondary_capsules': 10}
Fitting individual 20/21 with genotype {'epochs': 3, 'r': 3, 'no_of_conv_kernels': 32, 'secondary_capsule_vector': 12, 'dense_1': 512, 'dense_2': 7, 'epsilon': 0.001641015341343241, 'm_plus': 0.9710157335638062, 'm_minus': 0.05465346907118296, 'lambda_': 0.7892026038704957, 'alpha': 0.0001, 'no_of_primary_capsules': 32, 'primary_capsule_vector': 8, 'no_of_secondary_capsules': 10}
Fitting individual 21/21 with genotype {'epochs': 8, 'r': 4, 'no_of_conv_kernels': 128, 'secondary_capsule_vector': 34, 'dense_1': 512, 'dense_2': 1536, 'epsilon': 1e-07, 'm_plus': 0.9801528702250291, 'm_minus': 0.14613712398977044, 'lambda_': 0.3881188645425304, 'alpha': 0.01, 'no_of_primary_capsules': 32, 'primary_capsule_vector': 8, 'no_of_secondary_capsules': 10}
Len of pop after selection : 10
=== Generation 10/10
Len of pop before manipulations : 10
crossover created 6 offspring(s)
mutation created 1 offspring(s)
local search created 2 offspring(s)
Len of pop after manipulations : 19
Fitting individual 1/19 with genotype {'epochs': 7, 'r': 2, 'no_of_conv_kernels': 64, 'secondary_capsule_vector': 37, 'dense_1': 768, 'dense_2': 512, 'epsilon': 0.03277296217840117, 'm_plus': 0.9506808449196051, 'm_minus': 0.07018230176490246, 'lambda_': 0.7409178447530633, 'alpha': 0.009382485020218484, 'no_of_primary_capsules': 32, 'primary_capsule_vector': 8, 'no_of_secondary_capsules': 10}
Fitting individual 2/19 with genotype {'epochs': 7, 'r': 3, 'no_of_conv_kernels': 64, 'secondary_capsule_vector': 11, 'dense_1': 256, 'dense_2': 512, 'epsilon': 0.0011199783314567186, 'm_plus': 0.9885671978650381, 'm_minus': 0.2, 'lambda_': 0.8548652598426412, 'alpha': 0.001013348783033925, 'no_of_primary_capsules': 32, 'primary_capsule_vector': 8, 'no_of_secondary_capsules': 10}
Fitting individual 3/19 with genotype {'epochs': 3, 'r': 3, 'no_of_conv_kernels': 32, 'secondary_capsule_vector': 37, 'dense_1': 4, 'dense_2': 1024, 'epsilon': 0.03385041893036439, 'm_plus': 0.9304099471100158, 'm_minus': 0.1654881843526521, 'lambda_': 0.9107532410760989, 'alpha': 0.0036024170633218414, 'no_of_primary_capsules': 32, 'primary_capsule_vector': 8, 'no_of_secondary_capsules': 10}
Fitting individual 4/19 with genotype {'epochs': 8, 'r': 4, 'no_of_conv_kernels': 128, 'secondary_capsule_vector': 34, 'dense_1': 512, 'dense_2': 1536, 'epsilon': 1e-07, 'm_plus': 0.9801528702250291, 'm_minus': 0.14613712398977044, 'lambda_': 0.3881188645425304, 'alpha': 0.01, 'no_of_primary_capsules': 32, 'primary_capsule_vector': 8, 'no_of_secondary_capsules': 10}
Fitting individual 5/19 with genotype {'epochs': 5, 'r': 3, 'no_of_conv_kernels': 128, 'secondary_capsule_vector': 26, 'dense_1': 4, 'dense_2': 1280, 'epsilon': 0.014857243072723774, 'm_plus': 0.9045613988438307, 'm_minus': 0.10961439367107387, 'lambda_': 0.8147582989828891, 'alpha': 0.0032638388032555066, 'no_of_primary_capsules': 32, 'primary_capsule_vector': 8, 'no_of_secondary_capsules': 10}
Fitting individual 6/19 with genotype {'epochs': 4, 'r': 3, 'no_of_conv_kernels': 64, 'secondary_capsule_vector': 40, 'dense_1': 768, 'dense_2': 512, 'epsilon': 0.014350703431741782, 'm_plus': 0.9888074729643286, 'm_minus': 0.19222018244879113, 'lambda_': 0.43883239758363235, 'alpha': 0.007795304738366115, 'no_of_primary_capsules': 32, 'primary_capsule_vector': 8, 'no_of_secondary_capsules': 10}
Fitting individual 7/19 with genotype {'epochs': 1, 'r': 3, 'no_of_conv_kernels': 3, 'secondary_capsule_vector': 18, 'dense_1': 256, 'dense_2': 1280, 'epsilon': 1e-07, 'm_plus': 0.9208012588264236, 'm_minus': 0.06604163854892961, 'lambda_': 0.9446842246922238, 'alpha': 0.0001, 'no_of_primary_capsules': 32, 'primary_capsule_vector': 8, 'no_of_secondary_capsules': 10}
Fitting individual 8/19 with genotype {'epochs': 3, 'r': 3, 'no_of_conv_kernels': 32, 'secondary_capsule_vector': 12, 'dense_1': 512, 'dense_2': 7, 'epsilon': 0.001641015341343241, 'm_plus': 0.9710157335638062, 'm_minus': 0.05465346907118296, 'lambda_': 0.7892026038704957, 'alpha': 0.0001, 'no_of_primary_capsules': 32, 'primary_capsule_vector': 8, 'no_of_secondary_capsules': 10}
Fitting individual 9/19 with genotype {'epochs': 5, 'r': 4, 'no_of_conv_kernels': 32, 'secondary_capsule_vector': 2, 'dense_1': 256, 'dense_2': 256, 'epsilon': 0.05899059178758911, 'm_plus': 0.9, 'm_minus': 0.09920013788782739, 'lambda_': 0.9663634511689452, 'alpha': 0.0052794894579640435, 'no_of_primary_capsules': 32, 'primary_capsule_vector': 8, 'no_of_secondary_capsules': 10}
Fitting individual 10/19 with genotype {'epochs': 1, 'r': 4, 'no_of_conv_kernels': 64, 'secondary_capsule_vector': 36, 'dense_1': 512, 'dense_2': 1536, 'epsilon': 0.07058617318787214, 'm_plus': 0.9444842661806861, 'm_minus': 0.07699417892580146, 'lambda_': 0.9040084664264226, 'alpha': 0.009277186398684387, 'no_of_primary_capsules': 32, 'primary_capsule_vector': 8, 'no_of_secondary_capsules': 10}
Fitting individual 11/19 with genotype {'epochs': 1, 'r': 3, 'no_of_conv_kernels': 3, 'secondary_capsule_vector': 18, 'dense_1': 512, 'dense_2': 1536, 'epsilon': 0.07058617318787214, 'm_plus': 0.9444842661806861, 'm_minus': 0.07699417892580146, 'lambda_': 0.9040084664264226, 'alpha': 0.009277186398684387, 'no_of_primary_capsules': 32, 'primary_capsule_vector': 8, 'no_of_secondary_capsules': 10}
Fitting individual 12/19 with genotype {'epochs': 1, 'r': 4, 'no_of_conv_kernels': 64, 'secondary_capsule_vector': 36, 'dense_1': 256, 'dense_2': 1280, 'epsilon': 0.027247660706456806, 'm_plus': 0.9208012588264236, 'm_minus': 0.06604163854892961, 'lambda_': 0.9446842246922238, 'alpha': 0.0001, 'no_of_primary_capsules': 32, 'primary_capsule_vector': 8, 'no_of_secondary_capsules': 10}
Fitting individual 13/19 with genotype {'epochs': 1, 'r': 4, 'no_of_conv_kernels': 64, 'secondary_capsule_vector': 36, 'dense_1': 512, 'dense_2': 7, 'epsilon': 0.001641015341343241, 'm_plus': 0.9710157335638062, 'm_minus': 0.05465346907118296, 'lambda_': 0.7892026038704957, 'alpha': 0.0001, 'no_of_primary_capsules': 32, 'primary_capsule_vector': 8, 'no_of_secondary_capsules': 10}
Fitting individual 14/19 with genotype {'epochs': 3, 'r': 3, 'no_of_conv_kernels': 32, 'secondary_capsule_vector': 12, 'dense_1': 512, 'dense_2': 1536, 'epsilon': 0.07058617318787214, 'm_plus': 0.9444842661806861, 'm_minus': 0.07699417892580146, 'lambda_': 0.9040084664264226, 'alpha': 0.009277186398684387, 'no_of_primary_capsules': 32, 'primary_capsule_vector': 8, 'no_of_secondary_capsules': 10}
Fitting individual 15/19 with genotype {'epochs': 1, 'r': 3, 'no_of_conv_kernels': 3, 'secondary_capsule_vector': 34, 'dense_1': 512, 'dense_2': 1536, 'epsilon': 1e-07, 'm_plus': 0.9801528702250291, 'm_minus': 0.14613712398977044, 'lambda_': 0.3881188645425304, 'alpha': 0.01, 'no_of_primary_capsules': 32, 'primary_capsule_vector': 8, 'no_of_secondary_capsules': 10}
Fitting individual 16/19 with genotype {'epochs': 8, 'r': 4, 'no_of_conv_kernels': 128, 'secondary_capsule_vector': 18, 'dense_1': 256, 'dense_2': 1280, 'epsilon': 0.027247660706456806, 'm_plus': 0.9208012588264236, 'm_minus': 0.06604163854892961, 'lambda_': 0.9446842246922238, 'alpha': 0.0001, 'no_of_primary_capsules': 32, 'primary_capsule_vector': 8, 'no_of_secondary_capsules': 10}
Validation loss is not decreasing anymore, risk of overfitting the model after 8 epochs. The training will be stopped. This behavior can be modified by setting the early_stop property of the model to False
Fitting individual 17/19 with genotype {'epochs': 4, 'r': 3, 'no_of_conv_kernels': 64, 'secondary_capsule_vector': 40, 'dense_1': 768, 'dense_2': 512, 'epsilon': 0.014350703431741782, 'm_plus': 0.9888074729643286, 'm_minus': 0.19222018244879113, 'lambda_': 0.43883239758363235, 'alpha': 0.007795304738366115, 'no_of_primary_capsules': 32, 'primary_capsule_vector': 8, 'no_of_secondary_capsules': 10}
Fitting individual 18/19 with genotype {'epochs': 5, 'r': 3, 'no_of_conv_kernels': 128, 'secondary_capsule_vector': 26, 'dense_1': 4, 'dense_2': 1280, 'epsilon': 0.014857243072723774, 'm_plus': 0.9045613988438307, 'm_minus': 0.10961439367107387, 'lambda_': 0.8147582989828891, 'alpha': 0.0032638388032555066, 'no_of_primary_capsules': 32, 'primary_capsule_vector': 8, 'no_of_secondary_capsules': 10}
Fitting individual 19/19 with genotype {'epochs': 1, 'r': 3, 'no_of_conv_kernels': 3, 'secondary_capsule_vector': 18, 'dense_1': 256, 'dense_2': 1280, 'epsilon': 1e-07, 'm_plus': 0.9208012588264236, 'm_minus': 0.06604163854892961, 'lambda_': 0.9446842246922238, 'alpha': 0.0001, 'no_of_primary_capsules': 32, 'primary_capsule_vector': 8, 'no_of_secondary_capsules': 10}
Len of pop after selection : 10
Fitting individual 1/10 with genotype {'epochs': 7, 'r': 2, 'no_of_conv_kernels': 64, 'secondary_capsule_vector': 37, 'dense_1': 768, 'dense_2': 512, 'epsilon': 0.03277296217840117, 'm_plus': 0.9506808449196051, 'm_minus': 0.07018230176490246, 'lambda_': 0.7409178447530633, 'alpha': 0.009382485020218484, 'no_of_primary_capsules': 32, 'primary_capsule_vector': 8, 'no_of_secondary_capsules': 10}
Validation loss is not decreasing anymore, risk of overfitting the model after 6 epochs. The training will be stopped. This behavior can be modified by setting the early_stop property of the model to False
Fitting individual 2/10 with genotype {'epochs': 4, 'r': 3, 'no_of_conv_kernels': 64, 'secondary_capsule_vector': 40, 'dense_1': 768, 'dense_2': 512, 'epsilon': 0.014350703431741782, 'm_plus': 0.9888074729643286, 'm_minus': 0.19222018244879113, 'lambda_': 0.43883239758363235, 'alpha': 0.007795304738366115, 'no_of_primary_capsules': 32, 'primary_capsule_vector': 8, 'no_of_secondary_capsules': 10}
Fitting individual 3/10 with genotype {'epochs': 7, 'r': 3, 'no_of_conv_kernels': 64, 'secondary_capsule_vector': 11, 'dense_1': 256, 'dense_2': 512, 'epsilon': 0.0011199783314567186, 'm_plus': 0.9885671978650381, 'm_minus': 0.2, 'lambda_': 0.8548652598426412, 'alpha': 0.001013348783033925, 'no_of_primary_capsules': 32, 'primary_capsule_vector': 8, 'no_of_secondary_capsules': 10}
Fitting individual 4/10 with genotype {'epochs': 5, 'r': 3, 'no_of_conv_kernels': 128, 'secondary_capsule_vector': 26, 'dense_1': 4, 'dense_2': 1280, 'epsilon': 0.014857243072723774, 'm_plus': 0.9045613988438307, 'm_minus': 0.10961439367107387, 'lambda_': 0.8147582989828891, 'alpha': 0.0032638388032555066, 'no_of_primary_capsules': 32, 'primary_capsule_vector': 8, 'no_of_secondary_capsules': 10}
Fitting individual 5/10 with genotype {'epochs': 3, 'r': 3, 'no_of_conv_kernels': 32, 'secondary_capsule_vector': 12, 'dense_1': 512, 'dense_2': 7, 'epsilon': 0.001641015341343241, 'm_plus': 0.9710157335638062, 'm_minus': 0.05465346907118296, 'lambda_': 0.7892026038704957, 'alpha': 0.0001, 'no_of_primary_capsules': 32, 'primary_capsule_vector': 8, 'no_of_secondary_capsules': 10}
Fitting individual 6/10 with genotype {'epochs': 3, 'r': 3, 'no_of_conv_kernels': 32, 'secondary_capsule_vector': 37, 'dense_1': 4, 'dense_2': 1024, 'epsilon': 0.03385041893036439, 'm_plus': 0.9304099471100158, 'm_minus': 0.1654881843526521, 'lambda_': 0.9107532410760989, 'alpha': 0.0036024170633218414, 'no_of_primary_capsules': 32, 'primary_capsule_vector': 8, 'no_of_secondary_capsules': 10}
Fitting individual 7/10 with genotype {'epochs': 8, 'r': 4, 'no_of_conv_kernels': 128, 'secondary_capsule_vector': 34, 'dense_1': 512, 'dense_2': 1536, 'epsilon': 1e-07, 'm_plus': 0.9801528702250291, 'm_minus': 0.14613712398977044, 'lambda_': 0.3881188645425304, 'alpha': 0.01, 'no_of_primary_capsules': 32, 'primary_capsule_vector': 8, 'no_of_secondary_capsules': 10}
Validation loss is not decreasing anymore, risk of overfitting the model after 8 epochs. The training will be stopped. This behavior can be modified by setting the early_stop property of the model to False
Fitting individual 8/10 with genotype {'epochs': 5, 'r': 4, 'no_of_conv_kernels': 32, 'secondary_capsule_vector': 2, 'dense_1': 256, 'dense_2': 256, 'epsilon': 0.05899059178758911, 'm_plus': 0.9, 'm_minus': 0.09920013788782739, 'lambda_': 0.9663634511689452, 'alpha': 0.0052794894579640435, 'no_of_primary_capsules': 32, 'primary_capsule_vector': 8, 'no_of_secondary_capsules': 10}
Fitting individual 9/10 with genotype {'epochs': 1, 'r': 4, 'no_of_conv_kernels': 64, 'secondary_capsule_vector': 36, 'dense_1': 512, 'dense_2': 1536, 'epsilon': 0.07058617318787214, 'm_plus': 0.9444842661806861, 'm_minus': 0.07699417892580146, 'lambda_': 0.9040084664264226, 'alpha': 0.009277186398684387, 'no_of_primary_capsules': 32, 'primary_capsule_vector': 8, 'no_of_secondary_capsules': 10}
Fitting individual 10/10 with genotype {'epochs': 1, 'r': 3, 'no_of_conv_kernels': 3, 'secondary_capsule_vector': 18, 'dense_1': 256, 'dense_2': 1280, 'epsilon': 1e-07, 'm_plus': 0.9208012588264236, 'm_minus': 0.06604163854892961, 'lambda_': 0.9446842246922238, 'alpha': 0.0001, 'no_of_primary_capsules': 32, 'primary_capsule_vector': 8, 'no_of_secondary_capsules': 10}
Saving GA metrics under mnist2-hpc/generations_metrics.png
Optimal solution(s):
[{'epochs': 6, 'r': 2, 'no_of_conv_kernels': 64, 'secondary_capsule_vector': 37, 'dense_1': 768, 'dense_2': 512, 'epsilon': 0.03277296217840117, 'm_plus': 0.9506808449196051, 'm_minus': 0.07018230176490246, 'lambda_': 0.7409178447530633, 'alpha': 0.009382485020218484, 'no_of_primary_capsules': 32, 'primary_capsule_vector': 8, 'no_of_secondary_capsules': 10}, {'epochs': 5, 'r': 4, 'no_of_conv_kernels': 32, 'secondary_capsule_vector': 2, 'dense_1': 256, 'dense_2': 256, 'epsilon': 0.05899059178758911, 'm_plus': 0.9, 'm_minus': 0.09920013788782739, 'lambda_': 0.9663634511689452, 'alpha': 0.0052794894579640435, 'no_of_primary_capsules': 32, 'primary_capsule_vector': 8, 'no_of_secondary_capsules': 10}]
______________
Fitness values:
  Inference    Accuracy
[[ 6.79180241  0.964     ]
 [13.20125294  0.966     ]]
=== GA done in : 3:37:28.641955 ===
Saving GA solutions under mnist2-hpc/solutions_metrics.png
