=== Generation 1/10
Len of pop before manipulations : 10
crossover created 10 offspring(s)
mutation created 0 offspring(s)
local search created 4 offspring(s)
Len of pop after manipulations : 24
Fitting individual 1/24 with genotype {'epochs': 7, 'r': 3, 'no_of_conv_kernels': 32, 'secondary_capsule_vector': 15, 'dense_1': 768, 'dense_2': 1024, 'epsilon': 0.006406860852631057, 'm_plus': 0.9091276470114592, 'm_minus': 0.14189403449520255, 'lambda_': 0.7875052448150927, 'alpha': 0.0029916130681331447, 'no_of_primary_capsules': 32, 'primary_capsule_vector': 8, 'no_of_secondary_capsules': 10}
Fitting individual 2/24 with genotype {'epochs': 4, 'r': 3, 'no_of_conv_kernels': 32, 'secondary_capsule_vector': 48, 'dense_1': 128, 'dense_2': 512, 'epsilon': 0.04406121959822163, 'm_plus': 0.9542808997349437, 'm_minus': 0.12637106466446096, 'lambda_': 0.8835600432653417, 'alpha': 0.008820204962870289, 'no_of_primary_capsules': 32, 'primary_capsule_vector': 8, 'no_of_secondary_capsules': 10}
Fitting individual 3/24 with genotype {'epochs': 4, 'r': 4, 'no_of_conv_kernels': 128, 'secondary_capsule_vector': 46, 'dense_1': 512, 'dense_2': 1024, 'epsilon': 0.0028978016162271953, 'm_plus': 0.9657371322323679, 'm_minus': 0.07634557557943658, 'lambda_': 0.13908202100239997, 'alpha': 0.004444624553650233, 'no_of_primary_capsules': 32, 'primary_capsule_vector': 8, 'no_of_secondary_capsules': 10}
Fitting individual 4/24 with genotype {'epochs': 5, 'r': 2, 'no_of_conv_kernels': 32, 'secondary_capsule_vector': 46, 'dense_1': 768, 'dense_2': 1792, 'epsilon': 0.09932426165244777, 'm_plus': 0.9667887937490844, 'm_minus': 0.1647820072652918, 'lambda_': 0.6382278784554875, 'alpha': 0.0003385935396417163, 'no_of_primary_capsules': 32, 'primary_capsule_vector': 8, 'no_of_secondary_capsules': 10}
Fitting individual 5/24 with genotype {'epochs': 4, 'r': 2, 'no_of_conv_kernels': 32, 'secondary_capsule_vector': 38, 'dense_1': 128, 'dense_2': 1280, 'epsilon': 0.021707581520387327, 'm_plus': 0.9823143663062569, 'm_minus': 0.10472749466438398, 'lambda_': 0.17126304451913302, 'alpha': 0.0016269563020456566, 'no_of_primary_capsules': 32, 'primary_capsule_vector': 8, 'no_of_secondary_capsules': 10}
Fitting individual 6/24 with genotype {'epochs': 1, 'r': 4, 'no_of_conv_kernels': 32, 'secondary_capsule_vector': 35, 'dense_1': 768, 'dense_2': 768, 'epsilon': 0.1, 'm_plus': 0.9038879116410664, 'm_minus': 0.18536038904182306, 'lambda_': 0.5990208743101367, 'alpha': 0.0047502170549271906, 'no_of_primary_capsules': 32, 'primary_capsule_vector': 8, 'no_of_secondary_capsules': 10}
Fitting individual 7/24 with genotype {'epochs': 3, 'r': 2, 'no_of_conv_kernels': 128, 'secondary_capsule_vector': 41, 'dense_1': 256, 'dense_2': 512, 'epsilon': 0.06772225695999813, 'm_plus': 0.9214577596394115, 'm_minus': 0.1414772904698255, 'lambda_': 0.9779890262881953, 'alpha': 0.00568829831877598, 'no_of_primary_capsules': 32, 'primary_capsule_vector': 8, 'no_of_secondary_capsules': 10}
Fitting individual 8/24 with genotype {'epochs': 4, 'r': 3, 'no_of_conv_kernels': 128, 'secondary_capsule_vector': 5, 'dense_1': 768, 'dense_2': 1024, 'epsilon': 0.031268377343605804, 'm_plus': 0.9118553600906505, 'm_minus': 0.10276533447407912, 'lambda_': 0.4000930310447557, 'alpha': 0.007909769460020956, 'no_of_primary_capsules': 32, 'primary_capsule_vector': 8, 'no_of_secondary_capsules': 10}
Fitting individual 9/24 with genotype {'epochs': 7, 'r': 4, 'no_of_conv_kernels': 64, 'secondary_capsule_vector': 28, 'dense_1': 256, 'dense_2': 768, 'epsilon': 0.0056263457670350705, 'm_plus': 0.9318173480385836, 'm_minus': 0.11460359434954195, 'lambda_': 0.9644912867667831, 'alpha': 0.0039637904355290625, 'no_of_primary_capsules': 32, 'primary_capsule_vector': 8, 'no_of_secondary_capsules': 10}
Fitting individual 10/24 with genotype {'epochs': 1, 'r': 3, 'no_of_conv_kernels': 32, 'secondary_capsule_vector': 29, 'dense_1': 256, 'dense_2': 1792, 'epsilon': 0.05311485742971593, 'm_plus': 0.911603183718314, 'm_minus': 0.13339962883967793, 'lambda_': 0.744664467769058, 'alpha': 0.003478869298698861, 'no_of_primary_capsules': 32, 'primary_capsule_vector': 8, 'no_of_secondary_capsules': 10}
Fitting individual 11/24 with genotype {'epochs': 1, 'r': 4, 'no_of_conv_kernels': 32, 'secondary_capsule_vector': 35, 'dense_1': 768, 'dense_2': 768, 'epsilon': 0.006900758917163204, 'm_plus': 0.9038879116410664, 'm_minus': 0.18536038904182306, 'lambda_': 0.6382278784554875, 'alpha': 0.0003385935396417163, 'no_of_primary_capsules': 32, 'primary_capsule_vector': 8, 'no_of_secondary_capsules': 10}
Fitting individual 12/24 with genotype {'epochs': 5, 'r': 2, 'no_of_conv_kernels': 32, 'secondary_capsule_vector': 46, 'dense_1': 768, 'dense_2': 1792, 'epsilon': 0.09932426165244777, 'm_plus': 0.9667887937490844, 'm_minus': 0.1647820072652918, 'lambda_': 0.5212726691212344, 'alpha': 0.0047502170549271906, 'no_of_primary_capsules': 32, 'primary_capsule_vector': 8, 'no_of_secondary_capsules': 10}
Fitting individual 13/24 with genotype {'epochs': 5, 'r': 2, 'no_of_conv_kernels': 32, 'secondary_capsule_vector': 48, 'dense_1': 128, 'dense_2': 512, 'epsilon': 0.04406121959822163, 'm_plus': 0.9542808997349437, 'm_minus': 0.12637106466446096, 'lambda_': 0.8835600432653417, 'alpha': 0.008820204962870289, 'no_of_primary_capsules': 32, 'primary_capsule_vector': 8, 'no_of_secondary_capsules': 10}
Fitting individual 14/24 with genotype {'epochs': 4, 'r': 3, 'no_of_conv_kernels': 32, 'secondary_capsule_vector': 46, 'dense_1': 768, 'dense_2': 1792, 'epsilon': 0.09932426165244777, 'm_plus': 0.9667887937490844, 'm_minus': 0.1647820072652918, 'lambda_': 0.6382278784554875, 'alpha': 0.0003385935396417163, 'no_of_primary_capsules': 32, 'primary_capsule_vector': 8, 'no_of_secondary_capsules': 10}
Fitting individual 15/24 with genotype {'epochs': 4, 'r': 2, 'no_of_conv_kernels': 32, 'secondary_capsule_vector': 29, 'dense_1': 256, 'dense_2': 1792, 'epsilon': 0.05311485742971593, 'm_plus': 0.911603183718314, 'm_minus': 0.13339962883967793, 'lambda_': 0.744664467769058, 'alpha': 0.003478869298698861, 'no_of_primary_capsules': 32, 'primary_capsule_vector': 8, 'no_of_secondary_capsules': 10}
Fitting individual 16/24 with genotype {'epochs': 1, 'r': 3, 'no_of_conv_kernels': 32, 'secondary_capsule_vector': 38, 'dense_1': 128, 'dense_2': 1280, 'epsilon': 0.021707581520387327, 'm_plus': 0.9823143663062569, 'm_minus': 0.10472749466438398, 'lambda_': 0.17126304451913302, 'alpha': 0.0016269563020456566, 'no_of_primary_capsules': 32, 'primary_capsule_vector': 8, 'no_of_secondary_capsules': 10}
Fitting individual 17/24 with genotype {'epochs': 1, 'r': 4, 'no_of_conv_kernels': 32, 'secondary_capsule_vector': 35, 'dense_1': 768, 'dense_2': 768, 'epsilon': 0.006900758917163204, 'm_plus': 0.9038879116410664, 'm_minus': 0.12637106466446096, 'lambda_': 0.8835600432653417, 'alpha': 0.008820204962870289, 'no_of_primary_capsules': 32, 'primary_capsule_vector': 8, 'no_of_secondary_capsules': 10}
Fitting individual 18/24 with genotype {'epochs': 4, 'r': 3, 'no_of_conv_kernels': 32, 'secondary_capsule_vector': 48, 'dense_1': 128, 'dense_2': 512, 'epsilon': 0.04406121959822163, 'm_plus': 0.9542808997349437, 'm_minus': 0.18536038904182306, 'lambda_': 0.5212726691212344, 'alpha': 0.0047502170549271906, 'no_of_primary_capsules': 32, 'primary_capsule_vector': 8, 'no_of_secondary_capsules': 10}
Fitting individual 19/24 with genotype {'epochs': 4, 'r': 3, 'no_of_conv_kernels': 128, 'secondary_capsule_vector': 5, 'dense_1': 768, 'dense_2': 1792, 'epsilon': 0.05311485742971593, 'm_plus': 0.911603183718314, 'm_minus': 0.13339962883967793, 'lambda_': 0.744664467769058, 'alpha': 0.003478869298698861, 'no_of_primary_capsules': 32, 'primary_capsule_vector': 8, 'no_of_secondary_capsules': 10}
Fitting individual 20/24 with genotype {'epochs': 1, 'r': 3, 'no_of_conv_kernels': 32, 'secondary_capsule_vector': 29, 'dense_1': 256, 'dense_2': 1024, 'epsilon': 0.031268377343605804, 'm_plus': 0.9118553600906505, 'm_minus': 0.19775908207936793, 'lambda_': 0.4000930310447557, 'alpha': 0.007909769460020956, 'no_of_primary_capsules': 32, 'primary_capsule_vector': 8, 'no_of_secondary_capsules': 10}
Fitting individual 21/24 with genotype {'epochs': 1, 'r': 4, 'no_of_conv_kernels': 32, 'secondary_capsule_vector': 35, 'dense_1': 768, 'dense_2': 768, 'epsilon': 0.1, 'm_plus': 0.9038879116410664, 'm_minus': 0.18536038904182306, 'lambda_': 0.5990208743101367, 'alpha': 0.0047502170549271906, 'no_of_primary_capsules': 32, 'primary_capsule_vector': 8, 'no_of_secondary_capsules': 10}
Fitting individual 22/24 with genotype {'epochs': 4, 'r': 3, 'no_of_conv_kernels': 128, 'secondary_capsule_vector': 5, 'dense_1': 768, 'dense_2': 1024, 'epsilon': 0.031268377343605804, 'm_plus': 0.9118553600906505, 'm_minus': 0.10276533447407912, 'lambda_': 0.4000930310447557, 'alpha': 0.007909769460020956, 'no_of_primary_capsules': 32, 'primary_capsule_vector': 8, 'no_of_secondary_capsules': 10}
Fitting individual 23/24 with genotype {'epochs': 1, 'r': 4, 'no_of_conv_kernels': 32, 'secondary_capsule_vector': 35, 'dense_1': 768, 'dense_2': 768, 'epsilon': 0.1, 'm_plus': 0.9038879116410664, 'm_minus': 0.18536038904182306, 'lambda_': 0.5990208743101367, 'alpha': 0.0047502170549271906, 'no_of_primary_capsules': 32, 'primary_capsule_vector': 8, 'no_of_secondary_capsules': 10}
Fitting individual 24/24 with genotype {'epochs': 1, 'r': 4, 'no_of_conv_kernels': 32, 'secondary_capsule_vector': 35, 'dense_1': 768, 'dense_2': 768, 'epsilon': 0.1, 'm_plus': 0.9038879116410664, 'm_minus': 0.18536038904182306, 'lambda_': 0.5990208743101367, 'alpha': 0.0047502170549271906, 'no_of_primary_capsules': 32, 'primary_capsule_vector': 8, 'no_of_secondary_capsules': 10}
Len of pop after selection : 10
=== Generation 2/10
Len of pop before manipulations : 10
crossover created 8 offspring(s)
mutation created 0 offspring(s)
local search created 2 offspring(s)
Len of pop after manipulations : 20
Fitting individual 1/20 with genotype {'epochs': 5, 'r': 2, 'no_of_conv_kernels': 32, 'secondary_capsule_vector': 46, 'dense_1': 768, 'dense_2': 1792, 'epsilon': 0.09932426165244777, 'm_plus': 0.9667887937490844, 'm_minus': 0.1647820072652918, 'lambda_': 0.6382278784554875, 'alpha': 0.0003385935396417163, 'no_of_primary_capsules': 32, 'primary_capsule_vector': 8, 'no_of_secondary_capsules': 10}
Fitting individual 2/20 with genotype {'epochs': 3, 'r': 2, 'no_of_conv_kernels': 128, 'secondary_capsule_vector': 41, 'dense_1': 256, 'dense_2': 512, 'epsilon': 0.06772225695999813, 'm_plus': 0.9214577596394115, 'm_minus': 0.1414772904698255, 'lambda_': 0.9779890262881953, 'alpha': 0.00568829831877598, 'no_of_primary_capsules': 32, 'primary_capsule_vector': 8, 'no_of_secondary_capsules': 10}
Fitting individual 3/20 with genotype {'epochs': 4, 'r': 2, 'no_of_conv_kernels': 32, 'secondary_capsule_vector': 38, 'dense_1': 128, 'dense_2': 1280, 'epsilon': 1e-07, 'm_plus': 0.9823143663062569, 'm_minus': 0.10472749466438398, 'lambda_': 0.17126304451913302, 'alpha': 0.0016269563020456566, 'no_of_primary_capsules': 32, 'primary_capsule_vector': 8, 'no_of_secondary_capsules': 10}
Fitting individual 4/20 with genotype {'epochs': 4, 'r': 3, 'no_of_conv_kernels': 128, 'secondary_capsule_vector': 5, 'dense_1': 768, 'dense_2': 1024, 'epsilon': 0.031268377343605804, 'm_plus': 0.9118553600906505, 'm_minus': 0.10276533447407912, 'lambda_': 0.4000930310447557, 'alpha': 0.007909769460020956, 'no_of_primary_capsules': 32, 'primary_capsule_vector': 8, 'no_of_secondary_capsules': 10}
Fitting individual 5/20 with genotype {'epochs': 7, 'r': 3, 'no_of_conv_kernels': 32, 'secondary_capsule_vector': 15, 'dense_1': 768, 'dense_2': 1024, 'epsilon': 0.006406860852631057, 'm_plus': 0.9091276470114592, 'm_minus': 0.14189403449520255, 'lambda_': 0.7875052448150927, 'alpha': 0.0029916130681331447, 'no_of_primary_capsules': 32, 'primary_capsule_vector': 8, 'no_of_secondary_capsules': 10}
Fitting individual 6/20 with genotype {'epochs': 4, 'r': 3, 'no_of_conv_kernels': 32, 'secondary_capsule_vector': 48, 'dense_1': 128, 'dense_2': 512, 'epsilon': 0.04406121959822163, 'm_plus': 0.9542808997349437, 'm_minus': 0.12637106466446096, 'lambda_': 0.8835600432653417, 'alpha': 0.008820204962870289, 'no_of_primary_capsules': 32, 'primary_capsule_vector': 8, 'no_of_secondary_capsules': 10}
Fitting individual 7/20 with genotype {'epochs': 4, 'r': 4, 'no_of_conv_kernels': 128, 'secondary_capsule_vector': 46, 'dense_1': 512, 'dense_2': 1024, 'epsilon': 0.0028978016162271953, 'm_plus': 0.9657371322323679, 'm_minus': 0.07634557557943658, 'lambda_': 0.13908202100239997, 'alpha': 0.004444624553650233, 'no_of_primary_capsules': 32, 'primary_capsule_vector': 8, 'no_of_secondary_capsules': 10}
Fitting individual 8/20 with genotype {'epochs': 7, 'r': 4, 'no_of_conv_kernels': 64, 'secondary_capsule_vector': 28, 'dense_1': 256, 'dense_2': 768, 'epsilon': 0.0056263457670350705, 'm_plus': 0.9318173480385836, 'm_minus': 0.11460359434954195, 'lambda_': 0.9644912867667831, 'alpha': 0.0039637904355290625, 'no_of_primary_capsules': 32, 'primary_capsule_vector': 8, 'no_of_secondary_capsules': 10}
Validation loss is not decreasing anymore, risk of overfitting the model after 6 epochs. The training will be stopped. This behavior can be modified by setting the early_stop property of the model to False
Fitting individual 9/20 with genotype {'epochs': 1, 'r': 3, 'no_of_conv_kernels': 32, 'secondary_capsule_vector': 29, 'dense_1': 256, 'dense_2': 1792, 'epsilon': 0.05311485742971593, 'm_plus': 0.911603183718314, 'm_minus': 0.13339962883967793, 'lambda_': 0.744664467769058, 'alpha': 0.003478869298698861, 'no_of_primary_capsules': 32, 'primary_capsule_vector': 8, 'no_of_secondary_capsules': 10}
Fitting individual 10/20 with genotype {'epochs': 1, 'r': 4, 'no_of_conv_kernels': 32, 'secondary_capsule_vector': 35, 'dense_1': 768, 'dense_2': 768, 'epsilon': 0.1, 'm_plus': 0.9038879116410664, 'm_minus': 0.18536038904182306, 'lambda_': 0.5990208743101367, 'alpha': 0.0047502170549271906, 'no_of_primary_capsules': 32, 'primary_capsule_vector': 8, 'no_of_secondary_capsules': 10}
Fitting individual 11/20 with genotype {'epochs': 4, 'r': 4, 'no_of_conv_kernels': 128, 'secondary_capsule_vector': 46, 'dense_1': 512, 'dense_2': 1024, 'epsilon': 0.0028978016162271953, 'm_plus': 0.911603183718314, 'm_minus': 0.13339962883967793, 'lambda_': 0.744664467769058, 'alpha': 0.003478869298698861, 'no_of_primary_capsules': 32, 'primary_capsule_vector': 8, 'no_of_secondary_capsules': 10}
Fitting individual 12/20 with genotype {'epochs': 1, 'r': 3, 'no_of_conv_kernels': 32, 'secondary_capsule_vector': 29, 'dense_1': 256, 'dense_2': 1792, 'epsilon': 0.05311485742971593, 'm_plus': 0.9657371322323679, 'm_minus': 0.07634557557943658, 'lambda_': 0.13908202100239997, 'alpha': 0.004444624553650233, 'no_of_primary_capsules': 32, 'primary_capsule_vector': 8, 'no_of_secondary_capsules': 10}
Fitting individual 13/20 with genotype {'epochs': 3, 'r': 2, 'no_of_conv_kernels': 128, 'secondary_capsule_vector': 29, 'dense_1': 256, 'dense_2': 1792, 'epsilon': 0.05311485742971593, 'm_plus': 0.911603183718314, 'm_minus': 0.13339962883967793, 'lambda_': 0.744664467769058, 'alpha': 0.003478869298698861, 'no_of_primary_capsules': 32, 'primary_capsule_vector': 8, 'no_of_secondary_capsules': 10}
Fitting individual 14/20 with genotype {'epochs': 1, 'r': 3, 'no_of_conv_kernels': 32, 'secondary_capsule_vector': 41, 'dense_1': 256, 'dense_2': 512, 'epsilon': 0.06772225695999813, 'm_plus': 0.9214577596394115, 'm_minus': 0.1414772904698255, 'lambda_': 0.9779890262881953, 'alpha': 0.00568829831877598, 'no_of_primary_capsules': 32, 'primary_capsule_vector': 8, 'no_of_secondary_capsules': 10}
Fitting individual 15/20 with genotype {'epochs': 4, 'r': 3, 'no_of_conv_kernels': 128, 'secondary_capsule_vector': 5, 'dense_1': 768, 'dense_2': 1024, 'epsilon': 0.031268377343605804, 'm_plus': 0.9118553600906505, 'm_minus': 0.18536038904182306, 'lambda_': 0.5990208743101367, 'alpha': 0.0047502170549271906, 'no_of_primary_capsules': 32, 'primary_capsule_vector': 8, 'no_of_secondary_capsules': 10}
Fitting individual 16/20 with genotype {'epochs': 1, 'r': 4, 'no_of_conv_kernels': 32, 'secondary_capsule_vector': 35, 'dense_1': 768, 'dense_2': 768, 'epsilon': 0.1, 'm_plus': 0.9038879116410664, 'm_minus': 0.10276533447407912, 'lambda_': 0.4000930310447557, 'alpha': 0.007909769460020956, 'no_of_primary_capsules': 32, 'primary_capsule_vector': 8, 'no_of_secondary_capsules': 10}
Fitting individual 17/20 with genotype {'epochs': 3, 'r': 2, 'no_of_conv_kernels': 128, 'secondary_capsule_vector': 46, 'dense_1': 768, 'dense_2': 1792, 'epsilon': 0.09932426165244777, 'm_plus': 0.9667887937490844, 'm_minus': 0.1647820072652918, 'lambda_': 0.6382278784554875, 'alpha': 0.0003385935396417163, 'no_of_primary_capsules': 32, 'primary_capsule_vector': 8, 'no_of_secondary_capsules': 10}
Fitting individual 18/20 with genotype {'epochs': 5, 'r': 2, 'no_of_conv_kernels': 32, 'secondary_capsule_vector': 41, 'dense_1': 256, 'dense_2': 512, 'epsilon': 0.06772225695999813, 'm_plus': 0.9214577596394115, 'm_minus': 0.1414772904698255, 'lambda_': 0.9779890262881953, 'alpha': 0.00568829831877598, 'no_of_primary_capsules': 32, 'primary_capsule_vector': 8, 'no_of_secondary_capsules': 10}
Fitting individual 19/20 with genotype {'epochs': 4, 'r': 2, 'no_of_conv_kernels': 32, 'secondary_capsule_vector': 38, 'dense_1': 128, 'dense_2': 1280, 'epsilon': 1e-07, 'm_plus': 0.9823143663062569, 'm_minus': 0.10472749466438398, 'lambda_': 0.17126304451913302, 'alpha': 0.0016269563020456566, 'no_of_primary_capsules': 32, 'primary_capsule_vector': 8, 'no_of_secondary_capsules': 10}
Fitting individual 20/20 with genotype {'epochs': 4, 'r': 3, 'no_of_conv_kernels': 32, 'secondary_capsule_vector': 48, 'dense_1': 128, 'dense_2': 512, 'epsilon': 0.04406121959822163, 'm_plus': 0.9542808997349437, 'm_minus': 0.12637106466446096, 'lambda_': 0.8835600432653417, 'alpha': 0.008820204962870289, 'no_of_primary_capsules': 32, 'primary_capsule_vector': 8, 'no_of_secondary_capsules': 10}
Len of pop after selection : 10
=== Generation 3/10
Len of pop before manipulations : 10
crossover created 6 offspring(s)
mutation created 0 offspring(s)
local search created 3 offspring(s)
Len of pop after manipulations : 19
Fitting individual 1/19 with genotype {'epochs': 3, 'r': 2, 'no_of_conv_kernels': 128, 'secondary_capsule_vector': 41, 'dense_1': 256, 'dense_2': 512, 'epsilon': 0.06772225695999813, 'm_plus': 0.9214577596394115, 'm_minus': 0.1414772904698255, 'lambda_': 0.9779890262881953, 'alpha': 0.00568829831877598, 'no_of_primary_capsules': 32, 'primary_capsule_vector': 8, 'no_of_secondary_capsules': 10}
Fitting individual 2/19 with genotype {'epochs': 5, 'r': 2, 'no_of_conv_kernels': 32, 'secondary_capsule_vector': 46, 'dense_1': 768, 'dense_2': 1792, 'epsilon': 0.09932426165244777, 'm_plus': 0.9667887937490844, 'm_minus': 0.1647820072652918, 'lambda_': 0.6618828400064547, 'alpha': 0.0003385935396417163, 'no_of_primary_capsules': 32, 'primary_capsule_vector': 8, 'no_of_secondary_capsules': 10}
Fitting individual 3/19 with genotype {'epochs': 4, 'r': 2, 'no_of_conv_kernels': 32, 'secondary_capsule_vector': 38, 'dense_1': 128, 'dense_2': 1280, 'epsilon': 1e-07, 'm_plus': 0.9823143663062569, 'm_minus': 0.10472749466438398, 'lambda_': 0.17126304451913302, 'alpha': 0.0016269563020456566, 'no_of_primary_capsules': 32, 'primary_capsule_vector': 8, 'no_of_secondary_capsules': 10}
Fitting individual 4/19 with genotype {'epochs': 7, 'r': 3, 'no_of_conv_kernels': 32, 'secondary_capsule_vector': 15, 'dense_1': 768, 'dense_2': 7, 'epsilon': 0.006406860852631057, 'm_plus': 0.9091276470114592, 'm_minus': 0.14189403449520255, 'lambda_': 0.7875052448150927, 'alpha': 0.0029916130681331447, 'no_of_primary_capsules': 32, 'primary_capsule_vector': 8, 'no_of_secondary_capsules': 10}
Fitting individual 5/19 with genotype {'epochs': 4, 'r': 3, 'no_of_conv_kernels': 32, 'secondary_capsule_vector': 48, 'dense_1': 128, 'dense_2': 512, 'epsilon': 0.04406121959822163, 'm_plus': 0.9542808997349437, 'm_minus': 0.12637106466446096, 'lambda_': 0.8835600432653417, 'alpha': 0.008820204962870289, 'no_of_primary_capsules': 32, 'primary_capsule_vector': 8, 'no_of_secondary_capsules': 10}
Fitting individual 6/19 with genotype {'epochs': 4, 'r': 3, 'no_of_conv_kernels': 128, 'secondary_capsule_vector': 5, 'dense_1': 768, 'dense_2': 1024, 'epsilon': 0.031268377343605804, 'm_plus': 0.9118553600906505, 'm_minus': 0.10276533447407912, 'lambda_': 0.4000930310447557, 'alpha': 0.007909769460020956, 'no_of_primary_capsules': 32, 'primary_capsule_vector': 8, 'no_of_secondary_capsules': 10}
Fitting individual 7/19 with genotype {'epochs': 4, 'r': 4, 'no_of_conv_kernels': 128, 'secondary_capsule_vector': 46, 'dense_1': 512, 'dense_2': 1024, 'epsilon': 0.0028978016162271953, 'm_plus': 0.9657371322323679, 'm_minus': 0.07634557557943658, 'lambda_': 0.13908202100239997, 'alpha': 0.004444624553650233, 'no_of_primary_capsules': 32, 'primary_capsule_vector': 8, 'no_of_secondary_capsules': 10}
Fitting individual 8/19 with genotype {'epochs': 6, 'r': 4, 'no_of_conv_kernels': 64, 'secondary_capsule_vector': 28, 'dense_1': 256, 'dense_2': 768, 'epsilon': 0.0056263457670350705, 'm_plus': 0.9318173480385836, 'm_minus': 0.11460359434954195, 'lambda_': 0.9644912867667831, 'alpha': 0.0039637904355290625, 'no_of_primary_capsules': 32, 'primary_capsule_vector': 8, 'no_of_secondary_capsules': 10}
Fitting individual 9/19 with genotype {'epochs': 1, 'r': 3, 'no_of_conv_kernels': 32, 'secondary_capsule_vector': 29, 'dense_1': 256, 'dense_2': 1792, 'epsilon': 0.05311485742971593, 'm_plus': 0.911603183718314, 'm_minus': 0.13339962883967793, 'lambda_': 0.744664467769058, 'alpha': 0.003478869298698861, 'no_of_primary_capsules': 32, 'primary_capsule_vector': 8, 'no_of_secondary_capsules': 10}
Fitting individual 10/19 with genotype {'epochs': 1, 'r': 4, 'no_of_conv_kernels': 32, 'secondary_capsule_vector': 35, 'dense_1': 768, 'dense_2': 768, 'epsilon': 0.1, 'm_plus': 0.9038879116410664, 'm_minus': 0.18536038904182306, 'lambda_': 0.5990208743101367, 'alpha': 0.0047502170549271906, 'no_of_primary_capsules': 32, 'primary_capsule_vector': 8, 'no_of_secondary_capsules': 10}
Fitting individual 11/19 with genotype {'epochs': 7, 'r': 3, 'no_of_conv_kernels': 32, 'secondary_capsule_vector': 15, 'dense_1': 256, 'dense_2': 512, 'epsilon': 0.06772225695999813, 'm_plus': 0.9214577596394115, 'm_minus': 0.1414772904698255, 'lambda_': 0.9779890262881953, 'alpha': 0.00568829831877598, 'no_of_primary_capsules': 32, 'primary_capsule_vector': 8, 'no_of_secondary_capsules': 10}
Fitting individual 12/19 with genotype {'epochs': 3, 'r': 2, 'no_of_conv_kernels': 128, 'secondary_capsule_vector': 41, 'dense_1': 768, 'dense_2': 1024, 'epsilon': 0.006406860852631057, 'm_plus': 0.9091276470114592, 'm_minus': 0.14189403449520255, 'lambda_': 0.7875052448150927, 'alpha': 0.0029916130681331447, 'no_of_primary_capsules': 32, 'primary_capsule_vector': 8, 'no_of_secondary_capsules': 10}
Fitting individual 13/19 with genotype {'epochs': 4, 'r': 4, 'no_of_conv_kernels': 32, 'secondary_capsule_vector': 15, 'dense_1': 768, 'dense_2': 1024, 'epsilon': 0.006406860852631057, 'm_plus': 0.9091276470114592, 'm_minus': 0.14189403449520255, 'lambda_': 0.7875052448150927, 'alpha': 0.0029916130681331447, 'no_of_primary_capsules': 32, 'primary_capsule_vector': 8, 'no_of_secondary_capsules': 10}
Fitting individual 14/19 with genotype {'epochs': 7, 'r': 3, 'no_of_conv_kernels': 128, 'secondary_capsule_vector': 46, 'dense_1': 512, 'dense_2': 1024, 'epsilon': 0.0028978016162271953, 'm_plus': 0.9657371322323679, 'm_minus': 0.07634557557943658, 'lambda_': 0.13908202100239997, 'alpha': 0.004444624553650233, 'no_of_primary_capsules': 32, 'primary_capsule_vector': 8, 'no_of_secondary_capsules': 10}
Fitting individual 15/19 with genotype {'epochs': 1, 'r': 4, 'no_of_conv_kernels': 32, 'secondary_capsule_vector': 35, 'dense_1': 768, 'dense_2': 768, 'epsilon': 0.1, 'm_plus': 0.9038879116410664, 'm_minus': 0.1414772904698255, 'lambda_': 0.9779890262881953, 'alpha': 0.00568829831877598, 'no_of_primary_capsules': 32, 'primary_capsule_vector': 8, 'no_of_secondary_capsules': 10}
Fitting individual 16/19 with genotype {'epochs': 3, 'r': 2, 'no_of_conv_kernels': 128, 'secondary_capsule_vector': 41, 'dense_1': 256, 'dense_2': 512, 'epsilon': 0.06772225695999813, 'm_plus': 0.9214577596394115, 'm_minus': 0.18536038904182306, 'lambda_': 0.5990208743101367, 'alpha': 0.0047502170549271906, 'no_of_primary_capsules': 32, 'primary_capsule_vector': 8, 'no_of_secondary_capsules': 10}
Fitting individual 17/19 with genotype {'epochs': 5, 'r': 2, 'no_of_conv_kernels': 32, 'secondary_capsule_vector': 46, 'dense_1': 768, 'dense_2': 1792, 'epsilon': 0.09932426165244777, 'm_plus': 0.9667887937490844, 'm_minus': 0.1647820072652918, 'lambda_': 0.6618828400064547, 'alpha': 0.0003385935396417163, 'no_of_primary_capsules': 32, 'primary_capsule_vector': 8, 'no_of_secondary_capsules': 10}
Fitting individual 18/19 with genotype {'epochs': 7, 'r': 3, 'no_of_conv_kernels': 32, 'secondary_capsule_vector': 15, 'dense_1': 768, 'dense_2': 7, 'epsilon': 0.006406860852631057, 'm_plus': 0.9091276470114592, 'm_minus': 0.14189403449520255, 'lambda_': 0.7875052448150927, 'alpha': 0.0029916130681331447, 'no_of_primary_capsules': 32, 'primary_capsule_vector': 8, 'no_of_secondary_capsules': 10}
Fitting individual 19/19 with genotype {'epochs': 3, 'r': 2, 'no_of_conv_kernels': 128, 'secondary_capsule_vector': 41, 'dense_1': 256, 'dense_2': 512, 'epsilon': 0.06772225695999813, 'm_plus': 0.9214577596394115, 'm_minus': 0.1414772904698255, 'lambda_': 0.9779890262881953, 'alpha': 0.00568829831877598, 'no_of_primary_capsules': 32, 'primary_capsule_vector': 8, 'no_of_secondary_capsules': 10}
Len of pop after selection : 10
=== Generation 4/10
Len of pop before manipulations : 10
crossover created 6 offspring(s)
mutation created 2 offspring(s)
local search created 2 offspring(s)
Len of pop after manipulations : 20
Fitting individual 1/20 with genotype {'epochs': 3, 'r': 2, 'no_of_conv_kernels': 128, 'secondary_capsule_vector': 41, 'dense_1': 256, 'dense_2': 512, 'epsilon': 0.06772225695999813, 'm_plus': 0.9214577596394115, 'm_minus': 0.1414772904698255, 'lambda_': 0.9779890262881953, 'alpha': 0.00568829831877598, 'no_of_primary_capsules': 32, 'primary_capsule_vector': 8, 'no_of_secondary_capsules': 10}
Fitting individual 2/20 with genotype {'epochs': 5, 'r': 2, 'no_of_conv_kernels': 32, 'secondary_capsule_vector': 46, 'dense_1': 768, 'dense_2': 1792, 'epsilon': 0.09932426165244777, 'm_plus': 0.9667887937490844, 'm_minus': 0.1647820072652918, 'lambda_': 0.6618828400064547, 'alpha': 0.0001, 'no_of_primary_capsules': 32, 'primary_capsule_vector': 8, 'no_of_secondary_capsules': 10}
Fitting individual 3/20 with genotype {'epochs': 4, 'r': 2, 'no_of_conv_kernels': 3, 'secondary_capsule_vector': 38, 'dense_1': 128, 'dense_2': 1280, 'epsilon': 1e-07, 'm_plus': 0.9823143663062569, 'm_minus': 0.10472749466438398, 'lambda_': 0.17126304451913302, 'alpha': 0.0016269563020456566, 'no_of_primary_capsules': 32, 'primary_capsule_vector': 8, 'no_of_secondary_capsules': 10}
Fitting individual 4/20 with genotype {'epochs': 4, 'r': 3, 'no_of_conv_kernels': 32, 'secondary_capsule_vector': 48, 'dense_1': 128, 'dense_2': 512, 'epsilon': 0.04406121959822163, 'm_plus': 0.9177910102604234, 'm_minus': 0.12637106466446096, 'lambda_': 0.8835600432653417, 'alpha': 0.008820204962870289, 'no_of_primary_capsules': 32, 'primary_capsule_vector': 8, 'no_of_secondary_capsules': 10}
Fitting individual 5/20 with genotype {'epochs': 4, 'r': 3, 'no_of_conv_kernels': 128, 'secondary_capsule_vector': 5, 'dense_1': 256, 'dense_2': 1024, 'epsilon': 0.031268377343605804, 'm_plus': 0.9118553600906505, 'm_minus': 0.10276533447407912, 'lambda_': 0.4000930310447557, 'alpha': 0.007909769460020956, 'no_of_primary_capsules': 32, 'primary_capsule_vector': 8, 'no_of_secondary_capsules': 10}
Fitting individual 6/20 with genotype {'epochs': 6, 'r': 4, 'no_of_conv_kernels': 64, 'secondary_capsule_vector': 28, 'dense_1': 256, 'dense_2': 768, 'epsilon': 0.0056263457670350705, 'm_plus': 0.9318173480385836, 'm_minus': 0.11460359434954195, 'lambda_': 0.9644912867667831, 'alpha': 0.0039637904355290625, 'no_of_primary_capsules': 32, 'primary_capsule_vector': 8, 'no_of_secondary_capsules': 10}
Fitting individual 7/20 with genotype {'epochs': 7, 'r': 3, 'no_of_conv_kernels': 32, 'secondary_capsule_vector': 15, 'dense_1': 768, 'dense_2': 7, 'epsilon': 0.006406860852631057, 'm_plus': 0.9091276470114592, 'm_minus': 0.14189403449520255, 'lambda_': 0.7875052448150927, 'alpha': 0.0029916130681331447, 'no_of_primary_capsules': 32, 'primary_capsule_vector': 8, 'no_of_secondary_capsules': 10}
Fitting individual 8/20 with genotype {'epochs': 1, 'r': 3, 'no_of_conv_kernels': 32, 'secondary_capsule_vector': 29, 'dense_1': 256, 'dense_2': 1792, 'epsilon': 0.05311485742971593, 'm_plus': 0.911603183718314, 'm_minus': 0.13339962883967793, 'lambda_': 0.744664467769058, 'alpha': 0.003478869298698861, 'no_of_primary_capsules': 32, 'primary_capsule_vector': 8, 'no_of_secondary_capsules': 10}
Fitting individual 9/20 with genotype {'epochs': 1, 'r': 4, 'no_of_conv_kernels': 32, 'secondary_capsule_vector': 35, 'dense_1': 768, 'dense_2': 768, 'epsilon': 0.1, 'm_plus': 0.9038879116410664, 'm_minus': 0.18536038904182306, 'lambda_': 0.5990208743101367, 'alpha': 0.0047502170549271906, 'no_of_primary_capsules': 32, 'primary_capsule_vector': 8, 'no_of_secondary_capsules': 10}
Fitting individual 10/20 with genotype {'epochs': 4, 'r': 4, 'no_of_conv_kernels': 128, 'secondary_capsule_vector': 46, 'dense_1': 512, 'dense_2': 1024, 'epsilon': 0.0028978016162271953, 'm_plus': 0.9657371322323679, 'm_minus': 0.07634557557943658, 'lambda_': 0.13908202100239997, 'alpha': 0.004444624553650233, 'no_of_primary_capsules': 32, 'primary_capsule_vector': 8, 'no_of_secondary_capsules': 10}
Fitting individual 11/20 with genotype {'epochs': 1, 'r': 4, 'no_of_conv_kernels': 32, 'secondary_capsule_vector': 35, 'dense_1': 768, 'dense_2': 768, 'epsilon': 0.1, 'm_plus': 0.9038879116410664, 'm_minus': 0.18536038904182306, 'lambda_': 0.8835600432653417, 'alpha': 0.008820204962870289, 'no_of_primary_capsules': 32, 'primary_capsule_vector': 8, 'no_of_secondary_capsules': 10}
Fitting individual 12/20 with genotype {'epochs': 4, 'r': 3, 'no_of_conv_kernels': 32, 'secondary_capsule_vector': 48, 'dense_1': 128, 'dense_2': 512, 'epsilon': 0.04406121959822163, 'm_plus': 0.9542808997349437, 'm_minus': 0.12637106466446096, 'lambda_': 0.5990208743101367, 'alpha': 0.0047502170549271906, 'no_of_primary_capsules': 32, 'primary_capsule_vector': 8, 'no_of_secondary_capsules': 10}
Fitting individual 13/20 with genotype {'epochs': 4, 'r': 3, 'no_of_conv_kernels': 32, 'secondary_capsule_vector': 48, 'dense_1': 128, 'dense_2': 512, 'epsilon': 1e-07, 'm_plus': 0.9823143663062569, 'm_minus': 0.10472749466438398, 'lambda_': 0.17126304451913302, 'alpha': 0.0016269563020456566, 'no_of_primary_capsules': 32, 'primary_capsule_vector': 8, 'no_of_secondary_capsules': 10}
Fitting individual 14/20 with genotype {'epochs': 4, 'r': 2, 'no_of_conv_kernels': 32, 'secondary_capsule_vector': 38, 'dense_1': 128, 'dense_2': 1280, 'epsilon': 0.04406121959822163, 'm_plus': 0.9542808997349437, 'm_minus': 0.12637106466446096, 'lambda_': 0.8835600432653417, 'alpha': 0.008820204962870289, 'no_of_primary_capsules': 32, 'primary_capsule_vector': 8, 'no_of_secondary_capsules': 10}
Fitting individual 15/20 with genotype {'epochs': 1, 'r': 3, 'no_of_conv_kernels': 32, 'secondary_capsule_vector': 29, 'dense_1': 256, 'dense_2': 1792, 'epsilon': 0.05311485742971593, 'm_plus': 0.9667887937490844, 'm_minus': 0.1647820072652918, 'lambda_': 0.6618828400064547, 'alpha': 0.0003385935396417163, 'no_of_primary_capsules': 32, 'primary_capsule_vector': 8, 'no_of_secondary_capsules': 10}
Fitting individual 16/20 with genotype {'epochs': 5, 'r': 2, 'no_of_conv_kernels': 32, 'secondary_capsule_vector': 46, 'dense_1': 768, 'dense_2': 1792, 'epsilon': 0.09932426165244777, 'm_plus': 0.911603183718314, 'm_minus': 0.13339962883967793, 'lambda_': 0.744664467769058, 'alpha': 0.003478869298698861, 'no_of_primary_capsules': 32, 'primary_capsule_vector': 8, 'no_of_secondary_capsules': 10}
Fitting individual 17/20 with genotype {'epochs': 4, 'r': 3, 'no_of_conv_kernels': 128, 'secondary_capsule_vector': 5, 'dense_1': 256, 'dense_2': 1024, 'epsilon': 0.031268377343605804, 'm_plus': 0.9118553600906505, 'm_minus': 0.10276533447407912, 'lambda_': 0.4000930310447557, 'alpha': 0.007909769460020956, 'no_of_primary_capsules': 32, 'primary_capsule_vector': 8, 'no_of_secondary_capsules': 10}
Fitting individual 18/20 with genotype {'epochs': 4, 'r': 3, 'no_of_conv_kernels': 32, 'secondary_capsule_vector': 48, 'dense_1': 128, 'dense_2': 512, 'epsilon': 0.04406121959822163, 'm_plus': 0.9177910102604234, 'm_minus': 0.12637106466446096, 'lambda_': 0.8835600432653417, 'alpha': 0.008820204962870289, 'no_of_primary_capsules': 32, 'primary_capsule_vector': 8, 'no_of_secondary_capsules': 10}
Fitting individual 19/20 with genotype {'epochs': 5, 'r': 2, 'no_of_conv_kernels': 32, 'secondary_capsule_vector': 46, 'dense_1': 768, 'dense_2': 1792, 'epsilon': 0.09932426165244777, 'm_plus': 0.9667887937490844, 'm_minus': 0.1647820072652918, 'lambda_': 0.6618828400064547, 'alpha': 0.0001, 'no_of_primary_capsules': 32, 'primary_capsule_vector': 8, 'no_of_secondary_capsules': 10}
Fitting individual 20/20 with genotype {'epochs': 4, 'r': 2, 'no_of_conv_kernels': 3, 'secondary_capsule_vector': 38, 'dense_1': 128, 'dense_2': 1280, 'epsilon': 1e-07, 'm_plus': 0.9823143663062569, 'm_minus': 0.10472749466438398, 'lambda_': 0.17126304451913302, 'alpha': 0.0016269563020456566, 'no_of_primary_capsules': 32, 'primary_capsule_vector': 8, 'no_of_secondary_capsules': 10}
Len of pop after selection : 10
=== Generation 5/10
Len of pop before manipulations : 10
crossover created 6 offspring(s)
mutation created 0 offspring(s)
local search created 5 offspring(s)
Len of pop after manipulations : 21
Fitting individual 1/21 with genotype {'epochs': 3, 'r': 2, 'no_of_conv_kernels': 128, 'secondary_capsule_vector': 41, 'dense_1': 256, 'dense_2': 512, 'epsilon': 0.06772225695999813, 'm_plus': 0.9214577596394115, 'm_minus': 0.1414772904698255, 'lambda_': 0.9779890262881953, 'alpha': 0.01, 'no_of_primary_capsules': 32, 'primary_capsule_vector': 8, 'no_of_secondary_capsules': 10}
Fitting individual 2/21 with genotype {'epochs': 5, 'r': 2, 'no_of_conv_kernels': 32, 'secondary_capsule_vector': 46, 'dense_1': 768, 'dense_2': 1792, 'epsilon': 0.09932426165244777, 'm_plus': 0.9667887937490844, 'm_minus': 0.1647820072652918, 'lambda_': 0.6618828400064547, 'alpha': 0.0001, 'no_of_primary_capsules': 32, 'primary_capsule_vector': 8, 'no_of_secondary_capsules': 10}
Fitting individual 3/21 with genotype {'epochs': 4, 'r': 2, 'no_of_conv_kernels': 3, 'secondary_capsule_vector': 38, 'dense_1': 128, 'dense_2': 1280, 'epsilon': 1e-07, 'm_plus': 0.9823143663062569, 'm_minus': 0.10472749466438398, 'lambda_': 0.17126304451913302, 'alpha': 0.0016269563020456566, 'no_of_primary_capsules': 32, 'primary_capsule_vector': 8, 'no_of_secondary_capsules': 10}
Fitting individual 4/21 with genotype {'epochs': 7, 'r': 3, 'no_of_conv_kernels': 32, 'secondary_capsule_vector': 15, 'dense_1': 768, 'dense_2': 7, 'epsilon': 0.006406860852631057, 'm_plus': 0.9091276470114592, 'm_minus': 0.14189403449520255, 'lambda_': 0.830415263595099, 'alpha': 0.0029916130681331447, 'no_of_primary_capsules': 32, 'primary_capsule_vector': 8, 'no_of_secondary_capsules': 10}
Fitting individual 5/21 with genotype {'epochs': 1, 'r': 3, 'no_of_conv_kernels': 32, 'secondary_capsule_vector': 29, 'dense_1': 256, 'dense_2': 1792, 'epsilon': 0.05311485742971593, 'm_plus': 0.911603183718314, 'm_minus': 0.13339962883967793, 'lambda_': 0.744664467769058, 'alpha': 0.003478869298698861, 'no_of_primary_capsules': 32, 'primary_capsule_vector': 8, 'no_of_secondary_capsules': 10}
Fitting individual 6/21 with genotype {'epochs': 4, 'r': 3, 'no_of_conv_kernels': 128, 'secondary_capsule_vector': 5, 'dense_1': 256, 'dense_2': 1024, 'epsilon': 0.031268377343605804, 'm_plus': 0.9118553600906505, 'm_minus': 0.10276533447407912, 'lambda_': 0.4000930310447557, 'alpha': 0.007909769460020956, 'no_of_primary_capsules': 32, 'primary_capsule_vector': 8, 'no_of_secondary_capsules': 10}
Fitting individual 7/21 with genotype {'epochs': 4, 'r': 3, 'no_of_conv_kernels': 3, 'secondary_capsule_vector': 48, 'dense_1': 4, 'dense_2': 512, 'epsilon': 0.04406121959822163, 'm_plus': 0.9177910102604234, 'm_minus': 0.12637106466446096, 'lambda_': 0.8835600432653417, 'alpha': 0.008820204962870289, 'no_of_primary_capsules': 32, 'primary_capsule_vector': 8, 'no_of_secondary_capsules': 10}
Fitting individual 8/21 with genotype {'epochs': 1, 'r': 4, 'no_of_conv_kernels': 32, 'secondary_capsule_vector': 35, 'dense_1': 768, 'dense_2': 768, 'epsilon': 0.1, 'm_plus': 0.9038879116410664, 'm_minus': 0.18536038904182306, 'lambda_': 0.5990208743101367, 'alpha': 0.0047502170549271906, 'no_of_primary_capsules': 32, 'primary_capsule_vector': 8, 'no_of_secondary_capsules': 10}
Fitting individual 9/21 with genotype {'epochs': 4, 'r': 4, 'no_of_conv_kernels': 128, 'secondary_capsule_vector': 46, 'dense_1': 512, 'dense_2': 1024, 'epsilon': 0.0028978016162271953, 'm_plus': 0.9657371322323679, 'm_minus': 0.07634557557943658, 'lambda_': 0.13908202100239997, 'alpha': 0.004444624553650233, 'no_of_primary_capsules': 32, 'primary_capsule_vector': 8, 'no_of_secondary_capsules': 10}
Fitting individual 10/21 with genotype {'epochs': 6, 'r': 4, 'no_of_conv_kernels': 64, 'secondary_capsule_vector': 28, 'dense_1': 256, 'dense_2': 768, 'epsilon': 0.0056263457670350705, 'm_plus': 0.9318173480385836, 'm_minus': 0.11460359434954195, 'lambda_': 0.9644912867667831, 'alpha': 0.0039637904355290625, 'no_of_primary_capsules': 32, 'primary_capsule_vector': 8, 'no_of_secondary_capsules': 10}
Fitting individual 11/21 with genotype {'epochs': 4, 'r': 2, 'no_of_conv_kernels': 3, 'secondary_capsule_vector': 38, 'dense_1': 128, 'dense_2': 1280, 'epsilon': 1e-07, 'm_plus': 0.9823143663062569, 'm_minus': 0.10472749466438398, 'lambda_': 0.17126304451913302, 'alpha': 0.00568829831877598, 'no_of_primary_capsules': 32, 'primary_capsule_vector': 8, 'no_of_secondary_capsules': 10}
Fitting individual 12/21 with genotype {'epochs': 3, 'r': 2, 'no_of_conv_kernels': 128, 'secondary_capsule_vector': 41, 'dense_1': 256, 'dense_2': 512, 'epsilon': 0.06772225695999813, 'm_plus': 0.9214577596394115, 'm_minus': 0.1414772904698255, 'lambda_': 0.9779890262881953, 'alpha': 0.0016269563020456566, 'no_of_primary_capsules': 32, 'primary_capsule_vector': 8, 'no_of_secondary_capsules': 10}
Fitting individual 13/21 with genotype {'epochs': 4, 'r': 2, 'no_of_conv_kernels': 32, 'secondary_capsule_vector': 46, 'dense_1': 768, 'dense_2': 1792, 'epsilon': 0.09932426165244777, 'm_plus': 0.9667887937490844, 'm_minus': 0.1647820072652918, 'lambda_': 0.6618828400064547, 'alpha': 0.0001, 'no_of_primary_capsules': 32, 'primary_capsule_vector': 8, 'no_of_secondary_capsules': 10}
Fitting individual 14/21 with genotype {'epochs': 5, 'r': 3, 'no_of_conv_kernels': 128, 'secondary_capsule_vector': 5, 'dense_1': 256, 'dense_2': 1024, 'epsilon': 0.031268377343605804, 'm_plus': 0.9118553600906505, 'm_minus': 0.10276533447407912, 'lambda_': 0.4000930310447557, 'alpha': 0.007909769460020956, 'no_of_primary_capsules': 32, 'primary_capsule_vector': 8, 'no_of_secondary_capsules': 10}
Fitting individual 15/21 with genotype {'epochs': 4, 'r': 4, 'no_of_conv_kernels': 32, 'secondary_capsule_vector': 35, 'dense_1': 768, 'dense_2': 768, 'epsilon': 0.1, 'm_plus': 0.9038879116410664, 'm_minus': 0.18536038904182306, 'lambda_': 0.5990208743101367, 'alpha': 0.0047502170549271906, 'no_of_primary_capsules': 32, 'primary_capsule_vector': 8, 'no_of_secondary_capsules': 10}
Fitting individual 16/21 with genotype {'epochs': 1, 'r': 4, 'no_of_conv_kernels': 128, 'secondary_capsule_vector': 46, 'dense_1': 512, 'dense_2': 1024, 'epsilon': 0.0028978016162271953, 'm_plus': 0.9657371322323679, 'm_minus': 0.07634557557943658, 'lambda_': 0.13908202100239997, 'alpha': 0.004444624553650233, 'no_of_primary_capsules': 32, 'primary_capsule_vector': 8, 'no_of_secondary_capsules': 10}
Fitting individual 17/21 with genotype {'epochs': 4, 'r': 3, 'no_of_conv_kernels': 3, 'secondary_capsule_vector': 48, 'dense_1': 4, 'dense_2': 512, 'epsilon': 0.04406121959822163, 'm_plus': 0.9177910102604234, 'm_minus': 0.12637106466446096, 'lambda_': 0.8835600432653417, 'alpha': 0.008820204962870289, 'no_of_primary_capsules': 32, 'primary_capsule_vector': 8, 'no_of_secondary_capsules': 10}
Fitting individual 18/21 with genotype {'epochs': 6, 'r': 4, 'no_of_conv_kernels': 64, 'secondary_capsule_vector': 28, 'dense_1': 256, 'dense_2': 768, 'epsilon': 0.0056263457670350705, 'm_plus': 0.9318173480385836, 'm_minus': 0.11460359434954195, 'lambda_': 0.9644912867667831, 'alpha': 0.0039637904355290625, 'no_of_primary_capsules': 32, 'primary_capsule_vector': 8, 'no_of_secondary_capsules': 10}
Fitting individual 19/21 with genotype {'epochs': 3, 'r': 2, 'no_of_conv_kernels': 128, 'secondary_capsule_vector': 41, 'dense_1': 256, 'dense_2': 512, 'epsilon': 0.06772225695999813, 'm_plus': 0.9214577596394115, 'm_minus': 0.1414772904698255, 'lambda_': 0.9779890262881953, 'alpha': 0.01, 'no_of_primary_capsules': 32, 'primary_capsule_vector': 8, 'no_of_secondary_capsules': 10}
Fitting individual 20/21 with genotype {'epochs': 7, 'r': 3, 'no_of_conv_kernels': 32, 'secondary_capsule_vector': 15, 'dense_1': 768, 'dense_2': 7, 'epsilon': 0.006406860852631057, 'm_plus': 0.9091276470114592, 'm_minus': 0.14189403449520255, 'lambda_': 0.830415263595099, 'alpha': 0.0029916130681331447, 'no_of_primary_capsules': 32, 'primary_capsule_vector': 8, 'no_of_secondary_capsules': 10}
Fitting individual 21/21 with genotype {'epochs': 4, 'r': 3, 'no_of_conv_kernels': 3, 'secondary_capsule_vector': 48, 'dense_1': 4, 'dense_2': 512, 'epsilon': 0.04406121959822163, 'm_plus': 0.9177910102604234, 'm_minus': 0.12637106466446096, 'lambda_': 0.8835600432653417, 'alpha': 0.008820204962870289, 'no_of_primary_capsules': 32, 'primary_capsule_vector': 8, 'no_of_secondary_capsules': 10}
Len of pop after selection : 10
=== Generation 6/10
Len of pop before manipulations : 10
crossover created 6 offspring(s)
mutation created 2 offspring(s)
local search created 2 offspring(s)
Len of pop after manipulations : 20
Fitting individual 1/20 with genotype {'epochs': 3, 'r': 2, 'no_of_conv_kernels': 128, 'secondary_capsule_vector': 41, 'dense_1': 256, 'dense_2': 512, 'epsilon': 0.06772225695999813, 'm_plus': 0.9214577596394115, 'm_minus': 0.1414772904698255, 'lambda_': 1.0, 'alpha': 0.01, 'no_of_primary_capsules': 32, 'primary_capsule_vector': 8, 'no_of_secondary_capsules': 10}
Fitting individual 2/20 with genotype {'epochs': 5, 'r': 2, 'no_of_conv_kernels': 32, 'secondary_capsule_vector': 46, 'dense_1': 768, 'dense_2': 1792, 'epsilon': 0.09932426165244777, 'm_plus': 0.9667887937490844, 'm_minus': 0.1647820072652918, 'lambda_': 0.6618828400064547, 'alpha': 0.0001, 'no_of_primary_capsules': 32, 'primary_capsule_vector': 8, 'no_of_secondary_capsules': 10}
Fitting individual 3/20 with genotype {'epochs': 9, 'r': 2, 'no_of_conv_kernels': 3, 'secondary_capsule_vector': 38, 'dense_1': 128, 'dense_2': 1280, 'epsilon': 1e-07, 'm_plus': 0.9823143663062569, 'm_minus': 0.10472749466438398, 'lambda_': 0.17126304451913302, 'alpha': 0.0016269563020456566, 'no_of_primary_capsules': 32, 'primary_capsule_vector': 8, 'no_of_secondary_capsules': 10}
Fitting individual 4/20 with genotype {'epochs': 4, 'r': 3, 'no_of_conv_kernels': 128, 'secondary_capsule_vector': 5, 'dense_1': 256, 'dense_2': 1024, 'epsilon': 0.031268377343605804, 'm_plus': 0.9118553600906505, 'm_minus': 0.10276533447407912, 'lambda_': 0.4000930310447557, 'alpha': 0.007909769460020956, 'no_of_primary_capsules': 32, 'primary_capsule_vector': 8, 'no_of_secondary_capsules': 10}
Fitting individual 5/20 with genotype {'epochs': 7, 'r': 3, 'no_of_conv_kernels': 32, 'secondary_capsule_vector': 15, 'dense_1': 768, 'dense_2': 7, 'epsilon': 0.006406860852631057, 'm_plus': 0.9091276470114592, 'm_minus': 0.14189403449520255, 'lambda_': 0.830415263595099, 'alpha': 0.0029916130681331447, 'no_of_primary_capsules': 32, 'primary_capsule_vector': 8, 'no_of_secondary_capsules': 10}
Fitting individual 6/20 with genotype {'epochs': 1, 'r': 3, 'no_of_conv_kernels': 32, 'secondary_capsule_vector': 29, 'dense_1': 256, 'dense_2': 1792, 'epsilon': 0.05311485742971593, 'm_plus': 0.911603183718314, 'm_minus': 0.13339962883967793, 'lambda_': 0.744664467769058, 'alpha': 0.003478869298698861, 'no_of_primary_capsules': 32, 'primary_capsule_vector': 8, 'no_of_secondary_capsules': 10}
Fitting individual 7/20 with genotype {'epochs': 1, 'r': 3, 'no_of_conv_kernels': 3, 'secondary_capsule_vector': 48, 'dense_1': 4, 'dense_2': 512, 'epsilon': 0.04406121959822163, 'm_plus': 0.9177910102604234, 'm_minus': 0.12637106466446096, 'lambda_': 0.8835600432653417, 'alpha': 0.0001, 'no_of_primary_capsules': 32, 'primary_capsule_vector': 8, 'no_of_secondary_capsules': 10}
Fitting individual 8/20 with genotype {'epochs': 4, 'r': 4, 'no_of_conv_kernels': 128, 'secondary_capsule_vector': 46, 'dense_1': 512, 'dense_2': 1024, 'epsilon': 0.0028978016162271953, 'm_plus': 0.9657371322323679, 'm_minus': 0.07634557557943658, 'lambda_': 0.13908202100239997, 'alpha': 0.004444624553650233, 'no_of_primary_capsules': 32, 'primary_capsule_vector': 8, 'no_of_secondary_capsules': 10}
Fitting individual 9/20 with genotype {'epochs': 1, 'r': 4, 'no_of_conv_kernels': 32, 'secondary_capsule_vector': 35, 'dense_1': 768, 'dense_2': 768, 'epsilon': 0.1, 'm_plus': 0.9038879116410664, 'm_minus': 0.18536038904182306, 'lambda_': 0.5990208743101367, 'alpha': 0.0047502170549271906, 'no_of_primary_capsules': 32, 'primary_capsule_vector': 8, 'no_of_secondary_capsules': 10}
Fitting individual 10/20 with genotype {'epochs': 6, 'r': 4, 'no_of_conv_kernels': 64, 'secondary_capsule_vector': 28, 'dense_1': 256, 'dense_2': 768, 'epsilon': 0.0056263457670350705, 'm_plus': 0.9318173480385836, 'm_minus': 0.11460359434954195, 'lambda_': 0.9644912867667831, 'alpha': 0.0039637904355290625, 'no_of_primary_capsules': 32, 'primary_capsule_vector': 8, 'no_of_secondary_capsules': 10}
Fitting individual 11/20 with genotype {'epochs': 3, 'r': 2, 'no_of_conv_kernels': 128, 'secondary_capsule_vector': 41, 'dense_1': 256, 'dense_2': 1024, 'epsilon': 0.031268377343605804, 'm_plus': 0.9118553600906505, 'm_minus': 0.10276533447407912, 'lambda_': 0.4000930310447557, 'alpha': 0.007909769460020956, 'no_of_primary_capsules': 32, 'primary_capsule_vector': 8, 'no_of_secondary_capsules': 10}
Fitting individual 12/20 with genotype {'epochs': 4, 'r': 3, 'no_of_conv_kernels': 128, 'secondary_capsule_vector': 5, 'dense_1': 256, 'dense_2': 512, 'epsilon': 0.06772225695999813, 'm_plus': 0.9214577596394115, 'm_minus': 0.1414772904698255, 'lambda_': 0.9779890262881953, 'alpha': 0.01, 'no_of_primary_capsules': 32, 'primary_capsule_vector': 8, 'no_of_secondary_capsules': 10}
Fitting individual 13/20 with genotype {'epochs': 6, 'r': 4, 'no_of_conv_kernels': 64, 'secondary_capsule_vector': 28, 'dense_1': 256, 'dense_2': 512, 'epsilon': 0.06772225695999813, 'm_plus': 0.9214577596394115, 'm_minus': 0.1414772904698255, 'lambda_': 0.9779890262881953, 'alpha': 0.01, 'no_of_primary_capsules': 32, 'primary_capsule_vector': 8, 'no_of_secondary_capsules': 10}
Validation loss is not decreasing anymore, risk of overfitting the model after 5 epochs. The training will be stopped. This behavior can be modified by setting the early_stop property of the model to False
Fitting individual 14/20 with genotype {'epochs': 3, 'r': 2, 'no_of_conv_kernels': 128, 'secondary_capsule_vector': 41, 'dense_1': 256, 'dense_2': 768, 'epsilon': 0.0056263457670350705, 'm_plus': 0.9318173480385836, 'm_minus': 0.11460359434954195, 'lambda_': 0.9644912867667831, 'alpha': 0.0039637904355290625, 'no_of_primary_capsules': 32, 'primary_capsule_vector': 8, 'no_of_secondary_capsules': 10}
Fitting individual 15/20 with genotype {'epochs': 6, 'r': 4, 'no_of_conv_kernels': 64, 'secondary_capsule_vector': 28, 'dense_1': 256, 'dense_2': 768, 'epsilon': 0.0056263457670350705, 'm_plus': 0.9318173480385836, 'm_minus': 0.11460359434954195, 'lambda_': 0.9644912867667831, 'alpha': 0.0029916130681331447, 'no_of_primary_capsules': 32, 'primary_capsule_vector': 8, 'no_of_secondary_capsules': 10}
Fitting individual 16/20 with genotype {'epochs': 7, 'r': 3, 'no_of_conv_kernels': 32, 'secondary_capsule_vector': 15, 'dense_1': 768, 'dense_2': 7, 'epsilon': 0.006406860852631057, 'm_plus': 0.9091276470114592, 'm_minus': 0.14189403449520255, 'lambda_': 0.830415263595099, 'alpha': 0.0039637904355290625, 'no_of_primary_capsules': 32, 'primary_capsule_vector': 8, 'no_of_secondary_capsules': 10}
Validation loss is not decreasing anymore, risk of overfitting the model after 7 epochs. The training will be stopped. This behavior can be modified by setting the early_stop property of the model to False
Fitting individual 17/20 with genotype {'epochs': 1, 'r': 3, 'no_of_conv_kernels': 3, 'secondary_capsule_vector': 48, 'dense_1': 4, 'dense_2': 512, 'epsilon': 0.04406121959822163, 'm_plus': 0.9177910102604234, 'm_minus': 0.12637106466446096, 'lambda_': 0.8835600432653417, 'alpha': 0.008820204962870289, 'no_of_primary_capsules': 32, 'primary_capsule_vector': 8, 'no_of_secondary_capsules': 10}
Fitting individual 18/20 with genotype {'epochs': 9, 'r': 2, 'no_of_conv_kernels': 3, 'secondary_capsule_vector': 38, 'dense_1': 128, 'dense_2': 1280, 'epsilon': 1e-07, 'm_plus': 0.9823143663062569, 'm_minus': 0.10472749466438398, 'lambda_': 0.17126304451913302, 'alpha': 0.0016269563020456566, 'no_of_primary_capsules': 32, 'primary_capsule_vector': 8, 'no_of_secondary_capsules': 10}
Fitting individual 19/20 with genotype {'epochs': 3, 'r': 2, 'no_of_conv_kernels': 128, 'secondary_capsule_vector': 41, 'dense_1': 256, 'dense_2': 512, 'epsilon': 0.06772225695999813, 'm_plus': 0.9214577596394115, 'm_minus': 0.1414772904698255, 'lambda_': 1.0, 'alpha': 0.01, 'no_of_primary_capsules': 32, 'primary_capsule_vector': 8, 'no_of_secondary_capsules': 10}
Fitting individual 20/20 with genotype {'epochs': 1, 'r': 3, 'no_of_conv_kernels': 3, 'secondary_capsule_vector': 48, 'dense_1': 4, 'dense_2': 512, 'epsilon': 0.04406121959822163, 'm_plus': 0.9177910102604234, 'm_minus': 0.12637106466446096, 'lambda_': 0.8835600432653417, 'alpha': 0.0001, 'no_of_primary_capsules': 32, 'primary_capsule_vector': 8, 'no_of_secondary_capsules': 10}
Len of pop after selection : 10
=== Generation 7/10
Len of pop before manipulations : 10
crossover created 6 offspring(s)
mutation created 0 offspring(s)
local search created 1 offspring(s)
Len of pop after manipulations : 17
Fitting individual 1/17 with genotype {'epochs': 3, 'r': 2, 'no_of_conv_kernels': 128, 'secondary_capsule_vector': 41, 'dense_1': 256, 'dense_2': 512, 'epsilon': 0.06772225695999813, 'm_plus': 0.9214577596394115, 'm_minus': 0.1414772904698255, 'lambda_': 1.0, 'alpha': 0.01, 'no_of_primary_capsules': 32, 'primary_capsule_vector': 8, 'no_of_secondary_capsules': 10}
Fitting individual 2/17 with genotype {'epochs': 9, 'r': 2, 'no_of_conv_kernels': 3, 'secondary_capsule_vector': 38, 'dense_1': 128, 'dense_2': 1280, 'epsilon': 1e-07, 'm_plus': 0.9823143663062569, 'm_minus': 0.10472749466438398, 'lambda_': 0.17126304451913302, 'alpha': 0.0016269563020456566, 'no_of_primary_capsules': 32, 'primary_capsule_vector': 8, 'no_of_secondary_capsules': 10}
Fitting individual 3/17 with genotype {'epochs': 5, 'r': 2, 'no_of_conv_kernels': 32, 'secondary_capsule_vector': 46, 'dense_1': 768, 'dense_2': 1792, 'epsilon': 0.09932426165244777, 'm_plus': 0.9667887937490844, 'm_minus': 0.1647820072652918, 'lambda_': 0.7047889157794054, 'alpha': 0.0001, 'no_of_primary_capsules': 32, 'primary_capsule_vector': 8, 'no_of_secondary_capsules': 10}
Fitting individual 4/17 with genotype {'epochs': 7, 'r': 3, 'no_of_conv_kernels': 32, 'secondary_capsule_vector': 15, 'dense_1': 768, 'dense_2': 7, 'epsilon': 0.006406860852631057, 'm_plus': 0.9091276470114592, 'm_minus': 0.14189403449520255, 'lambda_': 0.830415263595099, 'alpha': 0.0029916130681331447, 'no_of_primary_capsules': 32, 'primary_capsule_vector': 8, 'no_of_secondary_capsules': 10}
Fitting individual 5/17 with genotype {'epochs': 1, 'r': 3, 'no_of_conv_kernels': 32, 'secondary_capsule_vector': 29, 'dense_1': 256, 'dense_2': 1792, 'epsilon': 0.05311485742971593, 'm_plus': 0.911603183718314, 'm_minus': 0.13339962883967793, 'lambda_': 0.744664467769058, 'alpha': 0.003478869298698861, 'no_of_primary_capsules': 32, 'primary_capsule_vector': 8, 'no_of_secondary_capsules': 10}
Fitting individual 6/17 with genotype {'epochs': 4, 'r': 3, 'no_of_conv_kernels': 128, 'secondary_capsule_vector': 5, 'dense_1': 256, 'dense_2': 1024, 'epsilon': 0.031268377343605804, 'm_plus': 0.9118553600906505, 'm_minus': 0.10276533447407912, 'lambda_': 0.4000930310447557, 'alpha': 0.007909769460020956, 'no_of_primary_capsules': 32, 'primary_capsule_vector': 8, 'no_of_secondary_capsules': 10}
Fitting individual 7/17 with genotype {'epochs': 1, 'r': 3, 'no_of_conv_kernels': 3, 'secondary_capsule_vector': 48, 'dense_1': 4, 'dense_2': 512, 'epsilon': 0.04406121959822163, 'm_plus': 0.9177910102604234, 'm_minus': 0.12637106466446096, 'lambda_': 0.8835600432653417, 'alpha': 0.0001, 'no_of_primary_capsules': 32, 'primary_capsule_vector': 8, 'no_of_secondary_capsules': 10}
Fitting individual 8/17 with genotype {'epochs': 6, 'r': 4, 'no_of_conv_kernels': 64, 'secondary_capsule_vector': 28, 'dense_1': 256, 'dense_2': 768, 'epsilon': 0.0056263457670350705, 'm_plus': 0.9318173480385836, 'm_minus': 0.11460359434954195, 'lambda_': 0.9644912867667831, 'alpha': 0.0039637904355290625, 'no_of_primary_capsules': 32, 'primary_capsule_vector': 8, 'no_of_secondary_capsules': 10}
Fitting individual 9/17 with genotype {'epochs': 1, 'r': 4, 'no_of_conv_kernels': 32, 'secondary_capsule_vector': 35, 'dense_1': 768, 'dense_2': 768, 'epsilon': 0.1, 'm_plus': 0.9038879116410664, 'm_minus': 0.18536038904182306, 'lambda_': 0.5990208743101367, 'alpha': 0.0047502170549271906, 'no_of_primary_capsules': 32, 'primary_capsule_vector': 8, 'no_of_secondary_capsules': 10}
Fitting individual 10/17 with genotype {'epochs': 4, 'r': 4, 'no_of_conv_kernels': 128, 'secondary_capsule_vector': 46, 'dense_1': 512, 'dense_2': 1024, 'epsilon': 0.0028978016162271953, 'm_plus': 0.9657371322323679, 'm_minus': 0.07634557557943658, 'lambda_': 0.13908202100239997, 'alpha': 0.004444624553650233, 'no_of_primary_capsules': 32, 'primary_capsule_vector': 8, 'no_of_secondary_capsules': 10}
Fitting individual 11/17 with genotype {'epochs': 7, 'r': 4, 'no_of_conv_kernels': 32, 'secondary_capsule_vector': 35, 'dense_1': 768, 'dense_2': 768, 'epsilon': 0.1, 'm_plus': 0.9038879116410664, 'm_minus': 0.18536038904182306, 'lambda_': 0.5990208743101367, 'alpha': 0.0047502170549271906, 'no_of_primary_capsules': 32, 'primary_capsule_vector': 8, 'no_of_secondary_capsules': 10}
Validation loss is not decreasing anymore, risk of overfitting the model after 7 epochs. The training will be stopped. This behavior can be modified by setting the early_stop property of the model to False
Fitting individual 12/17 with genotype {'epochs': 1, 'r': 3, 'no_of_conv_kernels': 32, 'secondary_capsule_vector': 15, 'dense_1': 768, 'dense_2': 7, 'epsilon': 0.006406860852631057, 'm_plus': 0.9091276470114592, 'm_minus': 0.14189403449520255, 'lambda_': 0.830415263595099, 'alpha': 0.0029916130681331447, 'no_of_primary_capsules': 32, 'primary_capsule_vector': 8, 'no_of_secondary_capsules': 10}
Fitting individual 13/17 with genotype {'epochs': 7, 'r': 3, 'no_of_conv_kernels': 32, 'secondary_capsule_vector': 15, 'dense_1': 768, 'dense_2': 7, 'epsilon': 0.0056263457670350705, 'm_plus': 0.9318173480385836, 'm_minus': 0.11460359434954195, 'lambda_': 0.9644912867667831, 'alpha': 0.0039637904355290625, 'no_of_primary_capsules': 32, 'primary_capsule_vector': 8, 'no_of_secondary_capsules': 10}
Validation loss is not decreasing anymore, risk of overfitting the model after 7 epochs. The training will be stopped. This behavior can be modified by setting the early_stop property of the model to False
Fitting individual 14/17 with genotype {'epochs': 6, 'r': 4, 'no_of_conv_kernels': 64, 'secondary_capsule_vector': 28, 'dense_1': 256, 'dense_2': 768, 'epsilon': 0.006406860852631057, 'm_plus': 0.9091276470114592, 'm_minus': 0.14189403449520255, 'lambda_': 0.830415263595099, 'alpha': 0.0029916130681331447, 'no_of_primary_capsules': 32, 'primary_capsule_vector': 8, 'no_of_secondary_capsules': 10}
Fitting individual 15/17 with genotype {'epochs': 4, 'r': 4, 'no_of_conv_kernels': 128, 'secondary_capsule_vector': 46, 'dense_1': 512, 'dense_2': 1024, 'epsilon': 0.031268377343605804, 'm_plus': 0.9118553600906505, 'm_minus': 0.10276533447407912, 'lambda_': 0.4000930310447557, 'alpha': 0.007909769460020956, 'no_of_primary_capsules': 32, 'primary_capsule_vector': 8, 'no_of_secondary_capsules': 10}
Fitting individual 16/17 with genotype {'epochs': 4, 'r': 3, 'no_of_conv_kernels': 128, 'secondary_capsule_vector': 5, 'dense_1': 256, 'dense_2': 1024, 'epsilon': 0.0028978016162271953, 'm_plus': 0.9657371322323679, 'm_minus': 0.07634557557943658, 'lambda_': 0.13908202100239997, 'alpha': 0.004444624553650233, 'no_of_primary_capsules': 32, 'primary_capsule_vector': 8, 'no_of_secondary_capsules': 10}
Fitting individual 17/17 with genotype {'epochs': 5, 'r': 2, 'no_of_conv_kernels': 32, 'secondary_capsule_vector': 46, 'dense_1': 768, 'dense_2': 1792, 'epsilon': 0.09932426165244777, 'm_plus': 0.9667887937490844, 'm_minus': 0.1647820072652918, 'lambda_': 0.7047889157794054, 'alpha': 0.0001, 'no_of_primary_capsules': 32, 'primary_capsule_vector': 8, 'no_of_secondary_capsules': 10}
Len of pop after selection : 10
=== Generation 8/10
Len of pop before manipulations : 10
crossover created 4 offspring(s)
mutation created 3 offspring(s)
local search created 3 offspring(s)
Len of pop after manipulations : 20
Fitting individual 1/20 with genotype {'epochs': 9, 'r': 2, 'no_of_conv_kernels': 3, 'secondary_capsule_vector': 38, 'dense_1': 128, 'dense_2': 1280, 'epsilon': 1e-07, 'm_plus': 0.9823143663062569, 'm_minus': 0.10472749466438398, 'lambda_': 0.17126304451913302, 'alpha': 0.0016269563020456566, 'no_of_primary_capsules': 32, 'primary_capsule_vector': 8, 'no_of_secondary_capsules': 10}
Fitting individual 2/20 with genotype {'epochs': 5, 'r': 2, 'no_of_conv_kernels': 32, 'secondary_capsule_vector': 46, 'dense_1': 768, 'dense_2': 1792, 'epsilon': 0.09932426165244777, 'm_plus': 0.9667887937490844, 'm_minus': 0.1647820072652918, 'lambda_': 0.7047889157794054, 'alpha': 0.0001, 'no_of_primary_capsules': 32, 'primary_capsule_vector': 8, 'no_of_secondary_capsules': 10}
Fitting individual 3/20 with genotype {'epochs': 3, 'r': 2, 'no_of_conv_kernels': 128, 'secondary_capsule_vector': 30, 'dense_1': 256, 'dense_2': 512, 'epsilon': 0.06772225695999813, 'm_plus': 0.9214577596394115, 'm_minus': 0.1414772904698255, 'lambda_': 1.0, 'alpha': 0.01, 'no_of_primary_capsules': 32, 'primary_capsule_vector': 8, 'no_of_secondary_capsules': 10}
Fitting individual 4/20 with genotype {'epochs': 7, 'r': 4, 'no_of_conv_kernels': 32, 'secondary_capsule_vector': 15, 'dense_1': 768, 'dense_2': 7, 'epsilon': 0.006406860852631057, 'm_plus': 0.9091276470114592, 'm_minus': 0.14189403449520255, 'lambda_': 0.830415263595099, 'alpha': 0.0029916130681331447, 'no_of_primary_capsules': 32, 'primary_capsule_vector': 8, 'no_of_secondary_capsules': 10}
Validation loss is not decreasing anymore, risk of overfitting the model after 7 epochs. The training will be stopped. This behavior can be modified by setting the early_stop property of the model to False
Fitting individual 5/20 with genotype {'epochs': 4, 'r': 3, 'no_of_conv_kernels': 128, 'secondary_capsule_vector': 5, 'dense_1': 256, 'dense_2': 1024, 'epsilon': 0.031268377343605804, 'm_plus': 0.9118553600906505, 'm_minus': 0.10276533447407912, 'lambda_': 0.4000930310447557, 'alpha': 0.007909769460020956, 'no_of_primary_capsules': 32, 'primary_capsule_vector': 8, 'no_of_secondary_capsules': 10}
Fitting individual 6/20 with genotype {'epochs': 6, 'r': 4, 'no_of_conv_kernels': 64, 'secondary_capsule_vector': 28, 'dense_1': 4, 'dense_2': 768, 'epsilon': 0.0056263457670350705, 'm_plus': 0.9318173480385836, 'm_minus': 0.11460359434954195, 'lambda_': 0.9644912867667831, 'alpha': 0.0039637904355290625, 'no_of_primary_capsules': 32, 'primary_capsule_vector': 8, 'no_of_secondary_capsules': 10}
Fitting individual 7/20 with genotype {'epochs': 4, 'r': 4, 'no_of_conv_kernels': 128, 'secondary_capsule_vector': 46, 'dense_1': 512, 'dense_2': 1024, 'epsilon': 0.0028978016162271953, 'm_plus': 0.9657371322323679, 'm_minus': 0.07634557557943658, 'lambda_': 0.13908202100239997, 'alpha': 0.004444624553650233, 'no_of_primary_capsules': 32, 'primary_capsule_vector': 8, 'no_of_secondary_capsules': 10}
Fitting individual 8/20 with genotype {'epochs': 1, 'r': 3, 'no_of_conv_kernels': 32, 'secondary_capsule_vector': 29, 'dense_1': 256, 'dense_2': 1792, 'epsilon': 0.05311485742971593, 'm_plus': 0.911603183718314, 'm_minus': 0.13339962883967793, 'lambda_': 0.744664467769058, 'alpha': 0.003478869298698861, 'no_of_primary_capsules': 32, 'primary_capsule_vector': 8, 'no_of_secondary_capsules': 10}
Fitting individual 9/20 with genotype {'epochs': 1, 'r': 3, 'no_of_conv_kernels': 3, 'secondary_capsule_vector': 48, 'dense_1': 4, 'dense_2': 512, 'epsilon': 0.04406121959822163, 'm_plus': 0.9177910102604234, 'm_minus': 0.12637106466446096, 'lambda_': 0.8133135915545215, 'alpha': 0.0001, 'no_of_primary_capsules': 32, 'primary_capsule_vector': 8, 'no_of_secondary_capsules': 10}
Fitting individual 10/20 with genotype {'epochs': 1, 'r': 4, 'no_of_conv_kernels': 32, 'secondary_capsule_vector': 21, 'dense_1': 768, 'dense_2': 768, 'epsilon': 0.1, 'm_plus': 0.9038879116410664, 'm_minus': 0.18536038904182306, 'lambda_': 0.5990208743101367, 'alpha': 0.0047502170549271906, 'no_of_primary_capsules': 32, 'primary_capsule_vector': 8, 'no_of_secondary_capsules': 10}
Fitting individual 11/20 with genotype {'epochs': 1, 'r': 3, 'no_of_conv_kernels': 3, 'secondary_capsule_vector': 48, 'dense_1': 4, 'dense_2': 512, 'epsilon': 0.04406121959822163, 'm_plus': 0.9657371322323679, 'm_minus': 0.07634557557943658, 'lambda_': 0.13908202100239997, 'alpha': 0.004444624553650233, 'no_of_primary_capsules': 32, 'primary_capsule_vector': 8, 'no_of_secondary_capsules': 10}
Fitting individual 12/20 with genotype {'epochs': 4, 'r': 4, 'no_of_conv_kernels': 128, 'secondary_capsule_vector': 46, 'dense_1': 512, 'dense_2': 1024, 'epsilon': 0.0028978016162271953, 'm_plus': 0.9177910102604234, 'm_minus': 0.12637106466446096, 'lambda_': 0.8835600432653417, 'alpha': 0.0001, 'no_of_primary_capsules': 32, 'primary_capsule_vector': 8, 'no_of_secondary_capsules': 10}
Fitting individual 13/20 with genotype {'epochs': 6, 'r': 4, 'no_of_conv_kernels': 64, 'secondary_capsule_vector': 28, 'dense_1': 256, 'dense_2': 768, 'epsilon': 0.0056263457670350705, 'm_plus': 0.9318173480385836, 'm_minus': 0.12637106466446096, 'lambda_': 0.8835600432653417, 'alpha': 0.0001, 'no_of_primary_capsules': 32, 'primary_capsule_vector': 8, 'no_of_secondary_capsules': 10}
Fitting individual 14/20 with genotype {'epochs': 1, 'r': 3, 'no_of_conv_kernels': 3, 'secondary_capsule_vector': 48, 'dense_1': 4, 'dense_2': 512, 'epsilon': 0.04406121959822163, 'm_plus': 0.9177910102604234, 'm_minus': 0.11460359434954195, 'lambda_': 0.9644912867667831, 'alpha': 0.0039637904355290625, 'no_of_primary_capsules': 32, 'primary_capsule_vector': 8, 'no_of_secondary_capsules': 10}
Fitting individual 15/20 with genotype {'epochs': 7, 'r': 4, 'no_of_conv_kernels': 32, 'secondary_capsule_vector': 15, 'dense_1': 768, 'dense_2': 7, 'epsilon': 0.006406860852631057, 'm_plus': 0.9091276470114592, 'm_minus': 0.14189403449520255, 'lambda_': 0.830415263595099, 'alpha': 0.0029916130681331447, 'no_of_primary_capsules': 32, 'primary_capsule_vector': 8, 'no_of_secondary_capsules': 10}
Fitting individual 16/20 with genotype {'epochs': 3, 'r': 2, 'no_of_conv_kernels': 128, 'secondary_capsule_vector': 30, 'dense_1': 256, 'dense_2': 512, 'epsilon': 0.06772225695999813, 'm_plus': 0.9214577596394115, 'm_minus': 0.1414772904698255, 'lambda_': 1.0, 'alpha': 0.01, 'no_of_primary_capsules': 32, 'primary_capsule_vector': 8, 'no_of_secondary_capsules': 10}
Fitting individual 17/20 with genotype {'epochs': 1, 'r': 4, 'no_of_conv_kernels': 32, 'secondary_capsule_vector': 21, 'dense_1': 768, 'dense_2': 768, 'epsilon': 0.1, 'm_plus': 0.9038879116410664, 'm_minus': 0.18536038904182306, 'lambda_': 0.5990208743101367, 'alpha': 0.0047502170549271906, 'no_of_primary_capsules': 32, 'primary_capsule_vector': 8, 'no_of_secondary_capsules': 10}
Fitting individual 18/20 with genotype {'epochs': 5, 'r': 2, 'no_of_conv_kernels': 32, 'secondary_capsule_vector': 46, 'dense_1': 768, 'dense_2': 1792, 'epsilon': 0.09932426165244777, 'm_plus': 0.9667887937490844, 'm_minus': 0.1647820072652918, 'lambda_': 0.7047889157794054, 'alpha': 0.0001, 'no_of_primary_capsules': 32, 'primary_capsule_vector': 8, 'no_of_secondary_capsules': 10}
Fitting individual 19/20 with genotype {'epochs': 1, 'r': 3, 'no_of_conv_kernels': 3, 'secondary_capsule_vector': 48, 'dense_1': 4, 'dense_2': 512, 'epsilon': 0.04406121959822163, 'm_plus': 0.9177910102604234, 'm_minus': 0.12637106466446096, 'lambda_': 0.8133135915545215, 'alpha': 0.0001, 'no_of_primary_capsules': 32, 'primary_capsule_vector': 8, 'no_of_secondary_capsules': 10}
Fitting individual 20/20 with genotype {'epochs': 6, 'r': 4, 'no_of_conv_kernels': 64, 'secondary_capsule_vector': 28, 'dense_1': 4, 'dense_2': 768, 'epsilon': 0.0056263457670350705, 'm_plus': 0.9318173480385836, 'm_minus': 0.11460359434954195, 'lambda_': 0.9644912867667831, 'alpha': 0.0039637904355290625, 'no_of_primary_capsules': 32, 'primary_capsule_vector': 8, 'no_of_secondary_capsules': 10}
Len of pop after selection : 10
=== Generation 9/10
Len of pop before manipulations : 10
crossover created 6 offspring(s)
mutation created 1 offspring(s)
local search created 2 offspring(s)
Len of pop after manipulations : 19
Fitting individual 1/19 with genotype {'epochs': 2, 'r': 2, 'no_of_conv_kernels': 3, 'secondary_capsule_vector': 38, 'dense_1': 128, 'dense_2': 1280, 'epsilon': 1e-07, 'm_plus': 0.9823143663062569, 'm_minus': 0.10472749466438398, 'lambda_': 0.17126304451913302, 'alpha': 0.0016269563020456566, 'no_of_primary_capsules': 32, 'primary_capsule_vector': 8, 'no_of_secondary_capsules': 10}
Fitting individual 2/19 with genotype {'epochs': 3, 'r': 2, 'no_of_conv_kernels': 128, 'secondary_capsule_vector': 30, 'dense_1': 256, 'dense_2': 512, 'epsilon': 0.06772225695999813, 'm_plus': 0.9214577596394115, 'm_minus': 0.1414772904698255, 'lambda_': 1.0, 'alpha': 0.01, 'no_of_primary_capsules': 32, 'primary_capsule_vector': 8, 'no_of_secondary_capsules': 10}
Fitting individual 3/19 with genotype {'epochs': 7, 'r': 4, 'no_of_conv_kernels': 32, 'secondary_capsule_vector': 15, 'dense_1': 768, 'dense_2': 7, 'epsilon': 0.006406860852631057, 'm_plus': 0.9091276470114592, 'm_minus': 0.14189403449520255, 'lambda_': 0.7860011890096037, 'alpha': 0.0029916130681331447, 'no_of_primary_capsules': 32, 'primary_capsule_vector': 8, 'no_of_secondary_capsules': 10}
Fitting individual 4/19 with genotype {'epochs': 5, 'r': 2, 'no_of_conv_kernels': 32, 'secondary_capsule_vector': 46, 'dense_1': 768, 'dense_2': 1792, 'epsilon': 0.09932426165244777, 'm_plus': 0.9667887937490844, 'm_minus': 0.1647820072652918, 'lambda_': 0.7047889157794054, 'alpha': 0.0001, 'no_of_primary_capsules': 32, 'primary_capsule_vector': 8, 'no_of_secondary_capsules': 10}
Fitting individual 5/19 with genotype {'epochs': 4, 'r': 3, 'no_of_conv_kernels': 128, 'secondary_capsule_vector': 5, 'dense_1': 256, 'dense_2': 1024, 'epsilon': 0.031268377343605804, 'm_plus': 0.9118553600906505, 'm_minus': 0.10276533447407912, 'lambda_': 0.4000930310447557, 'alpha': 0.007909769460020956, 'no_of_primary_capsules': 32, 'primary_capsule_vector': 8, 'no_of_secondary_capsules': 10}
Fitting individual 6/19 with genotype {'epochs': 4, 'r': 4, 'no_of_conv_kernels': 128, 'secondary_capsule_vector': 46, 'dense_1': 512, 'dense_2': 1024, 'epsilon': 0.0028978016162271953, 'm_plus': 0.9657371322323679, 'm_minus': 0.07634557557943658, 'lambda_': 0.13908202100239997, 'alpha': 0.004444624553650233, 'no_of_primary_capsules': 32, 'primary_capsule_vector': 8, 'no_of_secondary_capsules': 10}
Fitting individual 7/19 with genotype {'epochs': 1, 'r': 3, 'no_of_conv_kernels': 3, 'secondary_capsule_vector': 48, 'dense_1': 4, 'dense_2': 512, 'epsilon': 0.04406121959822163, 'm_plus': 0.9177910102604234, 'm_minus': 0.12637106466446096, 'lambda_': 0.8133135915545215, 'alpha': 0.0001, 'no_of_primary_capsules': 32, 'primary_capsule_vector': 8, 'no_of_secondary_capsules': 10}
Fitting individual 8/19 with genotype {'epochs': 6, 'r': 4, 'no_of_conv_kernels': 64, 'secondary_capsule_vector': 28, 'dense_1': 4, 'dense_2': 768, 'epsilon': 0.0056263457670350705, 'm_plus': 0.9318173480385836, 'm_minus': 0.11460359434954195, 'lambda_': 0.9644912867667831, 'alpha': 0.0039637904355290625, 'no_of_primary_capsules': 32, 'primary_capsule_vector': 8, 'no_of_secondary_capsules': 10}
Fitting individual 9/19 with genotype {'epochs': 1, 'r': 3, 'no_of_conv_kernels': 32, 'secondary_capsule_vector': 29, 'dense_1': 256, 'dense_2': 1792, 'epsilon': 0.05311485742971593, 'm_plus': 0.911603183718314, 'm_minus': 0.13339962883967793, 'lambda_': 0.744664467769058, 'alpha': 0.003478869298698861, 'no_of_primary_capsules': 32, 'primary_capsule_vector': 8, 'no_of_secondary_capsules': 10}
Fitting individual 10/19 with genotype {'epochs': 1, 'r': 4, 'no_of_conv_kernels': 32, 'secondary_capsule_vector': 21, 'dense_1': 768, 'dense_2': 768, 'epsilon': 0.1, 'm_plus': 0.9038879116410664, 'm_minus': 0.18536038904182306, 'lambda_': 0.5990208743101367, 'alpha': 0.0047502170549271906, 'no_of_primary_capsules': 32, 'primary_capsule_vector': 8, 'no_of_secondary_capsules': 10}
Fitting individual 11/19 with genotype {'epochs': 1, 'r': 4, 'no_of_conv_kernels': 32, 'secondary_capsule_vector': 21, 'dense_1': 512, 'dense_2': 1024, 'epsilon': 0.0028978016162271953, 'm_plus': 0.9657371322323679, 'm_minus': 0.07634557557943658, 'lambda_': 0.13908202100239997, 'alpha': 0.004444624553650233, 'no_of_primary_capsules': 32, 'primary_capsule_vector': 8, 'no_of_secondary_capsules': 10}
Fitting individual 12/19 with genotype {'epochs': 4, 'r': 4, 'no_of_conv_kernels': 128, 'secondary_capsule_vector': 46, 'dense_1': 768, 'dense_2': 768, 'epsilon': 0.1, 'm_plus': 0.9038879116410664, 'm_minus': 0.18536038904182306, 'lambda_': 0.5990208743101367, 'alpha': 0.0047502170549271906, 'no_of_primary_capsules': 32, 'primary_capsule_vector': 8, 'no_of_secondary_capsules': 10}
Fitting individual 13/19 with genotype {'epochs': 6, 'r': 4, 'no_of_conv_kernels': 64, 'secondary_capsule_vector': 28, 'dense_1': 4, 'dense_2': 768, 'epsilon': 0.0056263457670350705, 'm_plus': 0.9318173480385836, 'm_minus': 0.11460359434954195, 'lambda_': 0.9644912867667831, 'alpha': 0.01, 'no_of_primary_capsules': 32, 'primary_capsule_vector': 8, 'no_of_secondary_capsules': 10}
Fitting individual 14/19 with genotype {'epochs': 3, 'r': 2, 'no_of_conv_kernels': 128, 'secondary_capsule_vector': 30, 'dense_1': 256, 'dense_2': 512, 'epsilon': 0.06772225695999813, 'm_plus': 0.9214577596394115, 'm_minus': 0.1414772904698255, 'lambda_': 1.0, 'alpha': 0.0039637904355290625, 'no_of_primary_capsules': 32, 'primary_capsule_vector': 8, 'no_of_secondary_capsules': 10}
Fitting individual 15/19 with genotype {'epochs': 1, 'r': 4, 'no_of_conv_kernels': 32, 'secondary_capsule_vector': 21, 'dense_1': 768, 'dense_2': 768, 'epsilon': 0.1, 'm_plus': 0.9667887937490844, 'm_minus': 0.1647820072652918, 'lambda_': 0.7047889157794054, 'alpha': 0.0001, 'no_of_primary_capsules': 32, 'primary_capsule_vector': 8, 'no_of_secondary_capsules': 10}
Fitting individual 16/19 with genotype {'epochs': 5, 'r': 2, 'no_of_conv_kernels': 32, 'secondary_capsule_vector': 46, 'dense_1': 768, 'dense_2': 1792, 'epsilon': 0.09932426165244777, 'm_plus': 0.9038879116410664, 'm_minus': 0.18536038904182306, 'lambda_': 0.5990208743101367, 'alpha': 0.0047502170549271906, 'no_of_primary_capsules': 32, 'primary_capsule_vector': 8, 'no_of_secondary_capsules': 10}
Fitting individual 17/19 with genotype {'epochs': 2, 'r': 2, 'no_of_conv_kernels': 3, 'secondary_capsule_vector': 38, 'dense_1': 128, 'dense_2': 1280, 'epsilon': 1e-07, 'm_plus': 0.9823143663062569, 'm_minus': 0.10472749466438398, 'lambda_': 0.17126304451913302, 'alpha': 0.0016269563020456566, 'no_of_primary_capsules': 32, 'primary_capsule_vector': 8, 'no_of_secondary_capsules': 10}
Fitting individual 18/19 with genotype {'epochs': 7, 'r': 4, 'no_of_conv_kernels': 32, 'secondary_capsule_vector': 15, 'dense_1': 768, 'dense_2': 7, 'epsilon': 0.006406860852631057, 'm_plus': 0.9091276470114592, 'm_minus': 0.14189403449520255, 'lambda_': 0.7860011890096037, 'alpha': 0.0029916130681331447, 'no_of_primary_capsules': 32, 'primary_capsule_vector': 8, 'no_of_secondary_capsules': 10}
Fitting individual 19/19 with genotype {'epochs': 4, 'r': 3, 'no_of_conv_kernels': 128, 'secondary_capsule_vector': 5, 'dense_1': 256, 'dense_2': 1024, 'epsilon': 0.031268377343605804, 'm_plus': 0.9118553600906505, 'm_minus': 0.10276533447407912, 'lambda_': 0.4000930310447557, 'alpha': 0.007909769460020956, 'no_of_primary_capsules': 32, 'primary_capsule_vector': 8, 'no_of_secondary_capsules': 10}
Len of pop after selection : 10
=== Generation 10/10
Len of pop before manipulations : 10
crossover created 10 offspring(s)
mutation created 0 offspring(s)
local search created 1 offspring(s)
Len of pop after manipulations : 21
Fitting individual 1/21 with genotype {'epochs': 5, 'r': 2, 'no_of_conv_kernels': 32, 'secondary_capsule_vector': 46, 'dense_1': 768, 'dense_2': 1792, 'epsilon': 0.09932426165244777, 'm_plus': 0.9667887937490844, 'm_minus': 0.1647820072652918, 'lambda_': 0.7047889157794054, 'alpha': 0.0001, 'no_of_primary_capsules': 32, 'primary_capsule_vector': 8, 'no_of_secondary_capsules': 10}
Validation loss is not decreasing anymore, risk of overfitting the model after 5 epochs. The training will be stopped. This behavior can be modified by setting the early_stop property of the model to False
Fitting individual 2/21 with genotype {'epochs': 3, 'r': 2, 'no_of_conv_kernels': 128, 'secondary_capsule_vector': 30, 'dense_1': 256, 'dense_2': 512, 'epsilon': 0.06772225695999813, 'm_plus': 0.9656670731700343, 'm_minus': 0.1414772904698255, 'lambda_': 1.0, 'alpha': 0.01, 'no_of_primary_capsules': 32, 'primary_capsule_vector': 8, 'no_of_secondary_capsules': 10}
Fitting individual 3/21 with genotype {'epochs': 2, 'r': 2, 'no_of_conv_kernels': 3, 'secondary_capsule_vector': 38, 'dense_1': 128, 'dense_2': 1280, 'epsilon': 1e-07, 'm_plus': 0.9823143663062569, 'm_minus': 0.10472749466438398, 'lambda_': 0.17126304451913302, 'alpha': 0.0016269563020456566, 'no_of_primary_capsules': 32, 'primary_capsule_vector': 8, 'no_of_secondary_capsules': 10}
Fitting individual 4/21 with genotype {'epochs': 4, 'r': 3, 'no_of_conv_kernels': 128, 'secondary_capsule_vector': 5, 'dense_1': 256, 'dense_2': 1024, 'epsilon': 0.031268377343605804, 'm_plus': 0.9118553600906505, 'm_minus': 0.10276533447407912, 'lambda_': 0.4000930310447557, 'alpha': 0.007909769460020956, 'no_of_primary_capsules': 32, 'primary_capsule_vector': 8, 'no_of_secondary_capsules': 10}
Fitting individual 5/21 with genotype {'epochs': 6, 'r': 4, 'no_of_conv_kernels': 64, 'secondary_capsule_vector': 28, 'dense_1': 4, 'dense_2': 768, 'epsilon': 0.0056263457670350705, 'm_plus': 0.9318173480385836, 'm_minus': 0.11460359434954195, 'lambda_': 0.9644912867667831, 'alpha': 0.0039637904355290625, 'no_of_primary_capsules': 32, 'primary_capsule_vector': 8, 'no_of_secondary_capsules': 10}
Fitting individual 6/21 with genotype {'epochs': 7, 'r': 4, 'no_of_conv_kernels': 32, 'secondary_capsule_vector': 15, 'dense_1': 768, 'dense_2': 7, 'epsilon': 0.006406860852631057, 'm_plus': 0.9091276470114592, 'm_minus': 0.14189403449520255, 'lambda_': 0.7860011890096037, 'alpha': 0.0029916130681331447, 'no_of_primary_capsules': 32, 'primary_capsule_vector': 8, 'no_of_secondary_capsules': 10}
Fitting individual 7/21 with genotype {'epochs': 4, 'r': 4, 'no_of_conv_kernels': 128, 'secondary_capsule_vector': 46, 'dense_1': 512, 'dense_2': 1024, 'epsilon': 0.0028978016162271953, 'm_plus': 0.9657371322323679, 'm_minus': 0.07634557557943658, 'lambda_': 0.13908202100239997, 'alpha': 0.004444624553650233, 'no_of_primary_capsules': 32, 'primary_capsule_vector': 8, 'no_of_secondary_capsules': 10}
Fitting individual 8/21 with genotype {'epochs': 1, 'r': 3, 'no_of_conv_kernels': 3, 'secondary_capsule_vector': 48, 'dense_1': 4, 'dense_2': 512, 'epsilon': 0.04406121959822163, 'm_plus': 0.9177910102604234, 'm_minus': 0.12637106466446096, 'lambda_': 0.8133135915545215, 'alpha': 0.0001, 'no_of_primary_capsules': 32, 'primary_capsule_vector': 8, 'no_of_secondary_capsules': 10}
Fitting individual 9/21 with genotype {'epochs': 1, 'r': 3, 'no_of_conv_kernels': 32, 'secondary_capsule_vector': 29, 'dense_1': 256, 'dense_2': 1792, 'epsilon': 0.05311485742971593, 'm_plus': 0.911603183718314, 'm_minus': 0.13339962883967793, 'lambda_': 0.744664467769058, 'alpha': 0.003478869298698861, 'no_of_primary_capsules': 32, 'primary_capsule_vector': 8, 'no_of_secondary_capsules': 10}
Fitting individual 10/21 with genotype {'epochs': 1, 'r': 4, 'no_of_conv_kernels': 32, 'secondary_capsule_vector': 21, 'dense_1': 768, 'dense_2': 768, 'epsilon': 0.1, 'm_plus': 0.9038879116410664, 'm_minus': 0.18536038904182306, 'lambda_': 0.5990208743101367, 'alpha': 0.0047502170549271906, 'no_of_primary_capsules': 32, 'primary_capsule_vector': 8, 'no_of_secondary_capsules': 10}
Fitting individual 11/21 with genotype {'epochs': 1, 'r': 4, 'no_of_conv_kernels': 32, 'secondary_capsule_vector': 28, 'dense_1': 4, 'dense_2': 768, 'epsilon': 0.0056263457670350705, 'm_plus': 0.9318173480385836, 'm_minus': 0.11460359434954195, 'lambda_': 0.9644912867667831, 'alpha': 0.0039637904355290625, 'no_of_primary_capsules': 32, 'primary_capsule_vector': 8, 'no_of_secondary_capsules': 10}
Fitting individual 12/21 with genotype {'epochs': 6, 'r': 4, 'no_of_conv_kernels': 64, 'secondary_capsule_vector': 21, 'dense_1': 768, 'dense_2': 768, 'epsilon': 0.1, 'm_plus': 0.9038879116410664, 'm_minus': 0.18536038904182306, 'lambda_': 0.5990208743101367, 'alpha': 0.0047502170549271906, 'no_of_primary_capsules': 32, 'primary_capsule_vector': 8, 'no_of_secondary_capsules': 10}
Fitting individual 13/21 with genotype {'epochs': 1, 'r': 3, 'no_of_conv_kernels': 3, 'secondary_capsule_vector': 48, 'dense_1': 256, 'dense_2': 1792, 'epsilon': 0.05311485742971593, 'm_plus': 0.911603183718314, 'm_minus': 0.13339962883967793, 'lambda_': 0.744664467769058, 'alpha': 0.003478869298698861, 'no_of_primary_capsules': 32, 'primary_capsule_vector': 8, 'no_of_secondary_capsules': 10}
Fitting individual 14/21 with genotype {'epochs': 1, 'r': 3, 'no_of_conv_kernels': 32, 'secondary_capsule_vector': 29, 'dense_1': 4, 'dense_2': 512, 'epsilon': 0.04406121959822163, 'm_plus': 0.9177910102604234, 'm_minus': 0.12637106466446096, 'lambda_': 0.8133135915545215, 'alpha': 0.0001, 'no_of_primary_capsules': 32, 'primary_capsule_vector': 8, 'no_of_secondary_capsules': 10}
Fitting individual 15/21 with genotype {'epochs': 1, 'r': 3, 'no_of_conv_kernels': 3, 'secondary_capsule_vector': 48, 'dense_1': 4, 'dense_2': 512, 'epsilon': 0.06772225695999813, 'm_plus': 0.9214577596394115, 'm_minus': 0.1414772904698255, 'lambda_': 1.0, 'alpha': 0.01, 'no_of_primary_capsules': 32, 'primary_capsule_vector': 8, 'no_of_secondary_capsules': 10}
Fitting individual 16/21 with genotype {'epochs': 3, 'r': 2, 'no_of_conv_kernels': 128, 'secondary_capsule_vector': 30, 'dense_1': 256, 'dense_2': 512, 'epsilon': 0.04406121959822163, 'm_plus': 0.9177910102604234, 'm_minus': 0.12637106466446096, 'lambda_': 0.8133135915545215, 'alpha': 0.0001, 'no_of_primary_capsules': 32, 'primary_capsule_vector': 8, 'no_of_secondary_capsules': 10}
Fitting individual 17/21 with genotype {'epochs': 5, 'r': 2, 'no_of_conv_kernels': 32, 'secondary_capsule_vector': 46, 'dense_1': 768, 'dense_2': 1792, 'epsilon': 0.09932426165244777, 'm_plus': 0.9667887937490844, 'm_minus': 0.1647820072652918, 'lambda_': 1.0, 'alpha': 0.01, 'no_of_primary_capsules': 32, 'primary_capsule_vector': 8, 'no_of_secondary_capsules': 10}
Fitting individual 18/21 with genotype {'epochs': 3, 'r': 2, 'no_of_conv_kernels': 128, 'secondary_capsule_vector': 30, 'dense_1': 256, 'dense_2': 512, 'epsilon': 0.06772225695999813, 'm_plus': 0.9214577596394115, 'm_minus': 0.1414772904698255, 'lambda_': 0.7047889157794054, 'alpha': 0.0001, 'no_of_primary_capsules': 32, 'primary_capsule_vector': 8, 'no_of_secondary_capsules': 10}
Fitting individual 19/21 with genotype {'epochs': 4, 'r': 3, 'no_of_conv_kernels': 128, 'secondary_capsule_vector': 5, 'dense_1': 256, 'dense_2': 1024, 'epsilon': 0.031268377343605804, 'm_plus': 0.9118553600906505, 'm_minus': 0.11460359434954195, 'lambda_': 0.9644912867667831, 'alpha': 0.0039637904355290625, 'no_of_primary_capsules': 32, 'primary_capsule_vector': 8, 'no_of_secondary_capsules': 10}
Fitting individual 20/21 with genotype {'epochs': 6, 'r': 4, 'no_of_conv_kernels': 64, 'secondary_capsule_vector': 28, 'dense_1': 4, 'dense_2': 768, 'epsilon': 0.0056263457670350705, 'm_plus': 0.9318173480385836, 'm_minus': 0.10276533447407912, 'lambda_': 0.4000930310447557, 'alpha': 0.007909769460020956, 'no_of_primary_capsules': 32, 'primary_capsule_vector': 8, 'no_of_secondary_capsules': 10}
Fitting individual 21/21 with genotype {'epochs': 3, 'r': 2, 'no_of_conv_kernels': 128, 'secondary_capsule_vector': 30, 'dense_1': 256, 'dense_2': 512, 'epsilon': 0.06772225695999813, 'm_plus': 0.9656670731700343, 'm_minus': 0.1414772904698255, 'lambda_': 1.0, 'alpha': 0.01, 'no_of_primary_capsules': 32, 'primary_capsule_vector': 8, 'no_of_secondary_capsules': 10}
Len of pop after selection : 10
Fitting individual 1/10 with genotype {'epochs': 5, 'r': 2, 'no_of_conv_kernels': 32, 'secondary_capsule_vector': 46, 'dense_1': 768, 'dense_2': 1792, 'epsilon': 0.09932426165244777, 'm_plus': 0.9667887937490844, 'm_minus': 0.1647820072652918, 'lambda_': 0.7047889157794054, 'alpha': 0.0001, 'no_of_primary_capsules': 32, 'primary_capsule_vector': 8, 'no_of_secondary_capsules': 10}
Fitting individual 2/10 with genotype {'epochs': 3, 'r': 2, 'no_of_conv_kernels': 128, 'secondary_capsule_vector': 30, 'dense_1': 256, 'dense_2': 512, 'epsilon': 0.06772225695999813, 'm_plus': 0.9656670731700343, 'm_minus': 0.1414772904698255, 'lambda_': 1.0, 'alpha': 0.01, 'no_of_primary_capsules': 32, 'primary_capsule_vector': 8, 'no_of_secondary_capsules': 10}
Fitting individual 3/10 with genotype {'epochs': 2, 'r': 2, 'no_of_conv_kernels': 3, 'secondary_capsule_vector': 38, 'dense_1': 128, 'dense_2': 1280, 'epsilon': 1e-07, 'm_plus': 0.9823143663062569, 'm_minus': 0.10472749466438398, 'lambda_': 0.17126304451913302, 'alpha': 0.0016269563020456566, 'no_of_primary_capsules': 32, 'primary_capsule_vector': 8, 'no_of_secondary_capsules': 10}
Fitting individual 4/10 with genotype {'epochs': 4, 'r': 3, 'no_of_conv_kernels': 128, 'secondary_capsule_vector': 5, 'dense_1': 256, 'dense_2': 1024, 'epsilon': 0.031268377343605804, 'm_plus': 0.9118553600906505, 'm_minus': 0.10276533447407912, 'lambda_': 0.4000930310447557, 'alpha': 0.007909769460020956, 'no_of_primary_capsules': 32, 'primary_capsule_vector': 8, 'no_of_secondary_capsules': 10}
Fitting individual 5/10 with genotype {'epochs': 7, 'r': 4, 'no_of_conv_kernels': 32, 'secondary_capsule_vector': 15, 'dense_1': 768, 'dense_2': 7, 'epsilon': 0.006406860852631057, 'm_plus': 0.9091276470114592, 'm_minus': 0.14189403449520255, 'lambda_': 0.7860011890096037, 'alpha': 0.0029916130681331447, 'no_of_primary_capsules': 32, 'primary_capsule_vector': 8, 'no_of_secondary_capsules': 10}
Fitting individual 6/10 with genotype {'epochs': 6, 'r': 4, 'no_of_conv_kernels': 64, 'secondary_capsule_vector': 28, 'dense_1': 4, 'dense_2': 768, 'epsilon': 0.0056263457670350705, 'm_plus': 0.9318173480385836, 'm_minus': 0.11460359434954195, 'lambda_': 0.9644912867667831, 'alpha': 0.0039637904355290625, 'no_of_primary_capsules': 32, 'primary_capsule_vector': 8, 'no_of_secondary_capsules': 10}
Fitting individual 7/10 with genotype {'epochs': 4, 'r': 4, 'no_of_conv_kernels': 128, 'secondary_capsule_vector': 46, 'dense_1': 512, 'dense_2': 1024, 'epsilon': 0.0028978016162271953, 'm_plus': 0.9657371322323679, 'm_minus': 0.07634557557943658, 'lambda_': 0.13908202100239997, 'alpha': 0.004444624553650233, 'no_of_primary_capsules': 32, 'primary_capsule_vector': 8, 'no_of_secondary_capsules': 10}
Fitting individual 8/10 with genotype {'epochs': 1, 'r': 3, 'no_of_conv_kernels': 3, 'secondary_capsule_vector': 48, 'dense_1': 4, 'dense_2': 512, 'epsilon': 0.04406121959822163, 'm_plus': 0.9177910102604234, 'm_minus': 0.12637106466446096, 'lambda_': 0.8133135915545215, 'alpha': 0.0001, 'no_of_primary_capsules': 32, 'primary_capsule_vector': 8, 'no_of_secondary_capsules': 10}
Fitting individual 9/10 with genotype {'epochs': 1, 'r': 3, 'no_of_conv_kernels': 32, 'secondary_capsule_vector': 29, 'dense_1': 256, 'dense_2': 1792, 'epsilon': 0.05311485742971593, 'm_plus': 0.911603183718314, 'm_minus': 0.13339962883967793, 'lambda_': 0.744664467769058, 'alpha': 0.003478869298698861, 'no_of_primary_capsules': 32, 'primary_capsule_vector': 8, 'no_of_secondary_capsules': 10}
Fitting individual 10/10 with genotype {'epochs': 1, 'r': 4, 'no_of_conv_kernels': 32, 'secondary_capsule_vector': 21, 'dense_1': 768, 'dense_2': 768, 'epsilon': 0.1, 'm_plus': 0.9038879116410664, 'm_minus': 0.18536038904182306, 'lambda_': 0.5990208743101367, 'alpha': 0.0047502170549271906, 'no_of_primary_capsules': 32, 'primary_capsule_vector': 8, 'no_of_secondary_capsules': 10}
Saving GA metrics under mnist4-hpc/generations_metrics.png
Optimal solution(s):
[{'epochs': 5, 'r': 2, 'no_of_conv_kernels': 32, 'secondary_capsule_vector': 46, 'dense_1': 768, 'dense_2': 1792, 'epsilon': 0.09932426165244777, 'm_plus': 0.9667887937490844, 'm_minus': 0.1647820072652918, 'lambda_': 0.7047889157794054, 'alpha': 0.0001, 'no_of_primary_capsules': 32, 'primary_capsule_vector': 8, 'no_of_secondary_capsules': 10}, {'epochs': 3, 'r': 2, 'no_of_conv_kernels': 128, 'secondary_capsule_vector': 30, 'dense_1': 256, 'dense_2': 512, 'epsilon': 0.06772225695999813, 'm_plus': 0.9656670731700343, 'm_minus': 0.1414772904698255, 'lambda_': 1.0, 'alpha': 0.01, 'no_of_primary_capsules': 32, 'primary_capsule_vector': 8, 'no_of_secondary_capsules': 10}]
______________
Fitness values:
  Inference    Accuracy
[[6.64886284 0.95      ]
 [6.82409763 0.96      ]]
=== GA done in : 2:59:37.609243 ===
Saving GA solutions under mnist4-hpc/solutions_metrics.png
