=== Generation 1/10
Len of pop before manipulations : 10
crossover created 10 offspring(s)
mutation created 2 offspring(s)
local search created 2 offspring(s)
Len of pop after manipulations : 24
Fitting individual 1/24 with genotype {'epochs': 1, 'r': 3, 'no_of_conv_kernels': 32, 'secondary_capsule_vector': 18, 'dense_1': 128, 'dense_2': 1536, 'epsilon': 0.0523702914827628, 'm_plus': 0.9430366891876418, 'm_minus': 0.06980183243202624, 'lambda_': 0.974500419674581, 'alpha': 0.009875346339382052, 'no_of_primary_capsules': 32, 'primary_capsule_vector': 8, 'no_of_secondary_capsules': 10}
Fitting individual 2/24 with genotype {'epochs': 9, 'r': 2, 'no_of_conv_kernels': 128, 'secondary_capsule_vector': 36, 'dense_1': 256, 'dense_2': 768, 'epsilon': 0.09593070028244832, 'm_plus': 0.9197330627010414, 'm_minus': 0.10380772320269281, 'lambda_': 0.29550548928574516, 'alpha': 0.0015438641096915935, 'no_of_primary_capsules': 32, 'primary_capsule_vector': 8, 'no_of_secondary_capsules': 10}
Validation loss is not decreasing anymore, risk of overfitting the model after 8 epochs. The training will be stopped. This behavior can be modified by setting the early_stop property of the model to False
Fitting individual 3/24 with genotype {'epochs': 5, 'r': 2, 'no_of_conv_kernels': 128, 'secondary_capsule_vector': 43, 'dense_1': 512, 'dense_2': 768, 'epsilon': 0.00935957092787254, 'm_plus': 0.9193104740950231, 'm_minus': 0.14437036585170915, 'lambda_': 0.5351790776519638, 'alpha': 0.007749739953908195, 'no_of_primary_capsules': 32, 'primary_capsule_vector': 8, 'no_of_secondary_capsules': 10}
Fitting individual 4/24 with genotype {'epochs': 2, 'r': 4, 'no_of_conv_kernels': 64, 'secondary_capsule_vector': 42, 'dense_1': 128, 'dense_2': 512, 'epsilon': 0.03511889620605091, 'm_plus': 0.912736605878009, 'm_minus': 0.08680711841120445, 'lambda_': 0.7146124730697551, 'alpha': 0.007690845899888553, 'no_of_primary_capsules': 32, 'primary_capsule_vector': 8, 'no_of_secondary_capsules': 10}
Fitting individual 5/24 with genotype {'epochs': 3, 'r': 2, 'no_of_conv_kernels': 128, 'secondary_capsule_vector': 41, 'dense_1': 768, 'dense_2': 256, 'epsilon': 0.028039421728919094, 'm_plus': 0.9038859194018989, 'm_minus': 0.19269049127478116, 'lambda_': 0.5419146173488955, 'alpha': 0.007343131650845714, 'no_of_primary_capsules': 32, 'primary_capsule_vector': 8, 'no_of_secondary_capsules': 10}
Fitting individual 6/24 with genotype {'epochs': 7, 'r': 4, 'no_of_conv_kernels': 32, 'secondary_capsule_vector': 20, 'dense_1': 768, 'dense_2': 1792, 'epsilon': 0.047719030520559425, 'm_plus': 0.9174183875644236, 'm_minus': 0.0626228348625788, 'lambda_': 0.8833077345601589, 'alpha': 0.001291027211386844, 'no_of_primary_capsules': 32, 'primary_capsule_vector': 8, 'no_of_secondary_capsules': 10}
Fitting individual 7/24 with genotype {'epochs': 9, 'r': 2, 'no_of_conv_kernels': 64, 'secondary_capsule_vector': 4, 'dense_1': 512, 'dense_2': 1536, 'epsilon': 0.04999446270025716, 'm_plus': 0.9623472847238512, 'm_minus': 0.09102258594294105, 'lambda_': 0.31292507486190235, 'alpha': 0.00010288996938087522, 'no_of_primary_capsules': 32, 'primary_capsule_vector': 8, 'no_of_secondary_capsules': 10}
Fitting individual 8/24 with genotype {'epochs': 8, 'r': 3, 'no_of_conv_kernels': 128, 'secondary_capsule_vector': 40, 'dense_1': 512, 'dense_2': 768, 'epsilon': 0.054867120379071224, 'm_plus': 0.9485196938865132, 'm_minus': 0.09892606699706, 'lambda_': 0.873144568710448, 'alpha': 0.00020001733365496933, 'no_of_primary_capsules': 32, 'primary_capsule_vector': 8, 'no_of_secondary_capsules': 10}
Fitting individual 9/24 with genotype {'epochs': 5, 'r': 2, 'no_of_conv_kernels': 128, 'secondary_capsule_vector': 43, 'dense_1': 768, 'dense_2': 768, 'epsilon': 0.09102319699384631, 'm_plus': 0.951390246417412, 'm_minus': 0.14740903302460404, 'lambda_': 0.9707795248619209, 'alpha': 0.0025963507683407264, 'no_of_primary_capsules': 32, 'primary_capsule_vector': 8, 'no_of_secondary_capsules': 10}
Fitting individual 10/24 with genotype {'epochs': 2, 'r': 2, 'no_of_conv_kernels': 32, 'secondary_capsule_vector': 15, 'dense_1': 128, 'dense_2': 768, 'epsilon': 0.08478112855324292, 'm_plus': 0.9834766379252852, 'm_minus': 0.053625299934916805, 'lambda_': 0.4200052443154796, 'alpha': 0.002282203598925124, 'no_of_primary_capsules': 32, 'primary_capsule_vector': 8, 'no_of_secondary_capsules': 10}
Fitting individual 11/24 with genotype {'epochs': 9, 'r': 2, 'no_of_conv_kernels': 64, 'secondary_capsule_vector': 15, 'dense_1': 128, 'dense_2': 768, 'epsilon': 0.08478112855324292, 'm_plus': 0.9834766379252852, 'm_minus': 0.053625299934916805, 'lambda_': 0.4200052443154796, 'alpha': 0.002282203598925124, 'no_of_primary_capsules': 32, 'primary_capsule_vector': 8, 'no_of_secondary_capsules': 10}
Fitting individual 12/24 with genotype {'epochs': 2, 'r': 2, 'no_of_conv_kernels': 32, 'secondary_capsule_vector': 4, 'dense_1': 512, 'dense_2': 1536, 'epsilon': 0.04999446270025716, 'm_plus': 0.9623472847238512, 'm_minus': 0.09102258594294105, 'lambda_': 0.45450648453829945, 'alpha': 0.00010288996938087522, 'no_of_primary_capsules': 32, 'primary_capsule_vector': 8, 'no_of_secondary_capsules': 10}
Fitting individual 13/24 with genotype {'epochs': 9, 'r': 3, 'no_of_conv_kernels': 32, 'secondary_capsule_vector': 18, 'dense_1': 128, 'dense_2': 1536, 'epsilon': 0.0523702914827628, 'm_plus': 0.9430366891876418, 'm_minus': 0.06980183243202624, 'lambda_': 0.974500419674581, 'alpha': 0.009875346339382052, 'no_of_primary_capsules': 32, 'primary_capsule_vector': 8, 'no_of_secondary_capsules': 10}
Fitting individual 14/24 with genotype {'epochs': 1, 'r': 2, 'no_of_conv_kernels': 128, 'secondary_capsule_vector': 36, 'dense_1': 256, 'dense_2': 768, 'epsilon': 0.09593070028244832, 'm_plus': 0.9197330627010414, 'm_minus': 0.10380772320269281, 'lambda_': 0.29550548928574516, 'alpha': 0.0015438641096915935, 'no_of_primary_capsules': 32, 'primary_capsule_vector': 8, 'no_of_secondary_capsules': 10}
Fitting individual 15/24 with genotype {'epochs': 3, 'r': 2, 'no_of_conv_kernels': 128, 'secondary_capsule_vector': 41, 'dense_1': 768, 'dense_2': 768, 'epsilon': 0.09102319699384631, 'm_plus': 0.951390246417412, 'm_minus': 0.14740903302460404, 'lambda_': 0.9707795248619209, 'alpha': 0.0025963507683407264, 'no_of_primary_capsules': 32, 'primary_capsule_vector': 8, 'no_of_secondary_capsules': 10}
Fitting individual 16/24 with genotype {'epochs': 5, 'r': 2, 'no_of_conv_kernels': 128, 'secondary_capsule_vector': 43, 'dense_1': 768, 'dense_2': 256, 'epsilon': 0.028039421728919094, 'm_plus': 0.9038859194018989, 'm_minus': 0.19269049127478116, 'lambda_': 0.5419146173488955, 'alpha': 0.007343131650845714, 'no_of_primary_capsules': 32, 'primary_capsule_vector': 8, 'no_of_secondary_capsules': 10}
Fitting individual 17/24 with genotype {'epochs': 2, 'r': 4, 'no_of_conv_kernels': 64, 'secondary_capsule_vector': 42, 'dense_1': 128, 'dense_2': 512, 'epsilon': 0.03511889620605091, 'm_plus': 0.912736605878009, 'm_minus': 0.08680711841120445, 'lambda_': 0.7146124730697551, 'alpha': 0.007749739953908195, 'no_of_primary_capsules': 32, 'primary_capsule_vector': 8, 'no_of_secondary_capsules': 10}
Fitting individual 18/24 with genotype {'epochs': 5, 'r': 2, 'no_of_conv_kernels': 128, 'secondary_capsule_vector': 43, 'dense_1': 512, 'dense_2': 768, 'epsilon': 0.00935957092787254, 'm_plus': 0.9193104740950231, 'm_minus': 0.14437036585170915, 'lambda_': 0.5351790776519638, 'alpha': 0.007690845899888553, 'no_of_primary_capsules': 32, 'primary_capsule_vector': 8, 'no_of_secondary_capsules': 10}
Fitting individual 19/24 with genotype {'epochs': 8, 'r': 3, 'no_of_conv_kernels': 128, 'secondary_capsule_vector': 40, 'dense_1': 512, 'dense_2': 768, 'epsilon': 0.054867120379071224, 'm_plus': 0.9485196938865132, 'm_minus': 0.09892606699706, 'lambda_': 0.7146124730697551, 'alpha': 0.007690845899888553, 'no_of_primary_capsules': 32, 'primary_capsule_vector': 8, 'no_of_secondary_capsules': 10}
Validation loss is not decreasing anymore, risk of overfitting the model after 7 epochs. The training will be stopped. This behavior can be modified by setting the early_stop property of the model to False
Fitting individual 20/24 with genotype {'epochs': 2, 'r': 4, 'no_of_conv_kernels': 64, 'secondary_capsule_vector': 42, 'dense_1': 128, 'dense_2': 512, 'epsilon': 0.03511889620605091, 'm_plus': 0.912736605878009, 'm_minus': 0.08680711841120445, 'lambda_': 0.873144568710448, 'alpha': 0.00020001733365496933, 'no_of_primary_capsules': 32, 'primary_capsule_vector': 8, 'no_of_secondary_capsules': 10}
Fitting individual 21/24 with genotype {'epochs': 9, 'r': 2, 'no_of_conv_kernels': 64, 'secondary_capsule_vector': 4, 'dense_1': 512, 'dense_2': 1536, 'epsilon': 0.04999446270025716, 'm_plus': 0.9623472847238512, 'm_minus': 0.09102258594294105, 'lambda_': 0.31292507486190235, 'alpha': 0.00010288996938087522, 'no_of_primary_capsules': 32, 'primary_capsule_vector': 8, 'no_of_secondary_capsules': 10}
Fitting individual 22/24 with genotype {'epochs': 7, 'r': 4, 'no_of_conv_kernels': 32, 'secondary_capsule_vector': 20, 'dense_1': 768, 'dense_2': 1792, 'epsilon': 0.047719030520559425, 'm_plus': 0.9174183875644236, 'm_minus': 0.0626228348625788, 'lambda_': 0.8833077345601589, 'alpha': 0.001291027211386844, 'no_of_primary_capsules': 32, 'primary_capsule_vector': 8, 'no_of_secondary_capsules': 10}
Fitting individual 23/24 with genotype {'epochs': 8, 'r': 3, 'no_of_conv_kernels': 128, 'secondary_capsule_vector': 40, 'dense_1': 512, 'dense_2': 768, 'epsilon': 0.054867120379071224, 'm_plus': 0.9485196938865132, 'm_minus': 0.09892606699706, 'lambda_': 0.873144568710448, 'alpha': 0.00020001733365496933, 'no_of_primary_capsules': 32, 'primary_capsule_vector': 8, 'no_of_secondary_capsules': 10}
Fitting individual 24/24 with genotype {'epochs': 2, 'r': 4, 'no_of_conv_kernels': 64, 'secondary_capsule_vector': 42, 'dense_1': 128, 'dense_2': 512, 'epsilon': 0.03511889620605091, 'm_plus': 0.912736605878009, 'm_minus': 0.08680711841120445, 'lambda_': 0.7146124730697551, 'alpha': 0.007690845899888553, 'no_of_primary_capsules': 32, 'primary_capsule_vector': 8, 'no_of_secondary_capsules': 10}
Len of pop after selection : 10
=== Generation 2/10
Len of pop before manipulations : 10
crossover created 4 offspring(s)
mutation created 1 offspring(s)
local search created 4 offspring(s)
Len of pop after manipulations : 19
Fitting individual 1/19 with genotype {'epochs': 5, 'r': 2, 'no_of_conv_kernels': 128, 'secondary_capsule_vector': 43, 'dense_1': 512, 'dense_2': 768, 'epsilon': 0.00935957092787254, 'm_plus': 0.9193104740950231, 'm_minus': 0.14437036585170915, 'lambda_': 0.5351790776519638, 'alpha': 0.007749739953908195, 'no_of_primary_capsules': 32, 'primary_capsule_vector': 8, 'no_of_secondary_capsules': 10}
Fitting individual 2/19 with genotype {'epochs': 9, 'r': 2, 'no_of_conv_kernels': 64, 'secondary_capsule_vector': 4, 'dense_1': 512, 'dense_2': 1536, 'epsilon': 0.04999446270025716, 'm_plus': 0.9623472847238512, 'm_minus': 0.09102258594294105, 'lambda_': 0.31292507486190235, 'alpha': 0.00010288996938087522, 'no_of_primary_capsules': 32, 'primary_capsule_vector': 8, 'no_of_secondary_capsules': 10}
Validation loss is not decreasing anymore, risk of overfitting the model after 8 epochs. The training will be stopped. This behavior can be modified by setting the early_stop property of the model to False
Fitting individual 3/19 with genotype {'epochs': 8, 'r': 2, 'no_of_conv_kernels': 128, 'secondary_capsule_vector': 36, 'dense_1': 256, 'dense_2': 768, 'epsilon': 0.09593070028244832, 'm_plus': 0.9197330627010414, 'm_minus': 0.10380772320269281, 'lambda_': 0.29550548928574516, 'alpha': 0.0015438641096915935, 'no_of_primary_capsules': 32, 'primary_capsule_vector': 8, 'no_of_secondary_capsules': 10}
Fitting individual 4/19 with genotype {'epochs': 8, 'r': 3, 'no_of_conv_kernels': 128, 'secondary_capsule_vector': 40, 'dense_1': 512, 'dense_2': 768, 'epsilon': 0.054867120379071224, 'm_plus': 0.9485196938865132, 'm_minus': 0.09892606699706, 'lambda_': 0.873144568710448, 'alpha': 0.00020001733365496933, 'no_of_primary_capsules': 32, 'primary_capsule_vector': 8, 'no_of_secondary_capsules': 10}
Validation loss is not decreasing anymore, risk of overfitting the model after 8 epochs. The training will be stopped. This behavior can be modified by setting the early_stop property of the model to False
Fitting individual 5/19 with genotype {'epochs': 5, 'r': 2, 'no_of_conv_kernels': 128, 'secondary_capsule_vector': 43, 'dense_1': 768, 'dense_2': 768, 'epsilon': 0.09102319699384631, 'm_plus': 0.951390246417412, 'm_minus': 0.14740903302460404, 'lambda_': 0.9707795248619209, 'alpha': 0.0025963507683407264, 'no_of_primary_capsules': 32, 'primary_capsule_vector': 8, 'no_of_secondary_capsules': 10}
Fitting individual 6/19 with genotype {'epochs': 2, 'r': 2, 'no_of_conv_kernels': 32, 'secondary_capsule_vector': 15, 'dense_1': 128, 'dense_2': 768, 'epsilon': 0.08478112855324292, 'm_plus': 0.9834766379252852, 'm_minus': 0.053625299934916805, 'lambda_': 0.4200052443154796, 'alpha': 0.002282203598925124, 'no_of_primary_capsules': 32, 'primary_capsule_vector': 8, 'no_of_secondary_capsules': 10}
Fitting individual 7/19 with genotype {'epochs': 3, 'r': 2, 'no_of_conv_kernels': 128, 'secondary_capsule_vector': 41, 'dense_1': 768, 'dense_2': 256, 'epsilon': 0.028039421728919094, 'm_plus': 0.9038859194018989, 'm_minus': 0.19269049127478116, 'lambda_': 0.5419146173488955, 'alpha': 0.007343131650845714, 'no_of_primary_capsules': 32, 'primary_capsule_vector': 8, 'no_of_secondary_capsules': 10}
Fitting individual 8/19 with genotype {'epochs': 5, 'r': 4, 'no_of_conv_kernels': 32, 'secondary_capsule_vector': 20, 'dense_1': 768, 'dense_2': 1792, 'epsilon': 0.047719030520559425, 'm_plus': 0.9174183875644236, 'm_minus': 0.0626228348625788, 'lambda_': 0.8833077345601589, 'alpha': 0.001291027211386844, 'no_of_primary_capsules': 32, 'primary_capsule_vector': 8, 'no_of_secondary_capsules': 10}
Fitting individual 9/19 with genotype {'epochs': 1, 'r': 3, 'no_of_conv_kernels': 32, 'secondary_capsule_vector': 18, 'dense_1': 128, 'dense_2': 1536, 'epsilon': 0.0523702914827628, 'm_plus': 0.9430366891876418, 'm_minus': 0.06980183243202624, 'lambda_': 0.974500419674581, 'alpha': 0.009875346339382052, 'no_of_primary_capsules': 32, 'primary_capsule_vector': 8, 'no_of_secondary_capsules': 10}
Fitting individual 10/19 with genotype {'epochs': 2, 'r': 4, 'no_of_conv_kernels': 64, 'secondary_capsule_vector': 42, 'dense_1': 128, 'dense_2': 512, 'epsilon': 0.03511889620605091, 'm_plus': 0.912736605878009, 'm_minus': 0.08680711841120445, 'lambda_': 0.7146124730697551, 'alpha': 0.007690845899888553, 'no_of_primary_capsules': 32, 'primary_capsule_vector': 8, 'no_of_secondary_capsules': 10}
Fitting individual 11/19 with genotype {'epochs': 9, 'r': 2, 'no_of_conv_kernels': 64, 'secondary_capsule_vector': 4, 'dense_1': 512, 'dense_2': 1536, 'epsilon': 0.04999446270025716, 'm_plus': 0.9623472847238512, 'm_minus': 0.14740903302460404, 'lambda_': 0.9707795248619209, 'alpha': 0.0025963507683407264, 'no_of_primary_capsules': 32, 'primary_capsule_vector': 8, 'no_of_secondary_capsules': 10}
Validation loss is not decreasing anymore, risk of overfitting the model after 9 epochs. The training will be stopped. This behavior can be modified by setting the early_stop property of the model to False
Fitting individual 12/19 with genotype {'epochs': 5, 'r': 2, 'no_of_conv_kernels': 128, 'secondary_capsule_vector': 43, 'dense_1': 768, 'dense_2': 768, 'epsilon': 0.09102319699384631, 'm_plus': 0.951390246417412, 'm_minus': 0.09102258594294105, 'lambda_': 0.31292507486190235, 'alpha': 0.00010288996938087522, 'no_of_primary_capsules': 32, 'primary_capsule_vector': 8, 'no_of_secondary_capsules': 10}
Fitting individual 13/19 with genotype {'epochs': 9, 'r': 2, 'no_of_conv_kernels': 64, 'secondary_capsule_vector': 4, 'dense_1': 512, 'dense_2': 1536, 'epsilon': 0.04999446270025716, 'm_plus': 0.9623472847238512, 'm_minus': 0.06980183243202624, 'lambda_': 0.974500419674581, 'alpha': 0.009875346339382052, 'no_of_primary_capsules': 32, 'primary_capsule_vector': 8, 'no_of_secondary_capsules': 10}
Fitting individual 14/19 with genotype {'epochs': 1, 'r': 3, 'no_of_conv_kernels': 32, 'secondary_capsule_vector': 18, 'dense_1': 128, 'dense_2': 1536, 'epsilon': 0.0523702914827628, 'm_plus': 0.9430366891876418, 'm_minus': 0.09102258594294105, 'lambda_': 0.31292507486190235, 'alpha': 0.00010288996938087522, 'no_of_primary_capsules': 32, 'primary_capsule_vector': 8, 'no_of_secondary_capsules': 10}
Fitting individual 15/19 with genotype {'epochs': 5, 'r': 4, 'no_of_conv_kernels': 32, 'secondary_capsule_vector': 20, 'dense_1': 768, 'dense_2': 1792, 'epsilon': 0.047719030520559425, 'm_plus': 0.9174183875644236, 'm_minus': 0.0626228348625788, 'lambda_': 0.8833077345601589, 'alpha': 0.001291027211386844, 'no_of_primary_capsules': 32, 'primary_capsule_vector': 8, 'no_of_secondary_capsules': 10}
Fitting individual 16/19 with genotype {'epochs': 3, 'r': 2, 'no_of_conv_kernels': 128, 'secondary_capsule_vector': 41, 'dense_1': 768, 'dense_2': 256, 'epsilon': 0.028039421728919094, 'm_plus': 0.9038859194018989, 'm_minus': 0.19269049127478116, 'lambda_': 0.5419146173488955, 'alpha': 0.007343131650845714, 'no_of_primary_capsules': 32, 'primary_capsule_vector': 8, 'no_of_secondary_capsules': 10}
Fitting individual 17/19 with genotype {'epochs': 3, 'r': 2, 'no_of_conv_kernels': 128, 'secondary_capsule_vector': 41, 'dense_1': 768, 'dense_2': 256, 'epsilon': 0.028039421728919094, 'm_plus': 0.9038859194018989, 'm_minus': 0.19269049127478116, 'lambda_': 0.5419146173488955, 'alpha': 0.007343131650845714, 'no_of_primary_capsules': 32, 'primary_capsule_vector': 8, 'no_of_secondary_capsules': 10}
Fitting individual 18/19 with genotype {'epochs': 5, 'r': 2, 'no_of_conv_kernels': 128, 'secondary_capsule_vector': 43, 'dense_1': 768, 'dense_2': 768, 'epsilon': 0.09102319699384631, 'm_plus': 0.951390246417412, 'm_minus': 0.14740903302460404, 'lambda_': 0.9707795248619209, 'alpha': 0.0025963507683407264, 'no_of_primary_capsules': 32, 'primary_capsule_vector': 8, 'no_of_secondary_capsules': 10}
Fitting individual 19/19 with genotype {'epochs': 9, 'r': 2, 'no_of_conv_kernels': 64, 'secondary_capsule_vector': 4, 'dense_1': 512, 'dense_2': 1536, 'epsilon': 0.04999446270025716, 'm_plus': 0.9623472847238512, 'm_minus': 0.09102258594294105, 'lambda_': 0.31292507486190235, 'alpha': 0.00010288996938087522, 'no_of_primary_capsules': 32, 'primary_capsule_vector': 8, 'no_of_secondary_capsules': 10}
Len of pop after selection : 10
=== Generation 3/10
Len of pop before manipulations : 10
crossover created 8 offspring(s)
mutation created 0 offspring(s)
local search created 3 offspring(s)
Len of pop after manipulations : 21
Fitting individual 1/21 with genotype {'epochs': 5, 'r': 2, 'no_of_conv_kernels': 128, 'secondary_capsule_vector': 43, 'dense_1': 512, 'dense_2': 768, 'epsilon': 0.00935957092787254, 'm_plus': 0.9193104740950231, 'm_minus': 0.14437036585170915, 'lambda_': 0.5351790776519638, 'alpha': 0.007749739953908195, 'no_of_primary_capsules': 32, 'primary_capsule_vector': 8, 'no_of_secondary_capsules': 10}
Fitting individual 2/21 with genotype {'epochs': 8, 'r': 2, 'no_of_conv_kernels': 128, 'secondary_capsule_vector': 36, 'dense_1': 256, 'dense_2': 768, 'epsilon': 0.09593070028244832, 'm_plus': 0.9787232262815474, 'm_minus': 0.10380772320269281, 'lambda_': 0.29550548928574516, 'alpha': 0.0015438641096915935, 'no_of_primary_capsules': 32, 'primary_capsule_vector': 8, 'no_of_secondary_capsules': 10}
Fitting individual 3/21 with genotype {'epochs': 5, 'r': 2, 'no_of_conv_kernels': 128, 'secondary_capsule_vector': 43, 'dense_1': 768, 'dense_2': 768, 'epsilon': 0.09102319699384631, 'm_plus': 0.951390246417412, 'm_minus': 0.14740903302460404, 'lambda_': 0.9707795248619209, 'alpha': 0.0025963507683407264, 'no_of_primary_capsules': 32, 'primary_capsule_vector': 8, 'no_of_secondary_capsules': 10}
Fitting individual 4/21 with genotype {'epochs': 8, 'r': 2, 'no_of_conv_kernels': 3, 'secondary_capsule_vector': 4, 'dense_1': 512, 'dense_2': 1536, 'epsilon': 0.04999446270025716, 'm_plus': 0.9623472847238512, 'm_minus': 0.09102258594294105, 'lambda_': 0.31292507486190235, 'alpha': 0.00010288996938087522, 'no_of_primary_capsules': 32, 'primary_capsule_vector': 8, 'no_of_secondary_capsules': 10}
Fitting individual 5/21 with genotype {'epochs': 8, 'r': 3, 'no_of_conv_kernels': 128, 'secondary_capsule_vector': 40, 'dense_1': 512, 'dense_2': 768, 'epsilon': 0.054867120379071224, 'm_plus': 0.9485196938865132, 'm_minus': 0.09892606699706, 'lambda_': 0.873144568710448, 'alpha': 0.00020001733365496933, 'no_of_primary_capsules': 32, 'primary_capsule_vector': 8, 'no_of_secondary_capsules': 10}
Fitting individual 6/21 with genotype {'epochs': 2, 'r': 2, 'no_of_conv_kernels': 32, 'secondary_capsule_vector': 15, 'dense_1': 128, 'dense_2': 768, 'epsilon': 0.08478112855324292, 'm_plus': 0.9834766379252852, 'm_minus': 0.053625299934916805, 'lambda_': 0.4200052443154796, 'alpha': 0.002282203598925124, 'no_of_primary_capsules': 32, 'primary_capsule_vector': 8, 'no_of_secondary_capsules': 10}
Fitting individual 7/21 with genotype {'epochs': 3, 'r': 2, 'no_of_conv_kernels': 128, 'secondary_capsule_vector': 41, 'dense_1': 768, 'dense_2': 256, 'epsilon': 0.028039421728919094, 'm_plus': 0.9038859194018989, 'm_minus': 0.19269049127478116, 'lambda_': 0.5419146173488955, 'alpha': 0.007343131650845714, 'no_of_primary_capsules': 32, 'primary_capsule_vector': 8, 'no_of_secondary_capsules': 10}
Fitting individual 8/21 with genotype {'epochs': 5, 'r': 4, 'no_of_conv_kernels': 32, 'secondary_capsule_vector': 20, 'dense_1': 768, 'dense_2': 1792, 'epsilon': 0.047719030520559425, 'm_plus': 0.9174183875644236, 'm_minus': 0.0626228348625788, 'lambda_': 0.8833077345601589, 'alpha': 0.001291027211386844, 'no_of_primary_capsules': 32, 'primary_capsule_vector': 8, 'no_of_secondary_capsules': 10}
Fitting individual 9/21 with genotype {'epochs': 1, 'r': 3, 'no_of_conv_kernels': 32, 'secondary_capsule_vector': 18, 'dense_1': 128, 'dense_2': 1536, 'epsilon': 0.0523702914827628, 'm_plus': 0.9430366891876418, 'm_minus': 0.06980183243202624, 'lambda_': 0.974500419674581, 'alpha': 0.0001, 'no_of_primary_capsules': 32, 'primary_capsule_vector': 8, 'no_of_secondary_capsules': 10}
Fitting individual 10/21 with genotype {'epochs': 2, 'r': 4, 'no_of_conv_kernels': 64, 'secondary_capsule_vector': 42, 'dense_1': 128, 'dense_2': 512, 'epsilon': 0.03511889620605091, 'm_plus': 0.912736605878009, 'm_minus': 0.08680711841120445, 'lambda_': 0.7146124730697551, 'alpha': 0.007690845899888553, 'no_of_primary_capsules': 32, 'primary_capsule_vector': 8, 'no_of_secondary_capsules': 10}
Fitting individual 11/21 with genotype {'epochs': 2, 'r': 2, 'no_of_conv_kernels': 32, 'secondary_capsule_vector': 15, 'dense_1': 128, 'dense_2': 768, 'epsilon': 0.08478112855324292, 'm_plus': 0.9834766379252852, 'm_minus': 0.053625299934916805, 'lambda_': 0.4200052443154796, 'alpha': 0.00010288996938087522, 'no_of_primary_capsules': 32, 'primary_capsule_vector': 8, 'no_of_secondary_capsules': 10}
Fitting individual 12/21 with genotype {'epochs': 8, 'r': 2, 'no_of_conv_kernels': 64, 'secondary_capsule_vector': 4, 'dense_1': 512, 'dense_2': 1536, 'epsilon': 0.04999446270025716, 'm_plus': 0.9623472847238512, 'm_minus': 0.09102258594294105, 'lambda_': 0.31292507486190235, 'alpha': 0.002282203598925124, 'no_of_primary_capsules': 32, 'primary_capsule_vector': 8, 'no_of_secondary_capsules': 10}
Fitting individual 13/21 with genotype {'epochs': 8, 'r': 3, 'no_of_conv_kernels': 128, 'secondary_capsule_vector': 40, 'dense_1': 512, 'dense_2': 768, 'epsilon': 0.054867120379071224, 'm_plus': 0.9485196938865132, 'm_minus': 0.08680711841120445, 'lambda_': 0.7146124730697551, 'alpha': 0.007690845899888553, 'no_of_primary_capsules': 32, 'primary_capsule_vector': 8, 'no_of_secondary_capsules': 10}
Validation loss is not decreasing anymore, risk of overfitting the model after 4 epochs. The training will be stopped. This behavior can be modified by setting the early_stop property of the model to False
Fitting individual 14/21 with genotype {'epochs': 2, 'r': 4, 'no_of_conv_kernels': 64, 'secondary_capsule_vector': 42, 'dense_1': 128, 'dense_2': 512, 'epsilon': 0.03511889620605091, 'm_plus': 0.912736605878009, 'm_minus': 0.09892606699706, 'lambda_': 0.873144568710448, 'alpha': 0.00020001733365496933, 'no_of_primary_capsules': 32, 'primary_capsule_vector': 8, 'no_of_secondary_capsules': 10}
Fitting individual 15/21 with genotype {'epochs': 5, 'r': 2, 'no_of_conv_kernels': 32, 'secondary_capsule_vector': 15, 'dense_1': 128, 'dense_2': 768, 'epsilon': 0.08478112855324292, 'm_plus': 0.9834766379252852, 'm_minus': 0.053625299934916805, 'lambda_': 0.4200052443154796, 'alpha': 0.002282203598925124, 'no_of_primary_capsules': 32, 'primary_capsule_vector': 8, 'no_of_secondary_capsules': 10}
Fitting individual 16/21 with genotype {'epochs': 2, 'r': 2, 'no_of_conv_kernels': 128, 'secondary_capsule_vector': 43, 'dense_1': 768, 'dense_2': 768, 'epsilon': 0.09102319699384631, 'm_plus': 0.951390246417412, 'm_minus': 0.14740903302460404, 'lambda_': 0.9707795248619209, 'alpha': 0.0025963507683407264, 'no_of_primary_capsules': 32, 'primary_capsule_vector': 8, 'no_of_secondary_capsules': 10}
Fitting individual 17/21 with genotype {'epochs': 3, 'r': 2, 'no_of_conv_kernels': 128, 'secondary_capsule_vector': 41, 'dense_1': 768, 'dense_2': 256, 'epsilon': 0.028039421728919094, 'm_plus': 0.9038859194018989, 'm_minus': 0.19269049127478116, 'lambda_': 0.5419146173488955, 'alpha': 0.0015438641096915935, 'no_of_primary_capsules': 32, 'primary_capsule_vector': 8, 'no_of_secondary_capsules': 10}
Fitting individual 18/21 with genotype {'epochs': 8, 'r': 2, 'no_of_conv_kernels': 128, 'secondary_capsule_vector': 36, 'dense_1': 256, 'dense_2': 768, 'epsilon': 0.09593070028244832, 'm_plus': 0.9197330627010414, 'm_minus': 0.10380772320269281, 'lambda_': 0.29550548928574516, 'alpha': 0.007343131650845714, 'no_of_primary_capsules': 32, 'primary_capsule_vector': 8, 'no_of_secondary_capsules': 10}
Fitting individual 19/21 with genotype {'epochs': 1, 'r': 3, 'no_of_conv_kernels': 32, 'secondary_capsule_vector': 18, 'dense_1': 128, 'dense_2': 1536, 'epsilon': 0.0523702914827628, 'm_plus': 0.9430366891876418, 'm_minus': 0.06980183243202624, 'lambda_': 0.974500419674581, 'alpha': 0.0001, 'no_of_primary_capsules': 32, 'primary_capsule_vector': 8, 'no_of_secondary_capsules': 10}
Fitting individual 20/21 with genotype {'epochs': 8, 'r': 2, 'no_of_conv_kernels': 3, 'secondary_capsule_vector': 4, 'dense_1': 512, 'dense_2': 1536, 'epsilon': 0.04999446270025716, 'm_plus': 0.9623472847238512, 'm_minus': 0.09102258594294105, 'lambda_': 0.31292507486190235, 'alpha': 0.00010288996938087522, 'no_of_primary_capsules': 32, 'primary_capsule_vector': 8, 'no_of_secondary_capsules': 10}
Fitting individual 21/21 with genotype {'epochs': 8, 'r': 2, 'no_of_conv_kernels': 128, 'secondary_capsule_vector': 36, 'dense_1': 256, 'dense_2': 768, 'epsilon': 0.09593070028244832, 'm_plus': 0.9787232262815474, 'm_minus': 0.10380772320269281, 'lambda_': 0.29550548928574516, 'alpha': 0.0015438641096915935, 'no_of_primary_capsules': 32, 'primary_capsule_vector': 8, 'no_of_secondary_capsules': 10}
Len of pop after selection : 10
=== Generation 4/10
Len of pop before manipulations : 10
crossover created 10 offspring(s)
mutation created 2 offspring(s)
local search created 2 offspring(s)
Len of pop after manipulations : 24
Fitting individual 1/24 with genotype {'epochs': 8, 'r': 2, 'no_of_conv_kernels': 128, 'secondary_capsule_vector': 36, 'dense_1': 256, 'dense_2': 768, 'epsilon': 0.09593070028244832, 'm_plus': 0.9787232262815474, 'm_minus': 0.10380772320269281, 'lambda_': 0.29550548928574516, 'alpha': 0.0015438641096915935, 'no_of_primary_capsules': 32, 'primary_capsule_vector': 8, 'no_of_secondary_capsules': 10}
Fitting individual 2/24 with genotype {'epochs': 5, 'r': 2, 'no_of_conv_kernels': 128, 'secondary_capsule_vector': 43, 'dense_1': 768, 'dense_2': 768, 'epsilon': 0.09102319699384631, 'm_plus': 0.951390246417412, 'm_minus': 0.14740903302460404, 'lambda_': 0.9707795248619209, 'alpha': 0.0025963507683407264, 'no_of_primary_capsules': 32, 'primary_capsule_vector': 8, 'no_of_secondary_capsules': 10}
Fitting individual 3/24 with genotype {'epochs': 3, 'r': 2, 'no_of_conv_kernels': 128, 'secondary_capsule_vector': 41, 'dense_1': 768, 'dense_2': 256, 'epsilon': 0.028039421728919094, 'm_plus': 0.9038859194018989, 'm_minus': 0.19269049127478116, 'lambda_': 0.5419146173488955, 'alpha': 0.007343131650845714, 'no_of_primary_capsules': 32, 'primary_capsule_vector': 8, 'no_of_secondary_capsules': 10}
Fitting individual 4/24 with genotype {'epochs': 5, 'r': 2, 'no_of_conv_kernels': 128, 'secondary_capsule_vector': 43, 'dense_1': 512, 'dense_2': 768, 'epsilon': 0.00935957092787254, 'm_plus': 0.9193104740950231, 'm_minus': 0.14437036585170915, 'lambda_': 0.5351790776519638, 'alpha': 0.007749739953908195, 'no_of_primary_capsules': 32, 'primary_capsule_vector': 8, 'no_of_secondary_capsules': 10}
Fitting individual 5/24 with genotype {'epochs': 8, 'r': 3, 'no_of_conv_kernels': 128, 'secondary_capsule_vector': 45, 'dense_1': 512, 'dense_2': 768, 'epsilon': 0.054867120379071224, 'm_plus': 0.9485196938865132, 'm_minus': 0.09892606699706, 'lambda_': 0.873144568710448, 'alpha': 0.00020001733365496933, 'no_of_primary_capsules': 32, 'primary_capsule_vector': 8, 'no_of_secondary_capsules': 10}
Validation loss is not decreasing anymore, risk of overfitting the model after 5 epochs. The training will be stopped. This behavior can be modified by setting the early_stop property of the model to False
Fitting individual 6/24 with genotype {'epochs': 2, 'r': 2, 'no_of_conv_kernels': 32, 'secondary_capsule_vector': 15, 'dense_1': 128, 'dense_2': 768, 'epsilon': 0.08478112855324292, 'm_plus': 0.9834766379252852, 'm_minus': 0.053625299934916805, 'lambda_': 0.4200052443154796, 'alpha': 0.002282203598925124, 'no_of_primary_capsules': 32, 'primary_capsule_vector': 8, 'no_of_secondary_capsules': 10}
Fitting individual 7/24 with genotype {'epochs': 2, 'r': 4, 'no_of_conv_kernels': 64, 'secondary_capsule_vector': 42, 'dense_1': 128, 'dense_2': 512, 'epsilon': 0.03511889620605091, 'm_plus': 0.912736605878009, 'm_minus': 0.08680711841120445, 'lambda_': 0.7146124730697551, 'alpha': 0.007690845899888553, 'no_of_primary_capsules': 32, 'primary_capsule_vector': 8, 'no_of_secondary_capsules': 10}
Fitting individual 8/24 with genotype {'epochs': 8, 'r': 2, 'no_of_conv_kernels': 3, 'secondary_capsule_vector': 4, 'dense_1': 512, 'dense_2': 1536, 'epsilon': 0.04999446270025716, 'm_plus': 0.9623472847238512, 'm_minus': 0.09102258594294105, 'lambda_': 0.31292507486190235, 'alpha': 0.00010288996938087522, 'no_of_primary_capsules': 32, 'primary_capsule_vector': 8, 'no_of_secondary_capsules': 10}
Fitting individual 9/24 with genotype {'epochs': 5, 'r': 4, 'no_of_conv_kernels': 32, 'secondary_capsule_vector': 20, 'dense_1': 768, 'dense_2': 1792, 'epsilon': 0.047719030520559425, 'm_plus': 0.9174183875644236, 'm_minus': 0.0626228348625788, 'lambda_': 0.9035010910638733, 'alpha': 0.001291027211386844, 'no_of_primary_capsules': 32, 'primary_capsule_vector': 8, 'no_of_secondary_capsules': 10}
Fitting individual 10/24 with genotype {'epochs': 1, 'r': 3, 'no_of_conv_kernels': 32, 'secondary_capsule_vector': 18, 'dense_1': 128, 'dense_2': 1536, 'epsilon': 0.0523702914827628, 'm_plus': 0.9430366891876418, 'm_minus': 0.06980183243202624, 'lambda_': 0.974500419674581, 'alpha': 0.0001, 'no_of_primary_capsules': 32, 'primary_capsule_vector': 8, 'no_of_secondary_capsules': 10}
Fitting individual 11/24 with genotype {'epochs': 5, 'r': 4, 'no_of_conv_kernels': 32, 'secondary_capsule_vector': 20, 'dense_1': 768, 'dense_2': 768, 'epsilon': 0.09102319699384631, 'm_plus': 0.951390246417412, 'm_minus': 0.14740903302460404, 'lambda_': 0.9707795248619209, 'alpha': 0.0025963507683407264, 'no_of_primary_capsules': 32, 'primary_capsule_vector': 8, 'no_of_secondary_capsules': 10}
Fitting individual 12/24 with genotype {'epochs': 5, 'r': 2, 'no_of_conv_kernels': 128, 'secondary_capsule_vector': 43, 'dense_1': 768, 'dense_2': 1792, 'epsilon': 0.047719030520559425, 'm_plus': 0.9174183875644236, 'm_minus': 0.0626228348625788, 'lambda_': 0.8833077345601589, 'alpha': 0.001291027211386844, 'no_of_primary_capsules': 32, 'primary_capsule_vector': 8, 'no_of_secondary_capsules': 10}
Fitting individual 13/24 with genotype {'epochs': 5, 'r': 2, 'no_of_conv_kernels': 128, 'secondary_capsule_vector': 43, 'dense_1': 256, 'dense_2': 768, 'epsilon': 0.09593070028244832, 'm_plus': 0.9787232262815474, 'm_minus': 0.10380772320269281, 'lambda_': 0.29550548928574516, 'alpha': 0.0015438641096915935, 'no_of_primary_capsules': 32, 'primary_capsule_vector': 8, 'no_of_secondary_capsules': 10}
Fitting individual 14/24 with genotype {'epochs': 8, 'r': 2, 'no_of_conv_kernels': 128, 'secondary_capsule_vector': 36, 'dense_1': 512, 'dense_2': 768, 'epsilon': 0.00935957092787254, 'm_plus': 0.9193104740950231, 'm_minus': 0.14437036585170915, 'lambda_': 0.5351790776519638, 'alpha': 0.007749739953908195, 'no_of_primary_capsules': 32, 'primary_capsule_vector': 8, 'no_of_secondary_capsules': 10}
Fitting individual 15/24 with genotype {'epochs': 2, 'r': 4, 'no_of_conv_kernels': 64, 'secondary_capsule_vector': 42, 'dense_1': 128, 'dense_2': 512, 'epsilon': 0.03511889620605091, 'm_plus': 0.9485196938865132, 'm_minus': 0.09892606699706, 'lambda_': 0.873144568710448, 'alpha': 0.00020001733365496933, 'no_of_primary_capsules': 32, 'primary_capsule_vector': 8, 'no_of_secondary_capsules': 10}
Fitting individual 16/24 with genotype {'epochs': 8, 'r': 3, 'no_of_conv_kernels': 128, 'secondary_capsule_vector': 40, 'dense_1': 512, 'dense_2': 768, 'epsilon': 0.054867120379071224, 'm_plus': 0.912736605878009, 'm_minus': 0.08680711841120445, 'lambda_': 0.7146124730697551, 'alpha': 0.007690845899888553, 'no_of_primary_capsules': 32, 'primary_capsule_vector': 8, 'no_of_secondary_capsules': 10}
Validation loss is not decreasing anymore, risk of overfitting the model after 8 epochs. The training will be stopped. This behavior can be modified by setting the early_stop property of the model to False
Fitting individual 17/24 with genotype {'epochs': 8, 'r': 2, 'no_of_conv_kernels': 3, 'secondary_capsule_vector': 4, 'dense_1': 512, 'dense_2': 1536, 'epsilon': 0.047719030520559425, 'm_plus': 0.9174183875644236, 'm_minus': 0.0626228348625788, 'lambda_': 0.8833077345601589, 'alpha': 0.001291027211386844, 'no_of_primary_capsules': 32, 'primary_capsule_vector': 8, 'no_of_secondary_capsules': 10}
Fitting individual 18/24 with genotype {'epochs': 5, 'r': 4, 'no_of_conv_kernels': 32, 'secondary_capsule_vector': 20, 'dense_1': 768, 'dense_2': 1792, 'epsilon': 0.04999446270025716, 'm_plus': 0.9623472847238512, 'm_minus': 0.09102258594294105, 'lambda_': 0.31292507486190235, 'alpha': 0.00010288996938087522, 'no_of_primary_capsules': 32, 'primary_capsule_vector': 8, 'no_of_secondary_capsules': 10}
Fitting individual 19/24 with genotype {'epochs': 8, 'r': 2, 'no_of_conv_kernels': 128, 'secondary_capsule_vector': 36, 'dense_1': 256, 'dense_2': 1536, 'epsilon': 0.04999446270025716, 'm_plus': 0.9623472847238512, 'm_minus': 0.09102258594294105, 'lambda_': 0.31292507486190235, 'alpha': 0.00010288996938087522, 'no_of_primary_capsules': 32, 'primary_capsule_vector': 8, 'no_of_secondary_capsules': 10}
Fitting individual 20/24 with genotype {'epochs': 8, 'r': 2, 'no_of_conv_kernels': 3, 'secondary_capsule_vector': 4, 'dense_1': 512, 'dense_2': 768, 'epsilon': 0.09593070028244832, 'm_plus': 0.9787232262815474, 'm_minus': 0.10380772320269281, 'lambda_': 0.29550548928574516, 'alpha': 0.0015438641096915935, 'no_of_primary_capsules': 32, 'primary_capsule_vector': 8, 'no_of_secondary_capsules': 10}
Fitting individual 21/24 with genotype {'epochs': 8, 'r': 3, 'no_of_conv_kernels': 128, 'secondary_capsule_vector': 45, 'dense_1': 512, 'dense_2': 768, 'epsilon': 0.054867120379071224, 'm_plus': 0.9485196938865132, 'm_minus': 0.09892606699706, 'lambda_': 0.873144568710448, 'alpha': 0.00020001733365496933, 'no_of_primary_capsules': 32, 'primary_capsule_vector': 8, 'no_of_secondary_capsules': 10}
Validation loss is not decreasing anymore, risk of overfitting the model after 5 epochs. The training will be stopped. This behavior can be modified by setting the early_stop property of the model to False
Fitting individual 22/24 with genotype {'epochs': 8, 'r': 3, 'no_of_conv_kernels': 128, 'secondary_capsule_vector': 45, 'dense_1': 512, 'dense_2': 768, 'epsilon': 0.054867120379071224, 'm_plus': 0.9485196938865132, 'm_minus': 0.09892606699706, 'lambda_': 0.873144568710448, 'alpha': 0.00020001733365496933, 'no_of_primary_capsules': 32, 'primary_capsule_vector': 8, 'no_of_secondary_capsules': 10}
Validation loss is not decreasing anymore, risk of overfitting the model after 8 epochs. The training will be stopped. This behavior can be modified by setting the early_stop property of the model to False
Fitting individual 23/24 with genotype {'epochs': 5, 'r': 4, 'no_of_conv_kernels': 32, 'secondary_capsule_vector': 20, 'dense_1': 768, 'dense_2': 1792, 'epsilon': 0.047719030520559425, 'm_plus': 0.9174183875644236, 'm_minus': 0.0626228348625788, 'lambda_': 0.9035010910638733, 'alpha': 0.001291027211386844, 'no_of_primary_capsules': 32, 'primary_capsule_vector': 8, 'no_of_secondary_capsules': 10}
Fitting individual 24/24 with genotype {'epochs': 5, 'r': 4, 'no_of_conv_kernels': 32, 'secondary_capsule_vector': 20, 'dense_1': 768, 'dense_2': 1792, 'epsilon': 0.047719030520559425, 'm_plus': 0.9174183875644236, 'm_minus': 0.0626228348625788, 'lambda_': 0.9035010910638733, 'alpha': 0.001291027211386844, 'no_of_primary_capsules': 32, 'primary_capsule_vector': 8, 'no_of_secondary_capsules': 10}
Len of pop after selection : 10
=== Generation 5/10
Len of pop before manipulations : 10
crossover created 8 offspring(s)
mutation created 1 offspring(s)
local search created 2 offspring(s)
Len of pop after manipulations : 21
Fitting individual 1/21 with genotype {'epochs': 8, 'r': 2, 'no_of_conv_kernels': 128, 'secondary_capsule_vector': 36, 'dense_1': 256, 'dense_2': 768, 'epsilon': 0.09593070028244832, 'm_plus': 0.9787232262815474, 'm_minus': 0.10380772320269281, 'lambda_': 0.29550548928574516, 'alpha': 0.0015438641096915935, 'no_of_primary_capsules': 32, 'primary_capsule_vector': 8, 'no_of_secondary_capsules': 10}
Fitting individual 2/21 with genotype {'epochs': 5, 'r': 2, 'no_of_conv_kernels': 128, 'secondary_capsule_vector': 43, 'dense_1': 512, 'dense_2': 768, 'epsilon': 0.00935957092787254, 'm_plus': 0.9193104740950231, 'm_minus': 0.14437036585170915, 'lambda_': 0.5351790776519638, 'alpha': 0.007749739953908195, 'no_of_primary_capsules': 32, 'primary_capsule_vector': 8, 'no_of_secondary_capsules': 10}
Fitting individual 3/21 with genotype {'epochs': 5, 'r': 3, 'no_of_conv_kernels': 128, 'secondary_capsule_vector': 45, 'dense_1': 512, 'dense_2': 768, 'epsilon': 0.054867120379071224, 'm_plus': 0.9485196938865132, 'm_minus': 0.146729884284077, 'lambda_': 0.873144568710448, 'alpha': 0.00020001733365496933, 'no_of_primary_capsules': 32, 'primary_capsule_vector': 8, 'no_of_secondary_capsules': 10}
Fitting individual 4/21 with genotype {'epochs': 5, 'r': 2, 'no_of_conv_kernels': 128, 'secondary_capsule_vector': 43, 'dense_1': 768, 'dense_2': 768, 'epsilon': 0.09102319699384631, 'm_plus': 0.951390246417412, 'm_minus': 0.14740903302460404, 'lambda_': 0.9707795248619209, 'alpha': 0.0025963507683407264, 'no_of_primary_capsules': 32, 'primary_capsule_vector': 8, 'no_of_secondary_capsules': 10}
Fitting individual 5/21 with genotype {'epochs': 3, 'r': 2, 'no_of_conv_kernels': 128, 'secondary_capsule_vector': 41, 'dense_1': 768, 'dense_2': 256, 'epsilon': 0.028039421728919094, 'm_plus': 0.9038859194018989, 'm_minus': 0.19269049127478116, 'lambda_': 0.5419146173488955, 'alpha': 0.0001, 'no_of_primary_capsules': 32, 'primary_capsule_vector': 8, 'no_of_secondary_capsules': 10}
Fitting individual 6/21 with genotype {'epochs': 2, 'r': 2, 'no_of_conv_kernels': 32, 'secondary_capsule_vector': 15, 'dense_1': 128, 'dense_2': 768, 'epsilon': 0.08478112855324292, 'm_plus': 0.9834766379252852, 'm_minus': 0.053625299934916805, 'lambda_': 0.4200052443154796, 'alpha': 0.002282203598925124, 'no_of_primary_capsules': 32, 'primary_capsule_vector': 8, 'no_of_secondary_capsules': 10}
Fitting individual 7/21 with genotype {'epochs': 8, 'r': 2, 'no_of_conv_kernels': 3, 'secondary_capsule_vector': 4, 'dense_1': 512, 'dense_2': 1536, 'epsilon': 0.04999446270025716, 'm_plus': 0.9623472847238512, 'm_minus': 0.09102258594294105, 'lambda_': 0.31292507486190235, 'alpha': 0.00010288996938087522, 'no_of_primary_capsules': 32, 'primary_capsule_vector': 8, 'no_of_secondary_capsules': 10}
Fitting individual 8/21 with genotype {'epochs': 5, 'r': 4, 'no_of_conv_kernels': 32, 'secondary_capsule_vector': 20, 'dense_1': 256, 'dense_2': 1792, 'epsilon': 0.047719030520559425, 'm_plus': 0.9174183875644236, 'm_minus': 0.0626228348625788, 'lambda_': 0.9035010910638733, 'alpha': 0.001291027211386844, 'no_of_primary_capsules': 32, 'primary_capsule_vector': 8, 'no_of_secondary_capsules': 10}
Validation loss is not decreasing anymore, risk of overfitting the model after 5 epochs. The training will be stopped. This behavior can be modified by setting the early_stop property of the model to False
Fitting individual 9/21 with genotype {'epochs': 1, 'r': 3, 'no_of_conv_kernels': 32, 'secondary_capsule_vector': 18, 'dense_1': 128, 'dense_2': 1536, 'epsilon': 0.0523702914827628, 'm_plus': 0.9430366891876418, 'm_minus': 0.06980183243202624, 'lambda_': 0.974500419674581, 'alpha': 0.0001, 'no_of_primary_capsules': 32, 'primary_capsule_vector': 8, 'no_of_secondary_capsules': 10}
Fitting individual 10/21 with genotype {'epochs': 2, 'r': 4, 'no_of_conv_kernels': 64, 'secondary_capsule_vector': 42, 'dense_1': 128, 'dense_2': 512, 'epsilon': 0.03511889620605091, 'm_plus': 0.912736605878009, 'm_minus': 0.08680711841120445, 'lambda_': 0.7146124730697551, 'alpha': 0.007690845899888553, 'no_of_primary_capsules': 32, 'primary_capsule_vector': 8, 'no_of_secondary_capsules': 10}
Fitting individual 11/21 with genotype {'epochs': 5, 'r': 2, 'no_of_conv_kernels': 128, 'secondary_capsule_vector': 43, 'dense_1': 128, 'dense_2': 768, 'epsilon': 0.08478112855324292, 'm_plus': 0.9834766379252852, 'm_minus': 0.053625299934916805, 'lambda_': 0.4200052443154796, 'alpha': 0.002282203598925124, 'no_of_primary_capsules': 32, 'primary_capsule_vector': 8, 'no_of_secondary_capsules': 10}
Validation loss is not decreasing anymore, risk of overfitting the model after 5 epochs. The training will be stopped. This behavior can be modified by setting the early_stop property of the model to False
Fitting individual 12/21 with genotype {'epochs': 2, 'r': 2, 'no_of_conv_kernels': 32, 'secondary_capsule_vector': 15, 'dense_1': 768, 'dense_2': 768, 'epsilon': 0.09102319699384631, 'm_plus': 0.951390246417412, 'm_minus': 0.14740903302460404, 'lambda_': 0.9707795248619209, 'alpha': 0.0025963507683407264, 'no_of_primary_capsules': 32, 'primary_capsule_vector': 8, 'no_of_secondary_capsules': 10}
Fitting individual 13/21 with genotype {'epochs': 3, 'r': 2, 'no_of_conv_kernels': 128, 'secondary_capsule_vector': 36, 'dense_1': 256, 'dense_2': 768, 'epsilon': 0.09593070028244832, 'm_plus': 0.9787232262815474, 'm_minus': 0.10380772320269281, 'lambda_': 0.29550548928574516, 'alpha': 0.0015438641096915935, 'no_of_primary_capsules': 32, 'primary_capsule_vector': 8, 'no_of_secondary_capsules': 10}
Fitting individual 14/21 with genotype {'epochs': 8, 'r': 2, 'no_of_conv_kernels': 128, 'secondary_capsule_vector': 41, 'dense_1': 768, 'dense_2': 256, 'epsilon': 0.028039421728919094, 'm_plus': 0.9038859194018989, 'm_minus': 0.19269049127478116, 'lambda_': 0.5419146173488955, 'alpha': 0.007343131650845714, 'no_of_primary_capsules': 32, 'primary_capsule_vector': 8, 'no_of_secondary_capsules': 10}
Fitting individual 15/21 with genotype {'epochs': 5, 'r': 4, 'no_of_conv_kernels': 32, 'secondary_capsule_vector': 20, 'dense_1': 768, 'dense_2': 1792, 'epsilon': 0.047719030520559425, 'm_plus': 0.9174183875644236, 'm_minus': 0.0626228348625788, 'lambda_': 0.9707795248619209, 'alpha': 0.0025963507683407264, 'no_of_primary_capsules': 32, 'primary_capsule_vector': 8, 'no_of_secondary_capsules': 10}
Fitting individual 16/21 with genotype {'epochs': 5, 'r': 2, 'no_of_conv_kernels': 128, 'secondary_capsule_vector': 43, 'dense_1': 768, 'dense_2': 768, 'epsilon': 0.09102319699384631, 'm_plus': 0.951390246417412, 'm_minus': 0.14740903302460404, 'lambda_': 0.9035010910638733, 'alpha': 0.001291027211386844, 'no_of_primary_capsules': 32, 'primary_capsule_vector': 8, 'no_of_secondary_capsules': 10}
Fitting individual 17/21 with genotype {'epochs': 5, 'r': 3, 'no_of_conv_kernels': 128, 'secondary_capsule_vector': 43, 'dense_1': 512, 'dense_2': 768, 'epsilon': 0.00935957092787254, 'm_plus': 0.9193104740950231, 'm_minus': 0.14437036585170915, 'lambda_': 0.5351790776519638, 'alpha': 0.007749739953908195, 'no_of_primary_capsules': 32, 'primary_capsule_vector': 8, 'no_of_secondary_capsules': 10}
Fitting individual 18/21 with genotype {'epochs': 5, 'r': 2, 'no_of_conv_kernels': 128, 'secondary_capsule_vector': 45, 'dense_1': 512, 'dense_2': 768, 'epsilon': 0.054867120379071224, 'm_plus': 0.9485196938865132, 'm_minus': 0.09892606699706, 'lambda_': 0.873144568710448, 'alpha': 0.00020001733365496933, 'no_of_primary_capsules': 32, 'primary_capsule_vector': 8, 'no_of_secondary_capsules': 10}
Fitting individual 19/21 with genotype {'epochs': 5, 'r': 4, 'no_of_conv_kernels': 32, 'secondary_capsule_vector': 20, 'dense_1': 256, 'dense_2': 1792, 'epsilon': 0.047719030520559425, 'm_plus': 0.9174183875644236, 'm_minus': 0.0626228348625788, 'lambda_': 0.9035010910638733, 'alpha': 0.001291027211386844, 'no_of_primary_capsules': 32, 'primary_capsule_vector': 8, 'no_of_secondary_capsules': 10}
Fitting individual 20/21 with genotype {'epochs': 5, 'r': 3, 'no_of_conv_kernels': 128, 'secondary_capsule_vector': 45, 'dense_1': 512, 'dense_2': 768, 'epsilon': 0.054867120379071224, 'm_plus': 0.9485196938865132, 'm_minus': 0.146729884284077, 'lambda_': 0.873144568710448, 'alpha': 0.00020001733365496933, 'no_of_primary_capsules': 32, 'primary_capsule_vector': 8, 'no_of_secondary_capsules': 10}
Fitting individual 21/21 with genotype {'epochs': 3, 'r': 2, 'no_of_conv_kernels': 128, 'secondary_capsule_vector': 41, 'dense_1': 768, 'dense_2': 256, 'epsilon': 0.028039421728919094, 'm_plus': 0.9038859194018989, 'm_minus': 0.19269049127478116, 'lambda_': 0.5419146173488955, 'alpha': 0.0001, 'no_of_primary_capsules': 32, 'primary_capsule_vector': 8, 'no_of_secondary_capsules': 10}
Len of pop after selection : 10
=== Generation 6/10
Len of pop before manipulations : 10
crossover created 10 offspring(s)
mutation created 0 offspring(s)
local search created 2 offspring(s)
Len of pop after manipulations : 22
Fitting individual 1/22 with genotype {'epochs': 8, 'r': 2, 'no_of_conv_kernels': 128, 'secondary_capsule_vector': 36, 'dense_1': 256, 'dense_2': 768, 'epsilon': 0.09593070028244832, 'm_plus': 0.9787232262815474, 'm_minus': 0.10380772320269281, 'lambda_': 0.29550548928574516, 'alpha': 0.0015438641096915935, 'no_of_primary_capsules': 32, 'primary_capsule_vector': 8, 'no_of_secondary_capsules': 10}
Validation loss is not decreasing anymore, risk of overfitting the model after 6 epochs. The training will be stopped. This behavior can be modified by setting the early_stop property of the model to False
Fitting individual 2/22 with genotype {'epochs': 5, 'r': 2, 'no_of_conv_kernels': 128, 'secondary_capsule_vector': 43, 'dense_1': 512, 'dense_2': 768, 'epsilon': 0.00935957092787254, 'm_plus': 0.9193104740950231, 'm_minus': 0.14437036585170915, 'lambda_': 0.5351790776519638, 'alpha': 0.007749739953908195, 'no_of_primary_capsules': 32, 'primary_capsule_vector': 8, 'no_of_secondary_capsules': 10}
Fitting individual 3/22 with genotype {'epochs': 8, 'r': 2, 'no_of_conv_kernels': 3, 'secondary_capsule_vector': 4, 'dense_1': 512, 'dense_2': 1536, 'epsilon': 0.04999446270025716, 'm_plus': 0.9623472847238512, 'm_minus': 0.09102258594294105, 'lambda_': 0.31292507486190235, 'alpha': 0.00010288996938087522, 'no_of_primary_capsules': 32, 'primary_capsule_vector': 8, 'no_of_secondary_capsules': 10}
Fitting individual 4/22 with genotype {'epochs': 5, 'r': 3, 'no_of_conv_kernels': 128, 'secondary_capsule_vector': 45, 'dense_1': 512, 'dense_2': 7, 'epsilon': 0.054867120379071224, 'm_plus': 0.9485196938865132, 'm_minus': 0.146729884284077, 'lambda_': 0.8875455596195972, 'alpha': 0.00020001733365496933, 'no_of_primary_capsules': 32, 'primary_capsule_vector': 8, 'no_of_secondary_capsules': 10}
Fitting individual 5/22 with genotype {'epochs': 5, 'r': 2, 'no_of_conv_kernels': 128, 'secondary_capsule_vector': 43, 'dense_1': 768, 'dense_2': 768, 'epsilon': 0.09102319699384631, 'm_plus': 0.951390246417412, 'm_minus': 0.14740903302460404, 'lambda_': 0.9707795248619209, 'alpha': 0.0025963507683407264, 'no_of_primary_capsules': 32, 'primary_capsule_vector': 8, 'no_of_secondary_capsules': 10}
Fitting individual 6/22 with genotype {'epochs': 3, 'r': 2, 'no_of_conv_kernels': 128, 'secondary_capsule_vector': 41, 'dense_1': 768, 'dense_2': 256, 'epsilon': 0.028039421728919094, 'm_plus': 0.9038859194018989, 'm_minus': 0.19269049127478116, 'lambda_': 0.5419146173488955, 'alpha': 0.0001, 'no_of_primary_capsules': 32, 'primary_capsule_vector': 8, 'no_of_secondary_capsules': 10}
Fitting individual 7/22 with genotype {'epochs': 2, 'r': 2, 'no_of_conv_kernels': 32, 'secondary_capsule_vector': 15, 'dense_1': 128, 'dense_2': 768, 'epsilon': 0.08478112855324292, 'm_plus': 0.9834766379252852, 'm_minus': 0.053625299934916805, 'lambda_': 0.4200052443154796, 'alpha': 0.002282203598925124, 'no_of_primary_capsules': 32, 'primary_capsule_vector': 8, 'no_of_secondary_capsules': 10}
Fitting individual 8/22 with genotype {'epochs': 1, 'r': 3, 'no_of_conv_kernels': 32, 'secondary_capsule_vector': 18, 'dense_1': 128, 'dense_2': 1536, 'epsilon': 0.0523702914827628, 'm_plus': 0.9430366891876418, 'm_minus': 0.06980183243202624, 'lambda_': 0.974500419674581, 'alpha': 0.0001, 'no_of_primary_capsules': 32, 'primary_capsule_vector': 8, 'no_of_secondary_capsules': 10}
Fitting individual 9/22 with genotype {'epochs': 2, 'r': 4, 'no_of_conv_kernels': 64, 'secondary_capsule_vector': 42, 'dense_1': 128, 'dense_2': 512, 'epsilon': 0.03511889620605091, 'm_plus': 0.912736605878009, 'm_minus': 0.08680711841120445, 'lambda_': 0.7146124730697551, 'alpha': 0.007690845899888553, 'no_of_primary_capsules': 32, 'primary_capsule_vector': 8, 'no_of_secondary_capsules': 10}
Fitting individual 10/22 with genotype {'epochs': 5, 'r': 4, 'no_of_conv_kernels': 32, 'secondary_capsule_vector': 20, 'dense_1': 256, 'dense_2': 1792, 'epsilon': 0.047719030520559425, 'm_plus': 0.9174183875644236, 'm_minus': 0.0626228348625788, 'lambda_': 0.9035010910638733, 'alpha': 0.001291027211386844, 'no_of_primary_capsules': 32, 'primary_capsule_vector': 8, 'no_of_secondary_capsules': 10}
Fitting individual 11/22 with genotype {'epochs': 5, 'r': 3, 'no_of_conv_kernels': 128, 'secondary_capsule_vector': 42, 'dense_1': 128, 'dense_2': 512, 'epsilon': 0.03511889620605091, 'm_plus': 0.912736605878009, 'm_minus': 0.08680711841120445, 'lambda_': 0.7146124730697551, 'alpha': 0.007690845899888553, 'no_of_primary_capsules': 32, 'primary_capsule_vector': 8, 'no_of_secondary_capsules': 10}
Fitting individual 12/22 with genotype {'epochs': 2, 'r': 4, 'no_of_conv_kernels': 64, 'secondary_capsule_vector': 45, 'dense_1': 512, 'dense_2': 768, 'epsilon': 0.054867120379071224, 'm_plus': 0.9485196938865132, 'm_minus': 0.146729884284077, 'lambda_': 0.873144568710448, 'alpha': 0.00020001733365496933, 'no_of_primary_capsules': 32, 'primary_capsule_vector': 8, 'no_of_secondary_capsules': 10}
Fitting individual 13/22 with genotype {'epochs': 1, 'r': 3, 'no_of_conv_kernels': 32, 'secondary_capsule_vector': 18, 'dense_1': 256, 'dense_2': 768, 'epsilon': 0.09593070028244832, 'm_plus': 0.9787232262815474, 'm_minus': 0.10380772320269281, 'lambda_': 0.29550548928574516, 'alpha': 0.0015438641096915935, 'no_of_primary_capsules': 32, 'primary_capsule_vector': 8, 'no_of_secondary_capsules': 10}
Fitting individual 14/22 with genotype {'epochs': 8, 'r': 2, 'no_of_conv_kernels': 128, 'secondary_capsule_vector': 36, 'dense_1': 128, 'dense_2': 1536, 'epsilon': 0.0523702914827628, 'm_plus': 0.9430366891876418, 'm_minus': 0.06980183243202624, 'lambda_': 0.974500419674581, 'alpha': 0.0001, 'no_of_primary_capsules': 32, 'primary_capsule_vector': 8, 'no_of_secondary_capsules': 10}
Validation loss is not decreasing anymore, risk of overfitting the model after 8 epochs. The training will be stopped. This behavior can be modified by setting the early_stop property of the model to False
Fitting individual 15/22 with genotype {'epochs': 5, 'r': 2, 'no_of_conv_kernels': 128, 'secondary_capsule_vector': 43, 'dense_1': 512, 'dense_2': 768, 'epsilon': 0.054867120379071224, 'm_plus': 0.9485196938865132, 'm_minus': 0.146729884284077, 'lambda_': 0.873144568710448, 'alpha': 0.00020001733365496933, 'no_of_primary_capsules': 32, 'primary_capsule_vector': 8, 'no_of_secondary_capsules': 10}
Fitting individual 16/22 with genotype {'epochs': 5, 'r': 3, 'no_of_conv_kernels': 128, 'secondary_capsule_vector': 45, 'dense_1': 512, 'dense_2': 768, 'epsilon': 0.00935957092787254, 'm_plus': 0.9193104740950231, 'm_minus': 0.14437036585170915, 'lambda_': 0.5351790776519638, 'alpha': 0.007749739953908195, 'no_of_primary_capsules': 32, 'primary_capsule_vector': 8, 'no_of_secondary_capsules': 10}
Fitting individual 17/22 with genotype {'epochs': 2, 'r': 4, 'no_of_conv_kernels': 64, 'secondary_capsule_vector': 42, 'dense_1': 128, 'dense_2': 768, 'epsilon': 0.08478112855324292, 'm_plus': 0.9834766379252852, 'm_minus': 0.053625299934916805, 'lambda_': 0.4200052443154796, 'alpha': 0.002282203598925124, 'no_of_primary_capsules': 32, 'primary_capsule_vector': 8, 'no_of_secondary_capsules': 10}
Fitting individual 18/22 with genotype {'epochs': 2, 'r': 2, 'no_of_conv_kernels': 32, 'secondary_capsule_vector': 15, 'dense_1': 128, 'dense_2': 512, 'epsilon': 0.03511889620605091, 'm_plus': 0.912736605878009, 'm_minus': 0.08680711841120445, 'lambda_': 0.7146124730697551, 'alpha': 0.007690845899888553, 'no_of_primary_capsules': 32, 'primary_capsule_vector': 8, 'no_of_secondary_capsules': 10}
Fitting individual 19/22 with genotype {'epochs': 5, 'r': 3, 'no_of_conv_kernels': 32, 'secondary_capsule_vector': 15, 'dense_1': 128, 'dense_2': 768, 'epsilon': 0.08478112855324292, 'm_plus': 0.9834766379252852, 'm_minus': 0.053625299934916805, 'lambda_': 0.4200052443154796, 'alpha': 0.002282203598925124, 'no_of_primary_capsules': 32, 'primary_capsule_vector': 8, 'no_of_secondary_capsules': 10}
Fitting individual 20/22 with genotype {'epochs': 2, 'r': 2, 'no_of_conv_kernels': 128, 'secondary_capsule_vector': 45, 'dense_1': 512, 'dense_2': 768, 'epsilon': 0.054867120379071224, 'm_plus': 0.9485196938865132, 'm_minus': 0.146729884284077, 'lambda_': 0.873144568710448, 'alpha': 0.00020001733365496933, 'no_of_primary_capsules': 32, 'primary_capsule_vector': 8, 'no_of_secondary_capsules': 10}
Fitting individual 21/22 with genotype {'epochs': 5, 'r': 3, 'no_of_conv_kernels': 128, 'secondary_capsule_vector': 45, 'dense_1': 512, 'dense_2': 7, 'epsilon': 0.054867120379071224, 'm_plus': 0.9485196938865132, 'm_minus': 0.146729884284077, 'lambda_': 0.8875455596195972, 'alpha': 0.00020001733365496933, 'no_of_primary_capsules': 32, 'primary_capsule_vector': 8, 'no_of_secondary_capsules': 10}
Fitting individual 22/22 with genotype {'epochs': 5, 'r': 3, 'no_of_conv_kernels': 128, 'secondary_capsule_vector': 45, 'dense_1': 512, 'dense_2': 7, 'epsilon': 0.054867120379071224, 'm_plus': 0.9485196938865132, 'm_minus': 0.146729884284077, 'lambda_': 0.8875455596195972, 'alpha': 0.00020001733365496933, 'no_of_primary_capsules': 32, 'primary_capsule_vector': 8, 'no_of_secondary_capsules': 10}
Len of pop after selection : 10
=== Generation 7/10
Len of pop before manipulations : 10
crossover created 10 offspring(s)
mutation created 3 offspring(s)
local search created 2 offspring(s)
Len of pop after manipulations : 25
Fitting individual 1/25 with genotype {'epochs': 7, 'r': 2, 'no_of_conv_kernels': 128, 'secondary_capsule_vector': 36, 'dense_1': 256, 'dense_2': 768, 'epsilon': 0.09593070028244832, 'm_plus': 0.9787232262815474, 'm_minus': 0.10380772320269281, 'lambda_': 0.29550548928574516, 'alpha': 0.0015438641096915935, 'no_of_primary_capsules': 32, 'primary_capsule_vector': 8, 'no_of_secondary_capsules': 10}
Validation loss is not decreasing anymore, risk of overfitting the model after 5 epochs. The training will be stopped. This behavior can be modified by setting the early_stop property of the model to False
Fitting individual 2/25 with genotype {'epochs': 5, 'r': 3, 'no_of_conv_kernels': 128, 'secondary_capsule_vector': 45, 'dense_1': 512, 'dense_2': 7, 'epsilon': 0.054867120379071224, 'm_plus': 0.9485196938865132, 'm_minus': 0.146729884284077, 'lambda_': 0.8875455596195972, 'alpha': 0.00020001733365496933, 'no_of_primary_capsules': 32, 'primary_capsule_vector': 8, 'no_of_secondary_capsules': 10}
Fitting individual 3/25 with genotype {'epochs': 5, 'r': 2, 'no_of_conv_kernels': 128, 'secondary_capsule_vector': 43, 'dense_1': 768, 'dense_2': 768, 'epsilon': 0.09102319699384631, 'm_plus': 0.951390246417412, 'm_minus': 0.14740903302460404, 'lambda_': 0.9707795248619209, 'alpha': 0.0025963507683407264, 'no_of_primary_capsules': 32, 'primary_capsule_vector': 8, 'no_of_secondary_capsules': 10}
Fitting individual 4/25 with genotype {'epochs': 5, 'r': 2, 'no_of_conv_kernels': 128, 'secondary_capsule_vector': 43, 'dense_1': 512, 'dense_2': 768, 'epsilon': 0.00935957092787254, 'm_plus': 0.9193104740950231, 'm_minus': 0.14437036585170915, 'lambda_': 0.5351790776519638, 'alpha': 0.007749739953908195, 'no_of_primary_capsules': 32, 'primary_capsule_vector': 8, 'no_of_secondary_capsules': 10}
Fitting individual 5/25 with genotype {'epochs': 3, 'r': 2, 'no_of_conv_kernels': 128, 'secondary_capsule_vector': 41, 'dense_1': 768, 'dense_2': 256, 'epsilon': 0.028039421728919094, 'm_plus': 0.9038859194018989, 'm_minus': 0.19269049127478116, 'lambda_': 0.5419146173488955, 'alpha': 0.0001, 'no_of_primary_capsules': 32, 'primary_capsule_vector': 8, 'no_of_secondary_capsules': 10}
Fitting individual 6/25 with genotype {'epochs': 5, 'r': 4, 'no_of_conv_kernels': 32, 'secondary_capsule_vector': 20, 'dense_1': 256, 'dense_2': 1792, 'epsilon': 0.047719030520559425, 'm_plus': 0.9174183875644236, 'm_minus': 0.0626228348625788, 'lambda_': 0.6915934305738174, 'alpha': 0.001291027211386844, 'no_of_primary_capsules': 32, 'primary_capsule_vector': 8, 'no_of_secondary_capsules': 10}
Fitting individual 7/25 with genotype {'epochs': 2, 'r': 4, 'no_of_conv_kernels': 64, 'secondary_capsule_vector': 42, 'dense_1': 128, 'dense_2': 512, 'epsilon': 0.03511889620605091, 'm_plus': 0.912736605878009, 'm_minus': 0.08680711841120445, 'lambda_': 0.7146124730697551, 'alpha': 0.007690845899888553, 'no_of_primary_capsules': 32, 'primary_capsule_vector': 8, 'no_of_secondary_capsules': 10}
Fitting individual 8/25 with genotype {'epochs': 2, 'r': 2, 'no_of_conv_kernels': 32, 'secondary_capsule_vector': 15, 'dense_1': 128, 'dense_2': 768, 'epsilon': 0.08478112855324292, 'm_plus': 0.9834766379252852, 'm_minus': 0.053625299934916805, 'lambda_': 0.4200052443154796, 'alpha': 0.002282203598925124, 'no_of_primary_capsules': 32, 'primary_capsule_vector': 8, 'no_of_secondary_capsules': 10}
Fitting individual 9/25 with genotype {'epochs': 8, 'r': 2, 'no_of_conv_kernels': 3, 'secondary_capsule_vector': 4, 'dense_1': 512, 'dense_2': 1536, 'epsilon': 0.04999446270025716, 'm_plus': 0.9623472847238512, 'm_minus': 0.09102258594294105, 'lambda_': 0.31292507486190235, 'alpha': 0.00010288996938087522, 'no_of_primary_capsules': 32, 'primary_capsule_vector': 8, 'no_of_secondary_capsules': 10}
Fitting individual 10/25 with genotype {'epochs': 1, 'r': 3, 'no_of_conv_kernels': 32, 'secondary_capsule_vector': 18, 'dense_1': 128, 'dense_2': 1536, 'epsilon': 0.0523702914827628, 'm_plus': 0.9430366891876418, 'm_minus': 0.06980183243202624, 'lambda_': 0.974500419674581, 'alpha': 0.0001, 'no_of_primary_capsules': 32, 'primary_capsule_vector': 8, 'no_of_secondary_capsules': 10}
Fitting individual 11/25 with genotype {'epochs': 5, 'r': 4, 'no_of_conv_kernels': 32, 'secondary_capsule_vector': 20, 'dense_1': 256, 'dense_2': 1792, 'epsilon': 0.054867120379071224, 'm_plus': 0.9485196938865132, 'm_minus': 0.146729884284077, 'lambda_': 0.8875455596195972, 'alpha': 0.00020001733365496933, 'no_of_primary_capsules': 32, 'primary_capsule_vector': 8, 'no_of_secondary_capsules': 10}
Fitting individual 12/25 with genotype {'epochs': 5, 'r': 3, 'no_of_conv_kernels': 128, 'secondary_capsule_vector': 45, 'dense_1': 512, 'dense_2': 7, 'epsilon': 0.047719030520559425, 'm_plus': 0.9174183875644236, 'm_minus': 0.0626228348625788, 'lambda_': 0.9035010910638733, 'alpha': 0.001291027211386844, 'no_of_primary_capsules': 32, 'primary_capsule_vector': 8, 'no_of_secondary_capsules': 10}
Fitting individual 13/25 with genotype {'epochs': 5, 'r': 3, 'no_of_conv_kernels': 128, 'secondary_capsule_vector': 45, 'dense_1': 512, 'dense_2': 7, 'epsilon': 0.04999446270025716, 'm_plus': 0.9623472847238512, 'm_minus': 0.09102258594294105, 'lambda_': 0.31292507486190235, 'alpha': 0.00010288996938087522, 'no_of_primary_capsules': 32, 'primary_capsule_vector': 8, 'no_of_secondary_capsules': 10}
Fitting individual 14/25 with genotype {'epochs': 8, 'r': 2, 'no_of_conv_kernels': 3, 'secondary_capsule_vector': 4, 'dense_1': 512, 'dense_2': 1536, 'epsilon': 0.054867120379071224, 'm_plus': 0.9485196938865132, 'm_minus': 0.146729884284077, 'lambda_': 0.8875455596195972, 'alpha': 0.00020001733365496933, 'no_of_primary_capsules': 32, 'primary_capsule_vector': 8, 'no_of_secondary_capsules': 10}
Fitting individual 15/25 with genotype {'epochs': 2, 'r': 2, 'no_of_conv_kernels': 32, 'secondary_capsule_vector': 15, 'dense_1': 128, 'dense_2': 768, 'epsilon': 0.08478112855324292, 'm_plus': 0.9834766379252852, 'm_minus': 0.053625299934916805, 'lambda_': 0.9035010910638733, 'alpha': 0.001291027211386844, 'no_of_primary_capsules': 32, 'primary_capsule_vector': 8, 'no_of_secondary_capsules': 10}
Fitting individual 16/25 with genotype {'epochs': 5, 'r': 4, 'no_of_conv_kernels': 32, 'secondary_capsule_vector': 20, 'dense_1': 256, 'dense_2': 1792, 'epsilon': 0.047719030520559425, 'm_plus': 0.9174183875644236, 'm_minus': 0.0626228348625788, 'lambda_': 0.4200052443154796, 'alpha': 0.002282203598925124, 'no_of_primary_capsules': 32, 'primary_capsule_vector': 8, 'no_of_secondary_capsules': 10}
Fitting individual 17/25 with genotype {'epochs': 2, 'r': 4, 'no_of_conv_kernels': 64, 'secondary_capsule_vector': 42, 'dense_1': 128, 'dense_2': 512, 'epsilon': 0.03511889620605091, 'm_plus': 0.9623472847238512, 'm_minus': 0.09102258594294105, 'lambda_': 0.31292507486190235, 'alpha': 0.00010288996938087522, 'no_of_primary_capsules': 32, 'primary_capsule_vector': 8, 'no_of_secondary_capsules': 10}
Fitting individual 18/25 with genotype {'epochs': 8, 'r': 2, 'no_of_conv_kernels': 3, 'secondary_capsule_vector': 4, 'dense_1': 512, 'dense_2': 1536, 'epsilon': 0.04999446270025716, 'm_plus': 0.912736605878009, 'm_minus': 0.08680711841120445, 'lambda_': 0.7146124730697551, 'alpha': 0.007690845899888553, 'no_of_primary_capsules': 32, 'primary_capsule_vector': 8, 'no_of_secondary_capsules': 10}
Fitting individual 19/25 with genotype {'epochs': 1, 'r': 3, 'no_of_conv_kernels': 32, 'secondary_capsule_vector': 18, 'dense_1': 128, 'dense_2': 7, 'epsilon': 0.054867120379071224, 'm_plus': 0.9485196938865132, 'm_minus': 0.146729884284077, 'lambda_': 0.8875455596195972, 'alpha': 0.00020001733365496933, 'no_of_primary_capsules': 32, 'primary_capsule_vector': 8, 'no_of_secondary_capsules': 10}
Fitting individual 20/25 with genotype {'epochs': 5, 'r': 3, 'no_of_conv_kernels': 128, 'secondary_capsule_vector': 45, 'dense_1': 512, 'dense_2': 1536, 'epsilon': 0.0523702914827628, 'm_plus': 0.9430366891876418, 'm_minus': 0.06980183243202624, 'lambda_': 0.974500419674581, 'alpha': 0.0001, 'no_of_primary_capsules': 32, 'primary_capsule_vector': 8, 'no_of_secondary_capsules': 10}
Fitting individual 21/25 with genotype {'epochs': 7, 'r': 2, 'no_of_conv_kernels': 128, 'secondary_capsule_vector': 36, 'dense_1': 256, 'dense_2': 768, 'epsilon': 0.09593070028244832, 'm_plus': 0.9787232262815474, 'm_minus': 0.10380772320269281, 'lambda_': 0.29550548928574516, 'alpha': 0.0015438641096915935, 'no_of_primary_capsules': 32, 'primary_capsule_vector': 8, 'no_of_secondary_capsules': 10}
Fitting individual 22/25 with genotype {'epochs': 5, 'r': 4, 'no_of_conv_kernels': 32, 'secondary_capsule_vector': 20, 'dense_1': 256, 'dense_2': 1792, 'epsilon': 0.047719030520559425, 'm_plus': 0.9174183875644236, 'm_minus': 0.0626228348625788, 'lambda_': 0.602293882511662, 'alpha': 0.001291027211386844, 'no_of_primary_capsules': 32, 'primary_capsule_vector': 8, 'no_of_secondary_capsules': 10}
Fitting individual 23/25 with genotype {'epochs': 7, 'r': 2, 'no_of_conv_kernels': 128, 'secondary_capsule_vector': 36, 'dense_1': 256, 'dense_2': 768, 'epsilon': 0.09593070028244832, 'm_plus': 0.9787232262815474, 'm_minus': 0.10380772320269281, 'lambda_': 0.29550548928574516, 'alpha': 0.0015438641096915935, 'no_of_primary_capsules': 32, 'primary_capsule_vector': 8, 'no_of_secondary_capsules': 10}
Fitting individual 24/25 with genotype {'epochs': 5, 'r': 4, 'no_of_conv_kernels': 32, 'secondary_capsule_vector': 20, 'dense_1': 256, 'dense_2': 1792, 'epsilon': 0.047719030520559425, 'm_plus': 0.9174183875644236, 'm_minus': 0.0626228348625788, 'lambda_': 0.6915934305738174, 'alpha': 0.001291027211386844, 'no_of_primary_capsules': 32, 'primary_capsule_vector': 8, 'no_of_secondary_capsules': 10}
Fitting individual 25/25 with genotype {'epochs': 2, 'r': 2, 'no_of_conv_kernels': 32, 'secondary_capsule_vector': 15, 'dense_1': 128, 'dense_2': 768, 'epsilon': 0.08478112855324292, 'm_plus': 0.9834766379252852, 'm_minus': 0.053625299934916805, 'lambda_': 0.4200052443154796, 'alpha': 0.002282203598925124, 'no_of_primary_capsules': 32, 'primary_capsule_vector': 8, 'no_of_secondary_capsules': 10}
Len of pop after selection : 10
=== Generation 8/10
Len of pop before manipulations : 10
crossover created 10 offspring(s)
mutation created 0 offspring(s)
local search created 3 offspring(s)
Len of pop after manipulations : 23
Fitting individual 1/23 with genotype {'epochs': 5, 'r': 3, 'no_of_conv_kernels': 128, 'secondary_capsule_vector': 45, 'dense_1': 512, 'dense_2': 7, 'epsilon': 0.054867120379071224, 'm_plus': 0.9485196938865132, 'm_minus': 0.146729884284077, 'lambda_': 0.8875455596195972, 'alpha': 0.00020001733365496933, 'no_of_primary_capsules': 32, 'primary_capsule_vector': 8, 'no_of_secondary_capsules': 10}
Fitting individual 2/23 with genotype {'epochs': 5, 'r': 2, 'no_of_conv_kernels': 128, 'secondary_capsule_vector': 43, 'dense_1': 4, 'dense_2': 768, 'epsilon': 0.00935957092787254, 'm_plus': 0.9193104740950231, 'm_minus': 0.14437036585170915, 'lambda_': 0.5351790776519638, 'alpha': 0.007749739953908195, 'no_of_primary_capsules': 32, 'primary_capsule_vector': 8, 'no_of_secondary_capsules': 10}
Fitting individual 3/23 with genotype {'epochs': 5, 'r': 2, 'no_of_conv_kernels': 128, 'secondary_capsule_vector': 43, 'dense_1': 768, 'dense_2': 768, 'epsilon': 0.09102319699384631, 'm_plus': 0.951390246417412, 'm_minus': 0.14740903302460404, 'lambda_': 0.9707795248619209, 'alpha': 0.0025963507683407264, 'no_of_primary_capsules': 32, 'primary_capsule_vector': 8, 'no_of_secondary_capsules': 10}
Fitting individual 4/23 with genotype {'epochs': 3, 'r': 2, 'no_of_conv_kernels': 128, 'secondary_capsule_vector': 41, 'dense_1': 768, 'dense_2': 256, 'epsilon': 0.028039421728919094, 'm_plus': 0.9038859194018989, 'm_minus': 0.19269049127478116, 'lambda_': 0.5419146173488955, 'alpha': 0.0001, 'no_of_primary_capsules': 32, 'primary_capsule_vector': 8, 'no_of_secondary_capsules': 10}
Fitting individual 5/23 with genotype {'epochs': 2, 'r': 2, 'no_of_conv_kernels': 32, 'secondary_capsule_vector': 15, 'dense_1': 128, 'dense_2': 768, 'epsilon': 0.08478112855324292, 'm_plus': 0.9834766379252852, 'm_minus': 0.053625299934916805, 'lambda_': 0.4200052443154796, 'alpha': 0.002282203598925124, 'no_of_primary_capsules': 32, 'primary_capsule_vector': 8, 'no_of_secondary_capsules': 10}
Fitting individual 6/23 with genotype {'epochs': 5, 'r': 2, 'no_of_conv_kernels': 128, 'secondary_capsule_vector': 36, 'dense_1': 256, 'dense_2': 768, 'epsilon': 0.09593070028244832, 'm_plus': 0.9787232262815474, 'm_minus': 0.10380772320269281, 'lambda_': 0.29550548928574516, 'alpha': 0.0015438641096915935, 'no_of_primary_capsules': 32, 'primary_capsule_vector': 8, 'no_of_secondary_capsules': 10}
Fitting individual 7/23 with genotype {'epochs': 5, 'r': 4, 'no_of_conv_kernels': 32, 'secondary_capsule_vector': 20, 'dense_1': 256, 'dense_2': 1792, 'epsilon': 0.047719030520559425, 'm_plus': 0.9174183875644236, 'm_minus': 0.0626228348625788, 'lambda_': 0.6915934305738174, 'alpha': 0.001291027211386844, 'no_of_primary_capsules': 32, 'primary_capsule_vector': 8, 'no_of_secondary_capsules': 10}
Fitting individual 8/23 with genotype {'epochs': 8, 'r': 2, 'no_of_conv_kernels': 3, 'secondary_capsule_vector': 4, 'dense_1': 512, 'dense_2': 1536, 'epsilon': 0.04999446270025716, 'm_plus': 0.9623472847238512, 'm_minus': 0.09102258594294105, 'lambda_': 0.31292507486190235, 'alpha': 0.00010288996938087522, 'no_of_primary_capsules': 32, 'primary_capsule_vector': 8, 'no_of_secondary_capsules': 10}
Fitting individual 9/23 with genotype {'epochs': 2, 'r': 4, 'no_of_conv_kernels': 64, 'secondary_capsule_vector': 42, 'dense_1': 128, 'dense_2': 512, 'epsilon': 0.03511889620605091, 'm_plus': 0.912736605878009, 'm_minus': 0.08680711841120445, 'lambda_': 0.7146124730697551, 'alpha': 0.007690845899888553, 'no_of_primary_capsules': 32, 'primary_capsule_vector': 8, 'no_of_secondary_capsules': 10}
Fitting individual 10/23 with genotype {'epochs': 1, 'r': 3, 'no_of_conv_kernels': 32, 'secondary_capsule_vector': 18, 'dense_1': 128, 'dense_2': 1536, 'epsilon': 0.0523702914827628, 'm_plus': 0.9430366891876418, 'm_minus': 0.06980183243202624, 'lambda_': 0.974500419674581, 'alpha': 0.0001, 'no_of_primary_capsules': 32, 'primary_capsule_vector': 8, 'no_of_secondary_capsules': 10}
Fitting individual 11/23 with genotype {'epochs': 5, 'r': 2, 'no_of_conv_kernels': 128, 'secondary_capsule_vector': 43, 'dense_1': 768, 'dense_2': 768, 'epsilon': 0.09102319699384631, 'm_plus': 0.951390246417412, 'm_minus': 0.14740903302460404, 'lambda_': 0.9707795248619209, 'alpha': 0.0025963507683407264, 'no_of_primary_capsules': 32, 'primary_capsule_vector': 8, 'no_of_secondary_capsules': 10}
Fitting individual 12/23 with genotype {'epochs': 5, 'r': 2, 'no_of_conv_kernels': 128, 'secondary_capsule_vector': 43, 'dense_1': 512, 'dense_2': 768, 'epsilon': 0.00935957092787254, 'm_plus': 0.9193104740950231, 'm_minus': 0.14437036585170915, 'lambda_': 0.5351790776519638, 'alpha': 0.007749739953908195, 'no_of_primary_capsules': 32, 'primary_capsule_vector': 8, 'no_of_secondary_capsules': 10}
Fitting individual 13/23 with genotype {'epochs': 3, 'r': 2, 'no_of_conv_kernels': 128, 'secondary_capsule_vector': 41, 'dense_1': 128, 'dense_2': 512, 'epsilon': 0.03511889620605091, 'm_plus': 0.912736605878009, 'm_minus': 0.08680711841120445, 'lambda_': 0.7146124730697551, 'alpha': 0.007690845899888553, 'no_of_primary_capsules': 32, 'primary_capsule_vector': 8, 'no_of_secondary_capsules': 10}
Fitting individual 14/23 with genotype {'epochs': 2, 'r': 4, 'no_of_conv_kernels': 64, 'secondary_capsule_vector': 42, 'dense_1': 768, 'dense_2': 256, 'epsilon': 0.028039421728919094, 'm_plus': 0.9038859194018989, 'm_minus': 0.19269049127478116, 'lambda_': 0.5419146173488955, 'alpha': 0.0001, 'no_of_primary_capsules': 32, 'primary_capsule_vector': 8, 'no_of_secondary_capsules': 10}
Fitting individual 15/23 with genotype {'epochs': 8, 'r': 2, 'no_of_conv_kernels': 3, 'secondary_capsule_vector': 4, 'dense_1': 512, 'dense_2': 1536, 'epsilon': 0.04999446270025716, 'm_plus': 0.9623472847238512, 'm_minus': 0.06980183243202624, 'lambda_': 0.974500419674581, 'alpha': 0.0001, 'no_of_primary_capsules': 32, 'primary_capsule_vector': 8, 'no_of_secondary_capsules': 10}
Fitting individual 16/23 with genotype {'epochs': 1, 'r': 3, 'no_of_conv_kernels': 32, 'secondary_capsule_vector': 18, 'dense_1': 128, 'dense_2': 1536, 'epsilon': 0.0523702914827628, 'm_plus': 0.9430366891876418, 'm_minus': 0.09102258594294105, 'lambda_': 0.31292507486190235, 'alpha': 0.00010288996938087522, 'no_of_primary_capsules': 32, 'primary_capsule_vector': 8, 'no_of_secondary_capsules': 10}
Fitting individual 17/23 with genotype {'epochs': 3, 'r': 2, 'no_of_conv_kernels': 128, 'secondary_capsule_vector': 41, 'dense_1': 768, 'dense_2': 256, 'epsilon': 0.09102319699384631, 'm_plus': 0.951390246417412, 'm_minus': 0.14740903302460404, 'lambda_': 0.9707795248619209, 'alpha': 0.0025963507683407264, 'no_of_primary_capsules': 32, 'primary_capsule_vector': 8, 'no_of_secondary_capsules': 10}
Fitting individual 18/23 with genotype {'epochs': 5, 'r': 2, 'no_of_conv_kernels': 128, 'secondary_capsule_vector': 43, 'dense_1': 768, 'dense_2': 768, 'epsilon': 0.028039421728919094, 'm_plus': 0.9038859194018989, 'm_minus': 0.19269049127478116, 'lambda_': 0.5419146173488955, 'alpha': 0.0001, 'no_of_primary_capsules': 32, 'primary_capsule_vector': 8, 'no_of_secondary_capsules': 10}
Fitting individual 19/23 with genotype {'epochs': 5, 'r': 3, 'no_of_conv_kernels': 128, 'secondary_capsule_vector': 36, 'dense_1': 256, 'dense_2': 768, 'epsilon': 0.09593070028244832, 'm_plus': 0.9787232262815474, 'm_minus': 0.10380772320269281, 'lambda_': 0.29550548928574516, 'alpha': 0.0015438641096915935, 'no_of_primary_capsules': 32, 'primary_capsule_vector': 8, 'no_of_secondary_capsules': 10}
Fitting individual 20/23 with genotype {'epochs': 5, 'r': 2, 'no_of_conv_kernels': 128, 'secondary_capsule_vector': 45, 'dense_1': 512, 'dense_2': 7, 'epsilon': 0.054867120379071224, 'm_plus': 0.9485196938865132, 'm_minus': 0.146729884284077, 'lambda_': 0.8875455596195972, 'alpha': 0.00020001733365496933, 'no_of_primary_capsules': 32, 'primary_capsule_vector': 8, 'no_of_secondary_capsules': 10}
Fitting individual 21/23 with genotype {'epochs': 3, 'r': 2, 'no_of_conv_kernels': 128, 'secondary_capsule_vector': 41, 'dense_1': 768, 'dense_2': 256, 'epsilon': 0.028039421728919094, 'm_plus': 0.9038859194018989, 'm_minus': 0.19269049127478116, 'lambda_': 0.5419146173488955, 'alpha': 0.0001, 'no_of_primary_capsules': 32, 'primary_capsule_vector': 8, 'no_of_secondary_capsules': 10}
Fitting individual 22/23 with genotype {'epochs': 5, 'r': 3, 'no_of_conv_kernels': 128, 'secondary_capsule_vector': 45, 'dense_1': 512, 'dense_2': 7, 'epsilon': 0.054867120379071224, 'm_plus': 0.9485196938865132, 'm_minus': 0.146729884284077, 'lambda_': 0.8875455596195972, 'alpha': 0.00020001733365496933, 'no_of_primary_capsules': 32, 'primary_capsule_vector': 8, 'no_of_secondary_capsules': 10}
Fitting individual 23/23 with genotype {'epochs': 5, 'r': 2, 'no_of_conv_kernels': 128, 'secondary_capsule_vector': 43, 'dense_1': 4, 'dense_2': 768, 'epsilon': 0.00935957092787254, 'm_plus': 0.9193104740950231, 'm_minus': 0.14437036585170915, 'lambda_': 0.5351790776519638, 'alpha': 0.007749739953908195, 'no_of_primary_capsules': 32, 'primary_capsule_vector': 8, 'no_of_secondary_capsules': 10}
Len of pop after selection : 10
=== Generation 9/10
Len of pop before manipulations : 10
crossover created 8 offspring(s)
mutation created 1 offspring(s)
local search created 2 offspring(s)
Len of pop after manipulations : 21
Fitting individual 1/21 with genotype {'epochs': 5, 'r': 2, 'no_of_conv_kernels': 128, 'secondary_capsule_vector': 17, 'dense_1': 768, 'dense_2': 768, 'epsilon': 0.09102319699384631, 'm_plus': 0.951390246417412, 'm_minus': 0.16687900820386176, 'lambda_': 0.9707795248619209, 'alpha': 0.0025963507683407264, 'no_of_primary_capsules': 32, 'primary_capsule_vector': 8, 'no_of_secondary_capsules': 10}
Fitting individual 2/21 with genotype {'epochs': 5, 'r': 2, 'no_of_conv_kernels': 128, 'secondary_capsule_vector': 43, 'dense_1': 4, 'dense_2': 768, 'epsilon': 0.00935957092787254, 'm_plus': 0.9193104740950231, 'm_minus': 0.14437036585170915, 'lambda_': 0.5351790776519638, 'alpha': 0.007749739953908195, 'no_of_primary_capsules': 32, 'primary_capsule_vector': 8, 'no_of_secondary_capsules': 10}
Fitting individual 3/21 with genotype {'epochs': 3, 'r': 2, 'no_of_conv_kernels': 128, 'secondary_capsule_vector': 41, 'dense_1': 768, 'dense_2': 256, 'epsilon': 0.028039421728919094, 'm_plus': 0.9038859194018989, 'm_minus': 0.19269049127478116, 'lambda_': 0.5419146173488955, 'alpha': 0.0001, 'no_of_primary_capsules': 32, 'primary_capsule_vector': 8, 'no_of_secondary_capsules': 10}
Fitting individual 4/21 with genotype {'epochs': 5, 'r': 3, 'no_of_conv_kernels': 128, 'secondary_capsule_vector': 45, 'dense_1': 512, 'dense_2': 7, 'epsilon': 0.054867120379071224, 'm_plus': 0.9485196938865132, 'm_minus': 0.146729884284077, 'lambda_': 0.8875455596195972, 'alpha': 0.00020001733365496933, 'no_of_primary_capsules': 32, 'primary_capsule_vector': 8, 'no_of_secondary_capsules': 10}
Fitting individual 5/21 with genotype {'epochs': 2, 'r': 2, 'no_of_conv_kernels': 32, 'secondary_capsule_vector': 15, 'dense_1': 128, 'dense_2': 768, 'epsilon': 0.08478112855324292, 'm_plus': 0.9834766379252852, 'm_minus': 0.053625299934916805, 'lambda_': 0.4200052443154796, 'alpha': 0.002282203598925124, 'no_of_primary_capsules': 32, 'primary_capsule_vector': 8, 'no_of_secondary_capsules': 10}
Fitting individual 6/21 with genotype {'epochs': 5, 'r': 2, 'no_of_conv_kernels': 128, 'secondary_capsule_vector': 36, 'dense_1': 256, 'dense_2': 768, 'epsilon': 0.09593070028244832, 'm_plus': 0.9787232262815474, 'm_minus': 0.10380772320269281, 'lambda_': 0.29550548928574516, 'alpha': 0.0015438641096915935, 'no_of_primary_capsules': 32, 'primary_capsule_vector': 8, 'no_of_secondary_capsules': 10}
Fitting individual 7/21 with genotype {'epochs': 5, 'r': 4, 'no_of_conv_kernels': 32, 'secondary_capsule_vector': 20, 'dense_1': 256, 'dense_2': 1792, 'epsilon': 0.047719030520559425, 'm_plus': 0.9174183875644236, 'm_minus': 0.0626228348625788, 'lambda_': 0.6915934305738174, 'alpha': 0.001291027211386844, 'no_of_primary_capsules': 32, 'primary_capsule_vector': 8, 'no_of_secondary_capsules': 10}
Fitting individual 8/21 with genotype {'epochs': 8, 'r': 2, 'no_of_conv_kernels': 3, 'secondary_capsule_vector': 4, 'dense_1': 512, 'dense_2': 1536, 'epsilon': 0.04999446270025716, 'm_plus': 0.9623472847238512, 'm_minus': 0.09102258594294105, 'lambda_': 0.31292507486190235, 'alpha': 0.00010288996938087522, 'no_of_primary_capsules': 32, 'primary_capsule_vector': 8, 'no_of_secondary_capsules': 10}
Fitting individual 9/21 with genotype {'epochs': 2, 'r': 4, 'no_of_conv_kernels': 64, 'secondary_capsule_vector': 42, 'dense_1': 128, 'dense_2': 512, 'epsilon': 0.03511889620605091, 'm_plus': 0.912736605878009, 'm_minus': 0.08680711841120445, 'lambda_': 0.7146124730697551, 'alpha': 0.007690845899888553, 'no_of_primary_capsules': 32, 'primary_capsule_vector': 8, 'no_of_secondary_capsules': 10}
Fitting individual 10/21 with genotype {'epochs': 1, 'r': 3, 'no_of_conv_kernels': 32, 'secondary_capsule_vector': 18, 'dense_1': 128, 'dense_2': 1536, 'epsilon': 0.0523702914827628, 'm_plus': 0.9350466762547484, 'm_minus': 0.06980183243202624, 'lambda_': 0.974500419674581, 'alpha': 0.0001, 'no_of_primary_capsules': 32, 'primary_capsule_vector': 8, 'no_of_secondary_capsules': 10}
Fitting individual 11/21 with genotype {'epochs': 5, 'r': 2, 'no_of_conv_kernels': 128, 'secondary_capsule_vector': 43, 'dense_1': 768, 'dense_2': 768, 'epsilon': 0.09102319699384631, 'm_plus': 0.951390246417412, 'm_minus': 0.146729884284077, 'lambda_': 0.8875455596195972, 'alpha': 0.00020001733365496933, 'no_of_primary_capsules': 32, 'primary_capsule_vector': 8, 'no_of_secondary_capsules': 10}
Fitting individual 12/21 with genotype {'epochs': 5, 'r': 3, 'no_of_conv_kernels': 128, 'secondary_capsule_vector': 45, 'dense_1': 512, 'dense_2': 7, 'epsilon': 0.054867120379071224, 'm_plus': 0.9485196938865132, 'm_minus': 0.14740903302460404, 'lambda_': 0.9707795248619209, 'alpha': 0.0025963507683407264, 'no_of_primary_capsules': 32, 'primary_capsule_vector': 8, 'no_of_secondary_capsules': 10}
Fitting individual 13/21 with genotype {'epochs': 5, 'r': 2, 'no_of_conv_kernels': 128, 'secondary_capsule_vector': 43, 'dense_1': 768, 'dense_2': 768, 'epsilon': 0.054867120379071224, 'm_plus': 0.9485196938865132, 'm_minus': 0.146729884284077, 'lambda_': 0.8875455596195972, 'alpha': 0.00020001733365496933, 'no_of_primary_capsules': 32, 'primary_capsule_vector': 8, 'no_of_secondary_capsules': 10}
Fitting individual 14/21 with genotype {'epochs': 5, 'r': 3, 'no_of_conv_kernels': 128, 'secondary_capsule_vector': 45, 'dense_1': 512, 'dense_2': 7, 'epsilon': 0.09102319699384631, 'm_plus': 0.951390246417412, 'm_minus': 0.14740903302460404, 'lambda_': 0.9707795248619209, 'alpha': 0.0025963507683407264, 'no_of_primary_capsules': 32, 'primary_capsule_vector': 8, 'no_of_secondary_capsules': 10}
Fitting individual 15/21 with genotype {'epochs': 1, 'r': 3, 'no_of_conv_kernels': 32, 'secondary_capsule_vector': 18, 'dense_1': 128, 'dense_2': 1536, 'epsilon': 0.0523702914827628, 'm_plus': 0.9834766379252852, 'm_minus': 0.053625299934916805, 'lambda_': 0.4200052443154796, 'alpha': 0.002282203598925124, 'no_of_primary_capsules': 32, 'primary_capsule_vector': 8, 'no_of_secondary_capsules': 10}
Fitting individual 16/21 with genotype {'epochs': 2, 'r': 2, 'no_of_conv_kernels': 32, 'secondary_capsule_vector': 15, 'dense_1': 128, 'dense_2': 768, 'epsilon': 0.08478112855324292, 'm_plus': 0.9430366891876418, 'm_minus': 0.06980183243202624, 'lambda_': 0.974500419674581, 'alpha': 0.0001, 'no_of_primary_capsules': 32, 'primary_capsule_vector': 8, 'no_of_secondary_capsules': 10}
Fitting individual 17/21 with genotype {'epochs': 5, 'r': 2, 'no_of_conv_kernels': 128, 'secondary_capsule_vector': 43, 'dense_1': 4, 'dense_2': 768, 'epsilon': 0.00935957092787254, 'm_plus': 0.9485196938865132, 'm_minus': 0.146729884284077, 'lambda_': 0.8875455596195972, 'alpha': 0.00020001733365496933, 'no_of_primary_capsules': 32, 'primary_capsule_vector': 8, 'no_of_secondary_capsules': 10}
Fitting individual 18/21 with genotype {'epochs': 5, 'r': 3, 'no_of_conv_kernels': 128, 'secondary_capsule_vector': 45, 'dense_1': 512, 'dense_2': 7, 'epsilon': 0.054867120379071224, 'm_plus': 0.9193104740950231, 'm_minus': 0.14437036585170915, 'lambda_': 0.5351790776519638, 'alpha': 0.007749739953908195, 'no_of_primary_capsules': 32, 'primary_capsule_vector': 8, 'no_of_secondary_capsules': 10}
Fitting individual 19/21 with genotype {'epochs': 5, 'r': 2, 'no_of_conv_kernels': 128, 'secondary_capsule_vector': 17, 'dense_1': 768, 'dense_2': 768, 'epsilon': 0.09102319699384631, 'm_plus': 0.951390246417412, 'm_minus': 0.14740903302460404, 'lambda_': 0.9707795248619209, 'alpha': 0.0025963507683407264, 'no_of_primary_capsules': 32, 'primary_capsule_vector': 8, 'no_of_secondary_capsules': 10}
Fitting individual 20/21 with genotype {'epochs': 5, 'r': 2, 'no_of_conv_kernels': 128, 'secondary_capsule_vector': 17, 'dense_1': 768, 'dense_2': 768, 'epsilon': 0.09102319699384631, 'm_plus': 0.951390246417412, 'm_minus': 0.16687900820386176, 'lambda_': 0.9707795248619209, 'alpha': 0.0025963507683407264, 'no_of_primary_capsules': 32, 'primary_capsule_vector': 8, 'no_of_secondary_capsules': 10}
Fitting individual 21/21 with genotype {'epochs': 1, 'r': 3, 'no_of_conv_kernels': 32, 'secondary_capsule_vector': 18, 'dense_1': 128, 'dense_2': 1536, 'epsilon': 0.0523702914827628, 'm_plus': 0.9350466762547484, 'm_minus': 0.06980183243202624, 'lambda_': 0.974500419674581, 'alpha': 0.0001, 'no_of_primary_capsules': 32, 'primary_capsule_vector': 8, 'no_of_secondary_capsules': 10}
Len of pop after selection : 10
=== Generation 10/10
Len of pop before manipulations : 10
crossover created 10 offspring(s)
mutation created 1 offspring(s)
local search created 2 offspring(s)
Len of pop after manipulations : 23
Fitting individual 1/23 with genotype {'epochs': 5, 'r': 2, 'no_of_conv_kernels': 128, 'secondary_capsule_vector': 36, 'dense_1': 256, 'dense_2': 768, 'epsilon': 0.09593070028244832, 'm_plus': 0.9787232262815474, 'm_minus': 0.10380772320269281, 'lambda_': 0.29550548928574516, 'alpha': 0.0015438641096915935, 'no_of_primary_capsules': 32, 'primary_capsule_vector': 8, 'no_of_secondary_capsules': 10}
Fitting individual 2/23 with genotype {'epochs': 5, 'r': 2, 'no_of_conv_kernels': 128, 'secondary_capsule_vector': 43, 'dense_1': 4, 'dense_2': 768, 'epsilon': 0.00935957092787254, 'm_plus': 0.9193104740950231, 'm_minus': 0.14437036585170915, 'lambda_': 0.5351790776519638, 'alpha': 0.007749739953908195, 'no_of_primary_capsules': 32, 'primary_capsule_vector': 8, 'no_of_secondary_capsules': 10}
Fitting individual 3/23 with genotype {'epochs': 5, 'r': 2, 'no_of_conv_kernels': 128, 'secondary_capsule_vector': 17, 'dense_1': 768, 'dense_2': 768, 'epsilon': 0.09102319699384631, 'm_plus': 0.951390246417412, 'm_minus': 0.16687900820386176, 'lambda_': 0.9707795248619209, 'alpha': 0.0025963507683407264, 'no_of_primary_capsules': 32, 'primary_capsule_vector': 8, 'no_of_secondary_capsules': 10}
Fitting individual 4/23 with genotype {'epochs': 5, 'r': 3, 'no_of_conv_kernels': 128, 'secondary_capsule_vector': 45, 'dense_1': 512, 'dense_2': 7, 'epsilon': 0.054867120379071224, 'm_plus': 0.9485196938865132, 'm_minus': 0.146729884284077, 'lambda_': 0.8875455596195972, 'alpha': 0.00020001733365496933, 'no_of_primary_capsules': 32, 'primary_capsule_vector': 8, 'no_of_secondary_capsules': 10}
Fitting individual 5/23 with genotype {'epochs': 3, 'r': 2, 'no_of_conv_kernels': 128, 'secondary_capsule_vector': 41, 'dense_1': 768, 'dense_2': 256, 'epsilon': 0.028039421728919094, 'm_plus': 0.9038859194018989, 'm_minus': 0.19269049127478116, 'lambda_': 0.5419146173488955, 'alpha': 0.0001, 'no_of_primary_capsules': 32, 'primary_capsule_vector': 8, 'no_of_secondary_capsules': 10}
Fitting individual 6/23 with genotype {'epochs': 5, 'r': 4, 'no_of_conv_kernels': 32, 'secondary_capsule_vector': 20, 'dense_1': 256, 'dense_2': 1792, 'epsilon': 0.047719030520559425, 'm_plus': 0.9174183875644236, 'm_minus': 0.0626228348625788, 'lambda_': 0.6915934305738174, 'alpha': 0.001291027211386844, 'no_of_primary_capsules': 32, 'primary_capsule_vector': 8, 'no_of_secondary_capsules': 10}
Fitting individual 7/23 with genotype {'epochs': 8, 'r': 2, 'no_of_conv_kernels': 3, 'secondary_capsule_vector': 4, 'dense_1': 512, 'dense_2': 1536, 'epsilon': 0.04999446270025716, 'm_plus': 0.9623472847238512, 'm_minus': 0.09102258594294105, 'lambda_': 0.31292507486190235, 'alpha': 0.00010288996938087522, 'no_of_primary_capsules': 32, 'primary_capsule_vector': 8, 'no_of_secondary_capsules': 10}
Fitting individual 8/23 with genotype {'epochs': 2, 'r': 4, 'no_of_conv_kernels': 64, 'secondary_capsule_vector': 42, 'dense_1': 128, 'dense_2': 512, 'epsilon': 0.03511889620605091, 'm_plus': 0.912736605878009, 'm_minus': 0.08680711841120445, 'lambda_': 0.7146124730697551, 'alpha': 0.007690845899888553, 'no_of_primary_capsules': 32, 'primary_capsule_vector': 8, 'no_of_secondary_capsules': 10}
Fitting individual 9/23 with genotype {'epochs': 2, 'r': 2, 'no_of_conv_kernels': 32, 'secondary_capsule_vector': 15, 'dense_1': 128, 'dense_2': 768, 'epsilon': 0.08478112855324292, 'm_plus': 0.9834766379252852, 'm_minus': 0.053625299934916805, 'lambda_': 0.4200052443154796, 'alpha': 0.002282203598925124, 'no_of_primary_capsules': 32, 'primary_capsule_vector': 8, 'no_of_secondary_capsules': 10}
Fitting individual 10/23 with genotype {'epochs': 1, 'r': 2, 'no_of_conv_kernels': 32, 'secondary_capsule_vector': 18, 'dense_1': 128, 'dense_2': 1536, 'epsilon': 0.0523702914827628, 'm_plus': 0.9350466762547484, 'm_minus': 0.06980183243202624, 'lambda_': 0.974500419674581, 'alpha': 0.0001, 'no_of_primary_capsules': 32, 'primary_capsule_vector': 8, 'no_of_secondary_capsules': 10}
Fitting individual 11/23 with genotype {'epochs': 5, 'r': 2, 'no_of_conv_kernels': 128, 'secondary_capsule_vector': 36, 'dense_1': 256, 'dense_2': 768, 'epsilon': 0.03511889620605091, 'm_plus': 0.912736605878009, 'm_minus': 0.08680711841120445, 'lambda_': 0.7146124730697551, 'alpha': 0.007690845899888553, 'no_of_primary_capsules': 32, 'primary_capsule_vector': 8, 'no_of_secondary_capsules': 10}
Fitting individual 12/23 with genotype {'epochs': 2, 'r': 4, 'no_of_conv_kernels': 64, 'secondary_capsule_vector': 42, 'dense_1': 128, 'dense_2': 512, 'epsilon': 0.09593070028244832, 'm_plus': 0.9787232262815474, 'm_minus': 0.10380772320269281, 'lambda_': 0.29550548928574516, 'alpha': 0.0015438641096915935, 'no_of_primary_capsules': 32, 'primary_capsule_vector': 8, 'no_of_secondary_capsules': 10}
Fitting individual 13/23 with genotype {'epochs': 2, 'r': 2, 'no_of_conv_kernels': 32, 'secondary_capsule_vector': 15, 'dense_1': 128, 'dense_2': 768, 'epsilon': 0.08478112855324292, 'm_plus': 0.9834766379252852, 'm_minus': 0.053625299934916805, 'lambda_': 0.4200052443154796, 'alpha': 0.007749739953908195, 'no_of_primary_capsules': 32, 'primary_capsule_vector': 8, 'no_of_secondary_capsules': 10}
Fitting individual 14/23 with genotype {'epochs': 5, 'r': 2, 'no_of_conv_kernels': 128, 'secondary_capsule_vector': 43, 'dense_1': 4, 'dense_2': 768, 'epsilon': 0.00935957092787254, 'm_plus': 0.9193104740950231, 'm_minus': 0.14437036585170915, 'lambda_': 0.5351790776519638, 'alpha': 0.002282203598925124, 'no_of_primary_capsules': 32, 'primary_capsule_vector': 8, 'no_of_secondary_capsules': 10}
Fitting individual 15/23 with genotype {'epochs': 5, 'r': 3, 'no_of_conv_kernels': 32, 'secondary_capsule_vector': 18, 'dense_1': 128, 'dense_2': 1536, 'epsilon': 0.0523702914827628, 'm_plus': 0.9350466762547484, 'm_minus': 0.06980183243202624, 'lambda_': 0.974500419674581, 'alpha': 0.0001, 'no_of_primary_capsules': 32, 'primary_capsule_vector': 8, 'no_of_secondary_capsules': 10}
Fitting individual 16/23 with genotype {'epochs': 1, 'r': 3, 'no_of_conv_kernels': 128, 'secondary_capsule_vector': 45, 'dense_1': 512, 'dense_2': 7, 'epsilon': 0.054867120379071224, 'm_plus': 0.9485196938865132, 'm_minus': 0.146729884284077, 'lambda_': 0.8875455596195972, 'alpha': 0.00020001733365496933, 'no_of_primary_capsules': 32, 'primary_capsule_vector': 8, 'no_of_secondary_capsules': 10}
Fitting individual 17/23 with genotype {'epochs': 5, 'r': 2, 'no_of_conv_kernels': 3, 'secondary_capsule_vector': 4, 'dense_1': 512, 'dense_2': 1536, 'epsilon': 0.04999446270025716, 'm_plus': 0.9623472847238512, 'm_minus': 0.09102258594294105, 'lambda_': 0.31292507486190235, 'alpha': 0.00010288996938087522, 'no_of_primary_capsules': 32, 'primary_capsule_vector': 8, 'no_of_secondary_capsules': 10}
Fitting individual 18/23 with genotype {'epochs': 8, 'r': 2, 'no_of_conv_kernels': 128, 'secondary_capsule_vector': 36, 'dense_1': 256, 'dense_2': 768, 'epsilon': 0.09593070028244832, 'm_plus': 0.9787232262815474, 'm_minus': 0.10380772320269281, 'lambda_': 0.29550548928574516, 'alpha': 0.0015438641096915935, 'no_of_primary_capsules': 32, 'primary_capsule_vector': 8, 'no_of_secondary_capsules': 10}
Validation loss is not decreasing anymore, risk of overfitting the model after 8 epochs. The training will be stopped. This behavior can be modified by setting the early_stop property of the model to False
Fitting individual 19/23 with genotype {'epochs': 5, 'r': 2, 'no_of_conv_kernels': 128, 'secondary_capsule_vector': 43, 'dense_1': 128, 'dense_2': 512, 'epsilon': 0.03511889620605091, 'm_plus': 0.912736605878009, 'm_minus': 0.08680711841120445, 'lambda_': 0.7146124730697551, 'alpha': 0.007690845899888553, 'no_of_primary_capsules': 32, 'primary_capsule_vector': 8, 'no_of_secondary_capsules': 10}
Fitting individual 20/23 with genotype {'epochs': 2, 'r': 4, 'no_of_conv_kernels': 64, 'secondary_capsule_vector': 42, 'dense_1': 4, 'dense_2': 768, 'epsilon': 0.00935957092787254, 'm_plus': 0.9193104740950231, 'm_minus': 0.14437036585170915, 'lambda_': 0.5351790776519638, 'alpha': 0.007749739953908195, 'no_of_primary_capsules': 32, 'primary_capsule_vector': 8, 'no_of_secondary_capsules': 10}
Fitting individual 21/23 with genotype {'epochs': 1, 'r': 2, 'no_of_conv_kernels': 32, 'secondary_capsule_vector': 18, 'dense_1': 128, 'dense_2': 1536, 'epsilon': 0.0523702914827628, 'm_plus': 0.9350466762547484, 'm_minus': 0.06980183243202624, 'lambda_': 0.974500419674581, 'alpha': 0.0001, 'no_of_primary_capsules': 32, 'primary_capsule_vector': 8, 'no_of_secondary_capsules': 10}
Fitting individual 22/23 with genotype {'epochs': 8, 'r': 2, 'no_of_conv_kernels': 3, 'secondary_capsule_vector': 4, 'dense_1': 512, 'dense_2': 1536, 'epsilon': 0.04999446270025716, 'm_plus': 0.9623472847238512, 'm_minus': 0.09102258594294105, 'lambda_': 0.31292507486190235, 'alpha': 0.00010288996938087522, 'no_of_primary_capsules': 32, 'primary_capsule_vector': 8, 'no_of_secondary_capsules': 10}
Fitting individual 23/23 with genotype {'epochs': 5, 'r': 4, 'no_of_conv_kernels': 32, 'secondary_capsule_vector': 20, 'dense_1': 256, 'dense_2': 1792, 'epsilon': 0.047719030520559425, 'm_plus': 0.9174183875644236, 'm_minus': 0.0626228348625788, 'lambda_': 0.6915934305738174, 'alpha': 0.001291027211386844, 'no_of_primary_capsules': 32, 'primary_capsule_vector': 8, 'no_of_secondary_capsules': 10}
Len of pop after selection : 10
Fitting individual 1/10 with genotype {'epochs': 5, 'r': 2, 'no_of_conv_kernels': 128, 'secondary_capsule_vector': 36, 'dense_1': 256, 'dense_2': 768, 'epsilon': 0.09593070028244832, 'm_plus': 0.9787232262815474, 'm_minus': 0.10380772320269281, 'lambda_': 0.29550548928574516, 'alpha': 0.0015438641096915935, 'no_of_primary_capsules': 32, 'primary_capsule_vector': 8, 'no_of_secondary_capsules': 10}
Fitting individual 2/10 with genotype {'epochs': 5, 'r': 2, 'no_of_conv_kernels': 128, 'secondary_capsule_vector': 17, 'dense_1': 768, 'dense_2': 768, 'epsilon': 0.09102319699384631, 'm_plus': 0.951390246417412, 'm_minus': 0.16687900820386176, 'lambda_': 0.9707795248619209, 'alpha': 0.0025963507683407264, 'no_of_primary_capsules': 32, 'primary_capsule_vector': 8, 'no_of_secondary_capsules': 10}
Fitting individual 3/10 with genotype {'epochs': 5, 'r': 3, 'no_of_conv_kernels': 128, 'secondary_capsule_vector': 45, 'dense_1': 512, 'dense_2': 7, 'epsilon': 0.054867120379071224, 'm_plus': 0.9485196938865132, 'm_minus': 0.146729884284077, 'lambda_': 0.8875455596195972, 'alpha': 0.00020001733365496933, 'no_of_primary_capsules': 32, 'primary_capsule_vector': 8, 'no_of_secondary_capsules': 10}
Fitting individual 4/10 with genotype {'epochs': 3, 'r': 2, 'no_of_conv_kernels': 128, 'secondary_capsule_vector': 41, 'dense_1': 768, 'dense_2': 256, 'epsilon': 0.028039421728919094, 'm_plus': 0.9038859194018989, 'm_minus': 0.19269049127478116, 'lambda_': 0.5419146173488955, 'alpha': 0.0001, 'no_of_primary_capsules': 32, 'primary_capsule_vector': 8, 'no_of_secondary_capsules': 10}
Fitting individual 5/10 with genotype {'epochs': 2, 'r': 2, 'no_of_conv_kernels': 32, 'secondary_capsule_vector': 15, 'dense_1': 128, 'dense_2': 768, 'epsilon': 0.08478112855324292, 'm_plus': 0.9834766379252852, 'm_minus': 0.053625299934916805, 'lambda_': 0.4200052443154796, 'alpha': 0.002282203598925124, 'no_of_primary_capsules': 32, 'primary_capsule_vector': 8, 'no_of_secondary_capsules': 10}
Fitting individual 6/10 with genotype {'epochs': 5, 'r': 2, 'no_of_conv_kernels': 128, 'secondary_capsule_vector': 43, 'dense_1': 4, 'dense_2': 768, 'epsilon': 0.00935957092787254, 'm_plus': 0.9193104740950231, 'm_minus': 0.14437036585170915, 'lambda_': 0.5351790776519638, 'alpha': 0.007749739953908195, 'no_of_primary_capsules': 32, 'primary_capsule_vector': 8, 'no_of_secondary_capsules': 10}
Fitting individual 7/10 with genotype {'epochs': 8, 'r': 2, 'no_of_conv_kernels': 3, 'secondary_capsule_vector': 4, 'dense_1': 512, 'dense_2': 1536, 'epsilon': 0.04999446270025716, 'm_plus': 0.9623472847238512, 'm_minus': 0.09102258594294105, 'lambda_': 0.31292507486190235, 'alpha': 0.00010288996938087522, 'no_of_primary_capsules': 32, 'primary_capsule_vector': 8, 'no_of_secondary_capsules': 10}
Fitting individual 8/10 with genotype {'epochs': 1, 'r': 2, 'no_of_conv_kernels': 32, 'secondary_capsule_vector': 18, 'dense_1': 128, 'dense_2': 1536, 'epsilon': 0.0523702914827628, 'm_plus': 0.9350466762547484, 'm_minus': 0.06980183243202624, 'lambda_': 0.974500419674581, 'alpha': 0.0001, 'no_of_primary_capsules': 32, 'primary_capsule_vector': 8, 'no_of_secondary_capsules': 10}
Fitting individual 9/10 with genotype {'epochs': 5, 'r': 4, 'no_of_conv_kernels': 32, 'secondary_capsule_vector': 20, 'dense_1': 256, 'dense_2': 1792, 'epsilon': 0.047719030520559425, 'm_plus': 0.9174183875644236, 'm_minus': 0.0626228348625788, 'lambda_': 0.6915934305738174, 'alpha': 0.001291027211386844, 'no_of_primary_capsules': 32, 'primary_capsule_vector': 8, 'no_of_secondary_capsules': 10}
Fitting individual 10/10 with genotype {'epochs': 2, 'r': 4, 'no_of_conv_kernels': 64, 'secondary_capsule_vector': 42, 'dense_1': 128, 'dense_2': 512, 'epsilon': 0.03511889620605091, 'm_plus': 0.912736605878009, 'm_minus': 0.08680711841120445, 'lambda_': 0.7146124730697551, 'alpha': 0.007690845899888553, 'no_of_primary_capsules': 32, 'primary_capsule_vector': 8, 'no_of_secondary_capsules': 10}
Saving GA metrics under mnist8-hpc/generations_metrics.png
Optimal solution(s):
[{'epochs': 5, 'r': 2, 'no_of_conv_kernels': 128, 'secondary_capsule_vector': 36, 'dense_1': 256, 'dense_2': 768, 'epsilon': 0.09593070028244832, 'm_plus': 0.9787232262815474, 'm_minus': 0.10380772320269281, 'lambda_': 0.29550548928574516, 'alpha': 0.0015438641096915935, 'no_of_primary_capsules': 32, 'primary_capsule_vector': 8, 'no_of_secondary_capsules': 10}, {'epochs': 5, 'r': 2, 'no_of_conv_kernels': 128, 'secondary_capsule_vector': 17, 'dense_1': 768, 'dense_2': 768, 'epsilon': 0.09102319699384631, 'm_plus': 0.951390246417412, 'm_minus': 0.16687900820386176, 'lambda_': 0.9707795248619209, 'alpha': 0.0025963507683407264, 'no_of_primary_capsules': 32, 'primary_capsule_vector': 8, 'no_of_secondary_capsules': 10}, {'epochs': 2, 'r': 2, 'no_of_conv_kernels': 32, 'secondary_capsule_vector': 15, 'dense_1': 128, 'dense_2': 768, 'epsilon': 0.08478112855324292, 'm_plus': 0.9834766379252852, 'm_minus': 0.053625299934916805, 'lambda_': 0.4200052443154796, 'alpha': 0.002282203598925124, 'no_of_primary_capsules': 32, 'primary_capsule_vector': 8, 'no_of_secondary_capsules': 10}]
______________
Fitness values:
  Inference    Accuracy
[[6.70544004 0.962     ]
 [6.87945795 0.97      ]
 [6.6532135  0.938     ]]
=== GA done in : 4:06:18.994366 ===
Saving GA solutions under mnist8-hpc/solutions_metrics.png
