=== Generation 1/10
Len of pop before manipulations : 10
crossover created 8 offspring(s)
mutation created 0 offspring(s)
local search created 3 offspring(s)
Len of pop after manipulations : 21
Fitting individual 1/21 with genotype {'epochs': 7, 'r': 2, 'no_of_conv_kernels': 64, 'secondary_capsule_vector': 26, 'dense_1': 512, 'dense_2': 1792, 'epsilon': 0.009462259158276611, 'm_plus': 0.9221005084925126, 'm_minus': 0.11140106888155661, 'lambda_': 0.8048980254777117, 'alpha': 0.0032093109890174378, 'no_of_primary_capsules': 32, 'primary_capsule_vector': 8, 'no_of_secondary_capsules': 10}
Fitting individual 2/21 with genotype {'epochs': 2, 'r': 3, 'no_of_conv_kernels': 64, 'secondary_capsule_vector': 11, 'dense_1': 128, 'dense_2': 1280, 'epsilon': 0.029832212989830506, 'm_plus': 0.9468666249393105, 'm_minus': 0.17706811391985178, 'lambda_': 0.6237255681492613, 'alpha': 0.0008862614789491765, 'no_of_primary_capsules': 32, 'primary_capsule_vector': 8, 'no_of_secondary_capsules': 10}
Fitting individual 3/21 with genotype {'epochs': 6, 'r': 4, 'no_of_conv_kernels': 32, 'secondary_capsule_vector': 40, 'dense_1': 128, 'dense_2': 1536, 'epsilon': 0.036168439899168944, 'm_plus': 0.965186385411576, 'm_minus': 0.1461194717640404, 'lambda_': 0.6093968661595693, 'alpha': 0.007776930578659876, 'no_of_primary_capsules': 32, 'primary_capsule_vector': 8, 'no_of_secondary_capsules': 10}
Fitting individual 4/21 with genotype {'epochs': 5, 'r': 2, 'no_of_conv_kernels': 128, 'secondary_capsule_vector': 17, 'dense_1': 256, 'dense_2': 1280, 'epsilon': 0.05344824694423068, 'm_plus': 0.99, 'm_minus': 0.11754533412907078, 'lambda_': 0.8334133458608576, 'alpha': 0.008945717437971465, 'no_of_primary_capsules': 32, 'primary_capsule_vector': 8, 'no_of_secondary_capsules': 10}
Fitting individual 5/21 with genotype {'epochs': 6, 'r': 4, 'no_of_conv_kernels': 64, 'secondary_capsule_vector': 16, 'dense_1': 256, 'dense_2': 256, 'epsilon': 0.014231355727287521, 'm_plus': 0.9007424476385952, 'm_minus': 0.1856630821464726, 'lambda_': 0.523334485390771, 'alpha': 0.00571575574406464, 'no_of_primary_capsules': 32, 'primary_capsule_vector': 8, 'no_of_secondary_capsules': 10}
Validation loss is not decreasing anymore, risk of overfitting the model after 6 epochs. The training will be stopped. This behavior can be modified by setting the early_stop property of the model to False
Fitting individual 6/21 with genotype {'epochs': 2, 'r': 4, 'no_of_conv_kernels': 32, 'secondary_capsule_vector': 31, 'dense_1': 512, 'dense_2': 256, 'epsilon': 0.07115217606281322, 'm_plus': 0.9106117900622139, 'm_minus': 0.0789080233161286, 'lambda_': 0.9070281319161602, 'alpha': 0.0014646649789599674, 'no_of_primary_capsules': 32, 'primary_capsule_vector': 8, 'no_of_secondary_capsules': 10}
Fitting individual 7/21 with genotype {'epochs': 1, 'r': 4, 'no_of_conv_kernels': 128, 'secondary_capsule_vector': 42, 'dense_1': 4, 'dense_2': 256, 'epsilon': 0.07813926086142027, 'm_plus': 0.9850076076835731, 'm_minus': 0.1015817575438487, 'lambda_': 0.4988655634743676, 'alpha': 0.0014621987951577498, 'no_of_primary_capsules': 32, 'primary_capsule_vector': 8, 'no_of_secondary_capsules': 10}
Fitting individual 8/21 with genotype {'epochs': 2, 'r': 4, 'no_of_conv_kernels': 64, 'secondary_capsule_vector': 47, 'dense_1': 512, 'dense_2': 512, 'epsilon': 0.04542040603109645, 'm_plus': 0.9867128660224367, 'm_minus': 0.19228505925223782, 'lambda_': 0.1890090408047152, 'alpha': 0.00010588772532964475, 'no_of_primary_capsules': 32, 'primary_capsule_vector': 8, 'no_of_secondary_capsules': 10}
Fitting individual 9/21 with genotype {'epochs': 4, 'r': 4, 'no_of_conv_kernels': 64, 'secondary_capsule_vector': 42, 'dense_1': 512, 'dense_2': 256, 'epsilon': 0.059600052582013674, 'm_plus': 0.9565868749204628, 'm_minus': 0.08133381638615865, 'lambda_': 0.3578144225412495, 'alpha': 0.004403032141652381, 'no_of_primary_capsules': 32, 'primary_capsule_vector': 8, 'no_of_secondary_capsules': 10}
Fitting individual 10/21 with genotype {'epochs': 3, 'r': 2, 'no_of_conv_kernels': 64, 'secondary_capsule_vector': 40, 'dense_1': 256, 'dense_2': 512, 'epsilon': 0.0866544386224709, 'm_plus': 0.9073729299286851, 'm_minus': 0.11755091944021771, 'lambda_': 0.5668583619251691, 'alpha': 0.002158768941282626, 'no_of_primary_capsules': 32, 'primary_capsule_vector': 8, 'no_of_secondary_capsules': 10}
Fitting individual 11/21 with genotype {'epochs': 2, 'r': 3, 'no_of_conv_kernels': 64, 'secondary_capsule_vector': 11, 'dense_1': 128, 'dense_2': 1280, 'epsilon': 0.029832212989830506, 'm_plus': 0.9468666249393105, 'm_minus': 0.0789080233161286, 'lambda_': 0.9070281319161602, 'alpha': 0.0014646649789599674, 'no_of_primary_capsules': 32, 'primary_capsule_vector': 8, 'no_of_secondary_capsules': 10}
Fitting individual 12/21 with genotype {'epochs': 2, 'r': 4, 'no_of_conv_kernels': 32, 'secondary_capsule_vector': 31, 'dense_1': 512, 'dense_2': 256, 'epsilon': 0.07115217606281322, 'm_plus': 0.9106117900622139, 'm_minus': 0.17706811391985178, 'lambda_': 0.6237255681492613, 'alpha': 0.0008862614789491765, 'no_of_primary_capsules': 32, 'primary_capsule_vector': 8, 'no_of_secondary_capsules': 10}
Fitting individual 13/21 with genotype {'epochs': 6, 'r': 4, 'no_of_conv_kernels': 64, 'secondary_capsule_vector': 16, 'dense_1': 256, 'dense_2': 256, 'epsilon': 0.014231355727287521, 'm_plus': 0.9007424476385952, 'm_minus': 0.1856630821464726, 'lambda_': 0.523334485390771, 'alpha': 0.0008862614789491765, 'no_of_primary_capsules': 32, 'primary_capsule_vector': 8, 'no_of_secondary_capsules': 10}
Fitting individual 14/21 with genotype {'epochs': 2, 'r': 3, 'no_of_conv_kernels': 64, 'secondary_capsule_vector': 11, 'dense_1': 128, 'dense_2': 1280, 'epsilon': 0.029832212989830506, 'm_plus': 0.9468666249393105, 'm_minus': 0.17706811391985178, 'lambda_': 0.6237255681492613, 'alpha': 0.00571575574406464, 'no_of_primary_capsules': 32, 'primary_capsule_vector': 8, 'no_of_secondary_capsules': 10}
Fitting individual 15/21 with genotype {'epochs': 6, 'r': 4, 'no_of_conv_kernels': 64, 'secondary_capsule_vector': 16, 'dense_1': 256, 'dense_2': 256, 'epsilon': 0.05344824694423068, 'm_plus': 0.9381442950320089, 'm_minus': 0.11754533412907078, 'lambda_': 0.8334133458608576, 'alpha': 0.008945717437971465, 'no_of_primary_capsules': 32, 'primary_capsule_vector': 8, 'no_of_secondary_capsules': 10}
Validation loss is not decreasing anymore, risk of overfitting the model after 5 epochs. The training will be stopped. This behavior can be modified by setting the early_stop property of the model to False
Fitting individual 16/21 with genotype {'epochs': 5, 'r': 2, 'no_of_conv_kernels': 128, 'secondary_capsule_vector': 17, 'dense_1': 256, 'dense_2': 1280, 'epsilon': 0.014231355727287521, 'm_plus': 0.9007424476385952, 'm_minus': 0.1856630821464726, 'lambda_': 0.523334485390771, 'alpha': 0.00571575574406464, 'no_of_primary_capsules': 32, 'primary_capsule_vector': 8, 'no_of_secondary_capsules': 10}
Fitting individual 17/21 with genotype {'epochs': 6, 'r': 4, 'no_of_conv_kernels': 64, 'secondary_capsule_vector': 16, 'dense_1': 256, 'dense_2': 256, 'epsilon': 0.0866544386224709, 'm_plus': 0.9073729299286851, 'm_minus': 0.11755091944021771, 'lambda_': 0.5668583619251691, 'alpha': 0.002158768941282626, 'no_of_primary_capsules': 32, 'primary_capsule_vector': 8, 'no_of_secondary_capsules': 10}
Fitting individual 18/21 with genotype {'epochs': 3, 'r': 2, 'no_of_conv_kernels': 64, 'secondary_capsule_vector': 40, 'dense_1': 256, 'dense_2': 512, 'epsilon': 0.014231355727287521, 'm_plus': 0.9007424476385952, 'm_minus': 0.1856630821464726, 'lambda_': 0.523334485390771, 'alpha': 0.00571575574406464, 'no_of_primary_capsules': 32, 'primary_capsule_vector': 8, 'no_of_secondary_capsules': 10}
Fitting individual 19/21 with genotype {'epochs': 1, 'r': 4, 'no_of_conv_kernels': 128, 'secondary_capsule_vector': 42, 'dense_1': 4, 'dense_2': 256, 'epsilon': 0.07813926086142027, 'm_plus': 0.9850076076835731, 'm_minus': 0.1015817575438487, 'lambda_': 0.4988655634743676, 'alpha': 0.0014621987951577498, 'no_of_primary_capsules': 32, 'primary_capsule_vector': 8, 'no_of_secondary_capsules': 10}
Fitting individual 20/21 with genotype {'epochs': 1, 'r': 4, 'no_of_conv_kernels': 128, 'secondary_capsule_vector': 42, 'dense_1': 4, 'dense_2': 256, 'epsilon': 0.07813926086142027, 'm_plus': 0.9850076076835731, 'm_minus': 0.1015817575438487, 'lambda_': 0.4988655634743676, 'alpha': 0.0014621987951577498, 'no_of_primary_capsules': 32, 'primary_capsule_vector': 8, 'no_of_secondary_capsules': 10}
Fitting individual 21/21 with genotype {'epochs': 5, 'r': 2, 'no_of_conv_kernels': 128, 'secondary_capsule_vector': 17, 'dense_1': 256, 'dense_2': 1280, 'epsilon': 0.05344824694423068, 'm_plus': 0.99, 'm_minus': 0.11754533412907078, 'lambda_': 0.8334133458608576, 'alpha': 0.008945717437971465, 'no_of_primary_capsules': 32, 'primary_capsule_vector': 8, 'no_of_secondary_capsules': 10}
Len of pop after selection : 10
=== Generation 2/10
Len of pop before manipulations : 10
crossover created 6 offspring(s)
mutation created 1 offspring(s)
local search created 4 offspring(s)
Len of pop after manipulations : 21
Fitting individual 1/21 with genotype {'epochs': 7, 'r': 2, 'no_of_conv_kernels': 64, 'secondary_capsule_vector': 26, 'dense_1': 512, 'dense_2': 1792, 'epsilon': 1e-07, 'm_plus': 0.9221005084925126, 'm_minus': 0.11140106888155661, 'lambda_': 0.8048980254777117, 'alpha': 0.0032093109890174378, 'no_of_primary_capsules': 32, 'primary_capsule_vector': 8, 'no_of_secondary_capsules': 10}
Validation loss is not decreasing anymore, risk of overfitting the model after 6 epochs. The training will be stopped. This behavior can be modified by setting the early_stop property of the model to False
Fitting individual 2/21 with genotype {'epochs': 3, 'r': 2, 'no_of_conv_kernels': 64, 'secondary_capsule_vector': 40, 'dense_1': 256, 'dense_2': 512, 'epsilon': 0.0866544386224709, 'm_plus': 0.9073729299286851, 'm_minus': 0.11755091944021771, 'lambda_': 0.5668583619251691, 'alpha': 0.002158768941282626, 'no_of_primary_capsules': 32, 'primary_capsule_vector': 8, 'no_of_secondary_capsules': 10}
Fitting individual 3/21 with genotype {'epochs': 5, 'r': 2, 'no_of_conv_kernels': 3, 'secondary_capsule_vector': 17, 'dense_1': 256, 'dense_2': 1280, 'epsilon': 0.05344824694423068, 'm_plus': 0.99, 'm_minus': 0.11754533412907078, 'lambda_': 0.8334133458608576, 'alpha': 0.008945717437971465, 'no_of_primary_capsules': 32, 'primary_capsule_vector': 8, 'no_of_secondary_capsules': 10}
Fitting individual 4/21 with genotype {'epochs': 2, 'r': 3, 'no_of_conv_kernels': 64, 'secondary_capsule_vector': 11, 'dense_1': 128, 'dense_2': 1280, 'epsilon': 0.029832212989830506, 'm_plus': 0.9468666249393105, 'm_minus': 0.17706811391985178, 'lambda_': 0.6237255681492613, 'alpha': 0.0008862614789491765, 'no_of_primary_capsules': 32, 'primary_capsule_vector': 8, 'no_of_secondary_capsules': 10}
Fitting individual 5/21 with genotype {'epochs': 6, 'r': 4, 'no_of_conv_kernels': 64, 'secondary_capsule_vector': 16, 'dense_1': 256, 'dense_2': 256, 'epsilon': 0.014231355727287521, 'm_plus': 0.9007424476385952, 'm_minus': 0.1856630821464726, 'lambda_': 0.523334485390771, 'alpha': 0.00571575574406464, 'no_of_primary_capsules': 32, 'primary_capsule_vector': 8, 'no_of_secondary_capsules': 10}
Fitting individual 6/21 with genotype {'epochs': 4, 'r': 4, 'no_of_conv_kernels': 64, 'secondary_capsule_vector': 42, 'dense_1': 512, 'dense_2': 256, 'epsilon': 0.059600052582013674, 'm_plus': 0.9565868749204628, 'm_minus': 0.08133381638615865, 'lambda_': 0.3578144225412495, 'alpha': 0.004403032141652381, 'no_of_primary_capsules': 32, 'primary_capsule_vector': 8, 'no_of_secondary_capsules': 10}
Fitting individual 7/21 with genotype {'epochs': 6, 'r': 4, 'no_of_conv_kernels': 32, 'secondary_capsule_vector': 40, 'dense_1': 128, 'dense_2': 1536, 'epsilon': 0.036168439899168944, 'm_plus': 0.965186385411576, 'm_minus': 0.1461194717640404, 'lambda_': 0.6093968661595693, 'alpha': 0.007776930578659876, 'no_of_primary_capsules': 32, 'primary_capsule_vector': 8, 'no_of_secondary_capsules': 10}
Fitting individual 8/21 with genotype {'epochs': 2, 'r': 4, 'no_of_conv_kernels': 32, 'secondary_capsule_vector': 31, 'dense_1': 512, 'dense_2': 256, 'epsilon': 0.07889911231762572, 'm_plus': 0.9106117900622139, 'm_minus': 0.0789080233161286, 'lambda_': 0.9070281319161602, 'alpha': 0.0014646649789599674, 'no_of_primary_capsules': 32, 'primary_capsule_vector': 8, 'no_of_secondary_capsules': 10}
Fitting individual 9/21 with genotype {'epochs': 1, 'r': 4, 'no_of_conv_kernels': 128, 'secondary_capsule_vector': 42, 'dense_1': 4, 'dense_2': 256, 'epsilon': 0.07813926086142027, 'm_plus': 0.9850076076835731, 'm_minus': 0.1015817575438487, 'lambda_': 0.4988655634743676, 'alpha': 0.0014621987951577498, 'no_of_primary_capsules': 32, 'primary_capsule_vector': 8, 'no_of_secondary_capsules': 10}
Fitting individual 10/21 with genotype {'epochs': 2, 'r': 4, 'no_of_conv_kernels': 64, 'secondary_capsule_vector': 47, 'dense_1': 512, 'dense_2': 512, 'epsilon': 0.04542040603109645, 'm_plus': 0.9867128660224367, 'm_minus': 0.19228505925223782, 'lambda_': 0.1890090408047152, 'alpha': 0.00010588772532964475, 'no_of_primary_capsules': 32, 'primary_capsule_vector': 8, 'no_of_secondary_capsules': 10}
Fitting individual 11/21 with genotype {'epochs': 6, 'r': 4, 'no_of_conv_kernels': 64, 'secondary_capsule_vector': 42, 'dense_1': 512, 'dense_2': 256, 'epsilon': 0.059600052582013674, 'm_plus': 0.9565868749204628, 'm_minus': 0.08133381638615865, 'lambda_': 0.3578144225412495, 'alpha': 0.004403032141652381, 'no_of_primary_capsules': 32, 'primary_capsule_vector': 8, 'no_of_secondary_capsules': 10}
Fitting individual 12/21 with genotype {'epochs': 4, 'r': 4, 'no_of_conv_kernels': 64, 'secondary_capsule_vector': 16, 'dense_1': 256, 'dense_2': 256, 'epsilon': 0.014231355727287521, 'm_plus': 0.9007424476385952, 'm_minus': 0.1856630821464726, 'lambda_': 0.523334485390771, 'alpha': 0.00571575574406464, 'no_of_primary_capsules': 32, 'primary_capsule_vector': 8, 'no_of_secondary_capsules': 10}
Fitting individual 13/21 with genotype {'epochs': 6, 'r': 4, 'no_of_conv_kernels': 32, 'secondary_capsule_vector': 40, 'dense_1': 128, 'dense_2': 1536, 'epsilon': 0.0866544386224709, 'm_plus': 0.9073729299286851, 'm_minus': 0.11755091944021771, 'lambda_': 0.5668583619251691, 'alpha': 0.002158768941282626, 'no_of_primary_capsules': 32, 'primary_capsule_vector': 8, 'no_of_secondary_capsules': 10}
Fitting individual 14/21 with genotype {'epochs': 3, 'r': 2, 'no_of_conv_kernels': 64, 'secondary_capsule_vector': 40, 'dense_1': 256, 'dense_2': 512, 'epsilon': 0.036168439899168944, 'm_plus': 0.965186385411576, 'm_minus': 0.1461194717640404, 'lambda_': 0.6093968661595693, 'alpha': 0.007776930578659876, 'no_of_primary_capsules': 32, 'primary_capsule_vector': 8, 'no_of_secondary_capsules': 10}
Fitting individual 15/21 with genotype {'epochs': 6, 'r': 4, 'no_of_conv_kernels': 64, 'secondary_capsule_vector': 16, 'dense_1': 256, 'dense_2': 256, 'epsilon': 0.014231355727287521, 'm_plus': 0.9007424476385952, 'm_minus': 0.1856630821464726, 'lambda_': 0.9070281319161602, 'alpha': 0.0014646649789599674, 'no_of_primary_capsules': 32, 'primary_capsule_vector': 8, 'no_of_secondary_capsules': 10}
Fitting individual 16/21 with genotype {'epochs': 2, 'r': 4, 'no_of_conv_kernels': 32, 'secondary_capsule_vector': 31, 'dense_1': 512, 'dense_2': 256, 'epsilon': 0.07115217606281322, 'm_plus': 0.9106117900622139, 'm_minus': 0.0789080233161286, 'lambda_': 0.523334485390771, 'alpha': 0.00571575574406464, 'no_of_primary_capsules': 32, 'primary_capsule_vector': 8, 'no_of_secondary_capsules': 10}
Fitting individual 17/21 with genotype {'epochs': 2, 'r': 4, 'no_of_conv_kernels': 32, 'secondary_capsule_vector': 31, 'dense_1': 512, 'dense_2': 256, 'epsilon': 0.07889911231762572, 'm_plus': 0.9106117900622139, 'm_minus': 0.0789080233161286, 'lambda_': 0.9070281319161602, 'alpha': 0.0014646649789599674, 'no_of_primary_capsules': 32, 'primary_capsule_vector': 8, 'no_of_secondary_capsules': 10}
Fitting individual 18/21 with genotype {'epochs': 4, 'r': 4, 'no_of_conv_kernels': 64, 'secondary_capsule_vector': 42, 'dense_1': 512, 'dense_2': 256, 'epsilon': 0.059600052582013674, 'm_plus': 0.9565868749204628, 'm_minus': 0.08133381638615865, 'lambda_': 0.3578144225412495, 'alpha': 0.004403032141652381, 'no_of_primary_capsules': 32, 'primary_capsule_vector': 8, 'no_of_secondary_capsules': 10}
Fitting individual 19/21 with genotype {'epochs': 7, 'r': 2, 'no_of_conv_kernels': 64, 'secondary_capsule_vector': 26, 'dense_1': 512, 'dense_2': 1792, 'epsilon': 1e-07, 'm_plus': 0.9221005084925126, 'm_minus': 0.11140106888155661, 'lambda_': 0.8048980254777117, 'alpha': 0.0032093109890174378, 'no_of_primary_capsules': 32, 'primary_capsule_vector': 8, 'no_of_secondary_capsules': 10}
Fitting individual 20/21 with genotype {'epochs': 3, 'r': 2, 'no_of_conv_kernels': 64, 'secondary_capsule_vector': 40, 'dense_1': 256, 'dense_2': 512, 'epsilon': 0.0866544386224709, 'm_plus': 0.9073729299286851, 'm_minus': 0.11755091944021771, 'lambda_': 0.5668583619251691, 'alpha': 0.002158768941282626, 'no_of_primary_capsules': 32, 'primary_capsule_vector': 8, 'no_of_secondary_capsules': 10}
Fitting individual 21/21 with genotype {'epochs': 5, 'r': 2, 'no_of_conv_kernels': 3, 'secondary_capsule_vector': 17, 'dense_1': 256, 'dense_2': 1280, 'epsilon': 0.05344824694423068, 'm_plus': 0.99, 'm_minus': 0.11754533412907078, 'lambda_': 0.8334133458608576, 'alpha': 0.008945717437971465, 'no_of_primary_capsules': 32, 'primary_capsule_vector': 8, 'no_of_secondary_capsules': 10}
Len of pop after selection : 10
=== Generation 3/10
Len of pop before manipulations : 10
crossover created 8 offspring(s)
mutation created 0 offspring(s)
local search created 3 offspring(s)
Len of pop after manipulations : 21
Fitting individual 1/21 with genotype {'epochs': 6, 'r': 2, 'no_of_conv_kernels': 64, 'secondary_capsule_vector': 26, 'dense_1': 512, 'dense_2': 1792, 'epsilon': 1e-07, 'm_plus': 0.9221005084925126, 'm_minus': 0.2, 'lambda_': 0.8048980254777117, 'alpha': 0.0032093109890174378, 'no_of_primary_capsules': 32, 'primary_capsule_vector': 8, 'no_of_secondary_capsules': 10}
Fitting individual 2/21 with genotype {'epochs': 6, 'r': 4, 'no_of_conv_kernels': 64, 'secondary_capsule_vector': 16, 'dense_1': 256, 'dense_2': 256, 'epsilon': 0.014231355727287521, 'm_plus': 0.9007424476385952, 'm_minus': 0.1856630821464726, 'lambda_': 0.523334485390771, 'alpha': 0.00571575574406464, 'no_of_primary_capsules': 32, 'primary_capsule_vector': 8, 'no_of_secondary_capsules': 10}
Fitting individual 3/21 with genotype {'epochs': 6, 'r': 4, 'no_of_conv_kernels': 32, 'secondary_capsule_vector': 40, 'dense_1': 128, 'dense_2': 1536, 'epsilon': 0.036168439899168944, 'm_plus': 0.965186385411576, 'm_minus': 0.1461194717640404, 'lambda_': 0.6093968661595693, 'alpha': 0.007776930578659876, 'no_of_primary_capsules': 32, 'primary_capsule_vector': 8, 'no_of_secondary_capsules': 10}
Fitting individual 4/21 with genotype {'epochs': 3, 'r': 2, 'no_of_conv_kernels': 64, 'secondary_capsule_vector': 40, 'dense_1': 256, 'dense_2': 512, 'epsilon': 0.0866544386224709, 'm_plus': 0.9073729299286851, 'm_minus': 0.11755091944021771, 'lambda_': 0.5668583619251691, 'alpha': 0.002158768941282626, 'no_of_primary_capsules': 32, 'primary_capsule_vector': 8, 'no_of_secondary_capsules': 10}
Fitting individual 5/21 with genotype {'epochs': 4, 'r': 4, 'no_of_conv_kernels': 64, 'secondary_capsule_vector': 42, 'dense_1': 512, 'dense_2': 256, 'epsilon': 0.059600052582013674, 'm_plus': 0.9565868749204628, 'm_minus': 0.08133381638615865, 'lambda_': 0.3578144225412495, 'alpha': 0.004403032141652381, 'no_of_primary_capsules': 32, 'primary_capsule_vector': 8, 'no_of_secondary_capsules': 10}
Fitting individual 6/21 with genotype {'epochs': 5, 'r': 2, 'no_of_conv_kernels': 3, 'secondary_capsule_vector': 17, 'dense_1': 256, 'dense_2': 1280, 'epsilon': 0.05344824694423068, 'm_plus': 0.99, 'm_minus': 0.11754533412907078, 'lambda_': 0.8334133458608576, 'alpha': 0.008945717437971465, 'no_of_primary_capsules': 32, 'primary_capsule_vector': 8, 'no_of_secondary_capsules': 10}
Fitting individual 7/21 with genotype {'epochs': 2, 'r': 3, 'no_of_conv_kernels': 64, 'secondary_capsule_vector': 11, 'dense_1': 128, 'dense_2': 1280, 'epsilon': 0.1, 'm_plus': 0.9468666249393105, 'm_minus': 0.17706811391985178, 'lambda_': 0.6237255681492613, 'alpha': 0.0008862614789491765, 'no_of_primary_capsules': 32, 'primary_capsule_vector': 8, 'no_of_secondary_capsules': 10}
Fitting individual 8/21 with genotype {'epochs': 2, 'r': 4, 'no_of_conv_kernels': 32, 'secondary_capsule_vector': 31, 'dense_1': 512, 'dense_2': 256, 'epsilon': 0.07889911231762572, 'm_plus': 0.9106117900622139, 'm_minus': 0.0789080233161286, 'lambda_': 0.9070281319161602, 'alpha': 0.0014646649789599674, 'no_of_primary_capsules': 32, 'primary_capsule_vector': 8, 'no_of_secondary_capsules': 10}
Fitting individual 9/21 with genotype {'epochs': 1, 'r': 4, 'no_of_conv_kernels': 128, 'secondary_capsule_vector': 42, 'dense_1': 4, 'dense_2': 256, 'epsilon': 0.07813926086142027, 'm_plus': 0.9850076076835731, 'm_minus': 0.1015817575438487, 'lambda_': 0.4988655634743676, 'alpha': 0.0014621987951577498, 'no_of_primary_capsules': 32, 'primary_capsule_vector': 8, 'no_of_secondary_capsules': 10}
Fitting individual 10/21 with genotype {'epochs': 2, 'r': 4, 'no_of_conv_kernels': 64, 'secondary_capsule_vector': 47, 'dense_1': 512, 'dense_2': 512, 'epsilon': 0.04542040603109645, 'm_plus': 0.9867128660224367, 'm_minus': 0.19228505925223782, 'lambda_': 0.1890090408047152, 'alpha': 0.00010588772532964475, 'no_of_primary_capsules': 32, 'primary_capsule_vector': 8, 'no_of_secondary_capsules': 10}
Fitting individual 11/21 with genotype {'epochs': 2, 'r': 3, 'no_of_conv_kernels': 64, 'secondary_capsule_vector': 11, 'dense_1': 128, 'dense_2': 1280, 'epsilon': 0.036168439899168944, 'm_plus': 0.965186385411576, 'm_minus': 0.1461194717640404, 'lambda_': 0.6093968661595693, 'alpha': 0.007776930578659876, 'no_of_primary_capsules': 32, 'primary_capsule_vector': 8, 'no_of_secondary_capsules': 10}
Fitting individual 12/21 with genotype {'epochs': 6, 'r': 4, 'no_of_conv_kernels': 32, 'secondary_capsule_vector': 40, 'dense_1': 128, 'dense_2': 1536, 'epsilon': 0.029832212989830506, 'm_plus': 0.9468666249393105, 'm_minus': 0.17706811391985178, 'lambda_': 0.6237255681492613, 'alpha': 0.0008862614789491765, 'no_of_primary_capsules': 32, 'primary_capsule_vector': 8, 'no_of_secondary_capsules': 10}
Fitting individual 13/21 with genotype {'epochs': 6, 'r': 2, 'no_of_conv_kernels': 64, 'secondary_capsule_vector': 26, 'dense_1': 512, 'dense_2': 1792, 'epsilon': 1e-07, 'm_plus': 0.9221005084925126, 'm_minus': 0.08133381638615865, 'lambda_': 0.3578144225412495, 'alpha': 0.004403032141652381, 'no_of_primary_capsules': 32, 'primary_capsule_vector': 8, 'no_of_secondary_capsules': 10}
Fitting individual 14/21 with genotype {'epochs': 4, 'r': 4, 'no_of_conv_kernels': 64, 'secondary_capsule_vector': 42, 'dense_1': 512, 'dense_2': 256, 'epsilon': 0.059600052582013674, 'm_plus': 0.9565868749204628, 'm_minus': 0.11140106888155661, 'lambda_': 0.8048980254777117, 'alpha': 0.0032093109890174378, 'no_of_primary_capsules': 32, 'primary_capsule_vector': 8, 'no_of_secondary_capsules': 10}
Fitting individual 15/21 with genotype {'epochs': 1, 'r': 4, 'no_of_conv_kernels': 128, 'secondary_capsule_vector': 42, 'dense_1': 4, 'dense_2': 256, 'epsilon': 0.07813926086142027, 'm_plus': 0.9221005084925126, 'm_minus': 0.11140106888155661, 'lambda_': 0.8048980254777117, 'alpha': 0.0032093109890174378, 'no_of_primary_capsules': 32, 'primary_capsule_vector': 8, 'no_of_secondary_capsules': 10}
Fitting individual 16/21 with genotype {'epochs': 6, 'r': 2, 'no_of_conv_kernels': 64, 'secondary_capsule_vector': 26, 'dense_1': 512, 'dense_2': 1792, 'epsilon': 1e-07, 'm_plus': 0.9850076076835731, 'm_minus': 0.1015817575438487, 'lambda_': 0.4988655634743676, 'alpha': 0.0014621987951577498, 'no_of_primary_capsules': 32, 'primary_capsule_vector': 8, 'no_of_secondary_capsules': 10}
Fitting individual 17/21 with genotype {'epochs': 6, 'r': 2, 'no_of_conv_kernels': 64, 'secondary_capsule_vector': 26, 'dense_1': 512, 'dense_2': 1536, 'epsilon': 0.036168439899168944, 'm_plus': 0.965186385411576, 'm_minus': 0.1461194717640404, 'lambda_': 0.6093968661595693, 'alpha': 0.007776930578659876, 'no_of_primary_capsules': 32, 'primary_capsule_vector': 8, 'no_of_secondary_capsules': 10}
Fitting individual 18/21 with genotype {'epochs': 6, 'r': 4, 'no_of_conv_kernels': 32, 'secondary_capsule_vector': 40, 'dense_1': 128, 'dense_2': 1792, 'epsilon': 1e-07, 'm_plus': 0.9221005084925126, 'm_minus': 0.11140106888155661, 'lambda_': 0.8048980254777117, 'alpha': 0.0032093109890174378, 'no_of_primary_capsules': 32, 'primary_capsule_vector': 8, 'no_of_secondary_capsules': 10}
Fitting individual 19/21 with genotype {'epochs': 6, 'r': 2, 'no_of_conv_kernels': 64, 'secondary_capsule_vector': 26, 'dense_1': 512, 'dense_2': 1792, 'epsilon': 1e-07, 'm_plus': 0.9221005084925126, 'm_minus': 0.2, 'lambda_': 0.8048980254777117, 'alpha': 0.0032093109890174378, 'no_of_primary_capsules': 32, 'primary_capsule_vector': 8, 'no_of_secondary_capsules': 10}
Fitting individual 20/21 with genotype {'epochs': 6, 'r': 2, 'no_of_conv_kernels': 64, 'secondary_capsule_vector': 26, 'dense_1': 512, 'dense_2': 1792, 'epsilon': 1e-07, 'm_plus': 0.9221005084925126, 'm_minus': 0.2, 'lambda_': 0.8048980254777117, 'alpha': 0.0032093109890174378, 'no_of_primary_capsules': 32, 'primary_capsule_vector': 8, 'no_of_secondary_capsules': 10}
Fitting individual 21/21 with genotype {'epochs': 2, 'r': 3, 'no_of_conv_kernels': 64, 'secondary_capsule_vector': 11, 'dense_1': 128, 'dense_2': 1280, 'epsilon': 0.1, 'm_plus': 0.9468666249393105, 'm_minus': 0.17706811391985178, 'lambda_': 0.6237255681492613, 'alpha': 0.0008862614789491765, 'no_of_primary_capsules': 32, 'primary_capsule_vector': 8, 'no_of_secondary_capsules': 10}
Len of pop after selection : 10
=== Generation 4/10
Len of pop before manipulations : 10
crossover created 8 offspring(s)
mutation created 0 offspring(s)
local search created 1 offspring(s)
Len of pop after manipulations : 19
Fitting individual 1/19 with genotype {'epochs': 6, 'r': 2, 'no_of_conv_kernels': 64, 'secondary_capsule_vector': 26, 'dense_1': 512, 'dense_2': 1792, 'epsilon': 1e-07, 'm_plus': 0.9221005084925126, 'm_minus': 0.2, 'lambda_': 0.8048980254777117, 'alpha': 0.0032093109890174378, 'no_of_primary_capsules': 32, 'primary_capsule_vector': 8, 'no_of_secondary_capsules': 10}
Fitting individual 2/19 with genotype {'epochs': 4, 'r': 4, 'no_of_conv_kernels': 64, 'secondary_capsule_vector': 42, 'dense_1': 512, 'dense_2': 256, 'epsilon': 0.059600052582013674, 'm_plus': 0.9565868749204628, 'm_minus': 0.08133381638615865, 'lambda_': 0.3578144225412495, 'alpha': 0.004403032141652381, 'no_of_primary_capsules': 32, 'primary_capsule_vector': 8, 'no_of_secondary_capsules': 10}
Fitting individual 3/19 with genotype {'epochs': 6, 'r': 4, 'no_of_conv_kernels': 64, 'secondary_capsule_vector': 16, 'dense_1': 256, 'dense_2': 256, 'epsilon': 0.014231355727287521, 'm_plus': 0.9007424476385952, 'm_minus': 0.1856630821464726, 'lambda_': 0.523334485390771, 'alpha': 0.00571575574406464, 'no_of_primary_capsules': 32, 'primary_capsule_vector': 8, 'no_of_secondary_capsules': 10}
Fitting individual 4/19 with genotype {'epochs': 3, 'r': 2, 'no_of_conv_kernels': 64, 'secondary_capsule_vector': 40, 'dense_1': 256, 'dense_2': 512, 'epsilon': 0.0866544386224709, 'm_plus': 0.9073729299286851, 'm_minus': 0.11755091944021771, 'lambda_': 0.5668583619251691, 'alpha': 0.002158768941282626, 'no_of_primary_capsules': 32, 'primary_capsule_vector': 8, 'no_of_secondary_capsules': 10}
Fitting individual 5/19 with genotype {'epochs': 5, 'r': 2, 'no_of_conv_kernels': 3, 'secondary_capsule_vector': 17, 'dense_1': 256, 'dense_2': 1280, 'epsilon': 0.05344824694423068, 'm_plus': 0.99, 'm_minus': 0.11754533412907078, 'lambda_': 0.8334133458608576, 'alpha': 0.008945717437971465, 'no_of_primary_capsules': 32, 'primary_capsule_vector': 8, 'no_of_secondary_capsules': 10}
Fitting individual 6/19 with genotype {'epochs': 6, 'r': 4, 'no_of_conv_kernels': 32, 'secondary_capsule_vector': 40, 'dense_1': 128, 'dense_2': 7, 'epsilon': 0.036168439899168944, 'm_plus': 0.965186385411576, 'm_minus': 0.1461194717640404, 'lambda_': 0.6093968661595693, 'alpha': 0.007776930578659876, 'no_of_primary_capsules': 32, 'primary_capsule_vector': 8, 'no_of_secondary_capsules': 10}
Fitting individual 7/19 with genotype {'epochs': 2, 'r': 3, 'no_of_conv_kernels': 64, 'secondary_capsule_vector': 11, 'dense_1': 128, 'dense_2': 1280, 'epsilon': 0.1, 'm_plus': 0.9468666249393105, 'm_minus': 0.17706811391985178, 'lambda_': 0.6237255681492613, 'alpha': 0.0008862614789491765, 'no_of_primary_capsules': 32, 'primary_capsule_vector': 8, 'no_of_secondary_capsules': 10}
Fitting individual 8/19 with genotype {'epochs': 2, 'r': 4, 'no_of_conv_kernels': 64, 'secondary_capsule_vector': 47, 'dense_1': 512, 'dense_2': 512, 'epsilon': 0.04542040603109645, 'm_plus': 0.9867128660224367, 'm_minus': 0.19228505925223782, 'lambda_': 0.1890090408047152, 'alpha': 0.00010588772532964475, 'no_of_primary_capsules': 32, 'primary_capsule_vector': 8, 'no_of_secondary_capsules': 10}
Fitting individual 9/19 with genotype {'epochs': 2, 'r': 4, 'no_of_conv_kernels': 32, 'secondary_capsule_vector': 31, 'dense_1': 512, 'dense_2': 256, 'epsilon': 0.07889911231762572, 'm_plus': 0.9106117900622139, 'm_minus': 0.0789080233161286, 'lambda_': 0.9070281319161602, 'alpha': 0.0014646649789599674, 'no_of_primary_capsules': 32, 'primary_capsule_vector': 8, 'no_of_secondary_capsules': 10}
Fitting individual 10/19 with genotype {'epochs': 1, 'r': 4, 'no_of_conv_kernels': 128, 'secondary_capsule_vector': 42, 'dense_1': 4, 'dense_2': 256, 'epsilon': 0.07813926086142027, 'm_plus': 0.9850076076835731, 'm_minus': 0.1015817575438487, 'lambda_': 0.4988655634743676, 'alpha': 0.0014621987951577498, 'no_of_primary_capsules': 32, 'primary_capsule_vector': 8, 'no_of_secondary_capsules': 10}
Fitting individual 11/19 with genotype {'epochs': 1, 'r': 4, 'no_of_conv_kernels': 128, 'secondary_capsule_vector': 42, 'dense_1': 512, 'dense_2': 256, 'epsilon': 0.07889911231762572, 'm_plus': 0.9106117900622139, 'm_minus': 0.0789080233161286, 'lambda_': 0.9070281319161602, 'alpha': 0.0014646649789599674, 'no_of_primary_capsules': 32, 'primary_capsule_vector': 8, 'no_of_secondary_capsules': 10}
Fitting individual 12/19 with genotype {'epochs': 2, 'r': 4, 'no_of_conv_kernels': 32, 'secondary_capsule_vector': 31, 'dense_1': 4, 'dense_2': 256, 'epsilon': 0.07813926086142027, 'm_plus': 0.9850076076835731, 'm_minus': 0.1015817575438487, 'lambda_': 0.4988655634743676, 'alpha': 0.0014621987951577498, 'no_of_primary_capsules': 32, 'primary_capsule_vector': 8, 'no_of_secondary_capsules': 10}
Fitting individual 13/19 with genotype {'epochs': 4, 'r': 4, 'no_of_conv_kernels': 64, 'secondary_capsule_vector': 42, 'dense_1': 128, 'dense_2': 1280, 'epsilon': 0.1, 'm_plus': 0.9468666249393105, 'm_minus': 0.17706811391985178, 'lambda_': 0.6237255681492613, 'alpha': 0.0008862614789491765, 'no_of_primary_capsules': 32, 'primary_capsule_vector': 8, 'no_of_secondary_capsules': 10}
Fitting individual 14/19 with genotype {'epochs': 2, 'r': 3, 'no_of_conv_kernels': 64, 'secondary_capsule_vector': 11, 'dense_1': 512, 'dense_2': 256, 'epsilon': 0.059600052582013674, 'm_plus': 0.9565868749204628, 'm_minus': 0.08133381638615865, 'lambda_': 0.3578144225412495, 'alpha': 0.004403032141652381, 'no_of_primary_capsules': 32, 'primary_capsule_vector': 8, 'no_of_secondary_capsules': 10}
Fitting individual 15/19 with genotype {'epochs': 2, 'r': 3, 'no_of_conv_kernels': 64, 'secondary_capsule_vector': 26, 'dense_1': 512, 'dense_2': 1792, 'epsilon': 1e-07, 'm_plus': 0.9221005084925126, 'm_minus': 0.2, 'lambda_': 0.8048980254777117, 'alpha': 0.0032093109890174378, 'no_of_primary_capsules': 32, 'primary_capsule_vector': 8, 'no_of_secondary_capsules': 10}
Fitting individual 16/19 with genotype {'epochs': 6, 'r': 2, 'no_of_conv_kernels': 64, 'secondary_capsule_vector': 11, 'dense_1': 128, 'dense_2': 1280, 'epsilon': 0.1, 'm_plus': 0.9468666249393105, 'm_minus': 0.17706811391985178, 'lambda_': 0.6237255681492613, 'alpha': 0.0008862614789491765, 'no_of_primary_capsules': 32, 'primary_capsule_vector': 8, 'no_of_secondary_capsules': 10}
Validation loss is not decreasing anymore, risk of overfitting the model after 6 epochs. The training will be stopped. This behavior can be modified by setting the early_stop property of the model to False
Fitting individual 17/19 with genotype {'epochs': 2, 'r': 3, 'no_of_conv_kernels': 128, 'secondary_capsule_vector': 42, 'dense_1': 4, 'dense_2': 256, 'epsilon': 0.07813926086142027, 'm_plus': 0.9850076076835731, 'm_minus': 0.1015817575438487, 'lambda_': 0.4988655634743676, 'alpha': 0.0014621987951577498, 'no_of_primary_capsules': 32, 'primary_capsule_vector': 8, 'no_of_secondary_capsules': 10}
Fitting individual 18/19 with genotype {'epochs': 1, 'r': 4, 'no_of_conv_kernels': 64, 'secondary_capsule_vector': 11, 'dense_1': 128, 'dense_2': 1280, 'epsilon': 0.1, 'm_plus': 0.9468666249393105, 'm_minus': 0.17706811391985178, 'lambda_': 0.6237255681492613, 'alpha': 0.0008862614789491765, 'no_of_primary_capsules': 32, 'primary_capsule_vector': 8, 'no_of_secondary_capsules': 10}
Fitting individual 19/19 with genotype {'epochs': 6, 'r': 4, 'no_of_conv_kernels': 32, 'secondary_capsule_vector': 40, 'dense_1': 128, 'dense_2': 7, 'epsilon': 0.036168439899168944, 'm_plus': 0.965186385411576, 'm_minus': 0.1461194717640404, 'lambda_': 0.6093968661595693, 'alpha': 0.007776930578659876, 'no_of_primary_capsules': 32, 'primary_capsule_vector': 8, 'no_of_secondary_capsules': 10}
Len of pop after selection : 10
=== Generation 5/10
Len of pop before manipulations : 10
crossover created 6 offspring(s)
mutation created 1 offspring(s)
local search created 3 offspring(s)
Len of pop after manipulations : 20
Fitting individual 1/20 with genotype {'epochs': 6, 'r': 2, 'no_of_conv_kernels': 3, 'secondary_capsule_vector': 26, 'dense_1': 512, 'dense_2': 1792, 'epsilon': 1e-07, 'm_plus': 0.9221005084925126, 'm_minus': 0.2, 'lambda_': 0.8048980254777117, 'alpha': 0.0032093109890174378, 'no_of_primary_capsules': 32, 'primary_capsule_vector': 8, 'no_of_secondary_capsules': 10}
Fitting individual 2/20 with genotype {'epochs': 4, 'r': 4, 'no_of_conv_kernels': 64, 'secondary_capsule_vector': 42, 'dense_1': 512, 'dense_2': 256, 'epsilon': 0.059600052582013674, 'm_plus': 0.9565868749204628, 'm_minus': 0.08133381638615865, 'lambda_': 0.3578144225412495, 'alpha': 0.004403032141652381, 'no_of_primary_capsules': 32, 'primary_capsule_vector': 8, 'no_of_secondary_capsules': 10}
Fitting individual 3/20 with genotype {'epochs': 6, 'r': 4, 'no_of_conv_kernels': 64, 'secondary_capsule_vector': 16, 'dense_1': 256, 'dense_2': 256, 'epsilon': 0.014231355727287521, 'm_plus': 0.9007424476385952, 'm_minus': 0.12954283524213225, 'lambda_': 0.523334485390771, 'alpha': 0.00571575574406464, 'no_of_primary_capsules': 32, 'primary_capsule_vector': 8, 'no_of_secondary_capsules': 10}
Fitting individual 4/20 with genotype {'epochs': 5, 'r': 2, 'no_of_conv_kernels': 3, 'secondary_capsule_vector': 17, 'dense_1': 256, 'dense_2': 1280, 'epsilon': 0.05344824694423068, 'm_plus': 0.99, 'm_minus': 0.1466049210470347, 'lambda_': 0.8334133458608576, 'alpha': 0.008945717437971465, 'no_of_primary_capsules': 32, 'primary_capsule_vector': 8, 'no_of_secondary_capsules': 10}
Fitting individual 5/20 with genotype {'epochs': 3, 'r': 2, 'no_of_conv_kernels': 64, 'secondary_capsule_vector': 40, 'dense_1': 256, 'dense_2': 512, 'epsilon': 0.0866544386224709, 'm_plus': 0.9073729299286851, 'm_minus': 0.11755091944021771, 'lambda_': 0.5668583619251691, 'alpha': 0.002158768941282626, 'no_of_primary_capsules': 32, 'primary_capsule_vector': 8, 'no_of_secondary_capsules': 10}
Fitting individual 6/20 with genotype {'epochs': 6, 'r': 4, 'no_of_conv_kernels': 32, 'secondary_capsule_vector': 40, 'dense_1': 128, 'dense_2': 7, 'epsilon': 0.036168439899168944, 'm_plus': 0.965186385411576, 'm_minus': 0.1461194717640404, 'lambda_': 0.6093968661595693, 'alpha': 0.007776930578659876, 'no_of_primary_capsules': 32, 'primary_capsule_vector': 8, 'no_of_secondary_capsules': 10}
Fitting individual 7/20 with genotype {'epochs': 2, 'r': 3, 'no_of_conv_kernels': 64, 'secondary_capsule_vector': 11, 'dense_1': 128, 'dense_2': 1280, 'epsilon': 0.1, 'm_plus': 0.9468666249393105, 'm_minus': 0.17706811391985178, 'lambda_': 0.6237255681492613, 'alpha': 0.0008862614789491765, 'no_of_primary_capsules': 32, 'primary_capsule_vector': 8, 'no_of_secondary_capsules': 10}
Fitting individual 8/20 with genotype {'epochs': 2, 'r': 4, 'no_of_conv_kernels': 32, 'secondary_capsule_vector': 31, 'dense_1': 512, 'dense_2': 256, 'epsilon': 0.07889911231762572, 'm_plus': 0.9106117900622139, 'm_minus': 0.0789080233161286, 'lambda_': 0.9070281319161602, 'alpha': 0.0014646649789599674, 'no_of_primary_capsules': 32, 'primary_capsule_vector': 8, 'no_of_secondary_capsules': 10}
Fitting individual 9/20 with genotype {'epochs': 1, 'r': 4, 'no_of_conv_kernels': 128, 'secondary_capsule_vector': 42, 'dense_1': 4, 'dense_2': 256, 'epsilon': 0.07813926086142027, 'm_plus': 0.9850076076835731, 'm_minus': 0.1015817575438487, 'lambda_': 0.4988655634743676, 'alpha': 0.0014621987951577498, 'no_of_primary_capsules': 32, 'primary_capsule_vector': 8, 'no_of_secondary_capsules': 10}
Fitting individual 10/20 with genotype {'epochs': 2, 'r': 4, 'no_of_conv_kernels': 64, 'secondary_capsule_vector': 47, 'dense_1': 512, 'dense_2': 512, 'epsilon': 0.04542040603109645, 'm_plus': 0.9867128660224367, 'm_minus': 0.19228505925223782, 'lambda_': 0.1890090408047152, 'alpha': 0.00010588772532964475, 'no_of_primary_capsules': 32, 'primary_capsule_vector': 8, 'no_of_secondary_capsules': 10}
Fitting individual 11/20 with genotype {'epochs': 2, 'r': 4, 'no_of_conv_kernels': 64, 'secondary_capsule_vector': 47, 'dense_1': 128, 'dense_2': 1280, 'epsilon': 0.1, 'm_plus': 0.9468666249393105, 'm_minus': 0.17706811391985178, 'lambda_': 0.6237255681492613, 'alpha': 0.0008862614789491765, 'no_of_primary_capsules': 32, 'primary_capsule_vector': 8, 'no_of_secondary_capsules': 10}
Fitting individual 12/20 with genotype {'epochs': 2, 'r': 3, 'no_of_conv_kernels': 64, 'secondary_capsule_vector': 11, 'dense_1': 512, 'dense_2': 512, 'epsilon': 0.04542040603109645, 'm_plus': 0.9867128660224367, 'm_minus': 0.19228505925223782, 'lambda_': 0.1890090408047152, 'alpha': 0.00010588772532964475, 'no_of_primary_capsules': 32, 'primary_capsule_vector': 8, 'no_of_secondary_capsules': 10}
Fitting individual 13/20 with genotype {'epochs': 5, 'r': 2, 'no_of_conv_kernels': 64, 'secondary_capsule_vector': 40, 'dense_1': 256, 'dense_2': 512, 'epsilon': 0.0866544386224709, 'm_plus': 0.9073729299286851, 'm_minus': 0.11755091944021771, 'lambda_': 0.5668583619251691, 'alpha': 0.002158768941282626, 'no_of_primary_capsules': 32, 'primary_capsule_vector': 8, 'no_of_secondary_capsules': 10}
Fitting individual 14/20 with genotype {'epochs': 3, 'r': 2, 'no_of_conv_kernels': 3, 'secondary_capsule_vector': 17, 'dense_1': 256, 'dense_2': 1280, 'epsilon': 0.05344824694423068, 'm_plus': 0.99, 'm_minus': 0.11754533412907078, 'lambda_': 0.8334133458608576, 'alpha': 0.008945717437971465, 'no_of_primary_capsules': 32, 'primary_capsule_vector': 8, 'no_of_secondary_capsules': 10}
Fitting individual 15/20 with genotype {'epochs': 2, 'r': 3, 'no_of_conv_kernels': 64, 'secondary_capsule_vector': 11, 'dense_1': 128, 'dense_2': 1792, 'epsilon': 1e-07, 'm_plus': 0.9221005084925126, 'm_minus': 0.2, 'lambda_': 0.8048980254777117, 'alpha': 0.0032093109890174378, 'no_of_primary_capsules': 32, 'primary_capsule_vector': 8, 'no_of_secondary_capsules': 10}
Fitting individual 16/20 with genotype {'epochs': 6, 'r': 2, 'no_of_conv_kernels': 64, 'secondary_capsule_vector': 26, 'dense_1': 512, 'dense_2': 1280, 'epsilon': 0.1, 'm_plus': 0.9468666249393105, 'm_minus': 0.17706811391985178, 'lambda_': 0.6237255681492613, 'alpha': 0.0008862614789491765, 'no_of_primary_capsules': 32, 'primary_capsule_vector': 8, 'no_of_secondary_capsules': 10}
Fitting individual 17/20 with genotype {'epochs': 6, 'r': 4, 'no_of_conv_kernels': 64, 'secondary_capsule_vector': 16, 'dense_1': 256, 'dense_2': 256, 'epsilon': 0.014231355727287521, 'm_plus': 0.9007424476385952, 'm_minus': 0.12954283524213225, 'lambda_': 0.523334485390771, 'alpha': 0.00571575574406464, 'no_of_primary_capsules': 32, 'primary_capsule_vector': 8, 'no_of_secondary_capsules': 10}
Fitting individual 18/20 with genotype {'epochs': 6, 'r': 2, 'no_of_conv_kernels': 3, 'secondary_capsule_vector': 26, 'dense_1': 512, 'dense_2': 1792, 'epsilon': 1e-07, 'm_plus': 0.9221005084925126, 'm_minus': 0.2, 'lambda_': 0.8048980254777117, 'alpha': 0.0032093109890174378, 'no_of_primary_capsules': 32, 'primary_capsule_vector': 8, 'no_of_secondary_capsules': 10}
Fitting individual 19/20 with genotype {'epochs': 6, 'r': 2, 'no_of_conv_kernels': 3, 'secondary_capsule_vector': 26, 'dense_1': 512, 'dense_2': 1792, 'epsilon': 1e-07, 'm_plus': 0.9221005084925126, 'm_minus': 0.2, 'lambda_': 0.8048980254777117, 'alpha': 0.0032093109890174378, 'no_of_primary_capsules': 32, 'primary_capsule_vector': 8, 'no_of_secondary_capsules': 10}
Fitting individual 20/20 with genotype {'epochs': 5, 'r': 2, 'no_of_conv_kernels': 3, 'secondary_capsule_vector': 17, 'dense_1': 256, 'dense_2': 1280, 'epsilon': 0.05344824694423068, 'm_plus': 0.99, 'm_minus': 0.1466049210470347, 'lambda_': 0.8334133458608576, 'alpha': 0.008945717437971465, 'no_of_primary_capsules': 32, 'primary_capsule_vector': 8, 'no_of_secondary_capsules': 10}
Len of pop after selection : 10
=== Generation 6/10
Len of pop before manipulations : 10
crossover created 6 offspring(s)
mutation created 1 offspring(s)
local search created 3 offspring(s)
Len of pop after manipulations : 20
Fitting individual 1/20 with genotype {'epochs': 3, 'r': 2, 'no_of_conv_kernels': 64, 'secondary_capsule_vector': 40, 'dense_1': 256, 'dense_2': 512, 'epsilon': 0.0866544386224709, 'm_plus': 0.9073729299286851, 'm_minus': 0.11755091944021771, 'lambda_': 0.5668583619251691, 'alpha': 0.0027423827022546306, 'no_of_primary_capsules': 32, 'primary_capsule_vector': 8, 'no_of_secondary_capsules': 10}
Fitting individual 2/20 with genotype {'epochs': 6, 'r': 4, 'no_of_conv_kernels': 32, 'secondary_capsule_vector': 40, 'dense_1': 128, 'dense_2': 7, 'epsilon': 0.036168439899168944, 'm_plus': 0.965186385411576, 'm_minus': 0.1461194717640404, 'lambda_': 0.6093968661595693, 'alpha': 0.007776930578659876, 'no_of_primary_capsules': 32, 'primary_capsule_vector': 8, 'no_of_secondary_capsules': 10}
Fitting individual 3/20 with genotype {'epochs': 6, 'r': 2, 'no_of_conv_kernels': 3, 'secondary_capsule_vector': 26, 'dense_1': 512, 'dense_2': 1792, 'epsilon': 1e-07, 'm_plus': 0.9221005084925126, 'm_minus': 0.2, 'lambda_': 0.8048980254777117, 'alpha': 0.0032093109890174378, 'no_of_primary_capsules': 32, 'primary_capsule_vector': 8, 'no_of_secondary_capsules': 10}
Fitting individual 4/20 with genotype {'epochs': 4, 'r': 4, 'no_of_conv_kernels': 64, 'secondary_capsule_vector': 42, 'dense_1': 512, 'dense_2': 256, 'epsilon': 1e-07, 'm_plus': 0.9565868749204628, 'm_minus': 0.08133381638615865, 'lambda_': 0.3578144225412495, 'alpha': 0.004403032141652381, 'no_of_primary_capsules': 32, 'primary_capsule_vector': 8, 'no_of_secondary_capsules': 10}
Fitting individual 5/20 with genotype {'epochs': 6, 'r': 4, 'no_of_conv_kernels': 64, 'secondary_capsule_vector': 16, 'dense_1': 256, 'dense_2': 256, 'epsilon': 0.014231355727287521, 'm_plus': 0.9007424476385952, 'm_minus': 0.12954283524213225, 'lambda_': 0.523334485390771, 'alpha': 0.00571575574406464, 'no_of_primary_capsules': 32, 'primary_capsule_vector': 8, 'no_of_secondary_capsules': 10}
Fitting individual 6/20 with genotype {'epochs': 5, 'r': 2, 'no_of_conv_kernels': 3, 'secondary_capsule_vector': 17, 'dense_1': 256, 'dense_2': 1280, 'epsilon': 0.05344824694423068, 'm_plus': 0.99, 'm_minus': 0.1466049210470347, 'lambda_': 0.8334133458608576, 'alpha': 0.008945717437971465, 'no_of_primary_capsules': 32, 'primary_capsule_vector': 8, 'no_of_secondary_capsules': 10}
Fitting individual 7/20 with genotype {'epochs': 2, 'r': 3, 'no_of_conv_kernels': 64, 'secondary_capsule_vector': 11, 'dense_1': 128, 'dense_2': 1280, 'epsilon': 0.1, 'm_plus': 0.9468666249393105, 'm_minus': 0.17706811391985178, 'lambda_': 0.6237255681492613, 'alpha': 0.0008862614789491765, 'no_of_primary_capsules': 32, 'primary_capsule_vector': 8, 'no_of_secondary_capsules': 10}
Fitting individual 8/20 with genotype {'epochs': 2, 'r': 4, 'no_of_conv_kernels': 32, 'secondary_capsule_vector': 31, 'dense_1': 512, 'dense_2': 256, 'epsilon': 0.07889911231762572, 'm_plus': 0.9106117900622139, 'm_minus': 0.0789080233161286, 'lambda_': 0.9070281319161602, 'alpha': 0.0014646649789599674, 'no_of_primary_capsules': 32, 'primary_capsule_vector': 8, 'no_of_secondary_capsules': 10}
Fitting individual 9/20 with genotype {'epochs': 1, 'r': 4, 'no_of_conv_kernels': 128, 'secondary_capsule_vector': 42, 'dense_1': 4, 'dense_2': 256, 'epsilon': 0.07813926086142027, 'm_plus': 0.9850076076835731, 'm_minus': 0.1015817575438487, 'lambda_': 0.4988655634743676, 'alpha': 0.0014621987951577498, 'no_of_primary_capsules': 32, 'primary_capsule_vector': 8, 'no_of_secondary_capsules': 10}
Fitting individual 10/20 with genotype {'epochs': 2, 'r': 4, 'no_of_conv_kernels': 64, 'secondary_capsule_vector': 47, 'dense_1': 4, 'dense_2': 512, 'epsilon': 0.04542040603109645, 'm_plus': 0.9867128660224367, 'm_minus': 0.19228505925223782, 'lambda_': 0.1890090408047152, 'alpha': 0.00010588772532964475, 'no_of_primary_capsules': 32, 'primary_capsule_vector': 8, 'no_of_secondary_capsules': 10}
Fitting individual 11/20 with genotype {'epochs': 4, 'r': 4, 'no_of_conv_kernels': 64, 'secondary_capsule_vector': 42, 'dense_1': 512, 'dense_2': 256, 'epsilon': 0.059600052582013674, 'm_plus': 0.9565868749204628, 'm_minus': 0.08133381638615865, 'lambda_': 0.523334485390771, 'alpha': 0.00571575574406464, 'no_of_primary_capsules': 32, 'primary_capsule_vector': 8, 'no_of_secondary_capsules': 10}
Fitting individual 12/20 with genotype {'epochs': 6, 'r': 4, 'no_of_conv_kernels': 64, 'secondary_capsule_vector': 16, 'dense_1': 256, 'dense_2': 256, 'epsilon': 0.014231355727287521, 'm_plus': 0.9007424476385952, 'm_minus': 0.12954283524213225, 'lambda_': 0.3578144225412495, 'alpha': 0.004403032141652381, 'no_of_primary_capsules': 32, 'primary_capsule_vector': 8, 'no_of_secondary_capsules': 10}
Fitting individual 13/20 with genotype {'epochs': 2, 'r': 4, 'no_of_conv_kernels': 64, 'secondary_capsule_vector': 47, 'dense_1': 512, 'dense_2': 512, 'epsilon': 0.04542040603109645, 'm_plus': 0.9073729299286851, 'm_minus': 0.11755091944021771, 'lambda_': 0.5668583619251691, 'alpha': 0.002158768941282626, 'no_of_primary_capsules': 32, 'primary_capsule_vector': 8, 'no_of_secondary_capsules': 10}
Fitting individual 14/20 with genotype {'epochs': 3, 'r': 2, 'no_of_conv_kernels': 64, 'secondary_capsule_vector': 40, 'dense_1': 256, 'dense_2': 512, 'epsilon': 0.0866544386224709, 'm_plus': 0.9867128660224367, 'm_minus': 0.19228505925223782, 'lambda_': 0.1890090408047152, 'alpha': 0.00010588772532964475, 'no_of_primary_capsules': 32, 'primary_capsule_vector': 8, 'no_of_secondary_capsules': 10}
Fitting individual 15/20 with genotype {'epochs': 2, 'r': 4, 'no_of_conv_kernels': 64, 'secondary_capsule_vector': 47, 'dense_1': 256, 'dense_2': 1280, 'epsilon': 0.05344824694423068, 'm_plus': 0.99, 'm_minus': 0.1466049210470347, 'lambda_': 0.8334133458608576, 'alpha': 0.008945717437971465, 'no_of_primary_capsules': 32, 'primary_capsule_vector': 8, 'no_of_secondary_capsules': 10}
Fitting individual 16/20 with genotype {'epochs': 5, 'r': 2, 'no_of_conv_kernels': 3, 'secondary_capsule_vector': 17, 'dense_1': 512, 'dense_2': 512, 'epsilon': 0.04542040603109645, 'm_plus': 0.9867128660224367, 'm_minus': 0.19228505925223782, 'lambda_': 0.1890090408047152, 'alpha': 0.00010588772532964475, 'no_of_primary_capsules': 32, 'primary_capsule_vector': 8, 'no_of_secondary_capsules': 10}
Fitting individual 17/20 with genotype {'epochs': 2, 'r': 4, 'no_of_conv_kernels': 32, 'secondary_capsule_vector': 31, 'dense_1': 512, 'dense_2': 256, 'epsilon': 0.07889911231762572, 'm_plus': 0.9106117900622139, 'm_minus': 0.0789080233161286, 'lambda_': 0.9070281319161602, 'alpha': 0.0014646649789599674, 'no_of_primary_capsules': 32, 'primary_capsule_vector': 8, 'no_of_secondary_capsules': 10}
Fitting individual 18/20 with genotype {'epochs': 3, 'r': 2, 'no_of_conv_kernels': 64, 'secondary_capsule_vector': 40, 'dense_1': 256, 'dense_2': 512, 'epsilon': 0.0866544386224709, 'm_plus': 0.9073729299286851, 'm_minus': 0.11755091944021771, 'lambda_': 0.5668583619251691, 'alpha': 0.0027423827022546306, 'no_of_primary_capsules': 32, 'primary_capsule_vector': 8, 'no_of_secondary_capsules': 10}
Fitting individual 19/20 with genotype {'epochs': 4, 'r': 4, 'no_of_conv_kernels': 64, 'secondary_capsule_vector': 42, 'dense_1': 512, 'dense_2': 256, 'epsilon': 1e-07, 'm_plus': 0.9565868749204628, 'm_minus': 0.08133381638615865, 'lambda_': 0.3578144225412495, 'alpha': 0.004403032141652381, 'no_of_primary_capsules': 32, 'primary_capsule_vector': 8, 'no_of_secondary_capsules': 10}
Fitting individual 20/20 with genotype {'epochs': 2, 'r': 4, 'no_of_conv_kernels': 64, 'secondary_capsule_vector': 47, 'dense_1': 4, 'dense_2': 512, 'epsilon': 0.04542040603109645, 'm_plus': 0.9867128660224367, 'm_minus': 0.19228505925223782, 'lambda_': 0.1890090408047152, 'alpha': 0.00010588772532964475, 'no_of_primary_capsules': 32, 'primary_capsule_vector': 8, 'no_of_secondary_capsules': 10}
Len of pop after selection : 10
=== Generation 7/10
Len of pop before manipulations : 10
crossover created 8 offspring(s)
mutation created 1 offspring(s)
local search created 2 offspring(s)
Len of pop after manipulations : 21
Fitting individual 1/21 with genotype {'epochs': 3, 'r': 2, 'no_of_conv_kernels': 64, 'secondary_capsule_vector': 40, 'dense_1': 256, 'dense_2': 7, 'epsilon': 0.0866544386224709, 'm_plus': 0.9073729299286851, 'm_minus': 0.11755091944021771, 'lambda_': 0.5668583619251691, 'alpha': 0.0027423827022546306, 'no_of_primary_capsules': 32, 'primary_capsule_vector': 8, 'no_of_secondary_capsules': 10}
Fitting individual 2/21 with genotype {'epochs': 6, 'r': 2, 'no_of_conv_kernels': 3, 'secondary_capsule_vector': 26, 'dense_1': 512, 'dense_2': 1792, 'epsilon': 1e-07, 'm_plus': 0.9221005084925126, 'm_minus': 0.2, 'lambda_': 0.8048980254777117, 'alpha': 0.0032093109890174378, 'no_of_primary_capsules': 32, 'primary_capsule_vector': 8, 'no_of_secondary_capsules': 10}
Fitting individual 3/21 with genotype {'epochs': 4, 'r': 4, 'no_of_conv_kernels': 64, 'secondary_capsule_vector': 42, 'dense_1': 512, 'dense_2': 256, 'epsilon': 1e-07, 'm_plus': 0.9565868749204628, 'm_minus': 0.08133381638615865, 'lambda_': 0.3578144225412495, 'alpha': 0.004403032141652381, 'no_of_primary_capsules': 32, 'primary_capsule_vector': 8, 'no_of_secondary_capsules': 10}
Fitting individual 4/21 with genotype {'epochs': 5, 'r': 2, 'no_of_conv_kernels': 3, 'secondary_capsule_vector': 17, 'dense_1': 256, 'dense_2': 1280, 'epsilon': 0.05344824694423068, 'm_plus': 0.99, 'm_minus': 0.1466049210470347, 'lambda_': 0.8334133458608576, 'alpha': 0.008945717437971465, 'no_of_primary_capsules': 32, 'primary_capsule_vector': 8, 'no_of_secondary_capsules': 10}
Fitting individual 5/21 with genotype {'epochs': 2, 'r': 3, 'no_of_conv_kernels': 32, 'secondary_capsule_vector': 11, 'dense_1': 128, 'dense_2': 1280, 'epsilon': 0.1, 'm_plus': 0.9468666249393105, 'm_minus': 0.17706811391985178, 'lambda_': 0.6237255681492613, 'alpha': 0.0008862614789491765, 'no_of_primary_capsules': 32, 'primary_capsule_vector': 8, 'no_of_secondary_capsules': 10}
Fitting individual 6/21 with genotype {'epochs': 6, 'r': 4, 'no_of_conv_kernels': 32, 'secondary_capsule_vector': 40, 'dense_1': 128, 'dense_2': 7, 'epsilon': 0.036168439899168944, 'm_plus': 0.965186385411576, 'm_minus': 0.1461194717640404, 'lambda_': 0.6093968661595693, 'alpha': 0.007776930578659876, 'no_of_primary_capsules': 32, 'primary_capsule_vector': 8, 'no_of_secondary_capsules': 10}
Fitting individual 7/21 with genotype {'epochs': 2, 'r': 4, 'no_of_conv_kernels': 32, 'secondary_capsule_vector': 31, 'dense_1': 512, 'dense_2': 256, 'epsilon': 0.07889911231762572, 'm_plus': 0.9106117900622139, 'm_minus': 0.0789080233161286, 'lambda_': 0.9070281319161602, 'alpha': 0.0014646649789599674, 'no_of_primary_capsules': 32, 'primary_capsule_vector': 8, 'no_of_secondary_capsules': 10}
Fitting individual 8/21 with genotype {'epochs': 1, 'r': 4, 'no_of_conv_kernels': 128, 'secondary_capsule_vector': 42, 'dense_1': 4, 'dense_2': 256, 'epsilon': 0.07813926086142027, 'm_plus': 0.9850076076835731, 'm_minus': 0.1015817575438487, 'lambda_': 0.4988655634743676, 'alpha': 0.0014621987951577498, 'no_of_primary_capsules': 32, 'primary_capsule_vector': 8, 'no_of_secondary_capsules': 10}
Fitting individual 9/21 with genotype {'epochs': 6, 'r': 4, 'no_of_conv_kernels': 64, 'secondary_capsule_vector': 16, 'dense_1': 256, 'dense_2': 256, 'epsilon': 0.014231355727287521, 'm_plus': 0.9007424476385952, 'm_minus': 0.12954283524213225, 'lambda_': 0.523334485390771, 'alpha': 0.00571575574406464, 'no_of_primary_capsules': 32, 'primary_capsule_vector': 8, 'no_of_secondary_capsules': 10}
Fitting individual 10/21 with genotype {'epochs': 2, 'r': 4, 'no_of_conv_kernels': 64, 'secondary_capsule_vector': 47, 'dense_1': 4, 'dense_2': 512, 'epsilon': 0.04542040603109645, 'm_plus': 0.9867128660224367, 'm_minus': 0.19228505925223782, 'lambda_': 0.1890090408047152, 'alpha': 0.00010588772532964475, 'no_of_primary_capsules': 32, 'primary_capsule_vector': 8, 'no_of_secondary_capsules': 10}
Fitting individual 11/21 with genotype {'epochs': 2, 'r': 4, 'no_of_conv_kernels': 32, 'secondary_capsule_vector': 31, 'dense_1': 128, 'dense_2': 7, 'epsilon': 0.036168439899168944, 'm_plus': 0.965186385411576, 'm_minus': 0.1461194717640404, 'lambda_': 0.6093968661595693, 'alpha': 0.007776930578659876, 'no_of_primary_capsules': 32, 'primary_capsule_vector': 8, 'no_of_secondary_capsules': 10}
Fitting individual 12/21 with genotype {'epochs': 6, 'r': 4, 'no_of_conv_kernels': 32, 'secondary_capsule_vector': 40, 'dense_1': 512, 'dense_2': 256, 'epsilon': 0.07889911231762572, 'm_plus': 0.9106117900622139, 'm_minus': 0.0789080233161286, 'lambda_': 0.9070281319161602, 'alpha': 0.0014646649789599674, 'no_of_primary_capsules': 32, 'primary_capsule_vector': 8, 'no_of_secondary_capsules': 10}
Fitting individual 13/21 with genotype {'epochs': 6, 'r': 4, 'no_of_conv_kernels': 64, 'secondary_capsule_vector': 16, 'dense_1': 128, 'dense_2': 1280, 'epsilon': 0.1, 'm_plus': 0.9468666249393105, 'm_minus': 0.17706811391985178, 'lambda_': 0.6237255681492613, 'alpha': 0.0008862614789491765, 'no_of_primary_capsules': 32, 'primary_capsule_vector': 8, 'no_of_secondary_capsules': 10}
Fitting individual 14/21 with genotype {'epochs': 2, 'r': 3, 'no_of_conv_kernels': 64, 'secondary_capsule_vector': 11, 'dense_1': 256, 'dense_2': 256, 'epsilon': 0.014231355727287521, 'm_plus': 0.9007424476385952, 'm_minus': 0.12954283524213225, 'lambda_': 0.523334485390771, 'alpha': 0.00571575574406464, 'no_of_primary_capsules': 32, 'primary_capsule_vector': 8, 'no_of_secondary_capsules': 10}
Fitting individual 15/21 with genotype {'epochs': 1, 'r': 4, 'no_of_conv_kernels': 128, 'secondary_capsule_vector': 42, 'dense_1': 4, 'dense_2': 256, 'epsilon': 0.014231355727287521, 'm_plus': 0.9007424476385952, 'm_minus': 0.12954283524213225, 'lambda_': 0.523334485390771, 'alpha': 0.00571575574406464, 'no_of_primary_capsules': 32, 'primary_capsule_vector': 8, 'no_of_secondary_capsules': 10}
Fitting individual 16/21 with genotype {'epochs': 6, 'r': 4, 'no_of_conv_kernels': 64, 'secondary_capsule_vector': 16, 'dense_1': 256, 'dense_2': 256, 'epsilon': 0.07813926086142027, 'm_plus': 0.9850076076835731, 'm_minus': 0.1015817575438487, 'lambda_': 0.4988655634743676, 'alpha': 0.0014621987951577498, 'no_of_primary_capsules': 32, 'primary_capsule_vector': 8, 'no_of_secondary_capsules': 10}
Fitting individual 17/21 with genotype {'epochs': 2, 'r': 4, 'no_of_conv_kernels': 32, 'secondary_capsule_vector': 16, 'dense_1': 256, 'dense_2': 256, 'epsilon': 0.014231355727287521, 'm_plus': 0.9007424476385952, 'm_minus': 0.12954283524213225, 'lambda_': 0.523334485390771, 'alpha': 0.00571575574406464, 'no_of_primary_capsules': 32, 'primary_capsule_vector': 8, 'no_of_secondary_capsules': 10}
Fitting individual 18/21 with genotype {'epochs': 6, 'r': 4, 'no_of_conv_kernels': 64, 'secondary_capsule_vector': 31, 'dense_1': 512, 'dense_2': 256, 'epsilon': 0.07889911231762572, 'm_plus': 0.9106117900622139, 'm_minus': 0.0789080233161286, 'lambda_': 0.9070281319161602, 'alpha': 0.0014646649789599674, 'no_of_primary_capsules': 32, 'primary_capsule_vector': 8, 'no_of_secondary_capsules': 10}
Fitting individual 19/21 with genotype {'epochs': 2, 'r': 3, 'no_of_conv_kernels': 32, 'secondary_capsule_vector': 11, 'dense_1': 128, 'dense_2': 1280, 'epsilon': 0.1, 'm_plus': 0.9468666249393105, 'm_minus': 0.17706811391985178, 'lambda_': 0.6237255681492613, 'alpha': 0.0008862614789491765, 'no_of_primary_capsules': 32, 'primary_capsule_vector': 8, 'no_of_secondary_capsules': 10}
Fitting individual 20/21 with genotype {'epochs': 6, 'r': 4, 'no_of_conv_kernels': 64, 'secondary_capsule_vector': 16, 'dense_1': 256, 'dense_2': 256, 'epsilon': 0.014231355727287521, 'm_plus': 0.9007424476385952, 'm_minus': 0.12954283524213225, 'lambda_': 0.523334485390771, 'alpha': 0.00571575574406464, 'no_of_primary_capsules': 32, 'primary_capsule_vector': 8, 'no_of_secondary_capsules': 10}
Fitting individual 21/21 with genotype {'epochs': 3, 'r': 2, 'no_of_conv_kernels': 64, 'secondary_capsule_vector': 40, 'dense_1': 256, 'dense_2': 7, 'epsilon': 0.0866544386224709, 'm_plus': 0.9073729299286851, 'm_minus': 0.11755091944021771, 'lambda_': 0.5668583619251691, 'alpha': 0.0027423827022546306, 'no_of_primary_capsules': 32, 'primary_capsule_vector': 8, 'no_of_secondary_capsules': 10}
Len of pop after selection : 10
=== Generation 8/10
Len of pop before manipulations : 10
crossover created 10 offspring(s)
mutation created 1 offspring(s)
local search created 1 offspring(s)
Len of pop after manipulations : 22
Fitting individual 1/22 with genotype {'epochs': 3, 'r': 2, 'no_of_conv_kernels': 64, 'secondary_capsule_vector': 40, 'dense_1': 256, 'dense_2': 7, 'epsilon': 0.0866544386224709, 'm_plus': 0.9073729299286851, 'm_minus': 0.11755091944021771, 'lambda_': 0.5668583619251691, 'alpha': 0.0027423827022546306, 'no_of_primary_capsules': 32, 'primary_capsule_vector': 8, 'no_of_secondary_capsules': 10}
Fitting individual 2/22 with genotype {'epochs': 5, 'r': 2, 'no_of_conv_kernels': 3, 'secondary_capsule_vector': 17, 'dense_1': 256, 'dense_2': 1280, 'epsilon': 0.05344824694423068, 'm_plus': 0.99, 'm_minus': 0.1466049210470347, 'lambda_': 0.8334133458608576, 'alpha': 0.008945717437971465, 'no_of_primary_capsules': 32, 'primary_capsule_vector': 8, 'no_of_secondary_capsules': 10}
Fitting individual 3/22 with genotype {'epochs': 6, 'r': 4, 'no_of_conv_kernels': 64, 'secondary_capsule_vector': 16, 'dense_1': 256, 'dense_2': 256, 'epsilon': 0.014231355727287521, 'm_plus': 0.9007424476385952, 'm_minus': 0.12954283524213225, 'lambda_': 0.523334485390771, 'alpha': 0.00571575574406464, 'no_of_primary_capsules': 32, 'primary_capsule_vector': 8, 'no_of_secondary_capsules': 10}
Fitting individual 4/22 with genotype {'epochs': 6, 'r': 2, 'no_of_conv_kernels': 3, 'secondary_capsule_vector': 26, 'dense_1': 512, 'dense_2': 1792, 'epsilon': 1e-07, 'm_plus': 0.9221005084925126, 'm_minus': 0.2, 'lambda_': 0.8048980254777117, 'alpha': 0.0032093109890174378, 'no_of_primary_capsules': 32, 'primary_capsule_vector': 8, 'no_of_secondary_capsules': 10}
Fitting individual 5/22 with genotype {'epochs': 4, 'r': 4, 'no_of_conv_kernels': 64, 'secondary_capsule_vector': 42, 'dense_1': 512, 'dense_2': 256, 'epsilon': 1e-07, 'm_plus': 0.9565868749204628, 'm_minus': 0.08133381638615865, 'lambda_': 0.3578144225412495, 'alpha': 0.004403032141652381, 'no_of_primary_capsules': 32, 'primary_capsule_vector': 8, 'no_of_secondary_capsules': 10}
Fitting individual 6/22 with genotype {'epochs': 2, 'r': 3, 'no_of_conv_kernels': 32, 'secondary_capsule_vector': 11, 'dense_1': 128, 'dense_2': 1280, 'epsilon': 0.1, 'm_plus': 0.9468666249393105, 'm_minus': 0.17706811391985178, 'lambda_': 0.6237255681492613, 'alpha': 0.0008862614789491765, 'no_of_primary_capsules': 32, 'primary_capsule_vector': 8, 'no_of_secondary_capsules': 10}
Fitting individual 7/22 with genotype {'epochs': 6, 'r': 4, 'no_of_conv_kernels': 32, 'secondary_capsule_vector': 40, 'dense_1': 128, 'dense_2': 7, 'epsilon': 0.036168439899168944, 'm_plus': 0.965186385411576, 'm_minus': 0.1461194717640404, 'lambda_': 0.6093968661595693, 'alpha': 0.007776930578659876, 'no_of_primary_capsules': 32, 'primary_capsule_vector': 8, 'no_of_secondary_capsules': 10}
Fitting individual 8/22 with genotype {'epochs': 2, 'r': 4, 'no_of_conv_kernels': 32, 'secondary_capsule_vector': 31, 'dense_1': 512, 'dense_2': 256, 'epsilon': 0.07889911231762572, 'm_plus': 0.9106117900622139, 'm_minus': 0.0789080233161286, 'lambda_': 0.9070281319161602, 'alpha': 0.0014646649789599674, 'no_of_primary_capsules': 32, 'primary_capsule_vector': 8, 'no_of_secondary_capsules': 10}
Fitting individual 9/22 with genotype {'epochs': 2, 'r': 4, 'no_of_conv_kernels': 64, 'secondary_capsule_vector': 47, 'dense_1': 4, 'dense_2': 512, 'epsilon': 0.04542040603109645, 'm_plus': 0.9494582507123696, 'm_minus': 0.19228505925223782, 'lambda_': 0.1890090408047152, 'alpha': 0.00010588772532964475, 'no_of_primary_capsules': 32, 'primary_capsule_vector': 8, 'no_of_secondary_capsules': 10}
Fitting individual 10/22 with genotype {'epochs': 1, 'r': 4, 'no_of_conv_kernels': 128, 'secondary_capsule_vector': 42, 'dense_1': 4, 'dense_2': 256, 'epsilon': 0.07813926086142027, 'm_plus': 0.9850076076835731, 'm_minus': 0.1015817575438487, 'lambda_': 0.4988655634743676, 'alpha': 0.0014621987951577498, 'no_of_primary_capsules': 32, 'primary_capsule_vector': 8, 'no_of_secondary_capsules': 10}
Fitting individual 11/22 with genotype {'epochs': 3, 'r': 2, 'no_of_conv_kernels': 64, 'secondary_capsule_vector': 40, 'dense_1': 256, 'dense_2': 256, 'epsilon': 0.07813926086142027, 'm_plus': 0.9850076076835731, 'm_minus': 0.1015817575438487, 'lambda_': 0.4988655634743676, 'alpha': 0.0014621987951577498, 'no_of_primary_capsules': 32, 'primary_capsule_vector': 8, 'no_of_secondary_capsules': 10}
Fitting individual 12/22 with genotype {'epochs': 1, 'r': 4, 'no_of_conv_kernels': 128, 'secondary_capsule_vector': 42, 'dense_1': 4, 'dense_2': 7, 'epsilon': 0.0866544386224709, 'm_plus': 0.9073729299286851, 'm_minus': 0.11755091944021771, 'lambda_': 0.5668583619251691, 'alpha': 0.0027423827022546306, 'no_of_primary_capsules': 32, 'primary_capsule_vector': 8, 'no_of_secondary_capsules': 10}
Fitting individual 13/22 with genotype {'epochs': 5, 'r': 2, 'no_of_conv_kernels': 3, 'secondary_capsule_vector': 47, 'dense_1': 4, 'dense_2': 512, 'epsilon': 0.04542040603109645, 'm_plus': 0.9867128660224367, 'm_minus': 0.19228505925223782, 'lambda_': 0.1890090408047152, 'alpha': 0.00010588772532964475, 'no_of_primary_capsules': 32, 'primary_capsule_vector': 8, 'no_of_secondary_capsules': 10}
Fitting individual 14/22 with genotype {'epochs': 2, 'r': 4, 'no_of_conv_kernels': 64, 'secondary_capsule_vector': 17, 'dense_1': 256, 'dense_2': 1280, 'epsilon': 0.05344824694423068, 'm_plus': 0.99, 'm_minus': 0.1466049210470347, 'lambda_': 0.8334133458608576, 'alpha': 0.008945717437971465, 'no_of_primary_capsules': 32, 'primary_capsule_vector': 8, 'no_of_secondary_capsules': 10}
Fitting individual 15/22 with genotype {'epochs': 4, 'r': 4, 'no_of_conv_kernels': 64, 'secondary_capsule_vector': 42, 'dense_1': 512, 'dense_2': 256, 'epsilon': 1e-07, 'm_plus': 0.9565868749204628, 'm_minus': 0.08133381638615865, 'lambda_': 0.3578144225412495, 'alpha': 0.00571575574406464, 'no_of_primary_capsules': 32, 'primary_capsule_vector': 8, 'no_of_secondary_capsules': 10}
Fitting individual 16/22 with genotype {'epochs': 6, 'r': 4, 'no_of_conv_kernels': 64, 'secondary_capsule_vector': 16, 'dense_1': 256, 'dense_2': 256, 'epsilon': 0.014231355727287521, 'm_plus': 0.9007424476385952, 'm_minus': 0.12954283524213225, 'lambda_': 0.523334485390771, 'alpha': 0.004403032141652381, 'no_of_primary_capsules': 32, 'primary_capsule_vector': 8, 'no_of_secondary_capsules': 10}
Fitting individual 17/22 with genotype {'epochs': 3, 'r': 2, 'no_of_conv_kernels': 64, 'secondary_capsule_vector': 40, 'dense_1': 128, 'dense_2': 7, 'epsilon': 0.036168439899168944, 'm_plus': 0.965186385411576, 'm_minus': 0.1461194717640404, 'lambda_': 0.6093968661595693, 'alpha': 0.007776930578659876, 'no_of_primary_capsules': 32, 'primary_capsule_vector': 8, 'no_of_secondary_capsules': 10}
Fitting individual 18/22 with genotype {'epochs': 6, 'r': 4, 'no_of_conv_kernels': 32, 'secondary_capsule_vector': 40, 'dense_1': 256, 'dense_2': 7, 'epsilon': 0.0866544386224709, 'm_plus': 0.9073729299286851, 'm_minus': 0.11755091944021771, 'lambda_': 0.5668583619251691, 'alpha': 0.0027423827022546306, 'no_of_primary_capsules': 32, 'primary_capsule_vector': 8, 'no_of_secondary_capsules': 10}
Fitting individual 19/22 with genotype {'epochs': 1, 'r': 4, 'no_of_conv_kernels': 128, 'secondary_capsule_vector': 42, 'dense_1': 4, 'dense_2': 256, 'epsilon': 0.07813926086142027, 'm_plus': 0.9073729299286851, 'm_minus': 0.11755091944021771, 'lambda_': 0.5668583619251691, 'alpha': 0.0027423827022546306, 'no_of_primary_capsules': 32, 'primary_capsule_vector': 8, 'no_of_secondary_capsules': 10}
Fitting individual 20/22 with genotype {'epochs': 3, 'r': 2, 'no_of_conv_kernels': 64, 'secondary_capsule_vector': 40, 'dense_1': 256, 'dense_2': 7, 'epsilon': 0.0866544386224709, 'm_plus': 0.9850076076835731, 'm_minus': 0.1015817575438487, 'lambda_': 0.4988655634743676, 'alpha': 0.0014621987951577498, 'no_of_primary_capsules': 32, 'primary_capsule_vector': 8, 'no_of_secondary_capsules': 10}
Fitting individual 21/22 with genotype {'epochs': 2, 'r': 4, 'no_of_conv_kernels': 64, 'secondary_capsule_vector': 47, 'dense_1': 4, 'dense_2': 512, 'epsilon': 0.04542040603109645, 'm_plus': 0.9494582507123696, 'm_minus': 0.19228505925223782, 'lambda_': 0.1890090408047152, 'alpha': 0.00010588772532964475, 'no_of_primary_capsules': 32, 'primary_capsule_vector': 8, 'no_of_secondary_capsules': 10}
Fitting individual 22/22 with genotype {'epochs': 2, 'r': 4, 'no_of_conv_kernels': 32, 'secondary_capsule_vector': 31, 'dense_1': 512, 'dense_2': 256, 'epsilon': 0.07889911231762572, 'm_plus': 0.9106117900622139, 'm_minus': 0.0789080233161286, 'lambda_': 0.9070281319161602, 'alpha': 0.0014646649789599674, 'no_of_primary_capsules': 32, 'primary_capsule_vector': 8, 'no_of_secondary_capsules': 10}
Len of pop after selection : 10
=== Generation 9/10
Len of pop before manipulations : 10
crossover created 8 offspring(s)
mutation created 2 offspring(s)
local search created 1 offspring(s)
Len of pop after manipulations : 21
Fitting individual 1/21 with genotype {'epochs': 3, 'r': 2, 'no_of_conv_kernels': 64, 'secondary_capsule_vector': 40, 'dense_1': 256, 'dense_2': 7, 'epsilon': 0.0866544386224709, 'm_plus': 0.9073729299286851, 'm_minus': 0.11755091944021771, 'lambda_': 0.5668583619251691, 'alpha': 0.0027423827022546306, 'no_of_primary_capsules': 32, 'primary_capsule_vector': 8, 'no_of_secondary_capsules': 10}
Fitting individual 2/21 with genotype {'epochs': 5, 'r': 2, 'no_of_conv_kernels': 3, 'secondary_capsule_vector': 17, 'dense_1': 256, 'dense_2': 1280, 'epsilon': 0.05344824694423068, 'm_plus': 0.99, 'm_minus': 0.1466049210470347, 'lambda_': 0.8334133458608576, 'alpha': 0.008945717437971465, 'no_of_primary_capsules': 32, 'primary_capsule_vector': 8, 'no_of_secondary_capsules': 10}
Fitting individual 3/21 with genotype {'epochs': 6, 'r': 2, 'no_of_conv_kernels': 3, 'secondary_capsule_vector': 26, 'dense_1': 512, 'dense_2': 1792, 'epsilon': 1e-07, 'm_plus': 0.9221005084925126, 'm_minus': 0.2, 'lambda_': 0.8048980254777117, 'alpha': 0.0032093109890174378, 'no_of_primary_capsules': 32, 'primary_capsule_vector': 8, 'no_of_secondary_capsules': 10}
Validation loss is not decreasing anymore, risk of overfitting the model after 6 epochs. The training will be stopped. This behavior can be modified by setting the early_stop property of the model to False
Fitting individual 4/21 with genotype {'epochs': 4, 'r': 4, 'no_of_conv_kernels': 64, 'secondary_capsule_vector': 42, 'dense_1': 512, 'dense_2': 256, 'epsilon': 1e-07, 'm_plus': 0.9565868749204628, 'm_minus': 0.08133381638615865, 'lambda_': 0.3578144225412495, 'alpha': 0.004403032141652381, 'no_of_primary_capsules': 32, 'primary_capsule_vector': 8, 'no_of_secondary_capsules': 10}
Fitting individual 5/21 with genotype {'epochs': 2, 'r': 3, 'no_of_conv_kernels': 32, 'secondary_capsule_vector': 11, 'dense_1': 128, 'dense_2': 1280, 'epsilon': 0.1, 'm_plus': 0.9468666249393105, 'm_minus': 0.17706811391985178, 'lambda_': 0.6237255681492613, 'alpha': 0.0008862614789491765, 'no_of_primary_capsules': 32, 'primary_capsule_vector': 8, 'no_of_secondary_capsules': 10}
Fitting individual 6/21 with genotype {'epochs': 6, 'r': 4, 'no_of_conv_kernels': 64, 'secondary_capsule_vector': 16, 'dense_1': 256, 'dense_2': 256, 'epsilon': 0.014231355727287521, 'm_plus': 0.9007424476385952, 'm_minus': 0.12954283524213225, 'lambda_': 0.523334485390771, 'alpha': 0.00571575574406464, 'no_of_primary_capsules': 32, 'primary_capsule_vector': 8, 'no_of_secondary_capsules': 10}
Fitting individual 7/21 with genotype {'epochs': 2, 'r': 4, 'no_of_conv_kernels': 32, 'secondary_capsule_vector': 31, 'dense_1': 512, 'dense_2': 256, 'epsilon': 0.07889911231762572, 'm_plus': 0.9106117900622139, 'm_minus': 0.0789080233161286, 'lambda_': 0.8597787573101119, 'alpha': 0.0014646649789599674, 'no_of_primary_capsules': 32, 'primary_capsule_vector': 8, 'no_of_secondary_capsules': 10}
Fitting individual 8/21 with genotype {'epochs': 6, 'r': 4, 'no_of_conv_kernels': 128, 'secondary_capsule_vector': 42, 'dense_1': 4, 'dense_2': 256, 'epsilon': 0.07813926086142027, 'm_plus': 0.9850076076835731, 'm_minus': 0.052252721643952595, 'lambda_': 0.4988655634743676, 'alpha': 0.0014621987951577498, 'no_of_primary_capsules': 32, 'primary_capsule_vector': 8, 'no_of_secondary_capsules': 10}
Fitting individual 9/21 with genotype {'epochs': 2, 'r': 4, 'no_of_conv_kernels': 64, 'secondary_capsule_vector': 47, 'dense_1': 4, 'dense_2': 512, 'epsilon': 0.04542040603109645, 'm_plus': 0.9494582507123696, 'm_minus': 0.19228505925223782, 'lambda_': 0.1890090408047152, 'alpha': 0.00010588772532964475, 'no_of_primary_capsules': 32, 'primary_capsule_vector': 8, 'no_of_secondary_capsules': 10}
Fitting individual 10/21 with genotype {'epochs': 6, 'r': 4, 'no_of_conv_kernels': 32, 'secondary_capsule_vector': 40, 'dense_1': 128, 'dense_2': 7, 'epsilon': 0.036168439899168944, 'm_plus': 0.965186385411576, 'm_minus': 0.1461194717640404, 'lambda_': 0.6093968661595693, 'alpha': 0.007776930578659876, 'no_of_primary_capsules': 32, 'primary_capsule_vector': 8, 'no_of_secondary_capsules': 10}
Fitting individual 11/21 with genotype {'epochs': 6, 'r': 4, 'no_of_conv_kernels': 64, 'secondary_capsule_vector': 16, 'dense_1': 256, 'dense_2': 256, 'epsilon': 0.014231355727287521, 'm_plus': 0.9007424476385952, 'm_minus': 0.12954283524213225, 'lambda_': 0.523334485390771, 'alpha': 0.00571575574406464, 'no_of_primary_capsules': 32, 'primary_capsule_vector': 8, 'no_of_secondary_capsules': 10}
Fitting individual 12/21 with genotype {'epochs': 6, 'r': 4, 'no_of_conv_kernels': 32, 'secondary_capsule_vector': 40, 'dense_1': 128, 'dense_2': 7, 'epsilon': 0.036168439899168944, 'm_plus': 0.965186385411576, 'm_minus': 0.1461194717640404, 'lambda_': 0.6093968661595693, 'alpha': 0.007776930578659876, 'no_of_primary_capsules': 32, 'primary_capsule_vector': 8, 'no_of_secondary_capsules': 10}
Fitting individual 13/21 with genotype {'epochs': 3, 'r': 2, 'no_of_conv_kernels': 64, 'secondary_capsule_vector': 40, 'dense_1': 256, 'dense_2': 7, 'epsilon': 0.0866544386224709, 'm_plus': 0.9073729299286851, 'm_minus': 0.11755091944021771, 'lambda_': 0.3578144225412495, 'alpha': 0.004403032141652381, 'no_of_primary_capsules': 32, 'primary_capsule_vector': 8, 'no_of_secondary_capsules': 10}
Fitting individual 14/21 with genotype {'epochs': 4, 'r': 4, 'no_of_conv_kernels': 64, 'secondary_capsule_vector': 42, 'dense_1': 512, 'dense_2': 256, 'epsilon': 1e-07, 'm_plus': 0.9565868749204628, 'm_minus': 0.08133381638615865, 'lambda_': 0.5668583619251691, 'alpha': 0.0027423827022546306, 'no_of_primary_capsules': 32, 'primary_capsule_vector': 8, 'no_of_secondary_capsules': 10}
Fitting individual 15/21 with genotype {'epochs': 2, 'r': 4, 'no_of_conv_kernels': 64, 'secondary_capsule_vector': 40, 'dense_1': 128, 'dense_2': 7, 'epsilon': 0.036168439899168944, 'm_plus': 0.965186385411576, 'm_minus': 0.1461194717640404, 'lambda_': 0.6093968661595693, 'alpha': 0.007776930578659876, 'no_of_primary_capsules': 32, 'primary_capsule_vector': 8, 'no_of_secondary_capsules': 10}
Fitting individual 16/21 with genotype {'epochs': 6, 'r': 4, 'no_of_conv_kernels': 32, 'secondary_capsule_vector': 47, 'dense_1': 4, 'dense_2': 512, 'epsilon': 0.04542040603109645, 'm_plus': 0.9494582507123696, 'm_minus': 0.19228505925223782, 'lambda_': 0.1890090408047152, 'alpha': 0.00010588772532964475, 'no_of_primary_capsules': 32, 'primary_capsule_vector': 8, 'no_of_secondary_capsules': 10}
Fitting individual 17/21 with genotype {'epochs': 2, 'r': 4, 'no_of_conv_kernels': 128, 'secondary_capsule_vector': 42, 'dense_1': 4, 'dense_2': 256, 'epsilon': 0.07813926086142027, 'm_plus': 0.9850076076835731, 'm_minus': 0.1015817575438487, 'lambda_': 0.4988655634743676, 'alpha': 0.0014621987951577498, 'no_of_primary_capsules': 32, 'primary_capsule_vector': 8, 'no_of_secondary_capsules': 10}
Fitting individual 18/21 with genotype {'epochs': 1, 'r': 4, 'no_of_conv_kernels': 64, 'secondary_capsule_vector': 47, 'dense_1': 4, 'dense_2': 512, 'epsilon': 0.04542040603109645, 'm_plus': 0.9494582507123696, 'm_minus': 0.19228505925223782, 'lambda_': 0.1890090408047152, 'alpha': 0.00010588772532964475, 'no_of_primary_capsules': 32, 'primary_capsule_vector': 8, 'no_of_secondary_capsules': 10}
Fitting individual 19/21 with genotype {'epochs': 6, 'r': 4, 'no_of_conv_kernels': 128, 'secondary_capsule_vector': 42, 'dense_1': 4, 'dense_2': 256, 'epsilon': 0.07813926086142027, 'm_plus': 0.9850076076835731, 'm_minus': 0.052252721643952595, 'lambda_': 0.4988655634743676, 'alpha': 0.0014621987951577498, 'no_of_primary_capsules': 32, 'primary_capsule_vector': 8, 'no_of_secondary_capsules': 10}
Validation loss is not decreasing anymore, risk of overfitting the model after 6 epochs. The training will be stopped. This behavior can be modified by setting the early_stop property of the model to False
Fitting individual 20/21 with genotype {'epochs': 6, 'r': 4, 'no_of_conv_kernels': 128, 'secondary_capsule_vector': 42, 'dense_1': 4, 'dense_2': 256, 'epsilon': 0.07813926086142027, 'm_plus': 0.9850076076835731, 'm_minus': 0.052252721643952595, 'lambda_': 0.4988655634743676, 'alpha': 0.0014621987951577498, 'no_of_primary_capsules': 32, 'primary_capsule_vector': 8, 'no_of_secondary_capsules': 10}
Fitting individual 21/21 with genotype {'epochs': 2, 'r': 4, 'no_of_conv_kernels': 32, 'secondary_capsule_vector': 31, 'dense_1': 512, 'dense_2': 256, 'epsilon': 0.07889911231762572, 'm_plus': 0.9106117900622139, 'm_minus': 0.0789080233161286, 'lambda_': 0.8597787573101119, 'alpha': 0.0014646649789599674, 'no_of_primary_capsules': 32, 'primary_capsule_vector': 8, 'no_of_secondary_capsules': 10}
Len of pop after selection : 10
=== Generation 10/10
Len of pop before manipulations : 10
crossover created 4 offspring(s)
mutation created 0 offspring(s)
local search created 4 offspring(s)
Len of pop after manipulations : 18
Fitting individual 1/18 with genotype {'epochs': 3, 'r': 2, 'no_of_conv_kernels': 64, 'secondary_capsule_vector': 40, 'dense_1': 256, 'dense_2': 7, 'epsilon': 0.0866544386224709, 'm_plus': 0.9073729299286851, 'm_minus': 0.11755091944021771, 'lambda_': 0.5668583619251691, 'alpha': 0.0027423827022546306, 'no_of_primary_capsules': 32, 'primary_capsule_vector': 8, 'no_of_secondary_capsules': 10}
Fitting individual 2/18 with genotype {'epochs': 5, 'r': 2, 'no_of_conv_kernels': 3, 'secondary_capsule_vector': 17, 'dense_1': 256, 'dense_2': 1280, 'epsilon': 0.05344824694423068, 'm_plus': 0.99, 'm_minus': 0.1466049210470347, 'lambda_': 0.8334133458608576, 'alpha': 0.008945717437971465, 'no_of_primary_capsules': 32, 'primary_capsule_vector': 8, 'no_of_secondary_capsules': 10}
Fitting individual 3/18 with genotype {'epochs': 6, 'r': 4, 'no_of_conv_kernels': 64, 'secondary_capsule_vector': 16, 'dense_1': 256, 'dense_2': 256, 'epsilon': 0.014231355727287521, 'm_plus': 0.9007424476385952, 'm_minus': 0.12954283524213225, 'lambda_': 0.523334485390771, 'alpha': 0.00571575574406464, 'no_of_primary_capsules': 32, 'primary_capsule_vector': 8, 'no_of_secondary_capsules': 10}
Validation loss is not decreasing anymore, risk of overfitting the model after 5 epochs. The training will be stopped. This behavior can be modified by setting the early_stop property of the model to False
Fitting individual 4/18 with genotype {'epochs': 6, 'r': 4, 'no_of_conv_kernels': 128, 'secondary_capsule_vector': 42, 'dense_1': 4, 'dense_2': 256, 'epsilon': 0.07813926086142027, 'm_plus': 0.9850076076835731, 'm_minus': 0.052252721643952595, 'lambda_': 0.4988655634743676, 'alpha': 0.0014621987951577498, 'no_of_primary_capsules': 32, 'primary_capsule_vector': 8, 'no_of_secondary_capsules': 10}
Fitting individual 5/18 with genotype {'epochs': 6, 'r': 2, 'no_of_conv_kernels': 3, 'secondary_capsule_vector': 26, 'dense_1': 512, 'dense_2': 1792, 'epsilon': 1e-07, 'm_plus': 0.9221005084925126, 'm_minus': 0.2, 'lambda_': 0.8048980254777117, 'alpha': 0.0032093109890174378, 'no_of_primary_capsules': 32, 'primary_capsule_vector': 8, 'no_of_secondary_capsules': 10}
Fitting individual 6/18 with genotype {'epochs': 2, 'r': 3, 'no_of_conv_kernels': 32, 'secondary_capsule_vector': 11, 'dense_1': 128, 'dense_2': 1280, 'epsilon': 0.1, 'm_plus': 0.9468666249393105, 'm_minus': 0.17706811391985178, 'lambda_': 0.6237255681492613, 'alpha': 0.0008862614789491765, 'no_of_primary_capsules': 32, 'primary_capsule_vector': 8, 'no_of_secondary_capsules': 10}
Fitting individual 7/18 with genotype {'epochs': 2, 'r': 4, 'no_of_conv_kernels': 32, 'secondary_capsule_vector': 31, 'dense_1': 512, 'dense_2': 256, 'epsilon': 0.07889911231762572, 'm_plus': 0.9106117900622139, 'm_minus': 0.0789080233161286, 'lambda_': 0.8236081393210058, 'alpha': 0.0014646649789599674, 'no_of_primary_capsules': 32, 'primary_capsule_vector': 8, 'no_of_secondary_capsules': 10}
Fitting individual 8/18 with genotype {'epochs': 2, 'r': 4, 'no_of_conv_kernels': 64, 'secondary_capsule_vector': 47, 'dense_1': 4, 'dense_2': 512, 'epsilon': 0.04542040603109645, 'm_plus': 0.9494582507123696, 'm_minus': 0.19228505925223782, 'lambda_': 0.1890090408047152, 'alpha': 0.00010588772532964475, 'no_of_primary_capsules': 32, 'primary_capsule_vector': 8, 'no_of_secondary_capsules': 10}
Fitting individual 9/18 with genotype {'epochs': 6, 'r': 4, 'no_of_conv_kernels': 32, 'secondary_capsule_vector': 40, 'dense_1': 128, 'dense_2': 7, 'epsilon': 0.036168439899168944, 'm_plus': 0.965186385411576, 'm_minus': 0.1461194717640404, 'lambda_': 0.6093968661595693, 'alpha': 0.007776930578659876, 'no_of_primary_capsules': 32, 'primary_capsule_vector': 8, 'no_of_secondary_capsules': 10}
Fitting individual 10/18 with genotype {'epochs': 4, 'r': 4, 'no_of_conv_kernels': 64, 'secondary_capsule_vector': 42, 'dense_1': 512, 'dense_2': 256, 'epsilon': 1e-07, 'm_plus': 0.9565868749204628, 'm_minus': 0.08133381638615865, 'lambda_': 0.3578144225412495, 'alpha': 0.004403032141652381, 'no_of_primary_capsules': 32, 'primary_capsule_vector': 8, 'no_of_secondary_capsules': 10}
Fitting individual 11/18 with genotype {'epochs': 2, 'r': 3, 'no_of_conv_kernels': 32, 'secondary_capsule_vector': 11, 'dense_1': 128, 'dense_2': 1280, 'epsilon': 0.1, 'm_plus': 0.9468666249393105, 'm_minus': 0.17706811391985178, 'lambda_': 0.6237255681492613, 'alpha': 0.00010588772532964475, 'no_of_primary_capsules': 32, 'primary_capsule_vector': 8, 'no_of_secondary_capsules': 10}
Fitting individual 12/18 with genotype {'epochs': 2, 'r': 4, 'no_of_conv_kernels': 64, 'secondary_capsule_vector': 47, 'dense_1': 4, 'dense_2': 512, 'epsilon': 0.04542040603109645, 'm_plus': 0.9494582507123696, 'm_minus': 0.19228505925223782, 'lambda_': 0.1890090408047152, 'alpha': 0.0008862614789491765, 'no_of_primary_capsules': 32, 'primary_capsule_vector': 8, 'no_of_secondary_capsules': 10}
Fitting individual 13/18 with genotype {'epochs': 6, 'r': 4, 'no_of_conv_kernels': 128, 'secondary_capsule_vector': 42, 'dense_1': 4, 'dense_2': 256, 'epsilon': 0.0866544386224709, 'm_plus': 0.9073729299286851, 'm_minus': 0.11755091944021771, 'lambda_': 0.5668583619251691, 'alpha': 0.0027423827022546306, 'no_of_primary_capsules': 32, 'primary_capsule_vector': 8, 'no_of_secondary_capsules': 10}
Fitting individual 14/18 with genotype {'epochs': 3, 'r': 2, 'no_of_conv_kernels': 64, 'secondary_capsule_vector': 40, 'dense_1': 256, 'dense_2': 7, 'epsilon': 0.07813926086142027, 'm_plus': 0.9850076076835731, 'm_minus': 0.052252721643952595, 'lambda_': 0.4988655634743676, 'alpha': 0.0014621987951577498, 'no_of_primary_capsules': 32, 'primary_capsule_vector': 8, 'no_of_secondary_capsules': 10}
Fitting individual 15/18 with genotype {'epochs': 2, 'r': 4, 'no_of_conv_kernels': 32, 'secondary_capsule_vector': 31, 'dense_1': 512, 'dense_2': 256, 'epsilon': 0.07889911231762572, 'm_plus': 0.9106117900622139, 'm_minus': 0.0789080233161286, 'lambda_': 0.8236081393210058, 'alpha': 0.0014646649789599674, 'no_of_primary_capsules': 32, 'primary_capsule_vector': 8, 'no_of_secondary_capsules': 10}
Fitting individual 16/18 with genotype {'epochs': 3, 'r': 2, 'no_of_conv_kernels': 64, 'secondary_capsule_vector': 40, 'dense_1': 256, 'dense_2': 7, 'epsilon': 0.0866544386224709, 'm_plus': 0.9073729299286851, 'm_minus': 0.11755091944021771, 'lambda_': 0.5668583619251691, 'alpha': 0.0027423827022546306, 'no_of_primary_capsules': 32, 'primary_capsule_vector': 8, 'no_of_secondary_capsules': 10}
Fitting individual 17/18 with genotype {'epochs': 6, 'r': 4, 'no_of_conv_kernels': 64, 'secondary_capsule_vector': 16, 'dense_1': 256, 'dense_2': 256, 'epsilon': 0.014231355727287521, 'm_plus': 0.9007424476385952, 'm_minus': 0.12954283524213225, 'lambda_': 0.523334485390771, 'alpha': 0.00571575574406464, 'no_of_primary_capsules': 32, 'primary_capsule_vector': 8, 'no_of_secondary_capsules': 10}
Fitting individual 18/18 with genotype {'epochs': 2, 'r': 4, 'no_of_conv_kernels': 32, 'secondary_capsule_vector': 31, 'dense_1': 512, 'dense_2': 256, 'epsilon': 0.07889911231762572, 'm_plus': 0.9106117900622139, 'm_minus': 0.0789080233161286, 'lambda_': 0.8236081393210058, 'alpha': 0.0014646649789599674, 'no_of_primary_capsules': 32, 'primary_capsule_vector': 8, 'no_of_secondary_capsules': 10}
Len of pop after selection : 10
Fitting individual 1/10 with genotype {'epochs': 3, 'r': 2, 'no_of_conv_kernels': 64, 'secondary_capsule_vector': 40, 'dense_1': 256, 'dense_2': 7, 'epsilon': 0.0866544386224709, 'm_plus': 0.9073729299286851, 'm_minus': 0.11755091944021771, 'lambda_': 0.5668583619251691, 'alpha': 0.0027423827022546306, 'no_of_primary_capsules': 32, 'primary_capsule_vector': 8, 'no_of_secondary_capsules': 10}
Fitting individual 2/10 with genotype {'epochs': 5, 'r': 2, 'no_of_conv_kernels': 3, 'secondary_capsule_vector': 17, 'dense_1': 256, 'dense_2': 1280, 'epsilon': 0.05344824694423068, 'm_plus': 0.99, 'm_minus': 0.1466049210470347, 'lambda_': 0.8334133458608576, 'alpha': 0.008945717437971465, 'no_of_primary_capsules': 32, 'primary_capsule_vector': 8, 'no_of_secondary_capsules': 10}
Fitting individual 3/10 with genotype {'epochs': 6, 'r': 4, 'no_of_conv_kernels': 128, 'secondary_capsule_vector': 42, 'dense_1': 4, 'dense_2': 256, 'epsilon': 0.07813926086142027, 'm_plus': 0.9850076076835731, 'm_minus': 0.052252721643952595, 'lambda_': 0.4988655634743676, 'alpha': 0.0014621987951577498, 'no_of_primary_capsules': 32, 'primary_capsule_vector': 8, 'no_of_secondary_capsules': 10}
Fitting individual 4/10 with genotype {'epochs': 6, 'r': 2, 'no_of_conv_kernels': 3, 'secondary_capsule_vector': 26, 'dense_1': 512, 'dense_2': 1792, 'epsilon': 1e-07, 'm_plus': 0.9221005084925126, 'm_minus': 0.2, 'lambda_': 0.8048980254777117, 'alpha': 0.0032093109890174378, 'no_of_primary_capsules': 32, 'primary_capsule_vector': 8, 'no_of_secondary_capsules': 10}
Fitting individual 5/10 with genotype {'epochs': 2, 'r': 3, 'no_of_conv_kernels': 32, 'secondary_capsule_vector': 11, 'dense_1': 128, 'dense_2': 1280, 'epsilon': 0.1, 'm_plus': 0.9468666249393105, 'm_minus': 0.17706811391985178, 'lambda_': 0.6237255681492613, 'alpha': 0.0008862614789491765, 'no_of_primary_capsules': 32, 'primary_capsule_vector': 8, 'no_of_secondary_capsules': 10}
Fitting individual 6/10 with genotype {'epochs': 2, 'r': 4, 'no_of_conv_kernels': 64, 'secondary_capsule_vector': 47, 'dense_1': 4, 'dense_2': 512, 'epsilon': 0.04542040603109645, 'm_plus': 0.9494582507123696, 'm_minus': 0.19228505925223782, 'lambda_': 0.1890090408047152, 'alpha': 0.00010588772532964475, 'no_of_primary_capsules': 32, 'primary_capsule_vector': 8, 'no_of_secondary_capsules': 10}
Fitting individual 7/10 with genotype {'epochs': 6, 'r': 4, 'no_of_conv_kernels': 32, 'secondary_capsule_vector': 40, 'dense_1': 128, 'dense_2': 7, 'epsilon': 0.036168439899168944, 'm_plus': 0.965186385411576, 'm_minus': 0.1461194717640404, 'lambda_': 0.6093968661595693, 'alpha': 0.007776930578659876, 'no_of_primary_capsules': 32, 'primary_capsule_vector': 8, 'no_of_secondary_capsules': 10}
Fitting individual 8/10 with genotype {'epochs': 4, 'r': 4, 'no_of_conv_kernels': 64, 'secondary_capsule_vector': 42, 'dense_1': 512, 'dense_2': 256, 'epsilon': 1e-07, 'm_plus': 0.9565868749204628, 'm_minus': 0.08133381638615865, 'lambda_': 0.3578144225412495, 'alpha': 0.004403032141652381, 'no_of_primary_capsules': 32, 'primary_capsule_vector': 8, 'no_of_secondary_capsules': 10}
Fitting individual 9/10 with genotype {'epochs': 5, 'r': 4, 'no_of_conv_kernels': 64, 'secondary_capsule_vector': 16, 'dense_1': 256, 'dense_2': 256, 'epsilon': 0.014231355727287521, 'm_plus': 0.9007424476385952, 'm_minus': 0.12954283524213225, 'lambda_': 0.523334485390771, 'alpha': 0.00571575574406464, 'no_of_primary_capsules': 32, 'primary_capsule_vector': 8, 'no_of_secondary_capsules': 10}
Fitting individual 10/10 with genotype {'epochs': 2, 'r': 4, 'no_of_conv_kernels': 32, 'secondary_capsule_vector': 31, 'dense_1': 512, 'dense_2': 256, 'epsilon': 0.07889911231762572, 'm_plus': 0.9106117900622139, 'm_minus': 0.0789080233161286, 'lambda_': 0.8236081393210058, 'alpha': 0.0014646649789599674, 'no_of_primary_capsules': 32, 'primary_capsule_vector': 8, 'no_of_secondary_capsules': 10}
Saving GA metrics under mnist6-hpc/generations_metrics.png
Optimal solution(s):
[{'epochs': 3, 'r': 2, 'no_of_conv_kernels': 64, 'secondary_capsule_vector': 40, 'dense_1': 256, 'dense_2': 7, 'epsilon': 0.0866544386224709, 'm_plus': 0.9073729299286851, 'm_minus': 0.11755091944021771, 'lambda_': 0.5668583619251691, 'alpha': 0.0027423827022546306, 'no_of_primary_capsules': 32, 'primary_capsule_vector': 8, 'no_of_secondary_capsules': 10}, {'epochs': 5, 'r': 2, 'no_of_conv_kernels': 3, 'secondary_capsule_vector': 17, 'dense_1': 256, 'dense_2': 1280, 'epsilon': 0.05344824694423068, 'm_plus': 0.99, 'm_minus': 0.1466049210470347, 'lambda_': 0.8334133458608576, 'alpha': 0.008945717437971465, 'no_of_primary_capsules': 32, 'primary_capsule_vector': 8, 'no_of_secondary_capsules': 10}, {'epochs': 6, 'r': 4, 'no_of_conv_kernels': 128, 'secondary_capsule_vector': 42, 'dense_1': 4, 'dense_2': 256, 'epsilon': 0.07813926086142027, 'm_plus': 0.9850076076835731, 'm_minus': 0.052252721643952595, 'lambda_': 0.4988655634743676, 'alpha': 0.0014621987951577498, 'no_of_primary_capsules': 32, 'primary_capsule_vector': 8, 'no_of_secondary_capsules': 10}, {'epochs': 6, 'r': 2, 'no_of_conv_kernels': 3, 'secondary_capsule_vector': 26, 'dense_1': 512, 'dense_2': 1792, 'epsilon': 1e-07, 'm_plus': 0.9221005084925126, 'm_minus': 0.2, 'lambda_': 0.8048980254777117, 'alpha': 0.0032093109890174378, 'no_of_primary_capsules': 32, 'primary_capsule_vector': 8, 'no_of_secondary_capsules': 10}]
______________
Fitness values:
  Inference    Accuracy
[[ 6.95877361  0.964     ]
 [ 6.67362833  0.9       ]
 [13.59538841  0.974     ]
 [ 6.70174646  0.926     ]]
=== GA done in : 4:00:07.271654 ===
Saving GA solutions under mnist6-hpc/solutions_metrics.png
