=== Generation 1/10
Len of pop before manipulations : 10
crossover created 4 offspring(s)
mutation created 0 offspring(s)
local search created 2 offspring(s)
Len of pop after manipulations : 16
Fitting individual 1/16 with genotype {'epochs': 2, 'r': 4, 'no_of_conv_kernels': 64, 'secondary_capsule_vector': 45, 'dense_1': 512, 'dense_2': 1024, 'epsilon': 0.02160795061254596, 'm_plus': 0.9475772029475522, 'm_minus': 0.11805154078246508, 'lambda_': 0.8410091585639408, 'alpha': 0.004730391953709353, 'no_of_primary_capsules': 32, 'primary_capsule_vector': 8, 'no_of_secondary_capsules': 10}
Fitting individual 2/16 with genotype {'epochs': 9, 'r': 4, 'no_of_conv_kernels': 32, 'secondary_capsule_vector': 30, 'dense_1': 768, 'dense_2': 1024, 'epsilon': 0.025134291413124902, 'm_plus': 0.9550412446588585, 'm_minus': 0.06804296614942829, 'lambda_': 0.9927737211074251, 'alpha': 0.00012200665863014551, 'no_of_primary_capsules': 32, 'primary_capsule_vector': 8, 'no_of_secondary_capsules': 10}
Fitting individual 3/16 with genotype {'epochs': 4, 'r': 4, 'no_of_conv_kernels': 128, 'secondary_capsule_vector': 30, 'dense_1': 512, 'dense_2': 1280, 'epsilon': 0.06219252695291753, 'm_plus': 0.9064213206982534, 'm_minus': 0.05082795276279309, 'lambda_': 0.7950144084091975, 'alpha': 0.007036848874997931, 'no_of_primary_capsules': 32, 'primary_capsule_vector': 8, 'no_of_secondary_capsules': 10}
Fitting individual 4/16 with genotype {'epochs': 6, 'r': 2, 'no_of_conv_kernels': 128, 'secondary_capsule_vector': 18, 'dense_1': 512, 'dense_2': 256, 'epsilon': 0.0680280472438371, 'm_plus': 0.9790732720631752, 'm_minus': 0.15098062055520622, 'lambda_': 0.8335120816359812, 'alpha': 0.0026643620682377314, 'no_of_primary_capsules': 32, 'primary_capsule_vector': 8, 'no_of_secondary_capsules': 10}
Fitting individual 5/16 with genotype {'epochs': 5, 'r': 3, 'no_of_conv_kernels': 128, 'secondary_capsule_vector': 30, 'dense_1': 512, 'dense_2': 1024, 'epsilon': 0.04761648258891022, 'm_plus': 0.9467455238407176, 'm_minus': 0.1647953856706708, 'lambda_': 0.8791935756678704, 'alpha': 0.0076787074620521065, 'no_of_primary_capsules': 32, 'primary_capsule_vector': 8, 'no_of_secondary_capsules': 10}
Fitting individual 6/16 with genotype {'epochs': 8, 'r': 4, 'no_of_conv_kernels': 128, 'secondary_capsule_vector': 36, 'dense_1': 256, 'dense_2': 1024, 'epsilon': 0.04944697896949544, 'm_plus': 0.9258542847945331, 'm_minus': 0.11594020783935115, 'lambda_': 0.2464435524706299, 'alpha': 0.008478538162291162, 'no_of_primary_capsules': 32, 'primary_capsule_vector': 8, 'no_of_secondary_capsules': 10}
Validation loss is not decreasing anymore, risk of overfitting the model after 5 epochs. The training will be stopped. This behavior can be modified by setting the early_stop property of the model to False
Fitting individual 7/16 with genotype {'epochs': 2, 'r': 2, 'no_of_conv_kernels': 64, 'secondary_capsule_vector': 29, 'dense_1': 256, 'dense_2': 256, 'epsilon': 0.05972579570627321, 'm_plus': 0.928108616388066, 'm_minus': 0.07167431927257736, 'lambda_': 0.21754637450594116, 'alpha': 0.0019644991066619295, 'no_of_primary_capsules': 32, 'primary_capsule_vector': 8, 'no_of_secondary_capsules': 10}
Fitting individual 8/16 with genotype {'epochs': 3, 'r': 4, 'no_of_conv_kernels': 32, 'secondary_capsule_vector': 3, 'dense_1': 128, 'dense_2': 1792, 'epsilon': 0.08083564797701684, 'm_plus': 0.9345459501195235, 'm_minus': 0.05112452684076888, 'lambda_': 0.6437156056026292, 'alpha': 0.007839377786595832, 'no_of_primary_capsules': 32, 'primary_capsule_vector': 8, 'no_of_secondary_capsules': 10}
Fitting individual 9/16 with genotype {'epochs': 9, 'r': 4, 'no_of_conv_kernels': 64, 'secondary_capsule_vector': 10, 'dense_1': 768, 'dense_2': 1280, 'epsilon': 0.031776283268178974, 'm_plus': 0.971157010025608, 'm_minus': 0.10861062850192699, 'lambda_': 0.8492097202402334, 'alpha': 0.0002456662886518142, 'no_of_primary_capsules': 32, 'primary_capsule_vector': 8, 'no_of_secondary_capsules': 10}
Fitting individual 10/16 with genotype {'epochs': 2, 'r': 3, 'no_of_conv_kernels': 32, 'secondary_capsule_vector': 48, 'dense_1': 768, 'dense_2': 1792, 'epsilon': 0.024298035514114233, 'm_plus': 0.9869918191932834, 'm_minus': 0.10389227465037958, 'lambda_': 0.519919707641401, 'alpha': 0.008354644802655532, 'no_of_primary_capsules': 32, 'primary_capsule_vector': 8, 'no_of_secondary_capsules': 10}
Fitting individual 11/16 with genotype {'epochs': 9, 'r': 4, 'no_of_conv_kernels': 64, 'secondary_capsule_vector': 30, 'dense_1': 512, 'dense_2': 1280, 'epsilon': 0.06219252695291753, 'm_plus': 0.9327167076618523, 'm_minus': 0.05082795276279309, 'lambda_': 0.7950144084091975, 'alpha': 0.007036848874997931, 'no_of_primary_capsules': 32, 'primary_capsule_vector': 8, 'no_of_secondary_capsules': 10}
Validation loss is not decreasing anymore, risk of overfitting the model after 8 epochs. The training will be stopped. This behavior can be modified by setting the early_stop property of the model to False
Fitting individual 12/16 with genotype {'epochs': 4, 'r': 4, 'no_of_conv_kernels': 128, 'secondary_capsule_vector': 10, 'dense_1': 768, 'dense_2': 1280, 'epsilon': 0.031776283268178974, 'm_plus': 0.971157010025608, 'm_minus': 0.09282792524356451, 'lambda_': 0.8492097202402334, 'alpha': 0.0002456662886518142, 'no_of_primary_capsules': 32, 'primary_capsule_vector': 8, 'no_of_secondary_capsules': 10}
Fitting individual 13/16 with genotype {'epochs': 8, 'r': 4, 'no_of_conv_kernels': 128, 'secondary_capsule_vector': 36, 'dense_1': 256, 'dense_2': 1024, 'epsilon': 0.04944697896949544, 'm_plus': 0.971157010025608, 'm_minus': 0.09282792524356451, 'lambda_': 0.8492097202402334, 'alpha': 0.0002456662886518142, 'no_of_primary_capsules': 32, 'primary_capsule_vector': 8, 'no_of_secondary_capsules': 10}
Validation loss is not decreasing anymore, risk of overfitting the model after 6 epochs. The training will be stopped. This behavior can be modified by setting the early_stop property of the model to False
Fitting individual 14/16 with genotype {'epochs': 9, 'r': 4, 'no_of_conv_kernels': 64, 'secondary_capsule_vector': 10, 'dense_1': 768, 'dense_2': 1280, 'epsilon': 0.031776283268178974, 'm_plus': 0.9258542847945331, 'm_minus': 0.11594020783935115, 'lambda_': 0.2464435524706299, 'alpha': 0.008478538162291162, 'no_of_primary_capsules': 32, 'primary_capsule_vector': 8, 'no_of_secondary_capsules': 10}
Fitting individual 15/16 with genotype {'epochs': 9, 'r': 4, 'no_of_conv_kernels': 64, 'secondary_capsule_vector': 10, 'dense_1': 768, 'dense_2': 1280, 'epsilon': 0.031776283268178974, 'm_plus': 0.971157010025608, 'm_minus': 0.10861062850192699, 'lambda_': 0.8492097202402334, 'alpha': 0.0002456662886518142, 'no_of_primary_capsules': 32, 'primary_capsule_vector': 8, 'no_of_secondary_capsules': 10}
Fitting individual 16/16 with genotype {'epochs': 4, 'r': 4, 'no_of_conv_kernels': 128, 'secondary_capsule_vector': 30, 'dense_1': 512, 'dense_2': 1280, 'epsilon': 0.06219252695291753, 'm_plus': 0.9064213206982534, 'm_minus': 0.05082795276279309, 'lambda_': 0.7950144084091975, 'alpha': 0.007036848874997931, 'no_of_primary_capsules': 32, 'primary_capsule_vector': 8, 'no_of_secondary_capsules': 10}
Len of pop after selection : 10
=== Generation 2/10
Len of pop before manipulations : 10
crossover created 8 offspring(s)
mutation created 0 offspring(s)
local search created 2 offspring(s)
Len of pop after manipulations : 20
Fitting individual 1/20 with genotype {'epochs': 6, 'r': 2, 'no_of_conv_kernels': 128, 'secondary_capsule_vector': 18, 'dense_1': 512, 'dense_2': 256, 'epsilon': 0.0680280472438371, 'm_plus': 0.9790732720631752, 'm_minus': 0.15098062055520622, 'lambda_': 0.8335120816359812, 'alpha': 0.0026643620682377314, 'no_of_primary_capsules': 32, 'primary_capsule_vector': 8, 'no_of_secondary_capsules': 10}
Fitting individual 2/20 with genotype {'epochs': 5, 'r': 3, 'no_of_conv_kernels': 128, 'secondary_capsule_vector': 30, 'dense_1': 512, 'dense_2': 1024, 'epsilon': 0.04761648258891022, 'm_plus': 0.9467455238407176, 'm_minus': 0.1647953856706708, 'lambda_': 0.8791935756678704, 'alpha': 0.0076787074620521065, 'no_of_primary_capsules': 32, 'primary_capsule_vector': 8, 'no_of_secondary_capsules': 10}
Fitting individual 3/20 with genotype {'epochs': 2, 'r': 2, 'no_of_conv_kernels': 64, 'secondary_capsule_vector': 29, 'dense_1': 256, 'dense_2': 256, 'epsilon': 0.05972579570627321, 'm_plus': 0.928108616388066, 'm_minus': 0.07167431927257736, 'lambda_': 0.21754637450594116, 'alpha': 0.0019644991066619295, 'no_of_primary_capsules': 32, 'primary_capsule_vector': 8, 'no_of_secondary_capsules': 10}
Fitting individual 4/20 with genotype {'epochs': 9, 'r': 4, 'no_of_conv_kernels': 64, 'secondary_capsule_vector': 10, 'dense_1': 768, 'dense_2': 1280, 'epsilon': 0.031776283268178974, 'm_plus': 0.971157010025608, 'm_minus': 0.10861062850192699, 'lambda_': 0.8492097202402334, 'alpha': 0.0002456662886518142, 'no_of_primary_capsules': 32, 'primary_capsule_vector': 8, 'no_of_secondary_capsules': 10}
Validation loss is not decreasing anymore, risk of overfitting the model after 8 epochs. The training will be stopped. This behavior can be modified by setting the early_stop property of the model to False
Fitting individual 5/20 with genotype {'epochs': 2, 'r': 3, 'no_of_conv_kernels': 32, 'secondary_capsule_vector': 48, 'dense_1': 768, 'dense_2': 1792, 'epsilon': 0.024298035514114233, 'm_plus': 0.9869918191932834, 'm_minus': 0.10389227465037958, 'lambda_': 0.519919707641401, 'alpha': 0.008354644802655532, 'no_of_primary_capsules': 32, 'primary_capsule_vector': 8, 'no_of_secondary_capsules': 10}
Fitting individual 6/20 with genotype {'epochs': 5, 'r': 4, 'no_of_conv_kernels': 128, 'secondary_capsule_vector': 36, 'dense_1': 256, 'dense_2': 1024, 'epsilon': 0.04944697896949544, 'm_plus': 0.9258542847945331, 'm_minus': 0.11594020783935115, 'lambda_': 0.2464435524706299, 'alpha': 0.008478538162291162, 'no_of_primary_capsules': 32, 'primary_capsule_vector': 8, 'no_of_secondary_capsules': 10}
Fitting individual 7/20 with genotype {'epochs': 9, 'r': 4, 'no_of_conv_kernels': 32, 'secondary_capsule_vector': 30, 'dense_1': 768, 'dense_2': 1024, 'epsilon': 0.025134291413124902, 'm_plus': 0.9550412446588585, 'm_minus': 0.06804296614942829, 'lambda_': 0.9927737211074251, 'alpha': 0.00012200665863014551, 'no_of_primary_capsules': 32, 'primary_capsule_vector': 8, 'no_of_secondary_capsules': 10}
Fitting individual 8/20 with genotype {'epochs': 4, 'r': 4, 'no_of_conv_kernels': 128, 'secondary_capsule_vector': 30, 'dense_1': 512, 'dense_2': 1280, 'epsilon': 0.06219252695291753, 'm_plus': 0.9064213206982534, 'm_minus': 0.05082795276279309, 'lambda_': 0.7950144084091975, 'alpha': 0.007036848874997931, 'no_of_primary_capsules': 32, 'primary_capsule_vector': 8, 'no_of_secondary_capsules': 10}
Fitting individual 9/20 with genotype {'epochs': 3, 'r': 4, 'no_of_conv_kernels': 32, 'secondary_capsule_vector': 3, 'dense_1': 128, 'dense_2': 1792, 'epsilon': 0.08083564797701684, 'm_plus': 0.9345459501195235, 'm_minus': 0.05112452684076888, 'lambda_': 0.6437156056026292, 'alpha': 0.007839377786595832, 'no_of_primary_capsules': 32, 'primary_capsule_vector': 8, 'no_of_secondary_capsules': 10}
Fitting individual 10/20 with genotype {'epochs': 2, 'r': 4, 'no_of_conv_kernels': 64, 'secondary_capsule_vector': 45, 'dense_1': 512, 'dense_2': 1024, 'epsilon': 0.02160795061254596, 'm_plus': 0.9475772029475522, 'm_minus': 0.11805154078246508, 'lambda_': 0.8410091585639408, 'alpha': 0.004730391953709353, 'no_of_primary_capsules': 32, 'primary_capsule_vector': 8, 'no_of_secondary_capsules': 10}
Fitting individual 11/20 with genotype {'epochs': 5, 'r': 4, 'no_of_conv_kernels': 128, 'secondary_capsule_vector': 36, 'dense_1': 256, 'dense_2': 1024, 'epsilon': 0.05972579570627321, 'm_plus': 0.928108616388066, 'm_minus': 0.07167431927257736, 'lambda_': 0.21754637450594116, 'alpha': 0.0019644991066619295, 'no_of_primary_capsules': 32, 'primary_capsule_vector': 8, 'no_of_secondary_capsules': 10}
Fitting individual 12/20 with genotype {'epochs': 2, 'r': 2, 'no_of_conv_kernels': 64, 'secondary_capsule_vector': 29, 'dense_1': 256, 'dense_2': 256, 'epsilon': 0.04944697896949544, 'm_plus': 0.9258542847945331, 'm_minus': 0.11594020783935115, 'lambda_': 0.2464435524706299, 'alpha': 0.008478538162291162, 'no_of_primary_capsules': 32, 'primary_capsule_vector': 8, 'no_of_secondary_capsules': 10}
Fitting individual 13/20 with genotype {'epochs': 6, 'r': 2, 'no_of_conv_kernels': 128, 'secondary_capsule_vector': 30, 'dense_1': 512, 'dense_2': 1024, 'epsilon': 0.04761648258891022, 'm_plus': 0.9467455238407176, 'm_minus': 0.1647953856706708, 'lambda_': 0.8791935756678704, 'alpha': 0.0076787074620521065, 'no_of_primary_capsules': 32, 'primary_capsule_vector': 8, 'no_of_secondary_capsules': 10}
Fitting individual 14/20 with genotype {'epochs': 5, 'r': 3, 'no_of_conv_kernels': 128, 'secondary_capsule_vector': 18, 'dense_1': 512, 'dense_2': 256, 'epsilon': 0.0680280472438371, 'm_plus': 0.9790732720631752, 'm_minus': 0.15098062055520622, 'lambda_': 0.8335120816359812, 'alpha': 0.0026643620682377314, 'no_of_primary_capsules': 32, 'primary_capsule_vector': 8, 'no_of_secondary_capsules': 10}
Fitting individual 15/20 with genotype {'epochs': 5, 'r': 3, 'no_of_conv_kernels': 128, 'secondary_capsule_vector': 30, 'dense_1': 512, 'dense_2': 1024, 'epsilon': 0.04761648258891022, 'm_plus': 0.9550412446588585, 'm_minus': 0.06804296614942829, 'lambda_': 0.9927737211074251, 'alpha': 0.00012200665863014551, 'no_of_primary_capsules': 32, 'primary_capsule_vector': 8, 'no_of_secondary_capsules': 10}
Fitting individual 16/20 with genotype {'epochs': 9, 'r': 4, 'no_of_conv_kernels': 32, 'secondary_capsule_vector': 30, 'dense_1': 768, 'dense_2': 1024, 'epsilon': 0.025134291413124902, 'm_plus': 0.9467455238407176, 'm_minus': 0.1647953856706708, 'lambda_': 0.8791935756678704, 'alpha': 0.0076787074620521065, 'no_of_primary_capsules': 32, 'primary_capsule_vector': 8, 'no_of_secondary_capsules': 10}
Validation loss is not decreasing anymore, risk of overfitting the model after 9 epochs. The training will be stopped. This behavior can be modified by setting the early_stop property of the model to False
Fitting individual 17/20 with genotype {'epochs': 5, 'r': 3, 'no_of_conv_kernels': 128, 'secondary_capsule_vector': 30, 'dense_1': 512, 'dense_2': 1024, 'epsilon': 0.04761648258891022, 'm_plus': 0.9467455238407176, 'm_minus': 0.1647953856706708, 'lambda_': 0.8791935756678704, 'alpha': 0.0076787074620521065, 'no_of_primary_capsules': 32, 'primary_capsule_vector': 8, 'no_of_secondary_capsules': 10}
Fitting individual 18/20 with genotype {'epochs': 5, 'r': 4, 'no_of_conv_kernels': 128, 'secondary_capsule_vector': 36, 'dense_1': 256, 'dense_2': 1024, 'epsilon': 0.04944697896949544, 'm_plus': 0.9258542847945331, 'm_minus': 0.11594020783935115, 'lambda_': 0.2464435524706299, 'alpha': 0.008478538162291162, 'no_of_primary_capsules': 32, 'primary_capsule_vector': 8, 'no_of_secondary_capsules': 10}
Fitting individual 19/20 with genotype {'epochs': 5, 'r': 4, 'no_of_conv_kernels': 128, 'secondary_capsule_vector': 36, 'dense_1': 256, 'dense_2': 1024, 'epsilon': 0.04944697896949544, 'm_plus': 0.9258542847945331, 'm_minus': 0.11594020783935115, 'lambda_': 0.2464435524706299, 'alpha': 0.008478538162291162, 'no_of_primary_capsules': 32, 'primary_capsule_vector': 8, 'no_of_secondary_capsules': 10}
Fitting individual 20/20 with genotype {'epochs': 3, 'r': 4, 'no_of_conv_kernels': 32, 'secondary_capsule_vector': 3, 'dense_1': 128, 'dense_2': 1792, 'epsilon': 0.08083564797701684, 'm_plus': 0.9345459501195235, 'm_minus': 0.05112452684076888, 'lambda_': 0.6437156056026292, 'alpha': 0.007839377786595832, 'no_of_primary_capsules': 32, 'primary_capsule_vector': 8, 'no_of_secondary_capsules': 10}
Len of pop after selection : 10
=== Generation 3/10
Len of pop before manipulations : 10
crossover created 10 offspring(s)
mutation created 3 offspring(s)
local search created 4 offspring(s)
Len of pop after manipulations : 27
Fitting individual 1/27 with genotype {'epochs': 6, 'r': 2, 'no_of_conv_kernels': 128, 'secondary_capsule_vector': 18, 'dense_1': 512, 'dense_2': 256, 'epsilon': 0.0680280472438371, 'm_plus': 0.9790732720631752, 'm_minus': 0.15098062055520622, 'lambda_': 0.8335120816359812, 'alpha': 0.0026643620682377314, 'no_of_primary_capsules': 32, 'primary_capsule_vector': 8, 'no_of_secondary_capsules': 10}
Validation loss is not decreasing anymore, risk of overfitting the model after 6 epochs. The training will be stopped. This behavior can be modified by setting the early_stop property of the model to False
Fitting individual 2/27 with genotype {'epochs': 5, 'r': 3, 'no_of_conv_kernels': 128, 'secondary_capsule_vector': 30, 'dense_1': 4, 'dense_2': 7, 'epsilon': 0.04761648258891022, 'm_plus': 0.9467455238407176, 'm_minus': 0.1647953856706708, 'lambda_': 0.8791935756678704, 'alpha': 0.0076787074620521065, 'no_of_primary_capsules': 32, 'primary_capsule_vector': 8, 'no_of_secondary_capsules': 10}
Fitting individual 3/27 with genotype {'epochs': 2, 'r': 2, 'no_of_conv_kernels': 64, 'secondary_capsule_vector': 29, 'dense_1': 256, 'dense_2': 256, 'epsilon': 0.05972579570627321, 'm_plus': 0.928108616388066, 'm_minus': 0.07167431927257736, 'lambda_': 0.21754637450594116, 'alpha': 0.0019644991066619295, 'no_of_primary_capsules': 32, 'primary_capsule_vector': 8, 'no_of_secondary_capsules': 10}
Fitting individual 4/27 with genotype {'epochs': 8, 'r': 4, 'no_of_conv_kernels': 64, 'secondary_capsule_vector': 10, 'dense_1': 768, 'dense_2': 1280, 'epsilon': 0.017351534314363953, 'm_plus': 0.971157010025608, 'm_minus': 0.10861062850192699, 'lambda_': 0.8492097202402334, 'alpha': 0.0002456662886518142, 'no_of_primary_capsules': 32, 'primary_capsule_vector': 8, 'no_of_secondary_capsules': 10}
Fitting individual 5/27 with genotype {'epochs': 2, 'r': 3, 'no_of_conv_kernels': 32, 'secondary_capsule_vector': 48, 'dense_1': 768, 'dense_2': 1792, 'epsilon': 0.024298035514114233, 'm_plus': 0.9869918191932834, 'm_minus': 0.10389227465037958, 'lambda_': 0.519919707641401, 'alpha': 0.008354644802655532, 'no_of_primary_capsules': 32, 'primary_capsule_vector': 8, 'no_of_secondary_capsules': 10}
Fitting individual 6/27 with genotype {'epochs': 5, 'r': 4, 'no_of_conv_kernels': 128, 'secondary_capsule_vector': 36, 'dense_1': 256, 'dense_2': 7, 'epsilon': 0.04944697896949544, 'm_plus': 0.9258542847945331, 'm_minus': 0.11594020783935115, 'lambda_': 0.2464435524706299, 'alpha': 0.008478538162291162, 'no_of_primary_capsules': 32, 'primary_capsule_vector': 8, 'no_of_secondary_capsules': 10}
Fitting individual 7/27 with genotype {'epochs': 4, 'r': 4, 'no_of_conv_kernels': 64, 'secondary_capsule_vector': 30, 'dense_1': 512, 'dense_2': 1280, 'epsilon': 0.06219252695291753, 'm_plus': 0.9064213206982534, 'm_minus': 0.05082795276279309, 'lambda_': 0.7950144084091975, 'alpha': 0.007036848874997931, 'no_of_primary_capsules': 32, 'primary_capsule_vector': 8, 'no_of_secondary_capsules': 10}
Fitting individual 8/27 with genotype {'epochs': 3, 'r': 4, 'no_of_conv_kernels': 32, 'secondary_capsule_vector': 3, 'dense_1': 128, 'dense_2': 1792, 'epsilon': 0.08083564797701684, 'm_plus': 0.9345459501195235, 'm_minus': 0.05112452684076888, 'lambda_': 0.6437156056026292, 'alpha': 0.007839377786595832, 'no_of_primary_capsules': 32, 'primary_capsule_vector': 8, 'no_of_secondary_capsules': 10}
Fitting individual 9/27 with genotype {'epochs': 2, 'r': 4, 'no_of_conv_kernels': 64, 'secondary_capsule_vector': 45, 'dense_1': 512, 'dense_2': 1024, 'epsilon': 0.02160795061254596, 'm_plus': 0.9475772029475522, 'm_minus': 0.11805154078246508, 'lambda_': 0.7991820693250655, 'alpha': 0.004730391953709353, 'no_of_primary_capsules': 32, 'primary_capsule_vector': 8, 'no_of_secondary_capsules': 10}
Fitting individual 10/27 with genotype {'epochs': 9, 'r': 2, 'no_of_conv_kernels': 32, 'secondary_capsule_vector': 30, 'dense_1': 768, 'dense_2': 1024, 'epsilon': 0.025134291413124902, 'm_plus': 0.9550412446588585, 'm_minus': 0.06804296614942829, 'lambda_': 0.9927737211074251, 'alpha': 0.00012200665863014551, 'no_of_primary_capsules': 32, 'primary_capsule_vector': 8, 'no_of_secondary_capsules': 10}
Validation loss is not decreasing anymore, risk of overfitting the model after 7 epochs. The training will be stopped. This behavior can be modified by setting the early_stop property of the model to False
Fitting individual 11/27 with genotype {'epochs': 3, 'r': 4, 'no_of_conv_kernels': 32, 'secondary_capsule_vector': 3, 'dense_1': 128, 'dense_2': 1792, 'epsilon': 0.08083564797701684, 'm_plus': 0.9345459501195235, 'm_minus': 0.1647953856706708, 'lambda_': 0.8791935756678704, 'alpha': 0.0076787074620521065, 'no_of_primary_capsules': 32, 'primary_capsule_vector': 8, 'no_of_secondary_capsules': 10}
Fitting individual 12/27 with genotype {'epochs': 5, 'r': 3, 'no_of_conv_kernels': 128, 'secondary_capsule_vector': 30, 'dense_1': 512, 'dense_2': 1024, 'epsilon': 0.04761648258891022, 'm_plus': 0.9467455238407176, 'm_minus': 0.05112452684076888, 'lambda_': 0.6437156056026292, 'alpha': 0.007839377786595832, 'no_of_primary_capsules': 32, 'primary_capsule_vector': 8, 'no_of_secondary_capsules': 10}
Validation loss is not decreasing anymore, risk of overfitting the model after 5 epochs. The training will be stopped. This behavior can be modified by setting the early_stop property of the model to False
Fitting individual 13/27 with genotype {'epochs': 6, 'r': 2, 'no_of_conv_kernels': 128, 'secondary_capsule_vector': 18, 'dense_1': 256, 'dense_2': 256, 'epsilon': 0.05972579570627321, 'm_plus': 0.928108616388066, 'm_minus': 0.07167431927257736, 'lambda_': 0.21754637450594116, 'alpha': 0.0019644991066619295, 'no_of_primary_capsules': 32, 'primary_capsule_vector': 8, 'no_of_secondary_capsules': 10}
Fitting individual 14/27 with genotype {'epochs': 2, 'r': 2, 'no_of_conv_kernels': 64, 'secondary_capsule_vector': 29, 'dense_1': 512, 'dense_2': 256, 'epsilon': 0.0680280472438371, 'm_plus': 0.9790732720631752, 'm_minus': 0.15098062055520622, 'lambda_': 0.8335120816359812, 'alpha': 0.0026643620682377314, 'no_of_primary_capsules': 32, 'primary_capsule_vector': 8, 'no_of_secondary_capsules': 10}
Fitting individual 15/27 with genotype {'epochs': 5, 'r': 4, 'no_of_conv_kernels': 128, 'secondary_capsule_vector': 36, 'dense_1': 256, 'dense_2': 1024, 'epsilon': 0.04944697896949544, 'm_plus': 0.9258542847945331, 'm_minus': 0.11594020783935115, 'lambda_': 0.2464435524706299, 'alpha': 0.00012200665863014551, 'no_of_primary_capsules': 32, 'primary_capsule_vector': 8, 'no_of_secondary_capsules': 10}
Fitting individual 16/27 with genotype {'epochs': 9, 'r': 4, 'no_of_conv_kernels': 32, 'secondary_capsule_vector': 30, 'dense_1': 768, 'dense_2': 1024, 'epsilon': 0.025134291413124902, 'm_plus': 0.9550412446588585, 'm_minus': 0.06804296614942829, 'lambda_': 0.9927737211074251, 'alpha': 0.008478538162291162, 'no_of_primary_capsules': 32, 'primary_capsule_vector': 8, 'no_of_secondary_capsules': 10}
Fitting individual 17/27 with genotype {'epochs': 2, 'r': 2, 'no_of_conv_kernels': 64, 'secondary_capsule_vector': 29, 'dense_1': 256, 'dense_2': 1024, 'epsilon': 0.04944697896949544, 'm_plus': 0.9258542847945331, 'm_minus': 0.11594020783935115, 'lambda_': 0.2464435524706299, 'alpha': 0.008478538162291162, 'no_of_primary_capsules': 32, 'primary_capsule_vector': 8, 'no_of_secondary_capsules': 10}
Fitting individual 18/27 with genotype {'epochs': 5, 'r': 4, 'no_of_conv_kernels': 128, 'secondary_capsule_vector': 36, 'dense_1': 256, 'dense_2': 256, 'epsilon': 0.05972579570627321, 'm_plus': 0.928108616388066, 'm_minus': 0.07167431927257736, 'lambda_': 0.21754637450594116, 'alpha': 0.0019644991066619295, 'no_of_primary_capsules': 32, 'primary_capsule_vector': 8, 'no_of_secondary_capsules': 10}
Fitting individual 19/27 with genotype {'epochs': 9, 'r': 4, 'no_of_conv_kernels': 32, 'secondary_capsule_vector': 30, 'dense_1': 768, 'dense_2': 1792, 'epsilon': 0.024298035514114233, 'm_plus': 0.9869918191932834, 'm_minus': 0.10389227465037958, 'lambda_': 0.519919707641401, 'alpha': 0.008354644802655532, 'no_of_primary_capsules': 32, 'primary_capsule_vector': 8, 'no_of_secondary_capsules': 10}
Validation loss is not decreasing anymore, risk of overfitting the model after 9 epochs. The training will be stopped. This behavior can be modified by setting the early_stop property of the model to False
Fitting individual 20/27 with genotype {'epochs': 2, 'r': 3, 'no_of_conv_kernels': 32, 'secondary_capsule_vector': 48, 'dense_1': 768, 'dense_2': 1024, 'epsilon': 0.025134291413124902, 'm_plus': 0.9550412446588585, 'm_minus': 0.06804296614942829, 'lambda_': 0.9927737211074251, 'alpha': 0.00012200665863014551, 'no_of_primary_capsules': 32, 'primary_capsule_vector': 8, 'no_of_secondary_capsules': 10}
Fitting individual 21/27 with genotype {'epochs': 4, 'r': 4, 'no_of_conv_kernels': 64, 'secondary_capsule_vector': 30, 'dense_1': 512, 'dense_2': 1280, 'epsilon': 0.06219252695291753, 'm_plus': 0.9064213206982534, 'm_minus': 0.05082795276279309, 'lambda_': 0.7950144084091975, 'alpha': 0.007036848874997931, 'no_of_primary_capsules': 32, 'primary_capsule_vector': 8, 'no_of_secondary_capsules': 10}
Fitting individual 22/27 with genotype {'epochs': 9, 'r': 2, 'no_of_conv_kernels': 32, 'secondary_capsule_vector': 30, 'dense_1': 768, 'dense_2': 1024, 'epsilon': 0.025134291413124902, 'm_plus': 0.9550412446588585, 'm_minus': 0.06804296614942829, 'lambda_': 0.9927737211074251, 'alpha': 0.00012200665863014551, 'no_of_primary_capsules': 32, 'primary_capsule_vector': 8, 'no_of_secondary_capsules': 10}
Validation loss is not decreasing anymore, risk of overfitting the model after 8 epochs. The training will be stopped. This behavior can be modified by setting the early_stop property of the model to False
Fitting individual 23/27 with genotype {'epochs': 8, 'r': 4, 'no_of_conv_kernels': 64, 'secondary_capsule_vector': 10, 'dense_1': 768, 'dense_2': 1280, 'epsilon': 0.017351534314363953, 'm_plus': 0.971157010025608, 'm_minus': 0.10861062850192699, 'lambda_': 0.8492097202402334, 'alpha': 0.0002456662886518142, 'no_of_primary_capsules': 32, 'primary_capsule_vector': 8, 'no_of_secondary_capsules': 10}
Fitting individual 24/27 with genotype {'epochs': 5, 'r': 4, 'no_of_conv_kernels': 128, 'secondary_capsule_vector': 36, 'dense_1': 256, 'dense_2': 7, 'epsilon': 0.04944697896949544, 'm_plus': 0.9258542847945331, 'm_minus': 0.11594020783935115, 'lambda_': 0.2464435524706299, 'alpha': 0.008478538162291162, 'no_of_primary_capsules': 32, 'primary_capsule_vector': 8, 'no_of_secondary_capsules': 10}
Fitting individual 25/27 with genotype {'epochs': 5, 'r': 3, 'no_of_conv_kernels': 128, 'secondary_capsule_vector': 30, 'dense_1': 4, 'dense_2': 7, 'epsilon': 0.04761648258891022, 'm_plus': 0.9467455238407176, 'm_minus': 0.1647953856706708, 'lambda_': 0.8791935756678704, 'alpha': 0.0076787074620521065, 'no_of_primary_capsules': 32, 'primary_capsule_vector': 8, 'no_of_secondary_capsules': 10}
Fitting individual 26/27 with genotype {'epochs': 5, 'r': 3, 'no_of_conv_kernels': 128, 'secondary_capsule_vector': 30, 'dense_1': 4, 'dense_2': 7, 'epsilon': 0.04761648258891022, 'm_plus': 0.9467455238407176, 'm_minus': 0.1647953856706708, 'lambda_': 0.8791935756678704, 'alpha': 0.0076787074620521065, 'no_of_primary_capsules': 32, 'primary_capsule_vector': 8, 'no_of_secondary_capsules': 10}
Fitting individual 27/27 with genotype {'epochs': 2, 'r': 4, 'no_of_conv_kernels': 64, 'secondary_capsule_vector': 45, 'dense_1': 512, 'dense_2': 1024, 'epsilon': 0.02160795061254596, 'm_plus': 0.9475772029475522, 'm_minus': 0.11805154078246508, 'lambda_': 0.7991820693250655, 'alpha': 0.004730391953709353, 'no_of_primary_capsules': 32, 'primary_capsule_vector': 8, 'no_of_secondary_capsules': 10}
Len of pop after selection : 10
=== Generation 4/10
Len of pop before manipulations : 10
crossover created 8 offspring(s)
mutation created 2 offspring(s)
local search created 1 offspring(s)
Len of pop after manipulations : 21
Fitting individual 1/21 with genotype {'epochs': 2, 'r': 2, 'no_of_conv_kernels': 128, 'secondary_capsule_vector': 18, 'dense_1': 512, 'dense_2': 256, 'epsilon': 0.0680280472438371, 'm_plus': 0.9790732720631752, 'm_minus': 0.15098062055520622, 'lambda_': 0.8335120816359812, 'alpha': 0.0026643620682377314, 'no_of_primary_capsules': 32, 'primary_capsule_vector': 8, 'no_of_secondary_capsules': 10}
Fitting individual 2/21 with genotype {'epochs': 2, 'r': 2, 'no_of_conv_kernels': 64, 'secondary_capsule_vector': 29, 'dense_1': 256, 'dense_2': 256, 'epsilon': 0.05972579570627321, 'm_plus': 0.928108616388066, 'm_minus': 0.07167431927257736, 'lambda_': 0.21754637450594116, 'alpha': 0.0019644991066619295, 'no_of_primary_capsules': 32, 'primary_capsule_vector': 8, 'no_of_secondary_capsules': 10}
Fitting individual 3/21 with genotype {'epochs': 5, 'r': 3, 'no_of_conv_kernels': 128, 'secondary_capsule_vector': 30, 'dense_1': 4, 'dense_2': 7, 'epsilon': 0.04761648258891022, 'm_plus': 0.9467455238407176, 'm_minus': 0.1647953856706708, 'lambda_': 0.8791935756678704, 'alpha': 0.0076787074620521065, 'no_of_primary_capsules': 32, 'primary_capsule_vector': 8, 'no_of_secondary_capsules': 10}
Fitting individual 4/21 with genotype {'epochs': 7, 'r': 2, 'no_of_conv_kernels': 32, 'secondary_capsule_vector': 30, 'dense_1': 768, 'dense_2': 1024, 'epsilon': 0.025134291413124902, 'm_plus': 0.9550412446588585, 'm_minus': 0.06804296614942829, 'lambda_': 0.9927737211074251, 'alpha': 0.00012200665863014551, 'no_of_primary_capsules': 32, 'primary_capsule_vector': 8, 'no_of_secondary_capsules': 10}
Fitting individual 5/21 with genotype {'epochs': 8, 'r': 4, 'no_of_conv_kernels': 64, 'secondary_capsule_vector': 10, 'dense_1': 768, 'dense_2': 1280, 'epsilon': 0.017351534314363953, 'm_plus': 0.971157010025608, 'm_minus': 0.10861062850192699, 'lambda_': 0.8492097202402334, 'alpha': 0.0002456662886518142, 'no_of_primary_capsules': 32, 'primary_capsule_vector': 8, 'no_of_secondary_capsules': 10}
Validation loss is not decreasing anymore, risk of overfitting the model after 5 epochs. The training will be stopped. This behavior can be modified by setting the early_stop property of the model to False
Fitting individual 6/21 with genotype {'epochs': 2, 'r': 3, 'no_of_conv_kernels': 32, 'secondary_capsule_vector': 48, 'dense_1': 768, 'dense_2': 1792, 'epsilon': 0.024298035514114233, 'm_plus': 0.9869918191932834, 'm_minus': 0.10389227465037958, 'lambda_': 0.519919707641401, 'alpha': 0.008354644802655532, 'no_of_primary_capsules': 32, 'primary_capsule_vector': 8, 'no_of_secondary_capsules': 10}
Fitting individual 7/21 with genotype {'epochs': 2, 'r': 4, 'no_of_conv_kernels': 64, 'secondary_capsule_vector': 45, 'dense_1': 512, 'dense_2': 1024, 'epsilon': 0.02160795061254596, 'm_plus': 0.9475772029475522, 'm_minus': 0.11805154078246508, 'lambda_': 0.7991820693250655, 'alpha': 0.004730391953709353, 'no_of_primary_capsules': 32, 'primary_capsule_vector': 8, 'no_of_secondary_capsules': 10}
Fitting individual 8/21 with genotype {'epochs': 5, 'r': 4, 'no_of_conv_kernels': 128, 'secondary_capsule_vector': 36, 'dense_1': 4, 'dense_2': 7, 'epsilon': 0.04944697896949544, 'm_plus': 0.9258542847945331, 'm_minus': 0.11594020783935115, 'lambda_': 0.2464435524706299, 'alpha': 0.008478538162291162, 'no_of_primary_capsules': 32, 'primary_capsule_vector': 8, 'no_of_secondary_capsules': 10}
Fitting individual 9/21 with genotype {'epochs': 4, 'r': 4, 'no_of_conv_kernels': 64, 'secondary_capsule_vector': 30, 'dense_1': 512, 'dense_2': 1280, 'epsilon': 0.06219252695291753, 'm_plus': 0.9064213206982534, 'm_minus': 0.05082795276279309, 'lambda_': 0.7950144084091975, 'alpha': 0.007036848874997931, 'no_of_primary_capsules': 32, 'primary_capsule_vector': 8, 'no_of_secondary_capsules': 10}
Fitting individual 10/21 with genotype {'epochs': 3, 'r': 4, 'no_of_conv_kernels': 32, 'secondary_capsule_vector': 3, 'dense_1': 128, 'dense_2': 1792, 'epsilon': 0.08083564797701684, 'm_plus': 0.9345459501195235, 'm_minus': 0.05112452684076888, 'lambda_': 0.6437156056026292, 'alpha': 0.007839377786595832, 'no_of_primary_capsules': 32, 'primary_capsule_vector': 8, 'no_of_secondary_capsules': 10}
Fitting individual 11/21 with genotype {'epochs': 2, 'r': 4, 'no_of_conv_kernels': 32, 'secondary_capsule_vector': 30, 'dense_1': 768, 'dense_2': 1024, 'epsilon': 0.025134291413124902, 'm_plus': 0.9550412446588585, 'm_minus': 0.06804296614942829, 'lambda_': 0.9927737211074251, 'alpha': 0.00012200665863014551, 'no_of_primary_capsules': 32, 'primary_capsule_vector': 8, 'no_of_secondary_capsules': 10}
Fitting individual 12/21 with genotype {'epochs': 7, 'r': 2, 'no_of_conv_kernels': 64, 'secondary_capsule_vector': 45, 'dense_1': 512, 'dense_2': 1024, 'epsilon': 0.02160795061254596, 'm_plus': 0.9475772029475522, 'm_minus': 0.11805154078246508, 'lambda_': 0.7991820693250655, 'alpha': 0.004730391953709353, 'no_of_primary_capsules': 32, 'primary_capsule_vector': 8, 'no_of_secondary_capsules': 10}
Fitting individual 13/21 with genotype {'epochs': 6, 'r': 2, 'no_of_conv_kernels': 128, 'secondary_capsule_vector': 18, 'dense_1': 768, 'dense_2': 1792, 'epsilon': 0.024298035514114233, 'm_plus': 0.9869918191932834, 'm_minus': 0.10389227465037958, 'lambda_': 0.519919707641401, 'alpha': 0.008354644802655532, 'no_of_primary_capsules': 32, 'primary_capsule_vector': 8, 'no_of_secondary_capsules': 10}
Fitting individual 14/21 with genotype {'epochs': 2, 'r': 3, 'no_of_conv_kernels': 32, 'secondary_capsule_vector': 48, 'dense_1': 512, 'dense_2': 256, 'epsilon': 0.0680280472438371, 'm_plus': 0.9790732720631752, 'm_minus': 0.15098062055520622, 'lambda_': 0.8335120816359812, 'alpha': 0.0026643620682377314, 'no_of_primary_capsules': 32, 'primary_capsule_vector': 8, 'no_of_secondary_capsules': 10}
Fitting individual 15/21 with genotype {'epochs': 4, 'r': 2, 'no_of_conv_kernels': 64, 'secondary_capsule_vector': 29, 'dense_1': 256, 'dense_2': 256, 'epsilon': 0.05972579570627321, 'm_plus': 0.928108616388066, 'm_minus': 0.07167431927257736, 'lambda_': 0.21754637450594116, 'alpha': 0.0019644991066619295, 'no_of_primary_capsules': 32, 'primary_capsule_vector': 8, 'no_of_secondary_capsules': 10}
Fitting individual 16/21 with genotype {'epochs': 2, 'r': 4, 'no_of_conv_kernels': 64, 'secondary_capsule_vector': 30, 'dense_1': 512, 'dense_2': 1280, 'epsilon': 0.06219252695291753, 'm_plus': 0.9064213206982534, 'm_minus': 0.05082795276279309, 'lambda_': 0.7950144084091975, 'alpha': 0.007036848874997931, 'no_of_primary_capsules': 32, 'primary_capsule_vector': 8, 'no_of_secondary_capsules': 10}
Fitting individual 17/21 with genotype {'epochs': 2, 'r': 2, 'no_of_conv_kernels': 64, 'secondary_capsule_vector': 29, 'dense_1': 256, 'dense_2': 256, 'epsilon': 0.05972579570627321, 'm_plus': 0.9550412446588585, 'm_minus': 0.06804296614942829, 'lambda_': 0.9927737211074251, 'alpha': 0.00012200665863014551, 'no_of_primary_capsules': 32, 'primary_capsule_vector': 8, 'no_of_secondary_capsules': 10}
Fitting individual 18/21 with genotype {'epochs': 7, 'r': 2, 'no_of_conv_kernels': 32, 'secondary_capsule_vector': 30, 'dense_1': 768, 'dense_2': 1024, 'epsilon': 0.025134291413124902, 'm_plus': 0.928108616388066, 'm_minus': 0.07167431927257736, 'lambda_': 0.21754637450594116, 'alpha': 0.0019644991066619295, 'no_of_primary_capsules': 32, 'primary_capsule_vector': 8, 'no_of_secondary_capsules': 10}
Fitting individual 19/21 with genotype {'epochs': 2, 'r': 2, 'no_of_conv_kernels': 128, 'secondary_capsule_vector': 18, 'dense_1': 512, 'dense_2': 256, 'epsilon': 0.0680280472438371, 'm_plus': 0.9790732720631752, 'm_minus': 0.15098062055520622, 'lambda_': 0.8335120816359812, 'alpha': 0.0026643620682377314, 'no_of_primary_capsules': 32, 'primary_capsule_vector': 8, 'no_of_secondary_capsules': 10}
Fitting individual 20/21 with genotype {'epochs': 2, 'r': 2, 'no_of_conv_kernels': 128, 'secondary_capsule_vector': 18, 'dense_1': 512, 'dense_2': 256, 'epsilon': 0.0680280472438371, 'm_plus': 0.9790732720631752, 'm_minus': 0.15098062055520622, 'lambda_': 0.8335120816359812, 'alpha': 0.0026643620682377314, 'no_of_primary_capsules': 32, 'primary_capsule_vector': 8, 'no_of_secondary_capsules': 10}
Fitting individual 21/21 with genotype {'epochs': 5, 'r': 4, 'no_of_conv_kernels': 128, 'secondary_capsule_vector': 36, 'dense_1': 4, 'dense_2': 7, 'epsilon': 0.04944697896949544, 'm_plus': 0.9258542847945331, 'm_minus': 0.11594020783935115, 'lambda_': 0.2464435524706299, 'alpha': 0.008478538162291162, 'no_of_primary_capsules': 32, 'primary_capsule_vector': 8, 'no_of_secondary_capsules': 10}
Len of pop after selection : 10
=== Generation 5/10
Len of pop before manipulations : 10
crossover created 8 offspring(s)
mutation created 0 offspring(s)
local search created 2 offspring(s)
Len of pop after manipulations : 20
Fitting individual 1/20 with genotype {'epochs': 2, 'r': 2, 'no_of_conv_kernels': 128, 'secondary_capsule_vector': 18, 'dense_1': 512, 'dense_2': 256, 'epsilon': 0.0680280472438371, 'm_plus': 0.9790732720631752, 'm_minus': 0.15098062055520622, 'lambda_': 0.8335120816359812, 'alpha': 0.0026643620682377314, 'no_of_primary_capsules': 32, 'primary_capsule_vector': 8, 'no_of_secondary_capsules': 10}
Fitting individual 2/20 with genotype {'epochs': 2, 'r': 2, 'no_of_conv_kernels': 64, 'secondary_capsule_vector': 29, 'dense_1': 256, 'dense_2': 256, 'epsilon': 0.05972579570627321, 'm_plus': 0.928108616388066, 'm_minus': 0.07167431927257736, 'lambda_': 0.21754637450594116, 'alpha': 0.0019644991066619295, 'no_of_primary_capsules': 32, 'primary_capsule_vector': 8, 'no_of_secondary_capsules': 10}
Fitting individual 3/20 with genotype {'epochs': 5, 'r': 3, 'no_of_conv_kernels': 128, 'secondary_capsule_vector': 30, 'dense_1': 4, 'dense_2': 7, 'epsilon': 0.04761648258891022, 'm_plus': 0.9467455238407176, 'm_minus': 0.1647953856706708, 'lambda_': 0.8655063239773398, 'alpha': 0.0076787074620521065, 'no_of_primary_capsules': 32, 'primary_capsule_vector': 8, 'no_of_secondary_capsules': 10}
Fitting individual 4/20 with genotype {'epochs': 7, 'r': 2, 'no_of_conv_kernels': 32, 'secondary_capsule_vector': 30, 'dense_1': 768, 'dense_2': 1024, 'epsilon': 0.025134291413124902, 'm_plus': 0.9550412446588585, 'm_minus': 0.06804296614942829, 'lambda_': 0.9927737211074251, 'alpha': 0.00012200665863014551, 'no_of_primary_capsules': 32, 'primary_capsule_vector': 8, 'no_of_secondary_capsules': 10}
Fitting individual 5/20 with genotype {'epochs': 5, 'r': 4, 'no_of_conv_kernels': 128, 'secondary_capsule_vector': 36, 'dense_1': 4, 'dense_2': 7, 'epsilon': 0.04944697896949544, 'm_plus': 0.9258542847945331, 'm_minus': 0.11594020783935115, 'lambda_': 0.2464435524706299, 'alpha': 0.008478538162291162, 'no_of_primary_capsules': 32, 'primary_capsule_vector': 8, 'no_of_secondary_capsules': 10}
Fitting individual 6/20 with genotype {'epochs': 5, 'r': 4, 'no_of_conv_kernels': 64, 'secondary_capsule_vector': 10, 'dense_1': 768, 'dense_2': 1280, 'epsilon': 0.017351534314363953, 'm_plus': 0.971157010025608, 'm_minus': 0.10861062850192699, 'lambda_': 0.8492097202402334, 'alpha': 0.0002456662886518142, 'no_of_primary_capsules': 32, 'primary_capsule_vector': 8, 'no_of_secondary_capsules': 10}
Fitting individual 7/20 with genotype {'epochs': 2, 'r': 3, 'no_of_conv_kernels': 32, 'secondary_capsule_vector': 48, 'dense_1': 768, 'dense_2': 1792, 'epsilon': 0.024298035514114233, 'm_plus': 0.9869918191932834, 'm_minus': 0.10389227465037958, 'lambda_': 0.519919707641401, 'alpha': 0.008354644802655532, 'no_of_primary_capsules': 32, 'primary_capsule_vector': 8, 'no_of_secondary_capsules': 10}
Fitting individual 8/20 with genotype {'epochs': 3, 'r': 4, 'no_of_conv_kernels': 32, 'secondary_capsule_vector': 3, 'dense_1': 128, 'dense_2': 7, 'epsilon': 0.08083564797701684, 'm_plus': 0.9345459501195235, 'm_minus': 0.05112452684076888, 'lambda_': 0.6437156056026292, 'alpha': 0.007839377786595832, 'no_of_primary_capsules': 32, 'primary_capsule_vector': 8, 'no_of_secondary_capsules': 10}
Fitting individual 9/20 with genotype {'epochs': 4, 'r': 4, 'no_of_conv_kernels': 64, 'secondary_capsule_vector': 30, 'dense_1': 512, 'dense_2': 1280, 'epsilon': 0.06219252695291753, 'm_plus': 0.9064213206982534, 'm_minus': 0.05082795276279309, 'lambda_': 0.7950144084091975, 'alpha': 0.007036848874997931, 'no_of_primary_capsules': 32, 'primary_capsule_vector': 8, 'no_of_secondary_capsules': 10}
Fitting individual 10/20 with genotype {'epochs': 2, 'r': 4, 'no_of_conv_kernels': 64, 'secondary_capsule_vector': 45, 'dense_1': 512, 'dense_2': 1024, 'epsilon': 0.02160795061254596, 'm_plus': 0.9475772029475522, 'm_minus': 0.11805154078246508, 'lambda_': 0.7991820693250655, 'alpha': 0.004730391953709353, 'no_of_primary_capsules': 32, 'primary_capsule_vector': 8, 'no_of_secondary_capsules': 10}
Fitting individual 11/20 with genotype {'epochs': 4, 'r': 4, 'no_of_conv_kernels': 64, 'secondary_capsule_vector': 18, 'dense_1': 512, 'dense_2': 256, 'epsilon': 0.0680280472438371, 'm_plus': 0.9790732720631752, 'm_minus': 0.15098062055520622, 'lambda_': 0.8335120816359812, 'alpha': 0.0026643620682377314, 'no_of_primary_capsules': 32, 'primary_capsule_vector': 8, 'no_of_secondary_capsules': 10}
Fitting individual 12/20 with genotype {'epochs': 2, 'r': 2, 'no_of_conv_kernels': 128, 'secondary_capsule_vector': 30, 'dense_1': 512, 'dense_2': 1280, 'epsilon': 0.06219252695291753, 'm_plus': 0.9064213206982534, 'm_minus': 0.05082795276279309, 'lambda_': 0.7950144084091975, 'alpha': 0.007036848874997931, 'no_of_primary_capsules': 32, 'primary_capsule_vector': 8, 'no_of_secondary_capsules': 10}
Fitting individual 13/20 with genotype {'epochs': 4, 'r': 4, 'no_of_conv_kernels': 64, 'secondary_capsule_vector': 30, 'dense_1': 512, 'dense_2': 1280, 'epsilon': 0.06219252695291753, 'm_plus': 0.9064213206982534, 'm_minus': 0.05082795276279309, 'lambda_': 0.7950144084091975, 'alpha': 0.0026643620682377314, 'no_of_primary_capsules': 32, 'primary_capsule_vector': 8, 'no_of_secondary_capsules': 10}
Fitting individual 14/20 with genotype {'epochs': 2, 'r': 2, 'no_of_conv_kernels': 128, 'secondary_capsule_vector': 18, 'dense_1': 512, 'dense_2': 256, 'epsilon': 0.0680280472438371, 'm_plus': 0.9790732720631752, 'm_minus': 0.15098062055520622, 'lambda_': 0.8335120816359812, 'alpha': 0.007036848874997931, 'no_of_primary_capsules': 32, 'primary_capsule_vector': 8, 'no_of_secondary_capsules': 10}
Fitting individual 15/20 with genotype {'epochs': 2, 'r': 3, 'no_of_conv_kernels': 32, 'secondary_capsule_vector': 48, 'dense_1': 768, 'dense_2': 1792, 'epsilon': 0.024298035514114233, 'm_plus': 0.928108616388066, 'm_minus': 0.07167431927257736, 'lambda_': 0.21754637450594116, 'alpha': 0.0019644991066619295, 'no_of_primary_capsules': 32, 'primary_capsule_vector': 8, 'no_of_secondary_capsules': 10}
Fitting individual 16/20 with genotype {'epochs': 2, 'r': 2, 'no_of_conv_kernels': 64, 'secondary_capsule_vector': 29, 'dense_1': 256, 'dense_2': 256, 'epsilon': 0.05972579570627321, 'm_plus': 0.9869918191932834, 'm_minus': 0.10389227465037958, 'lambda_': 0.519919707641401, 'alpha': 0.008354644802655532, 'no_of_primary_capsules': 32, 'primary_capsule_vector': 8, 'no_of_secondary_capsules': 10}
Fitting individual 17/20 with genotype {'epochs': 2, 'r': 2, 'no_of_conv_kernels': 64, 'secondary_capsule_vector': 29, 'dense_1': 256, 'dense_2': 1280, 'epsilon': 0.06219252695291753, 'm_plus': 0.9064213206982534, 'm_minus': 0.05082795276279309, 'lambda_': 0.7950144084091975, 'alpha': 0.007036848874997931, 'no_of_primary_capsules': 32, 'primary_capsule_vector': 8, 'no_of_secondary_capsules': 10}
Fitting individual 18/20 with genotype {'epochs': 4, 'r': 4, 'no_of_conv_kernels': 64, 'secondary_capsule_vector': 30, 'dense_1': 512, 'dense_2': 256, 'epsilon': 0.05972579570627321, 'm_plus': 0.928108616388066, 'm_minus': 0.07167431927257736, 'lambda_': 0.21754637450594116, 'alpha': 0.0019644991066619295, 'no_of_primary_capsules': 32, 'primary_capsule_vector': 8, 'no_of_secondary_capsules': 10}
Fitting individual 19/20 with genotype {'epochs': 5, 'r': 3, 'no_of_conv_kernels': 128, 'secondary_capsule_vector': 30, 'dense_1': 4, 'dense_2': 7, 'epsilon': 0.04761648258891022, 'm_plus': 0.9467455238407176, 'm_minus': 0.1647953856706708, 'lambda_': 0.8655063239773398, 'alpha': 0.0076787074620521065, 'no_of_primary_capsules': 32, 'primary_capsule_vector': 8, 'no_of_secondary_capsules': 10}
Fitting individual 20/20 with genotype {'epochs': 3, 'r': 4, 'no_of_conv_kernels': 32, 'secondary_capsule_vector': 3, 'dense_1': 128, 'dense_2': 7, 'epsilon': 0.08083564797701684, 'm_plus': 0.9345459501195235, 'm_minus': 0.05112452684076888, 'lambda_': 0.6437156056026292, 'alpha': 0.007839377786595832, 'no_of_primary_capsules': 32, 'primary_capsule_vector': 8, 'no_of_secondary_capsules': 10}
Len of pop after selection : 10
=== Generation 6/10
Len of pop before manipulations : 10
crossover created 6 offspring(s)
mutation created 1 offspring(s)
local search created 3 offspring(s)
Len of pop after manipulations : 20
Fitting individual 1/20 with genotype {'epochs': 5, 'r': 3, 'no_of_conv_kernels': 128, 'secondary_capsule_vector': 30, 'dense_1': 4, 'dense_2': 7, 'epsilon': 0.04761648258891022, 'm_plus': 0.9467455238407176, 'm_minus': 0.1647953856706708, 'lambda_': 0.8655063239773398, 'alpha': 0.0076787074620521065, 'no_of_primary_capsules': 32, 'primary_capsule_vector': 8, 'no_of_secondary_capsules': 10}
Fitting individual 2/20 with genotype {'epochs': 7, 'r': 2, 'no_of_conv_kernels': 32, 'secondary_capsule_vector': 30, 'dense_1': 768, 'dense_2': 1024, 'epsilon': 0.025134291413124902, 'm_plus': 0.9550412446588585, 'm_minus': 0.06804296614942829, 'lambda_': 0.9927737211074251, 'alpha': 0.00012200665863014551, 'no_of_primary_capsules': 32, 'primary_capsule_vector': 8, 'no_of_secondary_capsules': 10}
Fitting individual 3/20 with genotype {'epochs': 2, 'r': 2, 'no_of_conv_kernels': 128, 'secondary_capsule_vector': 18, 'dense_1': 512, 'dense_2': 256, 'epsilon': 0.0680280472438371, 'm_plus': 0.9790732720631752, 'm_minus': 0.15098062055520622, 'lambda_': 0.8335120816359812, 'alpha': 0.0026643620682377314, 'no_of_primary_capsules': 32, 'primary_capsule_vector': 8, 'no_of_secondary_capsules': 10}
Fitting individual 4/20 with genotype {'epochs': 2, 'r': 2, 'no_of_conv_kernels': 64, 'secondary_capsule_vector': 29, 'dense_1': 512, 'dense_2': 256, 'epsilon': 0.05972579570627321, 'm_plus': 0.928108616388066, 'm_minus': 0.07167431927257736, 'lambda_': 0.21754637450594116, 'alpha': 0.0019644991066619295, 'no_of_primary_capsules': 32, 'primary_capsule_vector': 8, 'no_of_secondary_capsules': 10}
Fitting individual 5/20 with genotype {'epochs': 5, 'r': 4, 'no_of_conv_kernels': 128, 'secondary_capsule_vector': 36, 'dense_1': 4, 'dense_2': 7, 'epsilon': 0.04944697896949544, 'm_plus': 0.9258542847945331, 'm_minus': 0.11594020783935115, 'lambda_': 0.2464435524706299, 'alpha': 0.008478538162291162, 'no_of_primary_capsules': 32, 'primary_capsule_vector': 8, 'no_of_secondary_capsules': 10}
Fitting individual 6/20 with genotype {'epochs': 5, 'r': 4, 'no_of_conv_kernels': 64, 'secondary_capsule_vector': 10, 'dense_1': 768, 'dense_2': 1280, 'epsilon': 0.017351534314363953, 'm_plus': 0.971157010025608, 'm_minus': 0.10861062850192699, 'lambda_': 0.8492097202402334, 'alpha': 0.0002456662886518142, 'no_of_primary_capsules': 32, 'primary_capsule_vector': 8, 'no_of_secondary_capsules': 10}
Fitting individual 7/20 with genotype {'epochs': 2, 'r': 3, 'no_of_conv_kernels': 32, 'secondary_capsule_vector': 48, 'dense_1': 768, 'dense_2': 1792, 'epsilon': 0.07510608569825823, 'm_plus': 0.9869918191932834, 'm_minus': 0.10389227465037958, 'lambda_': 0.519919707641401, 'alpha': 0.008354644802655532, 'no_of_primary_capsules': 32, 'primary_capsule_vector': 8, 'no_of_secondary_capsules': 10}
Fitting individual 8/20 with genotype {'epochs': 4, 'r': 4, 'no_of_conv_kernels': 64, 'secondary_capsule_vector': 30, 'dense_1': 512, 'dense_2': 1280, 'epsilon': 0.06219252695291753, 'm_plus': 0.9064213206982534, 'm_minus': 0.05082795276279309, 'lambda_': 0.7950144084091975, 'alpha': 0.007036848874997931, 'no_of_primary_capsules': 32, 'primary_capsule_vector': 8, 'no_of_secondary_capsules': 10}
Fitting individual 9/20 with genotype {'epochs': 3, 'r': 4, 'no_of_conv_kernels': 32, 'secondary_capsule_vector': 3, 'dense_1': 128, 'dense_2': 7, 'epsilon': 0.08083564797701684, 'm_plus': 0.99, 'm_minus': 0.05112452684076888, 'lambda_': 0.6437156056026292, 'alpha': 0.007839377786595832, 'no_of_primary_capsules': 32, 'primary_capsule_vector': 8, 'no_of_secondary_capsules': 10}
Fitting individual 10/20 with genotype {'epochs': 2, 'r': 4, 'no_of_conv_kernels': 64, 'secondary_capsule_vector': 45, 'dense_1': 512, 'dense_2': 1024, 'epsilon': 0.02160795061254596, 'm_plus': 0.9475772029475522, 'm_minus': 0.11805154078246508, 'lambda_': 0.7991820693250655, 'alpha': 0.004730391953709353, 'no_of_primary_capsules': 32, 'primary_capsule_vector': 8, 'no_of_secondary_capsules': 10}
Fitting individual 11/20 with genotype {'epochs': 2, 'r': 2, 'no_of_conv_kernels': 128, 'secondary_capsule_vector': 30, 'dense_1': 4, 'dense_2': 7, 'epsilon': 0.04761648258891022, 'm_plus': 0.9467455238407176, 'm_minus': 0.1647953856706708, 'lambda_': 0.8655063239773398, 'alpha': 0.0076787074620521065, 'no_of_primary_capsules': 32, 'primary_capsule_vector': 8, 'no_of_secondary_capsules': 10}
Fitting individual 12/20 with genotype {'epochs': 5, 'r': 3, 'no_of_conv_kernels': 128, 'secondary_capsule_vector': 18, 'dense_1': 512, 'dense_2': 256, 'epsilon': 0.0680280472438371, 'm_plus': 0.9790732720631752, 'm_minus': 0.15098062055520622, 'lambda_': 0.8335120816359812, 'alpha': 0.0026643620682377314, 'no_of_primary_capsules': 32, 'primary_capsule_vector': 8, 'no_of_secondary_capsules': 10}
Fitting individual 13/20 with genotype {'epochs': 2, 'r': 3, 'no_of_conv_kernels': 32, 'secondary_capsule_vector': 48, 'dense_1': 768, 'dense_2': 1792, 'epsilon': 0.024298035514114233, 'm_plus': 0.9869918191932834, 'm_minus': 0.10389227465037958, 'lambda_': 0.9927737211074251, 'alpha': 0.00012200665863014551, 'no_of_primary_capsules': 32, 'primary_capsule_vector': 8, 'no_of_secondary_capsules': 10}
Fitting individual 14/20 with genotype {'epochs': 7, 'r': 2, 'no_of_conv_kernels': 32, 'secondary_capsule_vector': 30, 'dense_1': 768, 'dense_2': 1024, 'epsilon': 0.025134291413124902, 'm_plus': 0.9550412446588585, 'm_minus': 0.06804296614942829, 'lambda_': 0.519919707641401, 'alpha': 0.008354644802655532, 'no_of_primary_capsules': 32, 'primary_capsule_vector': 8, 'no_of_secondary_capsules': 10}
Fitting individual 15/20 with genotype {'epochs': 7, 'r': 2, 'no_of_conv_kernels': 32, 'secondary_capsule_vector': 48, 'dense_1': 768, 'dense_2': 1792, 'epsilon': 0.024298035514114233, 'm_plus': 0.9869918191932834, 'm_minus': 0.10389227465037958, 'lambda_': 0.519919707641401, 'alpha': 0.008354644802655532, 'no_of_primary_capsules': 32, 'primary_capsule_vector': 8, 'no_of_secondary_capsules': 10}
Fitting individual 16/20 with genotype {'epochs': 2, 'r': 3, 'no_of_conv_kernels': 32, 'secondary_capsule_vector': 30, 'dense_1': 768, 'dense_2': 1024, 'epsilon': 0.025134291413124902, 'm_plus': 0.9550412446588585, 'm_minus': 0.06804296614942829, 'lambda_': 0.9927737211074251, 'alpha': 0.00012200665863014551, 'no_of_primary_capsules': 32, 'primary_capsule_vector': 8, 'no_of_secondary_capsules': 10}
Fitting individual 17/20 with genotype {'epochs': 2, 'r': 2, 'no_of_conv_kernels': 64, 'secondary_capsule_vector': 29, 'dense_1': 512, 'dense_2': 256, 'epsilon': 0.05972579570627321, 'm_plus': 0.928108616388066, 'm_minus': 0.07167431927257736, 'lambda_': 0.21754637450594116, 'alpha': 0.0019644991066619295, 'no_of_primary_capsules': 32, 'primary_capsule_vector': 8, 'no_of_secondary_capsules': 10}
Fitting individual 18/20 with genotype {'epochs': 3, 'r': 4, 'no_of_conv_kernels': 32, 'secondary_capsule_vector': 3, 'dense_1': 128, 'dense_2': 7, 'epsilon': 0.08083564797701684, 'm_plus': 0.99, 'm_minus': 0.05112452684076888, 'lambda_': 0.6437156056026292, 'alpha': 0.007839377786595832, 'no_of_primary_capsules': 32, 'primary_capsule_vector': 8, 'no_of_secondary_capsules': 10}
Fitting individual 19/20 with genotype {'epochs': 2, 'r': 3, 'no_of_conv_kernels': 32, 'secondary_capsule_vector': 48, 'dense_1': 768, 'dense_2': 1792, 'epsilon': 0.07510608569825823, 'm_plus': 0.9869918191932834, 'm_minus': 0.10389227465037958, 'lambda_': 0.519919707641401, 'alpha': 0.008354644802655532, 'no_of_primary_capsules': 32, 'primary_capsule_vector': 8, 'no_of_secondary_capsules': 10}
Fitting individual 20/20 with genotype {'epochs': 2, 'r': 2, 'no_of_conv_kernels': 128, 'secondary_capsule_vector': 18, 'dense_1': 512, 'dense_2': 256, 'epsilon': 0.0680280472438371, 'm_plus': 0.9790732720631752, 'm_minus': 0.15098062055520622, 'lambda_': 0.8335120816359812, 'alpha': 0.0026643620682377314, 'no_of_primary_capsules': 32, 'primary_capsule_vector': 8, 'no_of_secondary_capsules': 10}
Len of pop after selection : 10
=== Generation 7/10
Len of pop before manipulations : 10
crossover created 8 offspring(s)
mutation created 1 offspring(s)
local search created 2 offspring(s)
Len of pop after manipulations : 21
Fitting individual 1/21 with genotype {'epochs': 5, 'r': 3, 'no_of_conv_kernels': 128, 'secondary_capsule_vector': 30, 'dense_1': 4, 'dense_2': 7, 'epsilon': 0.04761648258891022, 'm_plus': 0.9467455238407176, 'm_minus': 0.1647953856706708, 'lambda_': 0.8655063239773398, 'alpha': 0.0076787074620521065, 'no_of_primary_capsules': 32, 'primary_capsule_vector': 8, 'no_of_secondary_capsules': 10}
Fitting individual 2/21 with genotype {'epochs': 7, 'r': 2, 'no_of_conv_kernels': 32, 'secondary_capsule_vector': 30, 'dense_1': 768, 'dense_2': 1024, 'epsilon': 0.025134291413124902, 'm_plus': 0.9550412446588585, 'm_minus': 0.06804296614942829, 'lambda_': 0.9927737211074251, 'alpha': 0.00012200665863014551, 'no_of_primary_capsules': 32, 'primary_capsule_vector': 8, 'no_of_secondary_capsules': 10}
Fitting individual 3/21 with genotype {'epochs': 2, 'r': 2, 'no_of_conv_kernels': 128, 'secondary_capsule_vector': 18, 'dense_1': 512, 'dense_2': 256, 'epsilon': 0.0680280472438371, 'm_plus': 0.9790732720631752, 'm_minus': 0.15098062055520622, 'lambda_': 0.8335120816359812, 'alpha': 0.0026643620682377314, 'no_of_primary_capsules': 32, 'primary_capsule_vector': 8, 'no_of_secondary_capsules': 10}
Fitting individual 4/21 with genotype {'epochs': 5, 'r': 4, 'no_of_conv_kernels': 128, 'secondary_capsule_vector': 36, 'dense_1': 4, 'dense_2': 7, 'epsilon': 0.01620363229845794, 'm_plus': 0.9258542847945331, 'm_minus': 0.11594020783935115, 'lambda_': 0.2464435524706299, 'alpha': 0.008478538162291162, 'no_of_primary_capsules': 32, 'primary_capsule_vector': 8, 'no_of_secondary_capsules': 10}
Fitting individual 5/21 with genotype {'epochs': 2, 'r': 2, 'no_of_conv_kernels': 64, 'secondary_capsule_vector': 29, 'dense_1': 512, 'dense_2': 256, 'epsilon': 0.05972579570627321, 'm_plus': 0.928108616388066, 'm_minus': 0.07167431927257736, 'lambda_': 0.21754637450594116, 'alpha': 0.0019644991066619295, 'no_of_primary_capsules': 32, 'primary_capsule_vector': 8, 'no_of_secondary_capsules': 10}
Fitting individual 6/21 with genotype {'epochs': 5, 'r': 4, 'no_of_conv_kernels': 64, 'secondary_capsule_vector': 10, 'dense_1': 768, 'dense_2': 1280, 'epsilon': 0.017351534314363953, 'm_plus': 0.971157010025608, 'm_minus': 0.10861062850192699, 'lambda_': 0.8492097202402334, 'alpha': 0.0002456662886518142, 'no_of_primary_capsules': 32, 'primary_capsule_vector': 8, 'no_of_secondary_capsules': 10}
Fitting individual 7/21 with genotype {'epochs': 2, 'r': 3, 'no_of_conv_kernels': 32, 'secondary_capsule_vector': 48, 'dense_1': 768, 'dense_2': 1792, 'epsilon': 0.07510608569825823, 'm_plus': 0.9869918191932834, 'm_minus': 0.10389227465037958, 'lambda_': 0.519919707641401, 'alpha': 0.008354644802655532, 'no_of_primary_capsules': 32, 'primary_capsule_vector': 8, 'no_of_secondary_capsules': 10}
Fitting individual 8/21 with genotype {'epochs': 4, 'r': 4, 'no_of_conv_kernels': 64, 'secondary_capsule_vector': 30, 'dense_1': 512, 'dense_2': 1280, 'epsilon': 0.06219252695291753, 'm_plus': 0.9064213206982534, 'm_minus': 0.05082795276279309, 'lambda_': 0.7950144084091975, 'alpha': 0.007036848874997931, 'no_of_primary_capsules': 32, 'primary_capsule_vector': 8, 'no_of_secondary_capsules': 10}
Fitting individual 9/21 with genotype {'epochs': 3, 'r': 4, 'no_of_conv_kernels': 32, 'secondary_capsule_vector': 3, 'dense_1': 128, 'dense_2': 7, 'epsilon': 0.08162932214276682, 'm_plus': 0.99, 'm_minus': 0.05112452684076888, 'lambda_': 0.6437156056026292, 'alpha': 0.007839377786595832, 'no_of_primary_capsules': 32, 'primary_capsule_vector': 8, 'no_of_secondary_capsules': 10}
Fitting individual 10/21 with genotype {'epochs': 2, 'r': 4, 'no_of_conv_kernels': 64, 'secondary_capsule_vector': 45, 'dense_1': 512, 'dense_2': 1024, 'epsilon': 0.02160795061254596, 'm_plus': 0.9475772029475522, 'm_minus': 0.11805154078246508, 'lambda_': 0.7991820693250655, 'alpha': 0.004730391953709353, 'no_of_primary_capsules': 32, 'primary_capsule_vector': 8, 'no_of_secondary_capsules': 10}
Fitting individual 11/21 with genotype {'epochs': 2, 'r': 4, 'no_of_conv_kernels': 64, 'secondary_capsule_vector': 45, 'dense_1': 512, 'dense_2': 1024, 'epsilon': 0.06219252695291753, 'm_plus': 0.9064213206982534, 'm_minus': 0.05082795276279309, 'lambda_': 0.7950144084091975, 'alpha': 0.007036848874997931, 'no_of_primary_capsules': 32, 'primary_capsule_vector': 8, 'no_of_secondary_capsules': 10}
Fitting individual 12/21 with genotype {'epochs': 4, 'r': 4, 'no_of_conv_kernels': 64, 'secondary_capsule_vector': 30, 'dense_1': 512, 'dense_2': 1280, 'epsilon': 0.02160795061254596, 'm_plus': 0.9475772029475522, 'm_minus': 0.11805154078246508, 'lambda_': 0.7991820693250655, 'alpha': 0.004730391953709353, 'no_of_primary_capsules': 32, 'primary_capsule_vector': 8, 'no_of_secondary_capsules': 10}
Fitting individual 13/21 with genotype {'epochs': 4, 'r': 4, 'no_of_conv_kernels': 64, 'secondary_capsule_vector': 18, 'dense_1': 512, 'dense_2': 256, 'epsilon': 0.0680280472438371, 'm_plus': 0.9790732720631752, 'm_minus': 0.15098062055520622, 'lambda_': 0.8335120816359812, 'alpha': 0.0026643620682377314, 'no_of_primary_capsules': 32, 'primary_capsule_vector': 8, 'no_of_secondary_capsules': 10}
Fitting individual 14/21 with genotype {'epochs': 2, 'r': 2, 'no_of_conv_kernels': 128, 'secondary_capsule_vector': 30, 'dense_1': 512, 'dense_2': 1280, 'epsilon': 0.06219252695291753, 'm_plus': 0.9064213206982534, 'm_minus': 0.05082795276279309, 'lambda_': 0.7950144084091975, 'alpha': 0.007036848874997931, 'no_of_primary_capsules': 32, 'primary_capsule_vector': 8, 'no_of_secondary_capsules': 10}
Fitting individual 15/21 with genotype {'epochs': 7, 'r': 4, 'no_of_conv_kernels': 64, 'secondary_capsule_vector': 30, 'dense_1': 512, 'dense_2': 1280, 'epsilon': 0.06219252695291753, 'm_plus': 0.9064213206982534, 'm_minus': 0.05082795276279309, 'lambda_': 0.7950144084091975, 'alpha': 0.007036848874997931, 'no_of_primary_capsules': 32, 'primary_capsule_vector': 8, 'no_of_secondary_capsules': 10}
Fitting individual 16/21 with genotype {'epochs': 4, 'r': 2, 'no_of_conv_kernels': 32, 'secondary_capsule_vector': 30, 'dense_1': 768, 'dense_2': 1024, 'epsilon': 0.025134291413124902, 'm_plus': 0.9550412446588585, 'm_minus': 0.06804296614942829, 'lambda_': 0.9927737211074251, 'alpha': 0.00012200665863014551, 'no_of_primary_capsules': 32, 'primary_capsule_vector': 8, 'no_of_secondary_capsules': 10}
Fitting individual 17/21 with genotype {'epochs': 2, 'r': 4, 'no_of_conv_kernels': 64, 'secondary_capsule_vector': 45, 'dense_1': 512, 'dense_2': 1024, 'epsilon': 0.02160795061254596, 'm_plus': 0.9475772029475522, 'm_minus': 0.11805154078246508, 'lambda_': 0.7991820693250655, 'alpha': 0.0026643620682377314, 'no_of_primary_capsules': 32, 'primary_capsule_vector': 8, 'no_of_secondary_capsules': 10}
Fitting individual 18/21 with genotype {'epochs': 2, 'r': 2, 'no_of_conv_kernels': 128, 'secondary_capsule_vector': 18, 'dense_1': 512, 'dense_2': 256, 'epsilon': 0.0680280472438371, 'm_plus': 0.9790732720631752, 'm_minus': 0.15098062055520622, 'lambda_': 0.8335120816359812, 'alpha': 0.004730391953709353, 'no_of_primary_capsules': 32, 'primary_capsule_vector': 8, 'no_of_secondary_capsules': 10}
Fitting individual 19/21 with genotype {'epochs': 3, 'r': 4, 'no_of_conv_kernels': 32, 'secondary_capsule_vector': 3, 'dense_1': 128, 'dense_2': 7, 'epsilon': 0.08162932214276682, 'm_plus': 0.99, 'm_minus': 0.05112452684076888, 'lambda_': 0.6437156056026292, 'alpha': 0.007839377786595832, 'no_of_primary_capsules': 32, 'primary_capsule_vector': 8, 'no_of_secondary_capsules': 10}
Fitting individual 20/21 with genotype {'epochs': 5, 'r': 4, 'no_of_conv_kernels': 128, 'secondary_capsule_vector': 36, 'dense_1': 4, 'dense_2': 7, 'epsilon': 0.01620363229845794, 'm_plus': 0.9258542847945331, 'm_minus': 0.11594020783935115, 'lambda_': 0.2464435524706299, 'alpha': 0.008478538162291162, 'no_of_primary_capsules': 32, 'primary_capsule_vector': 8, 'no_of_secondary_capsules': 10}
Fitting individual 21/21 with genotype {'epochs': 4, 'r': 4, 'no_of_conv_kernels': 64, 'secondary_capsule_vector': 30, 'dense_1': 512, 'dense_2': 1280, 'epsilon': 0.06219252695291753, 'm_plus': 0.9064213206982534, 'm_minus': 0.05082795276279309, 'lambda_': 0.7950144084091975, 'alpha': 0.007036848874997931, 'no_of_primary_capsules': 32, 'primary_capsule_vector': 8, 'no_of_secondary_capsules': 10}
Len of pop after selection : 10
=== Generation 8/10
Len of pop before manipulations : 10
crossover created 8 offspring(s)
mutation created 1 offspring(s)
local search created 3 offspring(s)
Len of pop after manipulations : 22
Fitting individual 1/22 with genotype {'epochs': 7, 'r': 2, 'no_of_conv_kernels': 32, 'secondary_capsule_vector': 30, 'dense_1': 768, 'dense_2': 1024, 'epsilon': 0.025134291413124902, 'm_plus': 0.9550412446588585, 'm_minus': 0.06804296614942829, 'lambda_': 0.9927737211074251, 'alpha': 0.00012200665863014551, 'no_of_primary_capsules': 32, 'primary_capsule_vector': 8, 'no_of_secondary_capsules': 10}
Fitting individual 2/22 with genotype {'epochs': 5, 'r': 3, 'no_of_conv_kernels': 128, 'secondary_capsule_vector': 30, 'dense_1': 4, 'dense_2': 7, 'epsilon': 0.04761648258891022, 'm_plus': 0.9467455238407176, 'm_minus': 0.1647953856706708, 'lambda_': 0.8655063239773398, 'alpha': 0.0076787074620521065, 'no_of_primary_capsules': 32, 'primary_capsule_vector': 8, 'no_of_secondary_capsules': 10}
Fitting individual 3/22 with genotype {'epochs': 5, 'r': 4, 'no_of_conv_kernels': 128, 'secondary_capsule_vector': 36, 'dense_1': 4, 'dense_2': 7, 'epsilon': 0.01620363229845794, 'm_plus': 0.9203937133363571, 'm_minus': 0.11594020783935115, 'lambda_': 0.2464435524706299, 'alpha': 0.008478538162291162, 'no_of_primary_capsules': 32, 'primary_capsule_vector': 8, 'no_of_secondary_capsules': 10}
Fitting individual 4/22 with genotype {'epochs': 2, 'r': 2, 'no_of_conv_kernels': 64, 'secondary_capsule_vector': 29, 'dense_1': 512, 'dense_2': 256, 'epsilon': 0.05972579570627321, 'm_plus': 0.928108616388066, 'm_minus': 0.07167431927257736, 'lambda_': 0.21754637450594116, 'alpha': 0.0019644991066619295, 'no_of_primary_capsules': 32, 'primary_capsule_vector': 8, 'no_of_secondary_capsules': 10}
Fitting individual 5/22 with genotype {'epochs': 4, 'r': 4, 'no_of_conv_kernels': 64, 'secondary_capsule_vector': 30, 'dense_1': 512, 'dense_2': 1280, 'epsilon': 0.06219252695291753, 'm_plus': 0.9064213206982534, 'm_minus': 0.05082795276279309, 'lambda_': 0.7950144084091975, 'alpha': 0.007036848874997931, 'no_of_primary_capsules': 32, 'primary_capsule_vector': 8, 'no_of_secondary_capsules': 10}
Fitting individual 6/22 with genotype {'epochs': 2, 'r': 2, 'no_of_conv_kernels': 128, 'secondary_capsule_vector': 18, 'dense_1': 512, 'dense_2': 256, 'epsilon': 0.0680280472438371, 'm_plus': 0.9790732720631752, 'm_minus': 0.15098062055520622, 'lambda_': 0.8335120816359812, 'alpha': 0.0026643620682377314, 'no_of_primary_capsules': 32, 'primary_capsule_vector': 8, 'no_of_secondary_capsules': 10}
Fitting individual 7/22 with genotype {'epochs': 5, 'r': 4, 'no_of_conv_kernels': 64, 'secondary_capsule_vector': 10, 'dense_1': 768, 'dense_2': 1280, 'epsilon': 0.017351534314363953, 'm_plus': 0.971157010025608, 'm_minus': 0.10861062850192699, 'lambda_': 0.8492097202402334, 'alpha': 0.0002456662886518142, 'no_of_primary_capsules': 32, 'primary_capsule_vector': 8, 'no_of_secondary_capsules': 10}
Fitting individual 8/22 with genotype {'epochs': 2, 'r': 3, 'no_of_conv_kernels': 32, 'secondary_capsule_vector': 48, 'dense_1': 768, 'dense_2': 1792, 'epsilon': 0.07510608569825823, 'm_plus': 0.9869918191932834, 'm_minus': 0.10389227465037958, 'lambda_': 0.519919707641401, 'alpha': 0.008354644802655532, 'no_of_primary_capsules': 32, 'primary_capsule_vector': 8, 'no_of_secondary_capsules': 10}
Fitting individual 9/22 with genotype {'epochs': 3, 'r': 4, 'no_of_conv_kernels': 32, 'secondary_capsule_vector': 3, 'dense_1': 128, 'dense_2': 7, 'epsilon': 0.08162932214276682, 'm_plus': 0.99, 'm_minus': 0.05112452684076888, 'lambda_': 0.6437156056026292, 'alpha': 0.007839377786595832, 'no_of_primary_capsules': 32, 'primary_capsule_vector': 8, 'no_of_secondary_capsules': 10}
Fitting individual 10/22 with genotype {'epochs': 2, 'r': 4, 'no_of_conv_kernels': 64, 'secondary_capsule_vector': 45, 'dense_1': 512, 'dense_2': 1024, 'epsilon': 0.02160795061254596, 'm_plus': 0.9, 'm_minus': 0.11805154078246508, 'lambda_': 0.7991820693250655, 'alpha': 0.004730391953709353, 'no_of_primary_capsules': 32, 'primary_capsule_vector': 8, 'no_of_secondary_capsules': 10}
Fitting individual 11/22 with genotype {'epochs': 5, 'r': 4, 'no_of_conv_kernels': 64, 'secondary_capsule_vector': 3, 'dense_1': 128, 'dense_2': 7, 'epsilon': 0.08162932214276682, 'm_plus': 0.99, 'm_minus': 0.05112452684076888, 'lambda_': 0.6437156056026292, 'alpha': 0.007839377786595832, 'no_of_primary_capsules': 32, 'primary_capsule_vector': 8, 'no_of_secondary_capsules': 10}
Fitting individual 12/22 with genotype {'epochs': 3, 'r': 4, 'no_of_conv_kernels': 32, 'secondary_capsule_vector': 10, 'dense_1': 768, 'dense_2': 1280, 'epsilon': 0.017351534314363953, 'm_plus': 0.971157010025608, 'm_minus': 0.10861062850192699, 'lambda_': 0.8492097202402334, 'alpha': 0.0002456662886518142, 'no_of_primary_capsules': 32, 'primary_capsule_vector': 8, 'no_of_secondary_capsules': 10}
Fitting individual 13/22 with genotype {'epochs': 4, 'r': 4, 'no_of_conv_kernels': 64, 'secondary_capsule_vector': 30, 'dense_1': 512, 'dense_2': 1280, 'epsilon': 0.06219252695291753, 'm_plus': 0.9064213206982534, 'm_minus': 0.05082795276279309, 'lambda_': 0.8492097202402334, 'alpha': 0.0002456662886518142, 'no_of_primary_capsules': 32, 'primary_capsule_vector': 8, 'no_of_secondary_capsules': 10}
Fitting individual 14/22 with genotype {'epochs': 5, 'r': 4, 'no_of_conv_kernels': 64, 'secondary_capsule_vector': 10, 'dense_1': 768, 'dense_2': 1280, 'epsilon': 0.017351534314363953, 'm_plus': 0.971157010025608, 'm_minus': 0.10861062850192699, 'lambda_': 0.7950144084091975, 'alpha': 0.007036848874997931, 'no_of_primary_capsules': 32, 'primary_capsule_vector': 8, 'no_of_secondary_capsules': 10}
Fitting individual 15/22 with genotype {'epochs': 5, 'r': 4, 'no_of_conv_kernels': 64, 'secondary_capsule_vector': 10, 'dense_1': 768, 'dense_2': 1280, 'epsilon': 0.08162932214276682, 'm_plus': 0.99, 'm_minus': 0.05112452684076888, 'lambda_': 0.6437156056026292, 'alpha': 0.007839377786595832, 'no_of_primary_capsules': 32, 'primary_capsule_vector': 8, 'no_of_secondary_capsules': 10}
Fitting individual 16/22 with genotype {'epochs': 3, 'r': 4, 'no_of_conv_kernels': 32, 'secondary_capsule_vector': 3, 'dense_1': 128, 'dense_2': 7, 'epsilon': 0.017351534314363953, 'm_plus': 0.971157010025608, 'm_minus': 0.10861062850192699, 'lambda_': 0.8492097202402334, 'alpha': 0.0002456662886518142, 'no_of_primary_capsules': 32, 'primary_capsule_vector': 8, 'no_of_secondary_capsules': 10}
Fitting individual 17/22 with genotype {'epochs': 2, 'r': 4, 'no_of_conv_kernels': 64, 'secondary_capsule_vector': 45, 'dense_1': 512, 'dense_2': 1024, 'epsilon': 0.02160795061254596, 'm_plus': 0.9475772029475522, 'm_minus': 0.07167431927257736, 'lambda_': 0.21754637450594116, 'alpha': 0.0019644991066619295, 'no_of_primary_capsules': 32, 'primary_capsule_vector': 8, 'no_of_secondary_capsules': 10}
Fitting individual 18/22 with genotype {'epochs': 2, 'r': 2, 'no_of_conv_kernels': 64, 'secondary_capsule_vector': 29, 'dense_1': 512, 'dense_2': 256, 'epsilon': 0.05972579570627321, 'm_plus': 0.928108616388066, 'm_minus': 0.11805154078246508, 'lambda_': 0.7991820693250655, 'alpha': 0.004730391953709353, 'no_of_primary_capsules': 32, 'primary_capsule_vector': 8, 'no_of_secondary_capsules': 10}
Fitting individual 19/22 with genotype {'epochs': 5, 'r': 4, 'no_of_conv_kernels': 128, 'secondary_capsule_vector': 36, 'dense_1': 4, 'dense_2': 7, 'epsilon': 0.01620363229845794, 'm_plus': 0.9203937133363571, 'm_minus': 0.11594020783935115, 'lambda_': 0.2464435524706299, 'alpha': 0.008478538162291162, 'no_of_primary_capsules': 32, 'primary_capsule_vector': 8, 'no_of_secondary_capsules': 10}
Fitting individual 20/22 with genotype {'epochs': 5, 'r': 3, 'no_of_conv_kernels': 128, 'secondary_capsule_vector': 30, 'dense_1': 4, 'dense_2': 7, 'epsilon': 0.04761648258891022, 'm_plus': 0.9467455238407176, 'm_minus': 0.1647953856706708, 'lambda_': 0.8655063239773398, 'alpha': 0.0076787074620521065, 'no_of_primary_capsules': 32, 'primary_capsule_vector': 8, 'no_of_secondary_capsules': 10}
Validation loss is not decreasing anymore, risk of overfitting the model after 5 epochs. The training will be stopped. This behavior can be modified by setting the early_stop property of the model to False
Fitting individual 21/22 with genotype {'epochs': 2, 'r': 4, 'no_of_conv_kernels': 64, 'secondary_capsule_vector': 45, 'dense_1': 512, 'dense_2': 1024, 'epsilon': 0.02160795061254596, 'm_plus': 0.9, 'm_minus': 0.11805154078246508, 'lambda_': 0.7991820693250655, 'alpha': 0.004730391953709353, 'no_of_primary_capsules': 32, 'primary_capsule_vector': 8, 'no_of_secondary_capsules': 10}
Fitting individual 22/22 with genotype {'epochs': 2, 'r': 2, 'no_of_conv_kernels': 64, 'secondary_capsule_vector': 29, 'dense_1': 512, 'dense_2': 256, 'epsilon': 0.05972579570627321, 'm_plus': 0.928108616388066, 'm_minus': 0.07167431927257736, 'lambda_': 0.21754637450594116, 'alpha': 0.0019644991066619295, 'no_of_primary_capsules': 32, 'primary_capsule_vector': 8, 'no_of_secondary_capsules': 10}
Len of pop after selection : 10
=== Generation 9/10
Len of pop before manipulations : 10
crossover created 6 offspring(s)
mutation created 4 offspring(s)
local search created 2 offspring(s)
Len of pop after manipulations : 22
Fitting individual 1/22 with genotype {'epochs': 7, 'r': 2, 'no_of_conv_kernels': 32, 'secondary_capsule_vector': 30, 'dense_1': 768, 'dense_2': 1024, 'epsilon': 0.025134291413124902, 'm_plus': 0.9550412446588585, 'm_minus': 0.06804296614942829, 'lambda_': 0.9927737211074251, 'alpha': 0.00012200665863014551, 'no_of_primary_capsules': 32, 'primary_capsule_vector': 8, 'no_of_secondary_capsules': 10}
Fitting individual 2/22 with genotype {'epochs': 5, 'r': 3, 'no_of_conv_kernels': 128, 'secondary_capsule_vector': 30, 'dense_1': 4, 'dense_2': 7, 'epsilon': 0.04761648258891022, 'm_plus': 0.9, 'm_minus': 0.1647953856706708, 'lambda_': 0.8655063239773398, 'alpha': 0.0076787074620521065, 'no_of_primary_capsules': 32, 'primary_capsule_vector': 8, 'no_of_secondary_capsules': 10}
Fitting individual 3/22 with genotype {'epochs': 5, 'r': 4, 'no_of_conv_kernels': 32, 'secondary_capsule_vector': 36, 'dense_1': 4, 'dense_2': 7, 'epsilon': 0.01620363229845794, 'm_plus': 0.9203937133363571, 'm_minus': 0.11594020783935115, 'lambda_': 0.2464435524706299, 'alpha': 0.008478538162291162, 'no_of_primary_capsules': 32, 'primary_capsule_vector': 8, 'no_of_secondary_capsules': 10}
Fitting individual 4/22 with genotype {'epochs': 2, 'r': 2, 'no_of_conv_kernels': 64, 'secondary_capsule_vector': 29, 'dense_1': 512, 'dense_2': 256, 'epsilon': 0.05972579570627321, 'm_plus': 0.928108616388066, 'm_minus': 0.07167431927257736, 'lambda_': 0.21754637450594116, 'alpha': 0.0019644991066619295, 'no_of_primary_capsules': 32, 'primary_capsule_vector': 8, 'no_of_secondary_capsules': 10}
Fitting individual 5/22 with genotype {'epochs': 2, 'r': 2, 'no_of_conv_kernels': 128, 'secondary_capsule_vector': 18, 'dense_1': 512, 'dense_2': 256, 'epsilon': 0.0680280472438371, 'm_plus': 0.9790732720631752, 'm_minus': 0.15098062055520622, 'lambda_': 0.8335120816359812, 'alpha': 0.0026643620682377314, 'no_of_primary_capsules': 32, 'primary_capsule_vector': 8, 'no_of_secondary_capsules': 10}
Fitting individual 6/22 with genotype {'epochs': 5, 'r': 4, 'no_of_conv_kernels': 64, 'secondary_capsule_vector': 10, 'dense_1': 768, 'dense_2': 1280, 'epsilon': 0.017351534314363953, 'm_plus': 0.971157010025608, 'm_minus': 0.10861062850192699, 'lambda_': 0.8492097202402334, 'alpha': 0.0002456662886518142, 'no_of_primary_capsules': 32, 'primary_capsule_vector': 8, 'no_of_secondary_capsules': 10}
Fitting individual 7/22 with genotype {'epochs': 2, 'r': 3, 'no_of_conv_kernels': 32, 'secondary_capsule_vector': 48, 'dense_1': 768, 'dense_2': 1792, 'epsilon': 0.07510608569825823, 'm_plus': 0.9869918191932834, 'm_minus': 0.10389227465037958, 'lambda_': 0.519919707641401, 'alpha': 0.008354644802655532, 'no_of_primary_capsules': 32, 'primary_capsule_vector': 8, 'no_of_secondary_capsules': 10}
Fitting individual 8/22 with genotype {'epochs': 3, 'r': 4, 'no_of_conv_kernels': 32, 'secondary_capsule_vector': 3, 'dense_1': 128, 'dense_2': 7, 'epsilon': 0.08162932214276682, 'm_plus': 0.99, 'm_minus': 0.05112452684076888, 'lambda_': 0.6437156056026292, 'alpha': 0.007839377786595832, 'no_of_primary_capsules': 32, 'primary_capsule_vector': 8, 'no_of_secondary_capsules': 10}
Fitting individual 9/22 with genotype {'epochs': 4, 'r': 4, 'no_of_conv_kernels': 64, 'secondary_capsule_vector': 30, 'dense_1': 512, 'dense_2': 1280, 'epsilon': 0.06219252695291753, 'm_plus': 0.9273622569787756, 'm_minus': 0.05082795276279309, 'lambda_': 0.7950144084091975, 'alpha': 0.007036848874997931, 'no_of_primary_capsules': 32, 'primary_capsule_vector': 8, 'no_of_secondary_capsules': 10}
Fitting individual 10/22 with genotype {'epochs': 2, 'r': 4, 'no_of_conv_kernels': 64, 'secondary_capsule_vector': 19, 'dense_1': 512, 'dense_2': 1024, 'epsilon': 0.02160795061254596, 'm_plus': 0.9, 'm_minus': 0.11805154078246508, 'lambda_': 0.7991820693250655, 'alpha': 0.004730391953709353, 'no_of_primary_capsules': 32, 'primary_capsule_vector': 8, 'no_of_secondary_capsules': 10}
Fitting individual 11/22 with genotype {'epochs': 5, 'r': 3, 'no_of_conv_kernels': 128, 'secondary_capsule_vector': 30, 'dense_1': 4, 'dense_2': 7, 'epsilon': 0.04761648258891022, 'm_plus': 0.9550412446588585, 'm_minus': 0.06804296614942829, 'lambda_': 0.9927737211074251, 'alpha': 0.00012200665863014551, 'no_of_primary_capsules': 32, 'primary_capsule_vector': 8, 'no_of_secondary_capsules': 10}
Fitting individual 12/22 with genotype {'epochs': 7, 'r': 2, 'no_of_conv_kernels': 32, 'secondary_capsule_vector': 30, 'dense_1': 768, 'dense_2': 1024, 'epsilon': 0.025134291413124902, 'm_plus': 0.9467455238407176, 'm_minus': 0.1647953856706708, 'lambda_': 0.8655063239773398, 'alpha': 0.0076787074620521065, 'no_of_primary_capsules': 32, 'primary_capsule_vector': 8, 'no_of_secondary_capsules': 10}
Validation loss is not decreasing anymore, risk of overfitting the model after 6 epochs. The training will be stopped. This behavior can be modified by setting the early_stop property of the model to False
Fitting individual 13/22 with genotype {'epochs': 5, 'r': 4, 'no_of_conv_kernels': 128, 'secondary_capsule_vector': 30, 'dense_1': 4, 'dense_2': 7, 'epsilon': 0.04761648258891022, 'm_plus': 0.9467455238407176, 'm_minus': 0.1647953856706708, 'lambda_': 0.8655063239773398, 'alpha': 0.0076787074620521065, 'no_of_primary_capsules': 32, 'primary_capsule_vector': 8, 'no_of_secondary_capsules': 10}
Fitting individual 14/22 with genotype {'epochs': 5, 'r': 3, 'no_of_conv_kernels': 128, 'secondary_capsule_vector': 36, 'dense_1': 4, 'dense_2': 7, 'epsilon': 0.01620363229845794, 'm_plus': 0.9203937133363571, 'm_minus': 0.11594020783935115, 'lambda_': 0.2464435524706299, 'alpha': 0.008478538162291162, 'no_of_primary_capsules': 32, 'primary_capsule_vector': 8, 'no_of_secondary_capsules': 10}
Fitting individual 15/22 with genotype {'epochs': 5, 'r': 4, 'no_of_conv_kernels': 128, 'secondary_capsule_vector': 30, 'dense_1': 4, 'dense_2': 7, 'epsilon': 0.04761648258891022, 'm_plus': 0.9467455238407176, 'm_minus': 0.1647953856706708, 'lambda_': 0.8655063239773398, 'alpha': 0.0076787074620521065, 'no_of_primary_capsules': 32, 'primary_capsule_vector': 8, 'no_of_secondary_capsules': 10}
Fitting individual 16/22 with genotype {'epochs': 5, 'r': 3, 'no_of_conv_kernels': 128, 'secondary_capsule_vector': 36, 'dense_1': 4, 'dense_2': 7, 'epsilon': 0.01620363229845794, 'm_plus': 0.9203937133363571, 'm_minus': 0.11594020783935115, 'lambda_': 0.2464435524706299, 'alpha': 0.008478538162291162, 'no_of_primary_capsules': 32, 'primary_capsule_vector': 8, 'no_of_secondary_capsules': 10}
Fitting individual 17/22 with genotype {'epochs': 5, 'r': 4, 'no_of_conv_kernels': 32, 'secondary_capsule_vector': 36, 'dense_1': 4, 'dense_2': 7, 'epsilon': 0.01620363229845794, 'm_plus': 0.9203937133363571, 'm_minus': 0.11594020783935115, 'lambda_': 0.2464435524706299, 'alpha': 0.008478538162291162, 'no_of_primary_capsules': 32, 'primary_capsule_vector': 8, 'no_of_secondary_capsules': 10}
Fitting individual 18/22 with genotype {'epochs': 4, 'r': 4, 'no_of_conv_kernels': 64, 'secondary_capsule_vector': 30, 'dense_1': 512, 'dense_2': 1280, 'epsilon': 0.06219252695291753, 'm_plus': 0.9273622569787756, 'm_minus': 0.05082795276279309, 'lambda_': 0.7950144084091975, 'alpha': 0.007036848874997931, 'no_of_primary_capsules': 32, 'primary_capsule_vector': 8, 'no_of_secondary_capsules': 10}
Fitting individual 19/22 with genotype {'epochs': 3, 'r': 4, 'no_of_conv_kernels': 32, 'secondary_capsule_vector': 3, 'dense_1': 128, 'dense_2': 7, 'epsilon': 0.08162932214276682, 'm_plus': 0.99, 'm_minus': 0.05112452684076888, 'lambda_': 0.6437156056026292, 'alpha': 0.007839377786595832, 'no_of_primary_capsules': 32, 'primary_capsule_vector': 8, 'no_of_secondary_capsules': 10}
Fitting individual 20/22 with genotype {'epochs': 2, 'r': 4, 'no_of_conv_kernels': 64, 'secondary_capsule_vector': 19, 'dense_1': 512, 'dense_2': 1024, 'epsilon': 0.02160795061254596, 'm_plus': 0.9, 'm_minus': 0.11805154078246508, 'lambda_': 0.7991820693250655, 'alpha': 0.004730391953709353, 'no_of_primary_capsules': 32, 'primary_capsule_vector': 8, 'no_of_secondary_capsules': 10}
Fitting individual 21/22 with genotype {'epochs': 5, 'r': 3, 'no_of_conv_kernels': 128, 'secondary_capsule_vector': 30, 'dense_1': 4, 'dense_2': 7, 'epsilon': 0.04761648258891022, 'm_plus': 0.9, 'm_minus': 0.1647953856706708, 'lambda_': 0.8655063239773398, 'alpha': 0.0076787074620521065, 'no_of_primary_capsules': 32, 'primary_capsule_vector': 8, 'no_of_secondary_capsules': 10}
Fitting individual 22/22 with genotype {'epochs': 2, 'r': 2, 'no_of_conv_kernels': 128, 'secondary_capsule_vector': 18, 'dense_1': 512, 'dense_2': 256, 'epsilon': 0.0680280472438371, 'm_plus': 0.9790732720631752, 'm_minus': 0.15098062055520622, 'lambda_': 0.8335120816359812, 'alpha': 0.0026643620682377314, 'no_of_primary_capsules': 32, 'primary_capsule_vector': 8, 'no_of_secondary_capsules': 10}
Len of pop after selection : 10
=== Generation 10/10
Len of pop before manipulations : 10
crossover created 10 offspring(s)
mutation created 1 offspring(s)
local search created 4 offspring(s)
Len of pop after manipulations : 25
Fitting individual 1/25 with genotype {'epochs': 7, 'r': 2, 'no_of_conv_kernels': 32, 'secondary_capsule_vector': 30, 'dense_1': 768, 'dense_2': 1024, 'epsilon': 0.025134291413124902, 'm_plus': 0.9550412446588585, 'm_minus': 0.06804296614942829, 'lambda_': 0.9927737211074251, 'alpha': 0.00012200665863014551, 'no_of_primary_capsules': 32, 'primary_capsule_vector': 8, 'no_of_secondary_capsules': 10}
Fitting individual 2/25 with genotype {'epochs': 9, 'r': 3, 'no_of_conv_kernels': 128, 'secondary_capsule_vector': 30, 'dense_1': 4, 'dense_2': 7, 'epsilon': 0.04761648258891022, 'm_plus': 0.9, 'm_minus': 0.1647953856706708, 'lambda_': 0.8655063239773398, 'alpha': 0.0076787074620521065, 'no_of_primary_capsules': 32, 'primary_capsule_vector': 8, 'no_of_secondary_capsules': 10}
Validation loss is not decreasing anymore, risk of overfitting the model after 9 epochs. The training will be stopped. This behavior can be modified by setting the early_stop property of the model to False
Fitting individual 3/25 with genotype {'epochs': 2, 'r': 2, 'no_of_conv_kernels': 128, 'secondary_capsule_vector': 18, 'dense_1': 512, 'dense_2': 256, 'epsilon': 0.0680280472438371, 'm_plus': 0.9790732720631752, 'm_minus': 0.15098062055520622, 'lambda_': 0.8335120816359812, 'alpha': 0.0026643620682377314, 'no_of_primary_capsules': 32, 'primary_capsule_vector': 8, 'no_of_secondary_capsules': 10}
Fitting individual 4/25 with genotype {'epochs': 4, 'r': 4, 'no_of_conv_kernels': 64, 'secondary_capsule_vector': 30, 'dense_1': 512, 'dense_2': 1280, 'epsilon': 0.06219252695291753, 'm_plus': 0.9273622569787756, 'm_minus': 0.05082795276279309, 'lambda_': 0.7950144084091975, 'alpha': 0.007036848874997931, 'no_of_primary_capsules': 32, 'primary_capsule_vector': 8, 'no_of_secondary_capsules': 10}
Fitting individual 5/25 with genotype {'epochs': 2, 'r': 2, 'no_of_conv_kernels': 3, 'secondary_capsule_vector': 29, 'dense_1': 512, 'dense_2': 256, 'epsilon': 0.05972579570627321, 'm_plus': 0.928108616388066, 'm_minus': 0.07167431927257736, 'lambda_': 0.16393550944419602, 'alpha': 0.0019644991066619295, 'no_of_primary_capsules': 32, 'primary_capsule_vector': 8, 'no_of_secondary_capsules': 10}
Fitting individual 6/25 with genotype {'epochs': 5, 'r': 4, 'no_of_conv_kernels': 64, 'secondary_capsule_vector': 10, 'dense_1': 768, 'dense_2': 1280, 'epsilon': 0.017351534314363953, 'm_plus': 0.971157010025608, 'm_minus': 0.10861062850192699, 'lambda_': 0.8492097202402334, 'alpha': 0.0002456662886518142, 'no_of_primary_capsules': 32, 'primary_capsule_vector': 8, 'no_of_secondary_capsules': 10}
Fitting individual 7/25 with genotype {'epochs': 2, 'r': 3, 'no_of_conv_kernels': 32, 'secondary_capsule_vector': 48, 'dense_1': 768, 'dense_2': 1792, 'epsilon': 0.07510608569825823, 'm_plus': 0.9869918191932834, 'm_minus': 0.10389227465037958, 'lambda_': 0.5473321591662014, 'alpha': 0.008354644802655532, 'no_of_primary_capsules': 32, 'primary_capsule_vector': 8, 'no_of_secondary_capsules': 10}
Fitting individual 8/25 with genotype {'epochs': 2, 'r': 4, 'no_of_conv_kernels': 64, 'secondary_capsule_vector': 19, 'dense_1': 512, 'dense_2': 1024, 'epsilon': 0.02160795061254596, 'm_plus': 0.9, 'm_minus': 0.11805154078246508, 'lambda_': 0.7991820693250655, 'alpha': 0.004730391953709353, 'no_of_primary_capsules': 32, 'primary_capsule_vector': 8, 'no_of_secondary_capsules': 10}
Fitting individual 9/25 with genotype {'epochs': 5, 'r': 4, 'no_of_conv_kernels': 32, 'secondary_capsule_vector': 36, 'dense_1': 4, 'dense_2': 7, 'epsilon': 0.01620363229845794, 'm_plus': 0.9203937133363571, 'm_minus': 0.11594020783935115, 'lambda_': 0.2464435524706299, 'alpha': 0.008478538162291162, 'no_of_primary_capsules': 32, 'primary_capsule_vector': 8, 'no_of_secondary_capsules': 10}
Fitting individual 10/25 with genotype {'epochs': 3, 'r': 4, 'no_of_conv_kernels': 32, 'secondary_capsule_vector': 3, 'dense_1': 128, 'dense_2': 7, 'epsilon': 0.08162932214276682, 'm_plus': 0.99, 'm_minus': 0.05112452684076888, 'lambda_': 0.6437156056026292, 'alpha': 0.007839377786595832, 'no_of_primary_capsules': 32, 'primary_capsule_vector': 8, 'no_of_secondary_capsules': 10}
Fitting individual 11/25 with genotype {'epochs': 5, 'r': 4, 'no_of_conv_kernels': 64, 'secondary_capsule_vector': 10, 'dense_1': 768, 'dense_2': 1280, 'epsilon': 0.017351534314363953, 'm_plus': 0.9790732720631752, 'm_minus': 0.15098062055520622, 'lambda_': 0.8335120816359812, 'alpha': 0.0026643620682377314, 'no_of_primary_capsules': 32, 'primary_capsule_vector': 8, 'no_of_secondary_capsules': 10}
Fitting individual 12/25 with genotype {'epochs': 2, 'r': 2, 'no_of_conv_kernels': 128, 'secondary_capsule_vector': 18, 'dense_1': 512, 'dense_2': 256, 'epsilon': 0.0680280472438371, 'm_plus': 0.971157010025608, 'm_minus': 0.10861062850192699, 'lambda_': 0.8492097202402334, 'alpha': 0.0002456662886518142, 'no_of_primary_capsules': 32, 'primary_capsule_vector': 8, 'no_of_secondary_capsules': 10}
Fitting individual 13/25 with genotype {'epochs': 2, 'r': 3, 'no_of_conv_kernels': 32, 'secondary_capsule_vector': 48, 'dense_1': 768, 'dense_2': 1792, 'epsilon': 0.07510608569825823, 'm_plus': 0.9869918191932834, 'm_minus': 0.06804296614942829, 'lambda_': 0.9927737211074251, 'alpha': 0.00012200665863014551, 'no_of_primary_capsules': 32, 'primary_capsule_vector': 8, 'no_of_secondary_capsules': 10}
Fitting individual 14/25 with genotype {'epochs': 7, 'r': 2, 'no_of_conv_kernels': 32, 'secondary_capsule_vector': 30, 'dense_1': 768, 'dense_2': 1024, 'epsilon': 0.025134291413124902, 'm_plus': 0.9550412446588585, 'm_minus': 0.10389227465037958, 'lambda_': 0.519919707641401, 'alpha': 0.008354644802655532, 'no_of_primary_capsules': 32, 'primary_capsule_vector': 8, 'no_of_secondary_capsules': 10}
Fitting individual 15/25 with genotype {'epochs': 4, 'r': 4, 'no_of_conv_kernels': 128, 'secondary_capsule_vector': 30, 'dense_1': 4, 'dense_2': 7, 'epsilon': 0.04761648258891022, 'm_plus': 0.9, 'm_minus': 0.1647953856706708, 'lambda_': 0.8655063239773398, 'alpha': 0.0076787074620521065, 'no_of_primary_capsules': 32, 'primary_capsule_vector': 8, 'no_of_secondary_capsules': 10}
Fitting individual 16/25 with genotype {'epochs': 5, 'r': 3, 'no_of_conv_kernels': 64, 'secondary_capsule_vector': 30, 'dense_1': 512, 'dense_2': 1280, 'epsilon': 0.06219252695291753, 'm_plus': 0.9273622569787756, 'm_minus': 0.05082795276279309, 'lambda_': 0.7950144084091975, 'alpha': 0.007036848874997931, 'no_of_primary_capsules': 32, 'primary_capsule_vector': 8, 'no_of_secondary_capsules': 10}
Fitting individual 17/25 with genotype {'epochs': 3, 'r': 4, 'no_of_conv_kernels': 128, 'secondary_capsule_vector': 30, 'dense_1': 4, 'dense_2': 7, 'epsilon': 0.04761648258891022, 'm_plus': 0.9, 'm_minus': 0.1647953856706708, 'lambda_': 0.8655063239773398, 'alpha': 0.0076787074620521065, 'no_of_primary_capsules': 32, 'primary_capsule_vector': 8, 'no_of_secondary_capsules': 10}
Fitting individual 18/25 with genotype {'epochs': 5, 'r': 3, 'no_of_conv_kernels': 32, 'secondary_capsule_vector': 3, 'dense_1': 128, 'dense_2': 7, 'epsilon': 0.08162932214276682, 'm_plus': 0.99, 'm_minus': 0.05112452684076888, 'lambda_': 0.6437156056026292, 'alpha': 0.007839377786595832, 'no_of_primary_capsules': 32, 'primary_capsule_vector': 8, 'no_of_secondary_capsules': 10}
Fitting individual 19/25 with genotype {'epochs': 2, 'r': 4, 'no_of_conv_kernels': 32, 'secondary_capsule_vector': 36, 'dense_1': 4, 'dense_2': 7, 'epsilon': 0.01620363229845794, 'm_plus': 0.9203937133363571, 'm_minus': 0.11594020783935115, 'lambda_': 0.2464435524706299, 'alpha': 0.008478538162291162, 'no_of_primary_capsules': 32, 'primary_capsule_vector': 8, 'no_of_secondary_capsules': 10}
Fitting individual 20/25 with genotype {'epochs': 5, 'r': 2, 'no_of_conv_kernels': 128, 'secondary_capsule_vector': 18, 'dense_1': 512, 'dense_2': 256, 'epsilon': 0.0680280472438371, 'm_plus': 0.9790732720631752, 'm_minus': 0.15098062055520622, 'lambda_': 0.8335120816359812, 'alpha': 0.0026643620682377314, 'no_of_primary_capsules': 32, 'primary_capsule_vector': 8, 'no_of_secondary_capsules': 10}
Fitting individual 21/25 with genotype {'epochs': 9, 'r': 3, 'no_of_conv_kernels': 128, 'secondary_capsule_vector': 30, 'dense_1': 4, 'dense_2': 7, 'epsilon': 0.04761648258891022, 'm_plus': 0.9, 'm_minus': 0.1647953856706708, 'lambda_': 0.8655063239773398, 'alpha': 0.0076787074620521065, 'no_of_primary_capsules': 32, 'primary_capsule_vector': 8, 'no_of_secondary_capsules': 10}
Fitting individual 22/25 with genotype {'epochs': 2, 'r': 2, 'no_of_conv_kernels': 3, 'secondary_capsule_vector': 29, 'dense_1': 512, 'dense_2': 256, 'epsilon': 0.05972579570627321, 'm_plus': 0.928108616388066, 'm_minus': 0.07167431927257736, 'lambda_': 0.16393550944419602, 'alpha': 0.0019644991066619295, 'no_of_primary_capsules': 32, 'primary_capsule_vector': 8, 'no_of_secondary_capsules': 10}
Fitting individual 23/25 with genotype {'epochs': 2, 'r': 2, 'no_of_conv_kernels': 3, 'secondary_capsule_vector': 29, 'dense_1': 512, 'dense_2': 256, 'epsilon': 0.05972579570627321, 'm_plus': 0.928108616388066, 'm_minus': 0.07167431927257736, 'lambda_': 0.16393550944419602, 'alpha': 0.0019644991066619295, 'no_of_primary_capsules': 32, 'primary_capsule_vector': 8, 'no_of_secondary_capsules': 10}
Fitting individual 24/25 with genotype {'epochs': 2, 'r': 3, 'no_of_conv_kernels': 32, 'secondary_capsule_vector': 48, 'dense_1': 768, 'dense_2': 1792, 'epsilon': 0.07510608569825823, 'm_plus': 0.9869918191932834, 'm_minus': 0.10389227465037958, 'lambda_': 0.5473321591662014, 'alpha': 0.008354644802655532, 'no_of_primary_capsules': 32, 'primary_capsule_vector': 8, 'no_of_secondary_capsules': 10}
Fitting individual 25/25 with genotype {'epochs': 9, 'r': 3, 'no_of_conv_kernels': 128, 'secondary_capsule_vector': 30, 'dense_1': 4, 'dense_2': 7, 'epsilon': 0.04761648258891022, 'm_plus': 0.9, 'm_minus': 0.1647953856706708, 'lambda_': 0.8655063239773398, 'alpha': 0.0076787074620521065, 'no_of_primary_capsules': 32, 'primary_capsule_vector': 8, 'no_of_secondary_capsules': 10}
Validation loss is not decreasing anymore, risk of overfitting the model after 7 epochs. The training will be stopped. This behavior can be modified by setting the early_stop property of the model to False
Len of pop after selection : 10
Fitting individual 1/10 with genotype {'epochs': 7, 'r': 2, 'no_of_conv_kernels': 32, 'secondary_capsule_vector': 30, 'dense_1': 768, 'dense_2': 1024, 'epsilon': 0.025134291413124902, 'm_plus': 0.9550412446588585, 'm_minus': 0.06804296614942829, 'lambda_': 0.9927737211074251, 'alpha': 0.00012200665863014551, 'no_of_primary_capsules': 32, 'primary_capsule_vector': 8, 'no_of_secondary_capsules': 10}
Validation loss is not decreasing anymore, risk of overfitting the model after 6 epochs. The training will be stopped. This behavior can be modified by setting the early_stop property of the model to False
Fitting individual 2/10 with genotype {'epochs': 9, 'r': 3, 'no_of_conv_kernels': 128, 'secondary_capsule_vector': 30, 'dense_1': 4, 'dense_2': 7, 'epsilon': 0.04761648258891022, 'm_plus': 0.9, 'm_minus': 0.1647953856706708, 'lambda_': 0.8655063239773398, 'alpha': 0.0076787074620521065, 'no_of_primary_capsules': 32, 'primary_capsule_vector': 8, 'no_of_secondary_capsules': 10}
Validation loss is not decreasing anymore, risk of overfitting the model after 7 epochs. The training will be stopped. This behavior can be modified by setting the early_stop property of the model to False
Fitting individual 3/10 with genotype {'epochs': 2, 'r': 2, 'no_of_conv_kernels': 128, 'secondary_capsule_vector': 18, 'dense_1': 512, 'dense_2': 256, 'epsilon': 0.0680280472438371, 'm_plus': 0.9790732720631752, 'm_minus': 0.15098062055520622, 'lambda_': 0.8335120816359812, 'alpha': 0.0026643620682377314, 'no_of_primary_capsules': 32, 'primary_capsule_vector': 8, 'no_of_secondary_capsules': 10}
Fitting individual 4/10 with genotype {'epochs': 4, 'r': 4, 'no_of_conv_kernels': 64, 'secondary_capsule_vector': 30, 'dense_1': 512, 'dense_2': 1280, 'epsilon': 0.06219252695291753, 'm_plus': 0.9273622569787756, 'm_minus': 0.05082795276279309, 'lambda_': 0.7950144084091975, 'alpha': 0.007036848874997931, 'no_of_primary_capsules': 32, 'primary_capsule_vector': 8, 'no_of_secondary_capsules': 10}
Fitting individual 5/10 with genotype {'epochs': 5, 'r': 4, 'no_of_conv_kernels': 64, 'secondary_capsule_vector': 10, 'dense_1': 768, 'dense_2': 1280, 'epsilon': 0.017351534314363953, 'm_plus': 0.971157010025608, 'm_minus': 0.10861062850192699, 'lambda_': 0.8492097202402334, 'alpha': 0.0002456662886518142, 'no_of_primary_capsules': 32, 'primary_capsule_vector': 8, 'no_of_secondary_capsules': 10}
Fitting individual 6/10 with genotype {'epochs': 2, 'r': 3, 'no_of_conv_kernels': 32, 'secondary_capsule_vector': 48, 'dense_1': 768, 'dense_2': 1792, 'epsilon': 0.07510608569825823, 'm_plus': 0.9869918191932834, 'm_minus': 0.10389227465037958, 'lambda_': 0.5473321591662014, 'alpha': 0.008354644802655532, 'no_of_primary_capsules': 32, 'primary_capsule_vector': 8, 'no_of_secondary_capsules': 10}
Fitting individual 7/10 with genotype {'epochs': 5, 'r': 4, 'no_of_conv_kernels': 32, 'secondary_capsule_vector': 36, 'dense_1': 4, 'dense_2': 7, 'epsilon': 0.01620363229845794, 'm_plus': 0.9203937133363571, 'm_minus': 0.11594020783935115, 'lambda_': 0.2464435524706299, 'alpha': 0.008478538162291162, 'no_of_primary_capsules': 32, 'primary_capsule_vector': 8, 'no_of_secondary_capsules': 10}
Fitting individual 8/10 with genotype {'epochs': 3, 'r': 4, 'no_of_conv_kernels': 32, 'secondary_capsule_vector': 3, 'dense_1': 128, 'dense_2': 7, 'epsilon': 0.08162932214276682, 'm_plus': 0.99, 'm_minus': 0.05112452684076888, 'lambda_': 0.6437156056026292, 'alpha': 0.007839377786595832, 'no_of_primary_capsules': 32, 'primary_capsule_vector': 8, 'no_of_secondary_capsules': 10}
Fitting individual 9/10 with genotype {'epochs': 2, 'r': 2, 'no_of_conv_kernels': 3, 'secondary_capsule_vector': 29, 'dense_1': 512, 'dense_2': 256, 'epsilon': 0.05972579570627321, 'm_plus': 0.928108616388066, 'm_minus': 0.07167431927257736, 'lambda_': 0.16393550944419602, 'alpha': 0.0019644991066619295, 'no_of_primary_capsules': 32, 'primary_capsule_vector': 8, 'no_of_secondary_capsules': 10}
Fitting individual 10/10 with genotype {'epochs': 2, 'r': 4, 'no_of_conv_kernels': 64, 'secondary_capsule_vector': 19, 'dense_1': 512, 'dense_2': 1024, 'epsilon': 0.02160795061254596, 'm_plus': 0.9, 'm_minus': 0.11805154078246508, 'lambda_': 0.7991820693250655, 'alpha': 0.004730391953709353, 'no_of_primary_capsules': 32, 'primary_capsule_vector': 8, 'no_of_secondary_capsules': 10}
Saving GA metrics under mnist0-hpc/generations_metrics.png
Optimal solution(s):
[{'epochs': 6, 'r': 2, 'no_of_conv_kernels': 32, 'secondary_capsule_vector': 30, 'dense_1': 768, 'dense_2': 1024, 'epsilon': 0.025134291413124902, 'm_plus': 0.9550412446588585, 'm_minus': 0.06804296614942829, 'lambda_': 0.9927737211074251, 'alpha': 0.00012200665863014551, 'no_of_primary_capsules': 32, 'primary_capsule_vector': 8, 'no_of_secondary_capsules': 10}, {'epochs': 7, 'r': 3, 'no_of_conv_kernels': 128, 'secondary_capsule_vector': 30, 'dense_1': 4, 'dense_2': 7, 'epsilon': 0.04761648258891022, 'm_plus': 0.9, 'm_minus': 0.1647953856706708, 'lambda_': 0.8655063239773398, 'alpha': 0.0076787074620521065, 'no_of_primary_capsules': 32, 'primary_capsule_vector': 8, 'no_of_secondary_capsules': 10}, {'epochs': 2, 'r': 2, 'no_of_conv_kernels': 128, 'secondary_capsule_vector': 18, 'dense_1': 512, 'dense_2': 256, 'epsilon': 0.0680280472438371, 'm_plus': 0.9790732720631752, 'm_minus': 0.15098062055520622, 'lambda_': 0.8335120816359812, 'alpha': 0.0026643620682377314, 'no_of_primary_capsules': 32, 'primary_capsule_vector': 8, 'no_of_secondary_capsules': 10}, {'epochs': 2, 'r': 2, 'no_of_conv_kernels': 3, 'secondary_capsule_vector': 29, 'dense_1': 512, 'dense_2': 256, 'epsilon': 0.05972579570627321, 'm_plus': 0.928108616388066, 'm_minus': 0.07167431927257736, 'lambda_': 0.16393550944419602, 'alpha': 0.0019644991066619295, 'no_of_primary_capsules': 32, 'primary_capsule_vector': 8, 'no_of_secondary_capsules': 10}]
______________
Fitness values:
  Inference    Accuracy
[[6.3330164  0.956     ]
 [9.45268393 0.97      ]
 [6.32237148 0.95      ]
 [6.29239798 0.842     ]]
=== GA done in : 2:55:27.305934 ===
Saving GA solutions under mnist0-hpc/solutions_metrics.png
